original test path: /Users/curtis/Github/Thesis/chatTester/Repos/tabulapdf_tabula-java/src/test/java/technology/tabula/extractors/BasicExtractionAlgorithm_ESTest.java
[GENERATED PATH] BasicExtractionAlgorithm_ESTest#extract(Page page, List<Float> verticalRulingPositions).java
[ERROR] COMPILATION ERROR : 
[INFO] -------------------------------------------------------------
[ERROR] /Users/curtis/Github/Thesis/chatTester/Repos/tabulapdf_tabula-java/src/test/java/technology/tabula/extractors/BasicExtractionAlgorithm_ESTest.java:[42,30] cannot find symbol
  symbol:   variable YourClass
  location: class technology.tabula.extractors.BasicExtractionAlgorithm_ESTest
[INFO] 1 error
####################

original test path: /Users/curtis/Github/Thesis/chatTester/Repos/tabulapdf_tabula-java/src/test/java/technology/tabula/extractors/BasicExtractionAlgorithm_ESTest.java
[GENERATED PATH] BasicExtractionAlgorithm_ESTest#extract(Page page, List<Float> verticalRulingPositions).java
[ERROR] COMPILATION ERROR : 
[INFO] -------------------------------------------------------------
[ERROR] /Users/curtis/Github/Thesis/chatTester/Repos/tabulapdf_tabula-java/src/test/java/technology/tabula/extractors/BasicExtractionAlgorithm_ESTest.java:[7,36] cannot find symbol
  symbol:   class Ruling
  location: package technology.tabula.extractors
[ERROR] /Users/curtis/Github/Thesis/chatTester/Repos/tabulapdf_tabula-java/src/test/java/technology/tabula/extractors/BasicExtractionAlgorithm_ESTest.java:[8,32] package technology.tabula.models does not exist
[ERROR] /Users/curtis/Github/Thesis/chatTester/Repos/tabulapdf_tabula-java/src/test/java/technology/tabula/extractors/BasicExtractionAlgorithm_ESTest.java:[9,32] package technology.tabula.models does not exist
[ERROR] /Users/curtis/Github/Thesis/chatTester/Repos/tabulapdf_tabula-java/src/test/java/technology/tabula/extractors/BasicExtractionAlgorithm_ESTest.java:[40,21] no suitable constructor found for Page(int,int,int,int,java.util.ArrayList<java.lang.Object>)
    constructor technology.tabula.Page.Page(technology.tabula.PageDims,int,int,org.apache.pdfbox.pdmodel.PDPage,org.apache.pdfbox.pdmodel.PDDocument,java.util.List<technology.tabula.TextElement>,java.util.List<technology.tabula.Ruling>,float,float,technology.tabula.RectangleSpatialIndex<technology.tabula.TextElement>) is not applicable
      (actual and formal argument lists differ in length)
    constructor technology.tabula.Page.Page(float,float,float,float,int,int,org.apache.pdfbox.pdmodel.PDPage,org.apache.pdfbox.pdmodel.PDDocument) is not applicable
      (actual and formal argument lists differ in length)
    constructor technology.tabula.Page.Page(float,float,float,float,int,int,org.apache.pdfbox.pdmodel.PDPage,org.apache.pdfbox.pdmodel.PDDocument,java.util.List<technology.tabula.TextElement>,java.util.List<technology.tabula.Ruling>) is not applicable
      (actual and formal argument lists differ in length)
    constructor technology.tabula.Page.Page(float,float,float,float,int,int,org.apache.pdfbox.pdmodel.PDPage,org.apache.pdfbox.pdmodel.PDDocument,technology.tabula.ObjectExtractorStreamEngine,technology.tabula.TextStripper) is not applicable
      (actual and formal argument lists differ in length)
    constructor technology.tabula.Page.Page(float,float,float,float,int,int,org.apache.pdfbox.pdmodel.PDPage,org.apache.pdfbox.pdmodel.PDDocument,java.util.List<technology.tabula.TextElement>,java.util.List<technology.tabula.Ruling>,float,float,technology.tabula.RectangleSpatialIndex<technology.tabula.TextElement>) is not applicable
      (actual and formal argument lists differ in length)
[ERROR] /Users/curtis/Github/Thesis/chatTester/Repos/tabulapdf_tabula-java/src/test/java/technology/tabula/extractors/BasicExtractionAlgorithm_ESTest.java:[54,14] cannot find symbol
  symbol:   class Table
  location: class technology.tabula.extractors.BasicExtractionAlgorithm_ESTest
[INFO] 5 errors 
####################

original test path: /Users/curtis/Github/Thesis/chatTester/Repos/tabulapdf_tabula-java/src/test/java/technology/tabula/extractors/BasicExtractionAlgorithm_ESTest.java
[GENERATED PATH] BasicExtractionAlgorithm_ESTest#extract(Page page, List<Float> verticalRulingPositions).java
[ERROR] COMPILATION ERROR : 
[INFO] -------------------------------------------------------------
[ERROR] /Users/curtis/Github/Thesis/chatTester/Repos/tabulapdf_tabula-java/src/test/java/technology/tabula/extractors/BasicExtractionAlgorithm_ESTest.java:[40,26] no suitable constructor found for TextChunk(java.lang.String)
    constructor technology.tabula.TextChunk.TextChunk(technology.tabula.TextElement) is not applicable
      (argument mismatch; java.lang.String cannot be converted to technology.tabula.TextElement)
    constructor technology.tabula.TextChunk.TextChunk(java.util.List<technology.tabula.TextElement>) is not applicable
      (argument mismatch; java.lang.String cannot be converted to java.util.List<technology.tabula.TextElement>)
[ERROR] /Users/curtis/Github/Thesis/chatTester/Repos/tabulapdf_tabula-java/src/test/java/technology/tabula/extractors/BasicExtractionAlgorithm_ESTest.java:[41,26] no suitable constructor found for TextChunk(java.lang.String)
    constructor technology.tabula.TextChunk.TextChunk(technology.tabula.TextElement) is not applicable
      (argument mismatch; java.lang.String cannot be converted to technology.tabula.TextElement)
    constructor technology.tabula.TextChunk.TextChunk(java.util.List<technology.tabula.TextElement>) is not applicable
      (argument mismatch; java.lang.String cannot be converted to java.util.List<technology.tabula.TextElement>)
[ERROR] /Users/curtis/Github/Thesis/chatTester/Repos/tabulapdf_tabula-java/src/test/java/technology/tabula/extractors/BasicExtractionAlgorithm_ESTest.java:[44,26] no suitable constructor found for TextChunk(java.lang.String)
    constructor technology.tabula.TextChunk.TextChunk(technology.tabula.TextElement) is not applicable
      (argument mismatch; java.lang.String cannot be converted to technology.tabula.TextElement)
    constructor technology.tabula.TextChunk.TextChunk(java.util.List<technology.tabula.TextElement>) is not applicable
      (argument mismatch; java.lang.String cannot be converted to java.util.List<technology.tabula.TextElement>)
[INFO] 3 errors 
####################

original test path: /Users/curtis/Github/Thesis/chatTester/Repos/tabulapdf_tabula-java/src/test/java/technology/tabula/extractors/BasicExtractionAlgorithm_ESTest.java
[GENERATED PATH] BasicExtractionAlgorithm_ESTest#extract(Page page, List<Float> verticalRulingPositions).java
[ERROR] COMPILATION ERROR : 
[INFO] -------------------------------------------------------------
[ERROR] /Users/curtis/Github/Thesis/chatTester/Repos/tabulapdf_tabula-java/src/test/java/technology/tabula/extractors/BasicExtractionAlgorithm_ESTest.java:[37,17] no suitable constructor found for Page(int,int,int,int,java.util.ArrayList<java.lang.Object>)
    constructor technology.tabula.Page.Page(technology.tabula.PageDims,int,int,org.apache.pdfbox.pdmodel.PDPage,org.apache.pdfbox.pdmodel.PDDocument,java.util.List<technology.tabula.TextElement>,java.util.List<technology.tabula.Ruling>,float,float,technology.tabula.RectangleSpatialIndex<technology.tabula.TextElement>) is not applicable
      (actual and formal argument lists differ in length)
    constructor technology.tabula.Page.Page(float,float,float,float,int,int,org.apache.pdfbox.pdmodel.PDPage,org.apache.pdfbox.pdmodel.PDDocument) is not applicable
      (actual and formal argument lists differ in length)
    constructor technology.tabula.Page.Page(float,float,float,float,int,int,org.apache.pdfbox.pdmodel.PDPage,org.apache.pdfbox.pdmodel.PDDocument,java.util.List<technology.tabula.TextElement>,java.util.List<technology.tabula.Ruling>) is not applicable
      (actual and formal argument lists differ in length)
    constructor technology.tabula.Page.Page(float,float,float,float,int,int,org.apache.pdfbox.pdmodel.PDPage,org.apache.pdfbox.pdmodel.PDDocument,technology.tabula.ObjectExtractorStreamEngine,technology.tabula.TextStripper) is not applicable
      (actual and formal argument lists differ in length)
    constructor technology.tabula.Page.Page(float,float,float,float,int,int,org.apache.pdfbox.pdmodel.PDPage,org.apache.pdfbox.pdmodel.PDDocument,java.util.List<technology.tabula.TextElement>,java.util.List<technology.tabula.Ruling>,float,float,technology.tabula.RectangleSpatialIndex<technology.tabula.TextElement>) is not applicable
      (actual and formal argument lists differ in length)
[ERROR] /Users/curtis/Github/Thesis/chatTester/Repos/tabulapdf_tabula-java/src/test/java/technology/tabula/extractors/BasicExtractionAlgorithm_ESTest.java:[44,10] cannot find symbol
  symbol:   class Table
  location: class technology.tabula.extractors.BasicExtractionAlgorithm_ESTest
[INFO] 2 errors 
####################

original test path: /Users/curtis/Github/Thesis/chatTester/Repos/tabulapdf_tabula-java/src/test/java/technology/tabula/extractors/BasicExtractionAlgorithm_ESTest.java
[GENERATED PATH] BasicExtractionAlgorithm_ESTest#extract(Page page, List<Float> verticalRulingPositions).java
[ERROR] COMPILATION ERROR : 
[INFO] -------------------------------------------------------------
[ERROR] /Users/curtis/Github/Thesis/chatTester/Repos/tabulapdf_tabula-java/src/test/java/technology/tabula/extractors/BasicExtractionAlgorithm_ESTest.java:[7,36] cannot find symbol
  symbol:   class Page
  location: package technology.tabula.extractors
[ERROR] /Users/curtis/Github/Thesis/chatTester/Repos/tabulapdf_tabula-java/src/test/java/technology/tabula/extractors/BasicExtractionAlgorithm_ESTest.java:[8,35] package technology.tabula.structure does not exist
[ERROR] /Users/curtis/Github/Thesis/chatTester/Repos/tabulapdf_tabula-java/src/test/java/technology/tabula/extractors/BasicExtractionAlgorithm_ESTest.java:[9,35] package technology.tabula.structure does not exist
[ERROR] /Users/curtis/Github/Thesis/chatTester/Repos/tabulapdf_tabula-java/src/test/java/technology/tabula/extractors/BasicExtractionAlgorithm_ESTest.java:[45,17] no suitable constructor found for Page(int,int,int,int,java.util.ArrayList<java.lang.Object>)
    constructor technology.tabula.Page.Page(technology.tabula.PageDims,int,int,org.apache.pdfbox.pdmodel.PDPage,org.apache.pdfbox.pdmodel.PDDocument,java.util.List<technology.tabula.TextElement>,java.util.List<technology.tabula.Ruling>,float,float,technology.tabula.RectangleSpatialIndex<technology.tabula.TextElement>) is not applicable
      (actual and formal argument lists differ in length)
    constructor technology.tabula.Page.Page(float,float,float,float,int,int,org.apache.pdfbox.pdmodel.PDPage,org.apache.pdfbox.pdmodel.PDDocument) is not applicable
      (actual and formal argument lists differ in length)
    constructor technology.tabula.Page.Page(float,float,float,float,int,int,org.apache.pdfbox.pdmodel.PDPage,org.apache.pdfbox.pdmodel.PDDocument,java.util.List<technology.tabula.TextElement>,java.util.List<technology.tabula.Ruling>) is not applicable
      (actual and formal argument lists differ in length)
    constructor technology.tabula.Page.Page(float,float,float,float,int,int,org.apache.pdfbox.pdmodel.PDPage,org.apache.pdfbox.pdmodel.PDDocument,technology.tabula.ObjectExtractorStreamEngine,technology.tabula.TextStripper) is not applicable
      (actual and formal argument lists differ in length)
    constructor technology.tabula.Page.Page(float,float,float,float,int,int,org.apache.pdfbox.pdmodel.PDPage,org.apache.pdfbox.pdmodel.PDDocument,java.util.List<technology.tabula.TextElement>,java.util.List<technology.tabula.Ruling>,float,float,technology.tabula.RectangleSpatialIndex<technology.tabula.TextElement>) is not applicable
      (actual and formal argument lists differ in length)
[ERROR] /Users/curtis/Github/Thesis/chatTester/Repos/tabulapdf_tabula-java/src/test/java/technology/tabula/extractors/BasicExtractionAlgorithm_ESTest.java:[48,10] cannot find symbol
  symbol:   class Table
  location: class technology.tabula.extractors.BasicExtractionAlgorithm_ESTest
[INFO] 5 errors 
####################

