original test path: /Users/curtis/Github/Thesis/chatTester/Repos/tabulapdf_tabula-java/src/test/java/technology/tabula/extractors/SpreadsheetExtractionAlgorithm_ESTest.java
[GENERATED PATH] SpreadsheetExtractionAlgorithm_ESTest#findCells(List<Ruling> horizontalRulingLines, List<Ruling> verticalRulingLines).java
[ERROR] COMPILATION ERROR : 
[INFO] -------------------------------------------------------------
[ERROR] /Users/curtis/Github/Thesis/chatTester/Repos/tabulapdf_tabula-java/src/test/java/technology/tabula/extractors/SpreadsheetExtractionAlgorithm_ESTest.java:[41,24] cannot find symbol
  symbol:   variable YourClassName
  location: class technology.tabula.extractors.SpreadsheetExtractionAlgorithm_ESTest
[INFO] 1 error
####################

original test path: /Users/curtis/Github/Thesis/chatTester/Repos/tabulapdf_tabula-java/src/test/java/technology/tabula/extractors/SpreadsheetExtractionAlgorithm_ESTest.java
[GENERATED PATH] SpreadsheetExtractionAlgorithm_ESTest#findCells(List<Ruling> horizontalRulingLines, List<Ruling> verticalRulingLines).java
[ERROR] COMPILATION ERROR : 
[INFO] -------------------------------------------------------------
[ERROR] /Users/curtis/Github/Thesis/chatTester/Repos/tabulapdf_tabula-java/src/test/java/technology/tabula/extractors/SpreadsheetExtractionAlgorithm_ESTest.java:[7,36] cannot find symbol
  symbol:   class Ruling
  location: package technology.tabula.extractors
[ERROR] /Users/curtis/Github/Thesis/chatTester/Repos/tabulapdf_tabula-java/src/test/java/technology/tabula/extractors/SpreadsheetExtractionAlgorithm_ESTest.java:[8,36] cannot find symbol
  symbol:   class Table
  location: package technology.tabula.extractors
[ERROR] /Users/curtis/Github/Thesis/chatTester/Repos/tabulapdf_tabula-java/src/test/java/technology/tabula/extractors/SpreadsheetExtractionAlgorithm_ESTest.java:[9,36] cannot find symbol
  symbol:   class Cell
  location: package technology.tabula.extractors
[ERROR] /Users/curtis/Github/Thesis/chatTester/Repos/tabulapdf_tabula-java/src/test/java/technology/tabula/extractors/SpreadsheetExtractionAlgorithm_ESTest.java:[41,42] incompatible types: possible lossy conversion from double to float
[ERROR] /Users/curtis/Github/Thesis/chatTester/Repos/tabulapdf_tabula-java/src/test/java/technology/tabula/extractors/SpreadsheetExtractionAlgorithm_ESTest.java:[42,42] incompatible types: possible lossy conversion from double to float
[ERROR] /Users/curtis/Github/Thesis/chatTester/Repos/tabulapdf_tabula-java/src/test/java/technology/tabula/extractors/SpreadsheetExtractionAlgorithm_ESTest.java:[43,40] incompatible types: possible lossy conversion from double to float
[ERROR] /Users/curtis/Github/Thesis/chatTester/Repos/tabulapdf_tabula-java/src/test/java/technology/tabula/extractors/SpreadsheetExtractionAlgorithm_ESTest.java:[44,40] incompatible types: possible lossy conversion from double to float
[INFO] 7 errors 
####################

original test path: /Users/curtis/Github/Thesis/chatTester/Repos/tabulapdf_tabula-java/src/test/java/technology/tabula/extractors/SpreadsheetExtractionAlgorithm_ESTest.java
[GENERATED PATH] SpreadsheetExtractionAlgorithm_ESTest#findCells(List<Ruling> horizontalRulingLines, List<Ruling> verticalRulingLines).java
[ERROR] COMPILATION ERROR : 
[INFO] -------------------------------------------------------------
[ERROR] /Users/curtis/Github/Thesis/chatTester/Repos/tabulapdf_tabula-java/src/test/java/technology/tabula/extractors/SpreadsheetExtractionAlgorithm_ESTest.java:[44,32] no suitable constructor found for Ruling(no arguments)
    constructor technology.tabula.Ruling.Ruling(float,float,float,float) is not applicable
      (actual and formal argument lists differ in length)
    constructor technology.tabula.Ruling.Ruling(java.awt.geom.Point2D,java.awt.geom.Point2D) is not applicable
      (actual and formal argument lists differ in length)
[ERROR] /Users/curtis/Github/Thesis/chatTester/Repos/tabulapdf_tabula-java/src/test/java/technology/tabula/extractors/SpreadsheetExtractionAlgorithm_ESTest.java:[45,32] no suitable constructor found for Ruling(no arguments)
    constructor technology.tabula.Ruling.Ruling(float,float,float,float) is not applicable
      (actual and formal argument lists differ in length)
    constructor technology.tabula.Ruling.Ruling(java.awt.geom.Point2D,java.awt.geom.Point2D) is not applicable
      (actual and formal argument lists differ in length)
[ERROR] /Users/curtis/Github/Thesis/chatTester/Repos/tabulapdf_tabula-java/src/test/java/technology/tabula/extractors/SpreadsheetExtractionAlgorithm_ESTest.java:[49,30] no suitable constructor found for Ruling(no arguments)
    constructor technology.tabula.Ruling.Ruling(float,float,float,float) is not applicable
      (actual and formal argument lists differ in length)
    constructor technology.tabula.Ruling.Ruling(java.awt.geom.Point2D,java.awt.geom.Point2D) is not applicable
      (actual and formal argument lists differ in length)
[ERROR] /Users/curtis/Github/Thesis/chatTester/Repos/tabulapdf_tabula-java/src/test/java/technology/tabula/extractors/SpreadsheetExtractionAlgorithm_ESTest.java:[50,30] no suitable constructor found for Ruling(no arguments)
    constructor technology.tabula.Ruling.Ruling(float,float,float,float) is not applicable
      (actual and formal argument lists differ in length)
    constructor technology.tabula.Ruling.Ruling(java.awt.geom.Point2D,java.awt.geom.Point2D) is not applicable
      (actual and formal argument lists differ in length)
[INFO] 4 errors 
####################

original test path: /Users/curtis/Github/Thesis/chatTester/Repos/tabulapdf_tabula-java/src/test/java/technology/tabula/extractors/SpreadsheetExtractionAlgorithm_ESTest.java
[GENERATED PATH] SpreadsheetExtractionAlgorithm_ESTest#findCells(List<Ruling> horizontalRulingLines, List<Ruling> verticalRulingLines).java
[ERROR] COMPILATION ERROR : 
[INFO] -------------------------------------------------------------
[ERROR] /Users/curtis/Github/Thesis/chatTester/Repos/tabulapdf_tabula-java/src/test/java/technology/tabula/extractors/SpreadsheetExtractionAlgorithm_ESTest.java:[43,59] ')' expected
[INFO] 1 error
####################

original test path: /Users/curtis/Github/Thesis/chatTester/Repos/tabulapdf_tabula-java/src/test/java/technology/tabula/extractors/SpreadsheetExtractionAlgorithm_ESTest.java
[GENERATED PATH] SpreadsheetExtractionAlgorithm_ESTest#findCells(List<Ruling> horizontalRulingLines, List<Ruling> verticalRulingLines).java
[ERROR] COMPILATION ERROR : 
[INFO] -------------------------------------------------------------
[ERROR] /Users/curtis/Github/Thesis/chatTester/Repos/tabulapdf_tabula-java/src/test/java/technology/tabula/extractors/SpreadsheetExtractionAlgorithm_ESTest.java:[44,59] ')' expected
[INFO] 1 error
####################

