original test path: /Users/curtis/Github/Thesis/chatTester/Repos/sachin-handiekar_jInstagram/src/test/java/org/jinstagram/auth/InstagramAuthService_ESTest.java
[GENERATED PATH] InstagramAuthService_ESTest#build().java
[ERROR] COMPILATION ERROR : 
[INFO] -------------------------------------------------------------
[ERROR] /Users/curtis/Github/Thesis/chatTester/Repos/sachin-handiekar_jInstagram/src/test/java/org/jinstagram/auth/InstagramAuthService_ESTest.java:[35,9] cannot find symbol
  symbol:   class InstagramService
  location: class org.jinstagram.auth.InstagramAuthService_ESTest
[ERROR] /Users/curtis/Github/Thesis/chatTester/Repos/sachin-handiekar_jInstagram/src/test/java/org/jinstagram/auth/InstagramAuthService_ESTest.java:[35,53] cannot find symbol
  symbol:   class InstagramService
  location: class org.jinstagram.auth.InstagramAuthService_ESTest
[ERROR] /Users/curtis/Github/Thesis/chatTester/Repos/sachin-handiekar_jInstagram/src/test/java/org/jinstagram/auth/InstagramAuthService_ESTest.java:[36,56] cannot find symbol
  symbol:   class OAuthConfig
  location: class org.jinstagram.auth.InstagramAuthService_ESTest
[ERROR] /Users/curtis/Github/Thesis/chatTester/Repos/sachin-handiekar_jInstagram/src/test/java/org/jinstagram/auth/InstagramAuthService_ESTest.java:[38,9] cannot find symbol
  symbol:   class InstagramService
  location: class org.jinstagram.auth.InstagramAuthService_ESTest
[ERROR] /Users/curtis/Github/Thesis/chatTester/Repos/sachin-handiekar_jInstagram/src/test/java/org/jinstagram/auth/InstagramAuthService_ESTest.java:[42,59] cannot find symbol
  symbol:   class OAuthConfig
  location: class org.jinstagram.auth.InstagramAuthService_ESTest
[INFO] 5 errors 
####################

original test path: /Users/curtis/Github/Thesis/chatTester/Repos/sachin-handiekar_jInstagram/src/test/java/org/jinstagram/auth/InstagramAuthService_ESTest.java
[GENERATED PATH] InstagramAuthService_ESTest#build().java
[ERROR] COMPILATION ERROR : 
[INFO] -------------------------------------------------------------
[ERROR] /Users/curtis/Github/Thesis/chatTester/Repos/sachin-handiekar_jInstagram/src/test/java/org/jinstagram/auth/InstagramAuthService_ESTest.java:[38,5] cannot find symbol
  symbol:   class InstagramService
  location: class org.jinstagram.auth.InstagramAuthService_ESTest
[ERROR] /Users/curtis/Github/Thesis/chatTester/Repos/sachin-handiekar_jInstagram/src/test/java/org/jinstagram/auth/InstagramAuthService_ESTest.java:[38,49] cannot find symbol
  symbol:   class InstagramService
  location: class org.jinstagram.auth.InstagramAuthService_ESTest
[ERROR] /Users/curtis/Github/Thesis/chatTester/Repos/sachin-handiekar_jInstagram/src/test/java/org/jinstagram/auth/InstagramAuthService_ESTest.java:[40,52] cannot find symbol
  symbol:   class OAuthConfig
  location: class org.jinstagram.auth.InstagramAuthService_ESTest
[ERROR] /Users/curtis/Github/Thesis/chatTester/Repos/sachin-handiekar_jInstagram/src/test/java/org/jinstagram/auth/InstagramAuthService_ESTest.java:[41,5] cannot find symbol
  symbol:   class InstagramService
  location: class org.jinstagram.auth.InstagramAuthService_ESTest
[ERROR] /Users/curtis/Github/Thesis/chatTester/Repos/sachin-handiekar_jInstagram/src/test/java/org/jinstagram/auth/InstagramAuthService_ESTest.java:[44,55] cannot find symbol
  symbol:   class OAuthConfig
  location: class org.jinstagram.auth.InstagramAuthService_ESTest
[INFO] 5 errors 
####################

original test path: /Users/curtis/Github/Thesis/chatTester/Repos/sachin-handiekar_jInstagram/src/test/java/org/jinstagram/auth/InstagramAuthService_ESTest.java
[GENERATED PATH] InstagramAuthService_ESTest#build().java
[ERROR] COMPILATION ERROR : 
[INFO] -------------------------------------------------------------
[ERROR] /Users/curtis/Github/Thesis/chatTester/Repos/sachin-handiekar_jInstagram/src/test/java/org/jinstagram/auth/InstagramAuthService_ESTest.java:[40,5] cannot find symbol
  symbol:   class InstagramService
  location: class org.jinstagram.auth.InstagramAuthService_ESTest
[ERROR] /Users/curtis/Github/Thesis/chatTester/Repos/sachin-handiekar_jInstagram/src/test/java/org/jinstagram/auth/InstagramAuthService_ESTest.java:[40,49] cannot find symbol
  symbol:   class InstagramService
  location: class org.jinstagram.auth.InstagramAuthService_ESTest
[ERROR] /Users/curtis/Github/Thesis/chatTester/Repos/sachin-handiekar_jInstagram/src/test/java/org/jinstagram/auth/InstagramAuthService_ESTest.java:[42,52] cannot find symbol
  symbol:   class OAuthConfig
  location: class org.jinstagram.auth.InstagramAuthService_ESTest
[ERROR] /Users/curtis/Github/Thesis/chatTester/Repos/sachin-handiekar_jInstagram/src/test/java/org/jinstagram/auth/InstagramAuthService_ESTest.java:[43,5] cannot find symbol
  symbol:   class InstagramService
  location: class org.jinstagram.auth.InstagramAuthService_ESTest
[ERROR] /Users/curtis/Github/Thesis/chatTester/Repos/sachin-handiekar_jInstagram/src/test/java/org/jinstagram/auth/InstagramAuthService_ESTest.java:[46,55] cannot find symbol
  symbol:   class OAuthConfig
  location: class org.jinstagram.auth.InstagramAuthService_ESTest
[INFO] 5 errors 
####################

original test path: /Users/curtis/Github/Thesis/chatTester/Repos/sachin-handiekar_jInstagram/src/test/java/org/jinstagram/auth/InstagramAuthService_ESTest.java
[GENERATED PATH] InstagramAuthService_ESTest#build().java
[ERROR] COMPILATION ERROR : 
[INFO] -------------------------------------------------------------
[ERROR] /Users/curtis/Github/Thesis/chatTester/Repos/sachin-handiekar_jInstagram/src/test/java/org/jinstagram/auth/InstagramAuthService_ESTest.java:[36,20] cannot find symbol
  symbol:   method setApiKey(java.lang.String)
  location: variable authService of type org.jinstagram.auth.InstagramAuthService
[ERROR] /Users/curtis/Github/Thesis/chatTester/Repos/sachin-handiekar_jInstagram/src/test/java/org/jinstagram/auth/InstagramAuthService_ESTest.java:[37,20] cannot find symbol
  symbol:   method setApiSecret(java.lang.String)
  location: variable authService of type org.jinstagram.auth.InstagramAuthService
[ERROR] /Users/curtis/Github/Thesis/chatTester/Repos/sachin-handiekar_jInstagram/src/test/java/org/jinstagram/auth/InstagramAuthService_ESTest.java:[38,20] cannot find symbol
  symbol:   method setCallback(java.lang.String)
  location: variable authService of type org.jinstagram.auth.InstagramAuthService
[ERROR] /Users/curtis/Github/Thesis/chatTester/Repos/sachin-handiekar_jInstagram/src/test/java/org/jinstagram/auth/InstagramAuthService_ESTest.java:[39,20] cannot find symbol
  symbol:   method setScope(java.lang.String)
  location: variable authService of type org.jinstagram.auth.InstagramAuthService
[ERROR] /Users/curtis/Github/Thesis/chatTester/Repos/sachin-handiekar_jInstagram/src/test/java/org/jinstagram/auth/InstagramAuthService_ESTest.java:[40,20] cannot find symbol
  symbol:   method setDisplay(java.lang.String)
  location: variable authService of type org.jinstagram.auth.InstagramAuthService
[ERROR] /Users/curtis/Github/Thesis/chatTester/Repos/sachin-handiekar_jInstagram/src/test/java/org/jinstagram/auth/InstagramAuthService_ESTest.java:[42,20] cannot find symbol
  symbol:   method setRequestProxy(java.net.Proxy)
  location: variable authService of type org.jinstagram.auth.InstagramAuthService
[ERROR] /Users/curtis/Github/Thesis/chatTester/Repos/sachin-handiekar_jInstagram/src/test/java/org/jinstagram/auth/InstagramAuthService_ESTest.java:[45,76] cannot find symbol
  symbol:   class InstagramService
  location: class org.jinstagram.auth.InstagramAuthService_ESTest
[ERROR] /Users/curtis/Github/Thesis/chatTester/Repos/sachin-handiekar_jInstagram/src/test/java/org/jinstagram/auth/InstagramAuthService_ESTest.java:[45,40] cannot find symbol
  symbol:   class OAuthConfig
  location: class org.jinstagram.auth.InstagramAuthService_ESTest
[ERROR] /Users/curtis/Github/Thesis/chatTester/Repos/sachin-handiekar_jInstagram/src/test/java/org/jinstagram/auth/InstagramAuthService_ESTest.java:[48,9] cannot find symbol
  symbol:   class InstagramService
  location: class org.jinstagram.auth.InstagramAuthService_ESTest
[ERROR] /Users/curtis/Github/Thesis/chatTester/Repos/sachin-handiekar_jInstagram/src/test/java/org/jinstagram/auth/InstagramAuthService_ESTest.java:[52,43] cannot find symbol
  symbol:   class OAuthConfig
  location: class org.jinstagram.auth.InstagramAuthService_ESTest
[ERROR] /Users/curtis/Github/Thesis/chatTester/Repos/sachin-handiekar_jInstagram/src/test/java/org/jinstagram/auth/InstagramAuthService_ESTest.java:[53,42] cannot find symbol
  symbol:   class HttpRequest
  location: class org.jinstagram.auth.InstagramAuthService_ESTest
[INFO] 11 errors 
####################

original test path: /Users/curtis/Github/Thesis/chatTester/Repos/sachin-handiekar_jInstagram/src/test/java/org/jinstagram/auth/InstagramAuthService_ESTest.java
[GENERATED PATH] InstagramAuthService_ESTest#build().java
[ERROR] COMPILATION ERROR : 
[INFO] -------------------------------------------------------------
[ERROR] /Users/curtis/Github/Thesis/chatTester/Repos/sachin-handiekar_jInstagram/src/test/java/org/jinstagram/auth/InstagramAuthService_ESTest.java:[46,76] cannot find symbol
  symbol:   class InstagramService
  location: class org.jinstagram.auth.InstagramAuthService_ESTest
[ERROR] /Users/curtis/Github/Thesis/chatTester/Repos/sachin-handiekar_jInstagram/src/test/java/org/jinstagram/auth/InstagramAuthService_ESTest.java:[46,40] cannot find symbol
  symbol:   class OAuthConfig
  location: class org.jinstagram.auth.InstagramAuthService_ESTest
[ERROR] /Users/curtis/Github/Thesis/chatTester/Repos/sachin-handiekar_jInstagram/src/test/java/org/jinstagram/auth/InstagramAuthService_ESTest.java:[47,9] cannot find symbol
  symbol:   class InstagramService
  location: class org.jinstagram.auth.InstagramAuthService_ESTest
[ERROR] /Users/curtis/Github/Thesis/chatTester/Repos/sachin-handiekar_jInstagram/src/test/java/org/jinstagram/auth/InstagramAuthService_ESTest.java:[49,43] cannot find symbol
  symbol:   class OAuthConfig
  location: class org.jinstagram.auth.InstagramAuthService_ESTest
[ERROR] /Users/curtis/Github/Thesis/chatTester/Repos/sachin-handiekar_jInstagram/src/test/java/org/jinstagram/auth/InstagramAuthService_ESTest.java:[50,42] cannot find symbol
  symbol:   class HttpRequest
  location: class org.jinstagram.auth.InstagramAuthService_ESTest
[INFO] 5 errors 
####################

original test path: /Users/curtis/Github/Thesis/chatTester/Repos/sachin-handiekar_jInstagram/src/test/java/org/jinstagram/auth/InstagramAuthService_ESTest.java
[GENERATED PATH] InstagramAuthService_ESTest#build().java
[ERROR] COMPILATION ERROR : 
[INFO] -------------------------------------------------------------
[ERROR] /Users/curtis/Github/Thesis/chatTester/Repos/sachin-handiekar_jInstagram/src/test/java/org/jinstagram/auth/InstagramAuthService_ESTest.java:[9,27] cannot find symbol
  symbol:   class InstagramService
  location: package org.jinstagram.auth
[ERROR] /Users/curtis/Github/Thesis/chatTester/Repos/sachin-handiekar_jInstagram/src/test/java/org/jinstagram/auth/InstagramAuthService_ESTest.java:[11,27] cannot find symbol
  symbol:   class OAuthConfig
  location: package org.jinstagram.auth
[ERROR] /Users/curtis/Github/Thesis/chatTester/Repos/sachin-handiekar_jInstagram/src/test/java/org/jinstagram/auth/InstagramAuthService_ESTest.java:[12,27] cannot find symbol
  symbol:   class Preconditions
  location: package org.jinstagram.auth
[ERROR] /Users/curtis/Github/Thesis/chatTester/Repos/sachin-handiekar_jInstagram/src/test/java/org/jinstagram/auth/InstagramAuthService_ESTest.java:[48,9] cannot find symbol
  symbol:   class InstagramService
  location: class org.jinstagram.auth.InstagramAuthService_ESTest
[INFO] 4 errors 
####################

original test path: /Users/curtis/Github/Thesis/chatTester/Repos/sachin-handiekar_jInstagram/src/test/java/org/jinstagram/auth/InstagramAuthService_ESTest.java
[GENERATED PATH] InstagramAuthService_ESTest#build().java
[ERROR] COMPILATION ERROR : 
[INFO] -------------------------------------------------------------
[ERROR] /Users/curtis/Github/Thesis/chatTester/Repos/sachin-handiekar_jInstagram/src/test/java/org/jinstagram/auth/InstagramAuthService_ESTest.java:[9,27] cannot find symbol
  symbol:   class Proxy
  location: package org.jinstagram.auth
[ERROR] /Users/curtis/Github/Thesis/chatTester/Repos/sachin-handiekar_jInstagram/src/test/java/org/jinstagram/auth/InstagramAuthService_ESTest.java:[10,27] cannot find symbol
  symbol:   class InstagramService
  location: package org.jinstagram.auth
[ERROR] /Users/curtis/Github/Thesis/chatTester/Repos/sachin-handiekar_jInstagram/src/test/java/org/jinstagram/auth/InstagramAuthService_ESTest.java:[12,27] cannot find symbol
  symbol:   class OAuthConfig
  location: package org.jinstagram.auth
[ERROR] /Users/curtis/Github/Thesis/chatTester/Repos/sachin-handiekar_jInstagram/src/test/java/org/jinstagram/auth/InstagramAuthService_ESTest.java:[13,27] cannot find symbol
  symbol:   class Preconditions
  location: package org.jinstagram.auth
[ERROR] /Users/curtis/Github/Thesis/chatTester/Repos/sachin-handiekar_jInstagram/src/test/java/org/jinstagram/auth/InstagramAuthService_ESTest.java:[51,101] cannot find symbol
  symbol:   class InstagramService
  location: class org.jinstagram.auth.InstagramAuthService_ESTest
[ERROR] /Users/curtis/Github/Thesis/chatTester/Repos/sachin-handiekar_jInstagram/src/test/java/org/jinstagram/auth/InstagramAuthService_ESTest.java:[51,56] cannot find symbol
  symbol:   class OAuthConfig
  location: class org.jinstagram.auth.InstagramAuthService_ESTest
[ERROR] /Users/curtis/Github/Thesis/chatTester/Repos/sachin-handiekar_jInstagram/src/test/java/org/jinstagram/auth/InstagramAuthService_ESTest.java:[55,59] cannot find symbol
  symbol:   class OAuthConfig
  location: class org.jinstagram.auth.InstagramAuthService_ESTest
[INFO] 7 errors 
####################

original test path: /Users/curtis/Github/Thesis/chatTester/Repos/sachin-handiekar_jInstagram/src/test/java/org/jinstagram/auth/InstagramAuthService_ESTest.java
[GENERATED PATH] InstagramAuthService_ESTest#build().java
[ERROR] COMPILATION ERROR : 
[INFO] -------------------------------------------------------------
[ERROR] /Users/curtis/Github/Thesis/chatTester/Repos/sachin-handiekar_jInstagram/src/test/java/org/jinstagram/auth/InstagramAuthService_ESTest.java:[10,27] cannot find symbol
  symbol:   class Proxy
  location: package org.jinstagram.auth
[ERROR] /Users/curtis/Github/Thesis/chatTester/Repos/sachin-handiekar_jInstagram/src/test/java/org/jinstagram/auth/InstagramAuthService_ESTest.java:[11,27] cannot find symbol
  symbol:   class InstagramService
  location: package org.jinstagram.auth
[ERROR] /Users/curtis/Github/Thesis/chatTester/Repos/sachin-handiekar_jInstagram/src/test/java/org/jinstagram/auth/InstagramAuthService_ESTest.java:[13,27] cannot find symbol
  symbol:   class OAuthConfig
  location: package org.jinstagram.auth
[ERROR] /Users/curtis/Github/Thesis/chatTester/Repos/sachin-handiekar_jInstagram/src/test/java/org/jinstagram/auth/InstagramAuthService_ESTest.java:[14,27] cannot find symbol
  symbol:   class Preconditions
  location: package org.jinstagram.auth
[ERROR] /Users/curtis/Github/Thesis/chatTester/Repos/sachin-handiekar_jInstagram/src/test/java/org/jinstagram/auth/InstagramAuthService_ESTest.java:[53,9] cannot find symbol
  symbol:   class InstagramService
  location: class org.jinstagram.auth.InstagramAuthService_ESTest
[INFO] 5 errors 
####################

