original test path: /Users/curtis/Github/Thesis/chatTester/Repos/sachin-handiekar_jInstagram/src/test/java/org/jinstagram/entity/users/feed/MediaFeedData_ESTest.java
[GENERATED PATH] MediaFeedData_ESTest#toString().java
[ERROR] COMPILATION ERROR : 
[INFO] -------------------------------------------------------------
[ERROR] /Users/curtis/Github/Thesis/chatTester/Repos/sachin-handiekar_jInstagram/src/test/java/org/jinstagram/entity/comments/MediaCommentsFeed_ESTest.java:[37,59] diamond operator is not supported in -source 1.6
  (use -source 7 or higher to enable diamond operator)
[INFO] 1 error
####################

original test path: /Users/curtis/Github/Thesis/chatTester/Repos/sachin-handiekar_jInstagram/src/test/java/org/jinstagram/entity/users/feed/MediaFeedData_ESTest.java
[GENERATED PATH] MediaFeedData_ESTest#toString().java
[ERROR] COMPILATION ERROR : 
[INFO] -------------------------------------------------------------
[ERROR] /Users/curtis/Github/Thesis/chatTester/Repos/sachin-handiekar_jInstagram/src/test/java/org/jinstagram/entity/users/feed/MediaFeedData_ESTest.java:[35,27] constructor Caption in class org.jinstagram.entity.common.Caption cannot be applied to given types;
  required: no arguments
  found: java.lang.String
  reason: actual and formal argument lists differ in length
[ERROR] /Users/curtis/Github/Thesis/chatTester/Repos/sachin-handiekar_jInstagram/src/test/java/org/jinstagram/entity/users/feed/MediaFeedData_ESTest.java:[36,29] constructor Comments in class org.jinstagram.entity.common.Comments cannot be applied to given types;
  required: no arguments
  found: java.lang.String
  reason: actual and formal argument lists differ in length
[ERROR] /Users/curtis/Github/Thesis/chatTester/Repos/sachin-handiekar_jInstagram/src/test/java/org/jinstagram/entity/users/feed/MediaFeedData_ESTest.java:[40,25] constructor Images in class org.jinstagram.entity.common.Images cannot be applied to given types;
  required: no arguments
  found: java.lang.String
  reason: actual and formal argument lists differ in length
[ERROR] /Users/curtis/Github/Thesis/chatTester/Repos/sachin-handiekar_jInstagram/src/test/java/org/jinstagram/entity/users/feed/MediaFeedData_ESTest.java:[41,23] constructor Likes in class org.jinstagram.entity.common.Likes cannot be applied to given types;
  required: no arguments
  found: int
  reason: actual and formal argument lists differ in length
[ERROR] /Users/curtis/Github/Thesis/chatTester/Repos/sachin-handiekar_jInstagram/src/test/java/org/jinstagram/entity/users/feed/MediaFeedData_ESTest.java:[43,29] constructor Location in class org.jinstagram.entity.common.Location cannot be applied to given types;
  required: no arguments
  found: java.lang.String
  reason: actual and formal argument lists differ in length
[ERROR] /Users/curtis/Github/Thesis/chatTester/Repos/sachin-handiekar_jInstagram/src/test/java/org/jinstagram/entity/users/feed/MediaFeedData_ESTest.java:[46,21] constructor User in class org.jinstagram.entity.common.User cannot be applied to given types;
  required: no arguments
  found: java.lang.String
  reason: actual and formal argument lists differ in length
[ERROR] /Users/curtis/Github/Thesis/chatTester/Repos/sachin-handiekar_jInstagram/src/test/java/org/jinstagram/entity/users/feed/MediaFeedData_ESTest.java:[48,61] constructor UsersInPhoto in class org.jinstagram.entity.common.UsersInPhoto cannot be applied to given types;
  required: no arguments
  found: java.lang.String
  reason: actual and formal argument lists differ in length
[ERROR] /Users/curtis/Github/Thesis/chatTester/Repos/sachin-handiekar_jInstagram/src/test/java/org/jinstagram/entity/users/feed/MediaFeedData_ESTest.java:[48,88] constructor UsersInPhoto in class org.jinstagram.entity.common.UsersInPhoto cannot be applied to given types;
  required: no arguments
  found: java.lang.String
  reason: actual and formal argument lists differ in length
[ERROR] /Users/curtis/Github/Thesis/chatTester/Repos/sachin-handiekar_jInstagram/src/test/java/org/jinstagram/entity/users/feed/MediaFeedData_ESTest.java:[50,39] constructor MediaFeedData in class org.jinstagram.entity.users.feed.MediaFeedData cannot be applied to given types;
  required: no arguments
  found: org.jinstagram.entity.common.Caption,org.jinstagram.entity.common.Comments,java.lang.String,java.lang.String,java.lang.String,org.jinstagram.entity.common.Images,org.jinstagram.entity.common.Likes,java.lang.String,org.jinstagram.entity.common.Location,java.util.List<java.lang.String>,java.lang.String,org.jinstagram.entity.common.User,boolean,java.util.List<org.jinstagram.entity.common.UsersInPhoto>
  reason: actual and formal argument lists differ in length
[INFO] 9 errors 
####################

original test path: /Users/curtis/Github/Thesis/chatTester/Repos/sachin-handiekar_jInstagram/src/test/java/org/jinstagram/entity/users/feed/MediaFeedData_ESTest.java
[GENERATED PATH] MediaFeedData_ESTest#toString().java
[ERROR] COMPILATION ERROR : 
[INFO] -------------------------------------------------------------
[ERROR] /Users/curtis/Github/Thesis/chatTester/Repos/sachin-handiekar_jInstagram/src/test/java/org/jinstagram/entity/users/feed/MediaFeedData_ESTest.java:[41,29] constructor Comments in class org.jinstagram.entity.common.Comments cannot be applied to given types;
  required: no arguments
  found: java.lang.String
  reason: actual and formal argument lists differ in length
[ERROR] /Users/curtis/Github/Thesis/chatTester/Repos/sachin-handiekar_jInstagram/src/test/java/org/jinstagram/entity/users/feed/MediaFeedData_ESTest.java:[45,25] constructor Images in class org.jinstagram.entity.common.Images cannot be applied to given types;
  required: no arguments
  found: java.lang.String
  reason: actual and formal argument lists differ in length
[ERROR] /Users/curtis/Github/Thesis/chatTester/Repos/sachin-handiekar_jInstagram/src/test/java/org/jinstagram/entity/users/feed/MediaFeedData_ESTest.java:[46,23] constructor Likes in class org.jinstagram.entity.common.Likes cannot be applied to given types;
  required: no arguments
  found: int
  reason: actual and formal argument lists differ in length
[ERROR] /Users/curtis/Github/Thesis/chatTester/Repos/sachin-handiekar_jInstagram/src/test/java/org/jinstagram/entity/users/feed/MediaFeedData_ESTest.java:[48,29] constructor Location in class org.jinstagram.entity.common.Location cannot be applied to given types;
  required: no arguments
  found: java.lang.String
  reason: actual and formal argument lists differ in length
[ERROR] /Users/curtis/Github/Thesis/chatTester/Repos/sachin-handiekar_jInstagram/src/test/java/org/jinstagram/entity/users/feed/MediaFeedData_ESTest.java:[51,21] constructor User in class org.jinstagram.entity.common.User cannot be applied to given types;
  required: no arguments
  found: java.lang.String
  reason: actual and formal argument lists differ in length
[ERROR] /Users/curtis/Github/Thesis/chatTester/Repos/sachin-handiekar_jInstagram/src/test/java/org/jinstagram/entity/users/feed/MediaFeedData_ESTest.java:[53,61] constructor UsersInPhoto in class org.jinstagram.entity.common.UsersInPhoto cannot be applied to given types;
  required: no arguments
  found: java.lang.String
  reason: actual and formal argument lists differ in length
[ERROR] /Users/curtis/Github/Thesis/chatTester/Repos/sachin-handiekar_jInstagram/src/test/java/org/jinstagram/entity/users/feed/MediaFeedData_ESTest.java:[53,88] constructor UsersInPhoto in class org.jinstagram.entity.common.UsersInPhoto cannot be applied to given types;
  required: no arguments
  found: java.lang.String
  reason: actual and formal argument lists differ in length
[ERROR] /Users/curtis/Github/Thesis/chatTester/Repos/sachin-handiekar_jInstagram/src/test/java/org/jinstagram/entity/users/feed/MediaFeedData_ESTest.java:[54,39] constructor MediaFeedData in class org.jinstagram.entity.users.feed.MediaFeedData cannot be applied to given types;
  required: no arguments
  found: org.jinstagram.entity.common.Caption,org.jinstagram.entity.common.Comments,java.lang.String,java.lang.String,java.lang.String,org.jinstagram.entity.common.Images,org.jinstagram.entity.common.Likes,java.lang.String,org.jinstagram.entity.common.Location,java.util.List<java.lang.String>,java.lang.String,org.jinstagram.entity.common.User,boolean,java.util.List<org.jinstagram.entity.common.UsersInPhoto>
  reason: actual and formal argument lists differ in length
[INFO] 8 errors 
####################

original test path: /Users/curtis/Github/Thesis/chatTester/Repos/sachin-handiekar_jInstagram/src/test/java/org/jinstagram/entity/users/feed/MediaFeedData_ESTest.java
[GENERATED PATH] MediaFeedData_ESTest#toString().java
[ERROR] COMPILATION ERROR : 
[INFO] -------------------------------------------------------------
[ERROR] /Users/curtis/Github/Thesis/chatTester/Repos/sachin-handiekar_jInstagram/src/test/java/org/jinstagram/entity/users/feed/MediaFeedData_ESTest.java:[43,55] diamond operator is not supported in -source 1.6
  (use -source 7 or higher to enable diamond operator)
[INFO] 1 error
####################

original test path: /Users/curtis/Github/Thesis/chatTester/Repos/sachin-handiekar_jInstagram/src/test/java/org/jinstagram/entity/users/feed/MediaFeedData_ESTest.java
[GENERATED PATH] MediaFeedData_ESTest#toString().java
[ERROR] COMPILATION ERROR : 
[INFO] -------------------------------------------------------------
[ERROR] /Users/curtis/Github/Thesis/chatTester/Repos/sachin-handiekar_jInstagram/src/test/java/org/jinstagram/entity/users/feed/MediaFeedData_ESTest.java:[47,14] cannot find symbol
  symbol:   class CommentData
  location: class org.jinstagram.entity.users.feed.MediaFeedData_ESTest
[ERROR] /Users/curtis/Github/Thesis/chatTester/Repos/sachin-handiekar_jInstagram/src/test/java/org/jinstagram/entity/users/feed/MediaFeedData_ESTest.java:[47,55] cannot find symbol
  symbol:   class CommentData
  location: class org.jinstagram.entity.users.feed.MediaFeedData_ESTest
[ERROR] /Users/curtis/Github/Thesis/chatTester/Repos/sachin-handiekar_jInstagram/src/test/java/org/jinstagram/entity/users/feed/MediaFeedData_ESTest.java:[49,9] cannot find symbol
  symbol:   class CommentData
  location: class org.jinstagram.entity.users.feed.MediaFeedData_ESTest
[ERROR] /Users/curtis/Github/Thesis/chatTester/Repos/sachin-handiekar_jInstagram/src/test/java/org/jinstagram/entity/users/feed/MediaFeedData_ESTest.java:[49,39] cannot find symbol
  symbol:   class CommentData
  location: class org.jinstagram.entity.users.feed.MediaFeedData_ESTest
[ERROR] /Users/curtis/Github/Thesis/chatTester/Repos/sachin-handiekar_jInstagram/src/test/java/org/jinstagram/entity/users/feed/MediaFeedData_ESTest.java:[55,25] constructor Images in class org.jinstagram.entity.common.Images cannot be applied to given types;
  required: no arguments
  found: java.lang.String
  reason: actual and formal argument lists differ in length
[ERROR] /Users/curtis/Github/Thesis/chatTester/Repos/sachin-handiekar_jInstagram/src/test/java/org/jinstagram/entity/users/feed/MediaFeedData_ESTest.java:[56,23] constructor Likes in class org.jinstagram.entity.common.Likes cannot be applied to given types;
  required: no arguments
  found: int
  reason: actual and formal argument lists differ in length
[ERROR] /Users/curtis/Github/Thesis/chatTester/Repos/sachin-handiekar_jInstagram/src/test/java/org/jinstagram/entity/users/feed/MediaFeedData_ESTest.java:[58,29] constructor Location in class org.jinstagram.entity.common.Location cannot be applied to given types;
  required: no arguments
  found: java.lang.String
  reason: actual and formal argument lists differ in length
[ERROR] /Users/curtis/Github/Thesis/chatTester/Repos/sachin-handiekar_jInstagram/src/test/java/org/jinstagram/entity/users/feed/MediaFeedData_ESTest.java:[61,21] constructor User in class org.jinstagram.entity.common.User cannot be applied to given types;
  required: no arguments
  found: java.lang.String
  reason: actual and formal argument lists differ in length
[ERROR] /Users/curtis/Github/Thesis/chatTester/Repos/sachin-handiekar_jInstagram/src/test/java/org/jinstagram/entity/users/feed/MediaFeedData_ESTest.java:[63,61] constructor UsersInPhoto in class org.jinstagram.entity.common.UsersInPhoto cannot be applied to given types;
  required: no arguments
  found: java.lang.String
  reason: actual and formal argument lists differ in length
[ERROR] /Users/curtis/Github/Thesis/chatTester/Repos/sachin-handiekar_jInstagram/src/test/java/org/jinstagram/entity/users/feed/MediaFeedData_ESTest.java:[63,88] constructor UsersInPhoto in class org.jinstagram.entity.common.UsersInPhoto cannot be applied to given types;
  required: no arguments
  found: java.lang.String
  reason: actual and formal argument lists differ in length
[ERROR] /Users/curtis/Github/Thesis/chatTester/Repos/sachin-handiekar_jInstagram/src/test/java/org/jinstagram/entity/users/feed/MediaFeedData_ESTest.java:[64,39] constructor MediaFeedData in class org.jinstagram.entity.users.feed.MediaFeedData cannot be applied to given types;
  required: no arguments
  found: org.jinstagram.entity.common.Caption,org.jinstagram.entity.common.Comments,java.lang.String,java.lang.String,java.lang.String,org.jinstagram.entity.common.Images,org.jinstagram.entity.common.Likes,java.lang.String,org.jinstagram.entity.common.Location,java.util.List<java.lang.String>,java.lang.String,org.jinstagram.entity.common.User,boolean,java.util.List<org.jinstagram.entity.common.UsersInPhoto>
  reason: actual and formal argument lists differ in length
[INFO] 11 errors 
####################

original test path: /Users/curtis/Github/Thesis/chatTester/Repos/sachin-handiekar_jInstagram/src/test/java/org/jinstagram/entity/users/feed/MediaFeedData_ESTest.java
[GENERATED PATH] MediaFeedData_ESTest#toString().java
[ERROR] COMPILATION ERROR : 
[INFO] -------------------------------------------------------------
[ERROR] /Users/curtis/Github/Thesis/chatTester/Repos/sachin-handiekar_jInstagram/src/test/java/org/jinstagram/entity/users/feed/MediaFeedData_ESTest.java:[53,43] diamond operator is not supported in -source 1.6
  (use -source 7 or higher to enable diamond operator)
[INFO] 1 error
####################

original test path: /Users/curtis/Github/Thesis/chatTester/Repos/sachin-handiekar_jInstagram/src/test/java/org/jinstagram/entity/users/feed/MediaFeedData_ESTest.java
[GENERATED PATH] MediaFeedData_ESTest#toString().java
[ERROR] COMPILATION ERROR : 
[INFO] -------------------------------------------------------------
[ERROR] /Users/curtis/Github/Thesis/chatTester/Repos/sachin-handiekar_jInstagram/src/test/java/org/jinstagram/entity/users/feed/MediaFeedData_ESTest.java:[55,43] diamond operator is not supported in -source 1.6
  (use -source 7 or higher to enable diamond operator)
[INFO] 1 error
####################

original test path: /Users/curtis/Github/Thesis/chatTester/Repos/sachin-handiekar_jInstagram/src/test/java/org/jinstagram/entity/users/feed/MediaFeedData_ESTest.java
[GENERATED PATH] MediaFeedData_ESTest#toString().java
[ERROR] COMPILATION ERROR : 
[INFO] -------------------------------------------------------------
[ERROR] /Users/curtis/Github/Thesis/chatTester/Repos/sachin-handiekar_jInstagram/src/test/java/org/jinstagram/entity/users/feed/MediaFeedData_ESTest.java:[57,43] diamond operator is not supported in -source 1.6
  (use -source 7 or higher to enable diamond operator)
[INFO] 1 error
####################

