original test path: /Users/curtis/Github/Thesis/chatTester/Repos/sachin-handiekar_jInstagram/src/test/java/org/jinstagram/realtime/SubscriptionUtil_ESTest.java
[GENERATED PATH] SubscriptionUtil_ESTest#verifySubscriptionPostRequestSignature(String clientSecret, byte() rawJsonData, String xHubSignature).java
[ERROR] COMPILATION ERROR : 
[INFO] -------------------------------------------------------------
[ERROR] /Users/curtis/Github/Thesis/chatTester/Repos/sachin-handiekar_jInstagram/src/test/java/org/jinstagram/InstagramObject_ESTest.java:[45,55] diamond operator is not supported in -source 1.6
  (use -source 7 or higher to enable diamond operator)
[INFO] 1 error
####################

original test path: /Users/curtis/Github/Thesis/chatTester/Repos/sachin-handiekar_jInstagram/src/test/java/org/jinstagram/realtime/SubscriptionUtil_ESTest.java
[GENERATED PATH] SubscriptionUtil_ESTest#verifySubscriptionPostRequestSignature(String clientSecret, byte() rawJsonData, String xHubSignature).java
[ERROR] COMPILATION ERROR : 
[INFO] -------------------------------------------------------------
[ERROR] /Users/curtis/Github/Thesis/chatTester/Repos/sachin-handiekar_jInstagram/src/test/java/org/jinstagram/realtime/SubscriptionUtil_ESTest.java:[32,13] cannot find symbol
  symbol:   class VerificationResult
  location: class org.jinstagram.realtime.SubscriptionUtil_ESTest
[ERROR] /Users/curtis/Github/Thesis/chatTester/Repos/sachin-handiekar_jInstagram/src/test/java/org/jinstagram/realtime/SubscriptionUtil_ESTest.java:[35,18] cannot find symbol
  symbol:   class InstagramException
  location: class org.jinstagram.realtime.SubscriptionUtil_ESTest
[INFO] 2 errors 
####################

original test path: /Users/curtis/Github/Thesis/chatTester/Repos/sachin-handiekar_jInstagram/src/test/java/org/jinstagram/realtime/SubscriptionUtil_ESTest.java
[GENERATED PATH] SubscriptionUtil_ESTest#verifySubscriptionPostRequestSignature(String clientSecret, byte() rawJsonData, String xHubSignature).java
[ERROR] COMPILATION ERROR : 
[INFO] -------------------------------------------------------------
[ERROR] /Users/curtis/Github/Thesis/chatTester/Repos/sachin-handiekar_jInstagram/src/test/java/org/jinstagram/realtime/SubscriptionUtil_ESTest.java:[33,9] cannot find symbol
  symbol:   class VerificationResult
  location: class org.jinstagram.realtime.SubscriptionUtil_ESTest
[ERROR] /Users/curtis/Github/Thesis/chatTester/Repos/sachin-handiekar_jInstagram/src/test/java/org/jinstagram/realtime/SubscriptionUtil_ESTest.java:[37,14] cannot find symbol
  symbol:   class InstagramException
  location: class org.jinstagram.realtime.SubscriptionUtil_ESTest
[INFO] 2 errors 
####################

original test path: /Users/curtis/Github/Thesis/chatTester/Repos/sachin-handiekar_jInstagram/src/test/java/org/jinstagram/realtime/SubscriptionUtil_ESTest.java
[GENERATED PATH] SubscriptionUtil_ESTest#verifySubscriptionPostRequestSignature(String clientSecret, byte() rawJsonData, String xHubSignature).java
[ERROR] COMPILATION ERROR : 
[INFO] -------------------------------------------------------------
[ERROR] /Users/curtis/Github/Thesis/chatTester/Repos/sachin-handiekar_jInstagram/src/test/java/org/jinstagram/realtime/SubscriptionUtil_ESTest.java:[36,13] cannot find symbol
  symbol:   class VerificationResult
  location: class org.jinstagram.realtime.SubscriptionUtil_ESTest
[ERROR] /Users/curtis/Github/Thesis/chatTester/Repos/sachin-handiekar_jInstagram/src/test/java/org/jinstagram/realtime/SubscriptionUtil_ESTest.java:[39,18] cannot find symbol
  symbol:   class InstagramException
  location: class org.jinstagram.realtime.SubscriptionUtil_ESTest
[INFO] 2 errors 
####################

original test path: /Users/curtis/Github/Thesis/chatTester/Repos/sachin-handiekar_jInstagram/src/test/java/org/jinstagram/realtime/SubscriptionUtil_ESTest.java
[GENERATED PATH] SubscriptionUtil_ESTest#verifySubscriptionPostRequestSignature(String clientSecret, byte() rawJsonData, String xHubSignature).java
[ERROR] COMPILATION ERROR : 
[INFO] -------------------------------------------------------------
[ERROR] /Users/curtis/Github/Thesis/chatTester/Repos/sachin-handiekar_jInstagram/src/test/java/org/jinstagram/realtime/SubscriptionUtil_ESTest.java:[38,13] cannot find symbol
  symbol:   class VerificationResult
  location: class org.jinstagram.realtime.SubscriptionUtil_ESTest
[ERROR] /Users/curtis/Github/Thesis/chatTester/Repos/sachin-handiekar_jInstagram/src/test/java/org/jinstagram/realtime/SubscriptionUtil_ESTest.java:[41,18] cannot find symbol
  symbol:   class InstagramException
  location: class org.jinstagram.realtime.SubscriptionUtil_ESTest
[INFO] 2 errors 
####################

