original test path: /Users/curtis/Github/Thesis/chatTester/Repos/tabulapdf_tabula-java/src/test/java/technology/tabula/RectangularTextContainer_ESTest.java
[GENERATED PATH] RectangularTextContainer_ESTest#getTextElements().java
[ERROR] COMPILATION ERROR : 
[INFO] -------------------------------------------------------------
[ERROR] /Users/curtis/Github/Thesis/chatTester/Repos/tabulapdf_tabula-java/src/test/java/technology/tabula/RectangularTextContainer_ESTest.java:[30,34] type argument java.lang.String is not within bounds of type-variable T
[ERROR] /Users/curtis/Github/Thesis/chatTester/Repos/tabulapdf_tabula-java/src/test/java/technology/tabula/RectangularTextContainer_ESTest.java:[30,82] incompatible types: cannot infer type arguments for technology.tabula.RectangularTextContainer<>
    reason: inference variable T has incompatible bounds
      equality constraints: java.lang.String
      upper bounds: technology.tabula.Rectangle,technology.tabula.HasText
[INFO] 2 errors 
####################

original test path: /Users/curtis/Github/Thesis/chatTester/Repos/tabulapdf_tabula-java/src/test/java/technology/tabula/RectangularTextContainer_ESTest.java
[GENERATED PATH] RectangularTextContainer_ESTest#getTextElements().java
[ERROR] COMPILATION ERROR : 
[INFO] -------------------------------------------------------------
[ERROR] /Users/curtis/Github/Thesis/chatTester/Repos/tabulapdf_tabula-java/src/test/java/technology/tabula/RectangularTextContainer_ESTest.java:[32,34] type argument java.lang.String is not within bounds of type-variable T
[ERROR] /Users/curtis/Github/Thesis/chatTester/Repos/tabulapdf_tabula-java/src/test/java/technology/tabula/RectangularTextContainer_ESTest.java:[32,82] incompatible types: cannot infer type arguments for technology.tabula.RectangularTextContainer<>
    reason: inference variable T has incompatible bounds
      equality constraints: java.lang.String
      upper bounds: technology.tabula.Rectangle,technology.tabula.HasText
[INFO] 2 errors 
####################

original test path: /Users/curtis/Github/Thesis/chatTester/Repos/tabulapdf_tabula-java/src/test/java/technology/tabula/RectangularTextContainer_ESTest.java
[GENERATED PATH] RectangularTextContainer_ESTest#getTextElements().java
[ERROR] COMPILATION ERROR : 
[INFO] -------------------------------------------------------------
[ERROR] /Users/curtis/Github/Thesis/chatTester/Repos/tabulapdf_tabula-java/src/test/java/technology/tabula/RectangularTextContainer_ESTest.java:[34,30] type argument java.lang.CharSequence is not within bounds of type-variable T
[ERROR] /Users/curtis/Github/Thesis/chatTester/Repos/tabulapdf_tabula-java/src/test/java/technology/tabula/RectangularTextContainer_ESTest.java:[34,84] incompatible types: cannot infer type arguments for technology.tabula.RectangularTextContainer<>
    reason: inference variable T has incompatible bounds
      equality constraints: java.lang.CharSequence
      upper bounds: technology.tabula.Rectangle,technology.tabula.HasText
[ERROR] /Users/curtis/Github/Thesis/chatTester/Repos/tabulapdf_tabula-java/src/test/java/technology/tabula/RectangularTextContainer_ESTest.java:[39,31] incompatible types: java.util.List<java.lang.String> cannot be converted to java.util.List<java.lang.CharSequence>
[ERROR] /Users/curtis/Github/Thesis/chatTester/Repos/tabulapdf_tabula-java/src/test/java/technology/tabula/RectangularTextContainer_ESTest.java:[40,64] incompatible types: java.util.List<java.lang.CharSequence> cannot be converted to java.util.List<java.lang.String>
[INFO] 4 errors 
####################

