original test path: /Users/curtis/Github/Thesis/chatTester/Repos/tabulapdf_tabula-java/src/test/java/technology/tabula/TextChunk_ESTest.java
[GENERATED PATH] TextChunk_ESTest#equals(Object obj).java
[ERROR] COMPILATION ERROR : 
[INFO] -------------------------------------------------------------
[ERROR] /Users/curtis/Github/Thesis/chatTester/Repos/tabulapdf_tabula-java/src/test/java/technology/tabula/TextChunk_ESTest.java:[31,35] no suitable constructor found for TextElement(int,int,int,int)
    constructor technology.tabula.TextElement.TextElement(float,float,float,float,org.apache.pdfbox.pdmodel.font.PDFont,float,java.lang.String,float) is not applicable
      (actual and formal argument lists differ in length)
    constructor technology.tabula.TextElement.TextElement(float,float,float,float,org.apache.pdfbox.pdmodel.font.PDFont,float,java.lang.String,float,float) is not applicable
      (actual and formal argument lists differ in length)
[INFO] 1 error
####################

original test path: /Users/curtis/Github/Thesis/chatTester/Repos/tabulapdf_tabula-java/src/test/java/technology/tabula/TextChunk_ESTest.java
[GENERATED PATH] TextChunk_ESTest#equals(Object obj).java
[ERROR] COMPILATION ERROR : 
[INFO] -------------------------------------------------------------
[ERROR] /Users/curtis/Github/Thesis/chatTester/Repos/tabulapdf_tabula-java/src/test/java/technology/tabula/TextChunk_ESTest.java:[34,35] no suitable constructor found for TextElement(int,int,int,int)
    constructor technology.tabula.TextElement.TextElement(float,float,float,float,org.apache.pdfbox.pdmodel.font.PDFont,float,java.lang.String,float) is not applicable
      (actual and formal argument lists differ in length)
    constructor technology.tabula.TextElement.TextElement(float,float,float,float,org.apache.pdfbox.pdmodel.font.PDFont,float,java.lang.String,float,float) is not applicable
      (actual and formal argument lists differ in length)
[INFO] 1 error
####################

original test path: /Users/curtis/Github/Thesis/chatTester/Repos/tabulapdf_tabula-java/src/test/java/technology/tabula/TextChunk_ESTest.java
[GENERATED PATH] TextChunk_ESTest#equals(Object obj).java
[ERROR] COMPILATION ERROR : 
[INFO] -------------------------------------------------------------
[ERROR] /Users/curtis/Github/Thesis/chatTester/Repos/tabulapdf_tabula-java/src/test/java/technology/tabula/TextChunk_ESTest.java:[36,35] no suitable constructor found for TextElement(int,int,int)
    constructor technology.tabula.TextElement.TextElement(float,float,float,float,org.apache.pdfbox.pdmodel.font.PDFont,float,java.lang.String,float) is not applicable
      (actual and formal argument lists differ in length)
    constructor technology.tabula.TextElement.TextElement(float,float,float,float,org.apache.pdfbox.pdmodel.font.PDFont,float,java.lang.String,float,float) is not applicable
      (actual and formal argument lists differ in length)
[INFO] 1 error
####################

original test path: /Users/curtis/Github/Thesis/chatTester/Repos/tabulapdf_tabula-java/src/test/java/technology/tabula/TextChunk_ESTest.java
[GENERATED PATH] TextChunk_ESTest#equals(Object obj).java
[ERROR] COMPILATION ERROR : 
[INFO] -------------------------------------------------------------
[ERROR] /Users/curtis/Github/Thesis/chatTester/Repos/tabulapdf_tabula-java/src/test/java/technology/tabula/TextChunk_ESTest.java:[39,31] no suitable constructor found for TextElement(int,int,int,int)
    constructor technology.tabula.TextElement.TextElement(float,float,float,float,org.apache.pdfbox.pdmodel.font.PDFont,float,java.lang.String,float) is not applicable
      (actual and formal argument lists differ in length)
    constructor technology.tabula.TextElement.TextElement(float,float,float,float,org.apache.pdfbox.pdmodel.font.PDFont,float,java.lang.String,float,float) is not applicable
      (actual and formal argument lists differ in length)
[INFO] 1 error
####################

original test path: /Users/curtis/Github/Thesis/chatTester/Repos/tabulapdf_tabula-java/src/test/java/technology/tabula/TextChunk_ESTest.java
[GENERATED PATH] TextChunk_ESTest#equals(Object obj).java
[ERROR] COMPILATION ERROR : 
[INFO] -------------------------------------------------------------
[ERROR] /Users/curtis/Github/Thesis/chatTester/Repos/tabulapdf_tabula-java/src/test/java/technology/tabula/TextChunk_ESTest.java:[41,41] no suitable constructor found for TextElement(int,int,int,int)
    constructor technology.tabula.TextElement.TextElement(float,float,float,float,org.apache.pdfbox.pdmodel.font.PDFont,float,java.lang.String,float) is not applicable
      (actual and formal argument lists differ in length)
    constructor technology.tabula.TextElement.TextElement(float,float,float,float,org.apache.pdfbox.pdmodel.font.PDFont,float,java.lang.String,float,float) is not applicable
      (actual and formal argument lists differ in length)
[INFO] 1 error
####################

