original test path: /Users/curtis/Github/Thesis/chatTester/Repos/sachin-handiekar_jInstagram/src/test/java/org/jinstagram/auth/InstagramAuthService_ESTest.java
[GENERATED PATH] InstagramAuthService_ESTest#build().java
[ERROR] COMPILATION ERROR : 
[INFO] -------------------------------------------------------------
[ERROR] /Users/curtis/Github/Thesis/chatTester/Repos/sachin-handiekar_jInstagram/src/test/java/org/jinstagram/auth/InstagramAuthService_ESTest.java:[35,9] cannot find symbol
  symbol:   class InstagramService
  location: class org.jinstagram.auth.InstagramAuthService_ESTest
[ERROR] /Users/curtis/Github/Thesis/chatTester/Repos/sachin-handiekar_jInstagram/src/test/java/org/jinstagram/auth/InstagramAuthService_ESTest.java:[35,53] cannot find symbol
  symbol:   class InstagramService
  location: class org.jinstagram.auth.InstagramAuthService_ESTest
[ERROR] /Users/curtis/Github/Thesis/chatTester/Repos/sachin-handiekar_jInstagram/src/test/java/org/jinstagram/auth/InstagramAuthService_ESTest.java:[36,56] cannot find symbol
  symbol:   class OAuthConfig
  location: class org.jinstagram.auth.InstagramAuthService_ESTest
[ERROR] /Users/curtis/Github/Thesis/chatTester/Repos/sachin-handiekar_jInstagram/src/test/java/org/jinstagram/auth/InstagramAuthService_ESTest.java:[38,9] cannot find symbol
  symbol:   class InstagramService
  location: class org.jinstagram.auth.InstagramAuthService_ESTest
[ERROR] /Users/curtis/Github/Thesis/chatTester/Repos/sachin-handiekar_jInstagram/src/test/java/org/jinstagram/auth/InstagramAuthService_ESTest.java:[42,59] cannot find symbol
  symbol:   class OAuthConfig
  location: class org.jinstagram.auth.InstagramAuthService_ESTest
[INFO] 5 errors 
####################

original test path: /Users/curtis/Github/Thesis/chatTester/Repos/sachin-handiekar_jInstagram/src/test/java/org/jinstagram/auth/InstagramAuthService_ESTest.java
[GENERATED PATH] InstagramAuthService_ESTest#build().java
[ERROR] COMPILATION ERROR : 
[INFO] -------------------------------------------------------------
[ERROR] /Users/curtis/Github/Thesis/chatTester/Repos/sachin-handiekar_jInstagram/src/test/java/org/jinstagram/auth/InstagramAuthService_ESTest.java:[38,9] cannot find symbol
  symbol:   class InstagramService
  location: class org.jinstagram.auth.InstagramAuthService_ESTest
[ERROR] /Users/curtis/Github/Thesis/chatTester/Repos/sachin-handiekar_jInstagram/src/test/java/org/jinstagram/auth/InstagramAuthService_ESTest.java:[38,53] cannot find symbol
  symbol:   class InstagramService
  location: class org.jinstagram.auth.InstagramAuthService_ESTest
[ERROR] /Users/curtis/Github/Thesis/chatTester/Repos/sachin-handiekar_jInstagram/src/test/java/org/jinstagram/auth/InstagramAuthService_ESTest.java:[40,56] cannot find symbol
  symbol:   class OAuthConfig
  location: class org.jinstagram.auth.InstagramAuthService_ESTest
[ERROR] /Users/curtis/Github/Thesis/chatTester/Repos/sachin-handiekar_jInstagram/src/test/java/org/jinstagram/auth/InstagramAuthService_ESTest.java:[41,9] cannot find symbol
  symbol:   class InstagramService
  location: class org.jinstagram.auth.InstagramAuthService_ESTest
[ERROR] /Users/curtis/Github/Thesis/chatTester/Repos/sachin-handiekar_jInstagram/src/test/java/org/jinstagram/auth/InstagramAuthService_ESTest.java:[44,59] cannot find symbol
  symbol:   class OAuthConfig
  location: class org.jinstagram.auth.InstagramAuthService_ESTest
[INFO] 5 errors 
####################

original test path: /Users/curtis/Github/Thesis/chatTester/Repos/sachin-handiekar_jInstagram/src/test/java/org/jinstagram/auth/InstagramAuthService_ESTest.java
[GENERATED PATH] InstagramAuthService_ESTest#build().java
[ERROR] COMPILATION ERROR : 
[INFO] -------------------------------------------------------------
[ERROR] /Users/curtis/Github/Thesis/chatTester/Repos/sachin-handiekar_jInstagram/src/test/java/org/jinstagram/auth/InstagramAuthService_ESTest.java:[42,56] cannot find symbol
  symbol:   class OAuthConfig
  location: class org.jinstagram.auth.InstagramAuthService_ESTest
[ERROR] /Users/curtis/Github/Thesis/chatTester/Repos/sachin-handiekar_jInstagram/src/test/java/org/jinstagram/auth/InstagramAuthService_ESTest.java:[43,56] incompatible types: org.jinstagram.auth.oauth.InstagramService cannot be converted to org.jinstagram.auth.InstagramAuthService
[ERROR] /Users/curtis/Github/Thesis/chatTester/Repos/sachin-handiekar_jInstagram/src/test/java/org/jinstagram/auth/InstagramAuthService_ESTest.java:[46,59] cannot find symbol
  symbol:   class OAuthConfig
  location: class org.jinstagram.auth.InstagramAuthService_ESTest
[INFO] 3 errors 
####################

original test path: /Users/curtis/Github/Thesis/chatTester/Repos/sachin-handiekar_jInstagram/src/test/java/org/jinstagram/auth/InstagramAuthService_ESTest.java
[GENERATED PATH] InstagramAuthService_ESTest#build().java
[ERROR] COMPILATION ERROR : 
[INFO] -------------------------------------------------------------
[ERROR] /Users/curtis/Github/Thesis/chatTester/Repos/sachin-handiekar_jInstagram/src/test/java/org/jinstagram/auth/InstagramAuthService_ESTest.java:[44,56] cannot find symbol
  symbol:   class OAuthConfig
  location: class org.jinstagram.auth.InstagramAuthService_ESTest
[ERROR] /Users/curtis/Github/Thesis/chatTester/Repos/sachin-handiekar_jInstagram/src/test/java/org/jinstagram/auth/InstagramAuthService_ESTest.java:[46,56] incompatible types: org.jinstagram.auth.oauth.InstagramService cannot be converted to org.jinstagram.auth.InstagramAuthService
[ERROR] /Users/curtis/Github/Thesis/chatTester/Repos/sachin-handiekar_jInstagram/src/test/java/org/jinstagram/auth/InstagramAuthService_ESTest.java:[49,59] cannot find symbol
  symbol:   class OAuthConfig
  location: class org.jinstagram.auth.InstagramAuthService_ESTest
[INFO] 3 errors 
####################

original test path: /Users/curtis/Github/Thesis/chatTester/Repos/sachin-handiekar_jInstagram/src/test/java/org/jinstagram/auth/InstagramAuthService_ESTest.java
[GENERATED PATH] InstagramAuthService_ESTest#build().java
[ERROR] COMPILATION ERROR : 
[INFO] -------------------------------------------------------------
[ERROR] /Users/curtis/Github/Thesis/chatTester/Repos/sachin-handiekar_jInstagram/src/test/java/org/jinstagram/auth/InstagramAuthService_ESTest.java:[38,16] cannot find symbol
  symbol:   method setApiKey(java.lang.String)
  location: variable authService of type org.jinstagram.auth.InstagramAuthService
[ERROR] /Users/curtis/Github/Thesis/chatTester/Repos/sachin-handiekar_jInstagram/src/test/java/org/jinstagram/auth/InstagramAuthService_ESTest.java:[39,16] cannot find symbol
  symbol:   method setApiSecret(java.lang.String)
  location: variable authService of type org.jinstagram.auth.InstagramAuthService
[ERROR] /Users/curtis/Github/Thesis/chatTester/Repos/sachin-handiekar_jInstagram/src/test/java/org/jinstagram/auth/InstagramAuthService_ESTest.java:[40,16] cannot find symbol
  symbol:   method setCallback(java.lang.String)
  location: variable authService of type org.jinstagram.auth.InstagramAuthService
[ERROR] /Users/curtis/Github/Thesis/chatTester/Repos/sachin-handiekar_jInstagram/src/test/java/org/jinstagram/auth/InstagramAuthService_ESTest.java:[41,16] cannot find symbol
  symbol:   method setScope(java.lang.String)
  location: variable authService of type org.jinstagram.auth.InstagramAuthService
[ERROR] /Users/curtis/Github/Thesis/chatTester/Repos/sachin-handiekar_jInstagram/src/test/java/org/jinstagram/auth/InstagramAuthService_ESTest.java:[42,16] cannot find symbol
  symbol:   method setDisplay(java.lang.String)
  location: variable authService of type org.jinstagram.auth.InstagramAuthService
[ERROR] /Users/curtis/Github/Thesis/chatTester/Repos/sachin-handiekar_jInstagram/src/test/java/org/jinstagram/auth/InstagramAuthService_ESTest.java:[45,5] cannot find symbol
  symbol:   class OAuthConfig
  location: class org.jinstagram.auth.InstagramAuthService_ESTest
[ERROR] /Users/curtis/Github/Thesis/chatTester/Repos/sachin-handiekar_jInstagram/src/test/java/org/jinstagram/auth/InstagramAuthService_ESTest.java:[45,43] cannot find symbol
  symbol:   class OAuthConfig
  location: class org.jinstagram.auth.InstagramAuthService_ESTest
[ERROR] /Users/curtis/Github/Thesis/chatTester/Repos/sachin-handiekar_jInstagram/src/test/java/org/jinstagram/auth/InstagramAuthService_ESTest.java:[48,68] cannot find symbol
  symbol:   class InstagramService
  location: class org.jinstagram.auth.InstagramAuthService_ESTest
[ERROR] /Users/curtis/Github/Thesis/chatTester/Repos/sachin-handiekar_jInstagram/src/test/java/org/jinstagram/auth/InstagramAuthService_ESTest.java:[49,16] cannot find symbol
  symbol:   method setRequestProxy(java.net.Proxy)
  location: variable authService of type org.jinstagram.auth.InstagramAuthService
[ERROR] /Users/curtis/Github/Thesis/chatTester/Repos/sachin-handiekar_jInstagram/src/test/java/org/jinstagram/auth/InstagramAuthService_ESTest.java:[52,5] cannot find symbol
  symbol:   class InstagramService
  location: class org.jinstagram.auth.InstagramAuthService_ESTest
[INFO] 10 errors 
####################

original test path: /Users/curtis/Github/Thesis/chatTester/Repos/sachin-handiekar_jInstagram/src/test/java/org/jinstagram/auth/InstagramAuthService_ESTest.java
[GENERATED PATH] InstagramAuthService_ESTest#build().java
[ERROR] COMPILATION ERROR : 
[INFO] -------------------------------------------------------------
[ERROR] /Users/curtis/Github/Thesis/chatTester/Repos/sachin-handiekar_jInstagram/src/test/java/org/jinstagram/auth/InstagramAuthService_ESTest.java:[10,27] cannot find symbol
  symbol:   class Proxy
  location: package org.jinstagram.auth
[ERROR] /Users/curtis/Github/Thesis/chatTester/Repos/sachin-handiekar_jInstagram/src/test/java/org/jinstagram/auth/InstagramAuthService_ESTest.java:[11,30] package org.jinstagram.service does not exist
[ERROR] /Users/curtis/Github/Thesis/chatTester/Repos/sachin-handiekar_jInstagram/src/test/java/org/jinstagram/auth/InstagramAuthService_ESTest.java:[13,27] cannot find symbol
  symbol:   class OAuthConfig
  location: package org.jinstagram.auth
[ERROR] /Users/curtis/Github/Thesis/chatTester/Repos/sachin-handiekar_jInstagram/src/test/java/org/jinstagram/auth/InstagramAuthService_ESTest.java:[50,5] cannot find symbol
  symbol:   class OAuthConfig
  location: class org.jinstagram.auth.InstagramAuthService_ESTest
[ERROR] /Users/curtis/Github/Thesis/chatTester/Repos/sachin-handiekar_jInstagram/src/test/java/org/jinstagram/auth/InstagramAuthService_ESTest.java:[50,43] cannot find symbol
  symbol:   class OAuthConfig
  location: class org.jinstagram.auth.InstagramAuthService_ESTest
[ERROR] /Users/curtis/Github/Thesis/chatTester/Repos/sachin-handiekar_jInstagram/src/test/java/org/jinstagram/auth/InstagramAuthService_ESTest.java:[52,68] cannot find symbol
  symbol:   class InstagramService
  location: class org.jinstagram.auth.InstagramAuthService_ESTest
[ERROR] /Users/curtis/Github/Thesis/chatTester/Repos/sachin-handiekar_jInstagram/src/test/java/org/jinstagram/auth/InstagramAuthService_ESTest.java:[54,5] cannot find symbol
  symbol:   class InstagramService
  location: class org.jinstagram.auth.InstagramAuthService_ESTest
[INFO] 7 errors 
####################

original test path: /Users/curtis/Github/Thesis/chatTester/Repos/sachin-handiekar_jInstagram/src/test/java/org/jinstagram/auth/InstagramAuthService_ESTest.java
[GENERATED PATH] InstagramAuthService_ESTest#build().java
[ERROR] COMPILATION ERROR : 
[INFO] -------------------------------------------------------------
[ERROR] /Users/curtis/Github/Thesis/chatTester/Repos/sachin-handiekar_jInstagram/src/test/java/org/jinstagram/auth/InstagramAuthService_ESTest.java:[67,59] lambda expressions are not supported in -source 1.6
  (use -source 8 or higher to enable lambda expressions)
[INFO] 1 error
####################

original test path: /Users/curtis/Github/Thesis/chatTester/Repos/sachin-handiekar_jInstagram/src/test/java/org/jinstagram/auth/InstagramAuthService_ESTest.java
[GENERATED PATH] InstagramAuthService_ESTest#build().java
[ERROR] COMPILATION ERROR : 
[INFO] -------------------------------------------------------------
[ERROR] /Users/curtis/Github/Thesis/chatTester/Repos/sachin-handiekar_jInstagram/src/test/java/org/jinstagram/auth/InstagramAuthService_ESTest.java:[12,27] cannot find symbol
  symbol:   class Proxy
  location: package org.jinstagram.auth
[ERROR] /Users/curtis/Github/Thesis/chatTester/Repos/sachin-handiekar_jInstagram/src/test/java/org/jinstagram/auth/InstagramAuthService_ESTest.java:[13,30] package org.jinstagram.service does not exist
[ERROR] /Users/curtis/Github/Thesis/chatTester/Repos/sachin-handiekar_jInstagram/src/test/java/org/jinstagram/auth/InstagramAuthService_ESTest.java:[15,27] cannot find symbol
  symbol:   class OAuthConfig
  location: package org.jinstagram.auth
[ERROR] /Users/curtis/Github/Thesis/chatTester/Repos/sachin-handiekar_jInstagram/src/test/java/org/jinstagram/auth/InstagramAuthService_ESTest.java:[56,88] cannot find symbol
  symbol:   class InstagramService
  location: class org.jinstagram.auth.InstagramAuthService_ESTest
[ERROR] /Users/curtis/Github/Thesis/chatTester/Repos/sachin-handiekar_jInstagram/src/test/java/org/jinstagram/auth/InstagramAuthService_ESTest.java:[56,52] cannot find symbol
  symbol:   class OAuthConfig
  location: class org.jinstagram.auth.InstagramAuthService_ESTest
[ERROR] /Users/curtis/Github/Thesis/chatTester/Repos/sachin-handiekar_jInstagram/src/test/java/org/jinstagram/auth/InstagramAuthService_ESTest.java:[59,5] cannot find symbol
  symbol:   class InstagramService
  location: class org.jinstagram.auth.InstagramAuthService_ESTest
[ERROR] /Users/curtis/Github/Thesis/chatTester/Repos/sachin-handiekar_jInstagram/src/test/java/org/jinstagram/auth/InstagramAuthService_ESTest.java:[63,73] cannot find symbol
  symbol:   class OAuthConfig
  location: class org.jinstagram.auth.InstagramAuthService_ESTest
[ERROR] /Users/curtis/Github/Thesis/chatTester/Repos/sachin-handiekar_jInstagram/src/test/java/org/jinstagram/auth/InstagramAuthService_ESTest.java:[64,48] cannot find symbol
  symbol:   method setRequestProxy(java.net.Proxy)
  location: class java.net.Proxy
[INFO] 8 errors 
####################

