original test path: /Users/curtis/Github/Thesis/chatTester/Repos/sachin-handiekar_jInstagram/src/test/java/org/jinstagram/http/Response_ESTest.java
[GENERATED PATH] Response_ESTest#getURL().java
[ERROR] COMPILATION ERROR : 
[INFO] -------------------------------------------------------------
[ERROR] /Users/curtis/Github/Thesis/chatTester/Repos/sachin-handiekar_jInstagram/src/test/java/org/jinstagram/http/Response_ESTest.java:[37,50] unreported exception java.net.MalformedURLException; must be caught or declared to be thrown
[ERROR] /Users/curtis/Github/Thesis/chatTester/Repos/sachin-handiekar_jInstagram/src/test/java/org/jinstagram/http/Response_ESTest.java:[40,29] unreported exception java.io.IOException; must be caught or declared to be thrown
[ERROR] /Users/curtis/Github/Thesis/chatTester/Repos/sachin-handiekar_jInstagram/src/test/java/org/jinstagram/InstagramConfig_ESTest.java:[22,34] cannot find symbol
  symbol:   variable Constants
  location: class org.jinstagram.InstagramConfig_ESTest
[INFO] 3 errors 
####################

original test path: /Users/curtis/Github/Thesis/chatTester/Repos/sachin-handiekar_jInstagram/src/test/java/org/jinstagram/http/Response_ESTest.java
[GENERATED PATH] Response_ESTest#getURL().java
[ERROR] COMPILATION ERROR : 
[INFO] -------------------------------------------------------------
[ERROR] /Users/curtis/Github/Thesis/chatTester/Repos/sachin-handiekar_jInstagram/src/test/java/org/jinstagram/http/Response_ESTest.java:[32,37] cannot find symbol
  symbol:   class MalformedURLException
  location: class org.jinstagram.http.Response_ESTest
[INFO] 1 error
####################

original test path: /Users/curtis/Github/Thesis/chatTester/Repos/sachin-handiekar_jInstagram/src/test/java/org/jinstagram/http/Response_ESTest.java
[GENERATED PATH] Response_ESTest#getURL().java
[ERROR] COMPILATION ERROR : 
[INFO] -------------------------------------------------------------
[ERROR] /Users/curtis/Github/Thesis/chatTester/Repos/sachin-handiekar_jInstagram/src/test/java/org/jinstagram/http/Response_ESTest.java:[38,42] incompatible types: java.lang.String cannot be converted to java.net.HttpURLConnection
[INFO] 1 error
####################

original test path: /Users/curtis/Github/Thesis/chatTester/Repos/sachin-handiekar_jInstagram/src/test/java/org/jinstagram/http/Response_ESTest.java
[GENERATED PATH] Response_ESTest#getURL().java
[ERROR] COMPILATION ERROR : 
[INFO] -------------------------------------------------------------
[ERROR] /Users/curtis/Github/Thesis/chatTester/Repos/sachin-handiekar_jInstagram/src/test/java/org/jinstagram/http/Response_ESTest.java:[37,42] incompatible types: java.lang.String cannot be converted to java.net.HttpURLConnection
[INFO] 1 error
####################

original test path: /Users/curtis/Github/Thesis/chatTester/Repos/sachin-handiekar_jInstagram/src/test/java/org/jinstagram/http/Response_ESTest.java
[GENERATED PATH] Response_ESTest#getURL().java
[ERROR] COMPILATION ERROR : 
[INFO] -------------------------------------------------------------
[ERROR] /Users/curtis/Github/Thesis/chatTester/Repos/sachin-handiekar_jInstagram/src/test/java/org/jinstagram/http/Response_ESTest.java:[43,29] unreported exception java.io.IOException; must be caught or declared to be thrown
[INFO] 1 error
####################

original test path: /Users/curtis/Github/Thesis/chatTester/Repos/sachin-handiekar_jInstagram/src/test/java/org/jinstagram/http/Response_ESTest.java
[GENERATED PATH] Response_ESTest#getURL().java
[ERROR] COMPILATION ERROR : 
[INFO] -------------------------------------------------------------
[ERROR] /Users/curtis/Github/Thesis/chatTester/Repos/sachin-handiekar_jInstagram/src/test/java/org/jinstagram/http/Response_ESTest.java:[41,18] cannot find symbol
  symbol:   class IOException
  location: class org.jinstagram.http.Response_ESTest
[INFO] 1 error
####################

