original test path: /Users/curtis/Github/Thesis/chatTester/Repos/sachin-handiekar_jInstagram/src/test/java/org/jinstagram/realtime/SubscriptionUtil_ESTest.java
[GENERATED PATH] SubscriptionUtil_ESTest#getCalculatedSignature().java
[ERROR] COMPILATION ERROR : 
[INFO] -------------------------------------------------------------
[ERROR] /Users/curtis/Github/Thesis/chatTester/Repos/sachin-handiekar_jInstagram/src/test/java/org/jinstagram/InstagramObject_ESTest.java:[45,55] diamond operator is not supported in -source 1.6
  (use -source 7 or higher to enable diamond operator)
[INFO] 1 error
####################

original test path: /Users/curtis/Github/Thesis/chatTester/Repos/sachin-handiekar_jInstagram/src/test/java/org/jinstagram/realtime/SubscriptionUtil_ESTest.java
[GENERATED PATH] SubscriptionUtil_ESTest#getCalculatedSignature().java
[ERROR] COMPILATION ERROR : 
[INFO] -------------------------------------------------------------
[ERROR] /Users/curtis/Github/Thesis/chatTester/Repos/sachin-handiekar_jInstagram/src/test/java/org/jinstagram/realtime/SubscriptionUtil_ESTest.java:[26,5] cannot find symbol
  symbol:   class VerificationResult
  location: class org.jinstagram.realtime.SubscriptionUtil_ESTest
[ERROR] /Users/curtis/Github/Thesis/chatTester/Repos/sachin-handiekar_jInstagram/src/test/java/org/jinstagram/realtime/SubscriptionUtil_ESTest.java:[26,49] cannot find symbol
  symbol:   class VerificationResult
  location: class org.jinstagram.realtime.SubscriptionUtil_ESTest
[INFO] 2 errors 
####################

original test path: /Users/curtis/Github/Thesis/chatTester/Repos/sachin-handiekar_jInstagram/src/test/java/org/jinstagram/realtime/SubscriptionUtil_ESTest.java
[GENERATED PATH] SubscriptionUtil_ESTest#getCalculatedSignature().java
[ERROR] COMPILATION ERROR : 
[INFO] -------------------------------------------------------------
[ERROR] /Users/curtis/Github/Thesis/chatTester/Repos/sachin-handiekar_jInstagram/src/test/java/org/jinstagram/realtime/SubscriptionUtil_ESTest.java:[7,13] <identifier> expected
[ERROR] /Users/curtis/Github/Thesis/chatTester/Repos/sachin-handiekar_jInstagram/src/test/java/org/jinstagram/realtime/SubscriptionUtil_ESTest.java:[7,20] class, interface, or enum expected
[ERROR] /Users/curtis/Github/Thesis/chatTester/Repos/sachin-handiekar_jInstagram/src/test/java/org/jinstagram/realtime/SubscriptionUtil_ESTest.java:[7,21] class, interface, or enum expected
[INFO] 3 errors 
####################

original test path: /Users/curtis/Github/Thesis/chatTester/Repos/sachin-handiekar_jInstagram/src/test/java/org/jinstagram/realtime/SubscriptionUtil_ESTest.java
[GENERATED PATH] SubscriptionUtil_ESTest#getCalculatedSignature().java
[ERROR] COMPILATION ERROR : 
[INFO] -------------------------------------------------------------
[ERROR] /Users/curtis/Github/Thesis/chatTester/Repos/sachin-handiekar_jInstagram/src/test/java/org/jinstagram/realtime/SubscriptionUtil_ESTest.java:[8,13] <identifier> expected
[ERROR] /Users/curtis/Github/Thesis/chatTester/Repos/sachin-handiekar_jInstagram/src/test/java/org/jinstagram/realtime/SubscriptionUtil_ESTest.java:[8,20] class, interface, or enum expected
[ERROR] /Users/curtis/Github/Thesis/chatTester/Repos/sachin-handiekar_jInstagram/src/test/java/org/jinstagram/realtime/SubscriptionUtil_ESTest.java:[8,21] class, interface, or enum expected
[INFO] 3 errors 
####################

original test path: /Users/curtis/Github/Thesis/chatTester/Repos/sachin-handiekar_jInstagram/src/test/java/org/jinstagram/realtime/SubscriptionUtil_ESTest.java
[GENERATED PATH] SubscriptionUtil_ESTest#getCalculatedSignature().java
[ERROR] COMPILATION ERROR : 
[INFO] -------------------------------------------------------------
[ERROR] /Users/curtis/Github/Thesis/chatTester/Repos/sachin-handiekar_jInstagram/src/test/java/org/jinstagram/realtime/SubscriptionUtil_ESTest.java:[9,13] <identifier> expected
[ERROR] /Users/curtis/Github/Thesis/chatTester/Repos/sachin-handiekar_jInstagram/src/test/java/org/jinstagram/realtime/SubscriptionUtil_ESTest.java:[9,20] class, interface, or enum expected
[ERROR] /Users/curtis/Github/Thesis/chatTester/Repos/sachin-handiekar_jInstagram/src/test/java/org/jinstagram/realtime/SubscriptionUtil_ESTest.java:[9,21] class, interface, or enum expected
[INFO] 3 errors 
####################

