original test path: /Users/curtis/Github/Thesis/chatTester/Repos/tabulapdf_tabula-java/src/test/java/technology/tabula/extractors/SpreadsheetExtractionAlgorithm_ESTest.java
[GENERATED PATH] SpreadsheetExtractionAlgorithm_ESTest#toString().java
[ERROR] COMPILATION ERROR : 
[INFO] -------------------------------------------------------------
[ERROR] /Users/curtis/Github/Thesis/chatTester/Repos/tabulapdf_tabula-java/src/test/java/technology/tabula/extractors/SpreadsheetExtractionAlgorithm_ESTest.java:[31,9] cannot find symbol
  symbol:   class PolygonVertex
  location: class technology.tabula.extractors.SpreadsheetExtractionAlgorithm_ESTest
[ERROR] /Users/curtis/Github/Thesis/chatTester/Repos/tabulapdf_tabula-java/src/test/java/technology/tabula/extractors/SpreadsheetExtractionAlgorithm_ESTest.java:[31,36] cannot find symbol
  symbol:   class PolygonVertex
  location: class technology.tabula.extractors.SpreadsheetExtractionAlgorithm_ESTest
[ERROR] /Users/curtis/Github/Thesis/chatTester/Repos/tabulapdf_tabula-java/src/test/java/technology/tabula/extractors/SpreadsheetExtractionAlgorithm_ESTest.java:[31,54] cannot find symbol
  symbol:   class Point
  location: class technology.tabula.extractors.SpreadsheetExtractionAlgorithm_ESTest
[ERROR] /Users/curtis/Github/Thesis/chatTester/Repos/tabulapdf_tabula-java/src/test/java/technology/tabula/extractors/SpreadsheetExtractionAlgorithm_ESTest.java:[31,71] cannot find symbol
  symbol:   class Direction
  location: class technology.tabula.extractors.SpreadsheetExtractionAlgorithm_ESTest
[INFO] 4 errors 
####################

original test path: /Users/curtis/Github/Thesis/chatTester/Repos/tabulapdf_tabula-java/src/test/java/technology/tabula/extractors/SpreadsheetExtractionAlgorithm_ESTest.java
[GENERATED PATH] SpreadsheetExtractionAlgorithm_ESTest#toString().java
[ERROR] COMPILATION ERROR : 
[INFO] -------------------------------------------------------------
[ERROR] /Users/curtis/Github/Thesis/chatTester/Repos/tabulapdf_tabula-java/src/test/java/technology/tabula/extractors/SpreadsheetExtractionAlgorithm_ESTest.java:[7,13] <identifier> expected
[ERROR] /Users/curtis/Github/Thesis/chatTester/Repos/tabulapdf_tabula-java/src/test/java/technology/tabula/extractors/SpreadsheetExtractionAlgorithm_ESTest.java:[7,20] class, interface, or enum expected
[ERROR] /Users/curtis/Github/Thesis/chatTester/Repos/tabulapdf_tabula-java/src/test/java/technology/tabula/extractors/SpreadsheetExtractionAlgorithm_ESTest.java:[7,21] class, interface, or enum expected
[INFO] 3 errors 
####################

original test path: /Users/curtis/Github/Thesis/chatTester/Repos/tabulapdf_tabula-java/src/test/java/technology/tabula/extractors/SpreadsheetExtractionAlgorithm_ESTest.java
[GENERATED PATH] SpreadsheetExtractionAlgorithm_ESTest#toString().java
[ERROR] COMPILATION ERROR : 
[INFO] -------------------------------------------------------------
[ERROR] /Users/curtis/Github/Thesis/chatTester/Repos/tabulapdf_tabula-java/src/test/java/technology/tabula/extractors/SpreadsheetExtractionAlgorithm_ESTest.java:[32,5] cannot find symbol
  symbol:   class Point2D
  location: class technology.tabula.extractors.SpreadsheetExtractionAlgorithm_ESTest
[ERROR] /Users/curtis/Github/Thesis/chatTester/Repos/tabulapdf_tabula-java/src/test/java/technology/tabula/extractors/SpreadsheetExtractionAlgorithm_ESTest.java:[32,25] cannot find symbol
  symbol:   class Point2D
  location: class technology.tabula.extractors.SpreadsheetExtractionAlgorithm_ESTest
[ERROR] /Users/curtis/Github/Thesis/chatTester/Repos/tabulapdf_tabula-java/src/test/java/technology/tabula/extractors/SpreadsheetExtractionAlgorithm_ESTest.java:[33,5] cannot find symbol
  symbol:   class Direction
  location: class technology.tabula.extractors.SpreadsheetExtractionAlgorithm_ESTest
[ERROR] /Users/curtis/Github/Thesis/chatTester/Repos/tabulapdf_tabula-java/src/test/java/technology/tabula/extractors/SpreadsheetExtractionAlgorithm_ESTest.java:[33,27] cannot find symbol
  symbol:   variable Direction
  location: class technology.tabula.extractors.SpreadsheetExtractionAlgorithm_ESTest
[ERROR] /Users/curtis/Github/Thesis/chatTester/Repos/tabulapdf_tabula-java/src/test/java/technology/tabula/extractors/SpreadsheetExtractionAlgorithm_ESTest.java:[34,5] cannot find symbol
  symbol:   class PolygonVertex
  location: class technology.tabula.extractors.SpreadsheetExtractionAlgorithm_ESTest
[ERROR] /Users/curtis/Github/Thesis/chatTester/Repos/tabulapdf_tabula-java/src/test/java/technology/tabula/extractors/SpreadsheetExtractionAlgorithm_ESTest.java:[34,39] cannot find symbol
  symbol:   class PolygonVertex
  location: class technology.tabula.extractors.SpreadsheetExtractionAlgorithm_ESTest
[INFO] 6 errors 
####################

original test path: /Users/curtis/Github/Thesis/chatTester/Repos/tabulapdf_tabula-java/src/test/java/technology/tabula/extractors/SpreadsheetExtractionAlgorithm_ESTest.java
[GENERATED PATH] SpreadsheetExtractionAlgorithm_ESTest#toString().java
[ERROR] COMPILATION ERROR : 
[INFO] -------------------------------------------------------------
[ERROR] /Users/curtis/Github/Thesis/chatTester/Repos/tabulapdf_tabula-java/src/test/java/technology/tabula/extractors/SpreadsheetExtractionAlgorithm_ESTest.java:[31,9] cannot find symbol
  symbol:   class Point2D
  location: class technology.tabula.extractors.SpreadsheetExtractionAlgorithm_ESTest
[ERROR] /Users/curtis/Github/Thesis/chatTester/Repos/tabulapdf_tabula-java/src/test/java/technology/tabula/extractors/SpreadsheetExtractionAlgorithm_ESTest.java:[31,36] package Point2D does not exist
[ERROR] /Users/curtis/Github/Thesis/chatTester/Repos/tabulapdf_tabula-java/src/test/java/technology/tabula/extractors/SpreadsheetExtractionAlgorithm_ESTest.java:[32,9] cannot find symbol
  symbol:   class Direction
  location: class technology.tabula.extractors.SpreadsheetExtractionAlgorithm_ESTest
[ERROR] /Users/curtis/Github/Thesis/chatTester/Repos/tabulapdf_tabula-java/src/test/java/technology/tabula/extractors/SpreadsheetExtractionAlgorithm_ESTest.java:[32,31] cannot find symbol
  symbol:   variable Direction
  location: class technology.tabula.extractors.SpreadsheetExtractionAlgorithm_ESTest
[ERROR] /Users/curtis/Github/Thesis/chatTester/Repos/tabulapdf_tabula-java/src/test/java/technology/tabula/extractors/SpreadsheetExtractionAlgorithm_ESTest.java:[33,9] cannot find symbol
  symbol:   class PolygonVertex
  location: class technology.tabula.extractors.SpreadsheetExtractionAlgorithm_ESTest
[ERROR] /Users/curtis/Github/Thesis/chatTester/Repos/tabulapdf_tabula-java/src/test/java/technology/tabula/extractors/SpreadsheetExtractionAlgorithm_ESTest.java:[33,36] cannot find symbol
  symbol:   class PolygonVertex
  location: class technology.tabula.extractors.SpreadsheetExtractionAlgorithm_ESTest
[INFO] 6 errors 
####################

original test path: /Users/curtis/Github/Thesis/chatTester/Repos/tabulapdf_tabula-java/src/test/java/technology/tabula/extractors/SpreadsheetExtractionAlgorithm_ESTest.java
[GENERATED PATH] SpreadsheetExtractionAlgorithm_ESTest#toString().java
[ERROR] COMPILATION ERROR : 
[INFO] -------------------------------------------------------------
[ERROR] /Users/curtis/Github/Thesis/chatTester/Repos/tabulapdf_tabula-java/src/test/java/technology/tabula/extractors/SpreadsheetExtractionAlgorithm_ESTest.java:[34,5] cannot find symbol
  symbol:   class Point2D
  location: class technology.tabula.extractors.SpreadsheetExtractionAlgorithm_ESTest
[ERROR] /Users/curtis/Github/Thesis/chatTester/Repos/tabulapdf_tabula-java/src/test/java/technology/tabula/extractors/SpreadsheetExtractionAlgorithm_ESTest.java:[34,25] cannot find symbol
  symbol:   class Point2D
  location: class technology.tabula.extractors.SpreadsheetExtractionAlgorithm_ESTest
[ERROR] /Users/curtis/Github/Thesis/chatTester/Repos/tabulapdf_tabula-java/src/test/java/technology/tabula/extractors/SpreadsheetExtractionAlgorithm_ESTest.java:[35,5] cannot find symbol
  symbol:   class Direction
  location: class technology.tabula.extractors.SpreadsheetExtractionAlgorithm_ESTest
[ERROR] /Users/curtis/Github/Thesis/chatTester/Repos/tabulapdf_tabula-java/src/test/java/technology/tabula/extractors/SpreadsheetExtractionAlgorithm_ESTest.java:[35,27] cannot find symbol
  symbol:   variable Direction
  location: class technology.tabula.extractors.SpreadsheetExtractionAlgorithm_ESTest
[ERROR] /Users/curtis/Github/Thesis/chatTester/Repos/tabulapdf_tabula-java/src/test/java/technology/tabula/extractors/SpreadsheetExtractionAlgorithm_ESTest.java:[36,5] cannot find symbol
  symbol:   class PolygonVertex
  location: class technology.tabula.extractors.SpreadsheetExtractionAlgorithm_ESTest
[ERROR] /Users/curtis/Github/Thesis/chatTester/Repos/tabulapdf_tabula-java/src/test/java/technology/tabula/extractors/SpreadsheetExtractionAlgorithm_ESTest.java:[36,32] cannot find symbol
  symbol:   class PolygonVertex
  location: class technology.tabula.extractors.SpreadsheetExtractionAlgorithm_ESTest
[INFO] 6 errors 
####################

