original test path: /Users/curtis/Github/Thesis/chatTester/Repos/sachin-handiekar_jInstagram/src/test/java/org/jinstagram/entity/likes/LikesFeed_ESTest.java
[GENERATED PATH] LikesFeed_ESTest#toString().java
[ERROR] COMPILATION ERROR : 
[INFO] -------------------------------------------------------------
[ERROR] /Users/curtis/Github/Thesis/chatTester/Repos/sachin-handiekar_jInstagram/src/test/java/org/jinstagram/entity/likes/LikesFeed_ESTest.java:[33,31] cannot find symbol
  symbol:   method of(org.jinstagram.entity.common.User,org.jinstagram.entity.common.User)
  location: interface java.util.List
[INFO] 1 error
####################

original test path: /Users/curtis/Github/Thesis/chatTester/Repos/sachin-handiekar_jInstagram/src/test/java/org/jinstagram/entity/likes/LikesFeed_ESTest.java
[GENERATED PATH] LikesFeed_ESTest#toString().java
[ERROR] COMPILATION ERROR : 
[INFO] -------------------------------------------------------------
[ERROR] /Users/curtis/Github/Thesis/chatTester/Repos/sachin-handiekar_jInstagram/src/test/java/org/jinstagram/entity/likes/LikesFeed_ESTest.java:[38,9] cannot find symbol
  symbol:   variable Assert
  location: class org.jinstagram.entity.likes.LikesFeed_ESTest
[INFO] 1 error
####################

original test path: /Users/curtis/Github/Thesis/chatTester/Repos/sachin-handiekar_jInstagram/src/test/java/org/jinstagram/entity/likes/LikesFeed_ESTest.java
[GENERATED PATH] LikesFeed_ESTest#toString().java
[ERROR] COMPILATION ERROR : 
[INFO] -------------------------------------------------------------
[ERROR] /Users/curtis/Github/Thesis/chatTester/Repos/sachin-handiekar_jInstagram/src/test/java/org/jinstagram/entity/likes/LikesFeed_ESTest.java:[8,35] cannot find symbol
  symbol:   class Meta
  location: package org.jinstagram.entity.likes
[ERROR] /Users/curtis/Github/Thesis/chatTester/Repos/sachin-handiekar_jInstagram/src/test/java/org/jinstagram/entity/likes/LikesFeed_ESTest.java:[9,35] package org.jinstagram.entity.users does not exist
[ERROR] /Users/curtis/Github/Thesis/chatTester/Repos/sachin-handiekar_jInstagram/src/test/java/org/jinstagram/entity/likes/LikesFeed_ESTest.java:[40,9] cannot find symbol
  symbol:   variable Assert
  location: class org.jinstagram.entity.likes.LikesFeed_ESTest
[INFO] 3 errors 
####################

original test path: /Users/curtis/Github/Thesis/chatTester/Repos/sachin-handiekar_jInstagram/src/test/java/org/jinstagram/entity/likes/LikesFeed_ESTest.java
[GENERATED PATH] LikesFeed_ESTest#toString().java
[ERROR] COMPILATION ERROR : 
[INFO] -------------------------------------------------------------
[ERROR] /Users/curtis/Github/Thesis/chatTester/Repos/sachin-handiekar_jInstagram/src/test/java/org/jinstagram/entity/likes/LikesFeed_ESTest.java:[53,45] diamond operator is not supported in -source 1.6
  (use -source 7 or higher to enable diamond operator)
[INFO] 1 error
####################

original test path: /Users/curtis/Github/Thesis/chatTester/Repos/sachin-handiekar_jInstagram/src/test/java/org/jinstagram/entity/likes/LikesFeed_ESTest.java
[GENERATED PATH] LikesFeed_ESTest#toString().java
[ERROR] COMPILATION ERROR : 
[INFO] -------------------------------------------------------------
[ERROR] /Users/curtis/Github/Thesis/chatTester/Repos/sachin-handiekar_jInstagram/src/test/java/org/jinstagram/entity/likes/LikesFeed_ESTest.java:[10,35] cannot find symbol
  symbol:   class Meta
  location: package org.jinstagram.entity.likes
[ERROR] /Users/curtis/Github/Thesis/chatTester/Repos/sachin-handiekar_jInstagram/src/test/java/org/jinstagram/entity/likes/LikesFeed_ESTest.java:[11,35] package org.jinstagram.entity.users does not exist
[ERROR] /Users/curtis/Github/Thesis/chatTester/Repos/sachin-handiekar_jInstagram/src/test/java/org/jinstagram/entity/likes/LikesFeed_ESTest.java:[35,13] cannot find symbol
  symbol: variable meta
[INFO] 3 errors 
####################

original test path: /Users/curtis/Github/Thesis/chatTester/Repos/sachin-handiekar_jInstagram/src/test/java/org/jinstagram/entity/likes/LikesFeed_ESTest.java
[GENERATED PATH] LikesFeed_ESTest#toString().java
[ERROR] COMPILATION ERROR : 
[INFO] -------------------------------------------------------------
[ERROR] /Users/curtis/Github/Thesis/chatTester/Repos/sachin-handiekar_jInstagram/src/test/java/org/jinstagram/entity/likes/LikesFeed_ESTest.java:[11,35] cannot find symbol
  symbol:   class Meta
  location: package org.jinstagram.entity.likes
[ERROR] /Users/curtis/Github/Thesis/chatTester/Repos/sachin-handiekar_jInstagram/src/test/java/org/jinstagram/entity/likes/LikesFeed_ESTest.java:[12,35] package org.jinstagram.entity.users does not exist
[ERROR] /Users/curtis/Github/Thesis/chatTester/Repos/sachin-handiekar_jInstagram/src/test/java/org/jinstagram/entity/likes/LikesFeed_ESTest.java:[36,42] cannot find symbol
  symbol: variable meta
[INFO] 3 errors 
####################

