original test path: /Users/curtis/Github/Thesis/chatTester/Repos/sachin-handiekar_jInstagram/src/test/java/org/jinstagram/entity/common/Likes_ESTest.java
[GENERATED PATH] Likes_ESTest#toString().java
[ERROR] COMPILATION ERROR : 
[INFO] -------------------------------------------------------------
[ERROR] /Users/curtis/Github/Thesis/chatTester/Repos/sachin-handiekar_jInstagram/src/test/java/org/jinstagram/entity/common/Likes_ESTest.java:[27,10] cannot find symbol
  symbol:   method setUsername(java.lang.String)
  location: variable user1 of type org.jinstagram.entity.common.User
[ERROR] /Users/curtis/Github/Thesis/chatTester/Repos/sachin-handiekar_jInstagram/src/test/java/org/jinstagram/entity/common/Likes_ESTest.java:[29,10] cannot find symbol
  symbol:   method setUsername(java.lang.String)
  location: variable user2 of type org.jinstagram.entity.common.User
[ERROR] /Users/curtis/Github/Thesis/chatTester/Repos/sachin-handiekar_jInstagram/src/test/java/org/jinstagram/entity/common/Likes_ESTest.java:[31,31] cannot find symbol
  symbol:   method of(org.jinstagram.entity.common.User,org.jinstagram.entity.common.User)
  location: interface java.util.List
[INFO] 3 errors 
####################

original test path: /Users/curtis/Github/Thesis/chatTester/Repos/sachin-handiekar_jInstagram/src/test/java/org/jinstagram/entity/common/Likes_ESTest.java
[GENERATED PATH] Likes_ESTest#toString().java
[ERROR] COMPILATION ERROR : 
[INFO] -------------------------------------------------------------
[ERROR] /Users/curtis/Github/Thesis/chatTester/Repos/sachin-handiekar_jInstagram/src/test/java/org/jinstagram/entity/common/Likes_ESTest.java:[34,35] cannot find symbol
  symbol:   method of(org.jinstagram.entity.common.User,org.jinstagram.entity.common.User)
  location: interface java.util.List
[INFO] 1 error
####################

original test path: /Users/curtis/Github/Thesis/chatTester/Repos/sachin-handiekar_jInstagram/src/test/java/org/jinstagram/entity/common/Likes_ESTest.java
[GENERATED PATH] Likes_ESTest#toString().java
[ERROR] COMPILATION ERROR : 
[INFO] -------------------------------------------------------------
[ERROR] /Users/curtis/Github/Thesis/chatTester/Repos/sachin-handiekar_jInstagram/src/test/java/org/jinstagram/entity/common/Likes_ESTest.java:[35,45] diamond operator is not supported in -source 1.6
  (use -source 7 or higher to enable diamond operator)
[INFO] 1 error
####################

original test path: /Users/curtis/Github/Thesis/chatTester/Repos/sachin-handiekar_jInstagram/src/test/java/org/jinstagram/entity/common/Likes_ESTest.java
[GENERATED PATH] Likes_ESTest#toString().java
[ERROR] COMPILATION ERROR : 
[INFO] -------------------------------------------------------------
[ERROR] /Users/curtis/Github/Thesis/chatTester/Repos/sachin-handiekar_jInstagram/src/test/java/org/jinstagram/entity/common/Likes_ESTest.java:[81,45] diamond operator is not supported in -source 1.6
  (use -source 7 or higher to enable diamond operator)
[INFO] 1 error
####################

original test path: /Users/curtis/Github/Thesis/chatTester/Repos/sachin-handiekar_jInstagram/src/test/java/org/jinstagram/entity/common/Likes_ESTest.java
[GENERATED PATH] Likes_ESTest#toString().java
[ERROR] COMPILATION ERROR : 
[INFO] -------------------------------------------------------------
[ERROR] /Users/curtis/Github/Thesis/chatTester/Repos/sachin-handiekar_jInstagram/src/test/java/org/jinstagram/entity/common/Likes_ESTest.java:[74,35] multi-catch statement is not supported in -source 1.6
  (use -source 7 or higher to enable multi-catch statement)
[INFO] 1 error
####################

