original test path: /Users/curtis/Github/Thesis/chatTester/Repos/sachin-handiekar_jInstagram/src/test/java/org/jinstagram/entity/tags/TagMediaFeed_ESTest.java
[GENERATED PATH] TagMediaFeed_ESTest#setData(List<MediaFeedData> data).java
[ERROR] COMPILATION ERROR : 
[INFO] -------------------------------------------------------------
[ERROR] /Users/curtis/Github/Thesis/chatTester/Repos/sachin-handiekar_jInstagram/src/test/java/org/jinstagram/entity/tags/TagMediaFeed_ESTest.java:[28,60] diamond operator is not supported in -source 1.6
  (use -source 7 or higher to enable diamond operator)
[INFO] 1 error
####################

original test path: /Users/curtis/Github/Thesis/chatTester/Repos/sachin-handiekar_jInstagram/src/test/java/org/jinstagram/entity/tags/TagMediaFeed_ESTest.java
[GENERATED PATH] TagMediaFeed_ESTest#setData(List<MediaFeedData> data).java
[ERROR] COMPILATION ERROR : 
[INFO] -------------------------------------------------------------
[ERROR] /Users/curtis/Github/Thesis/chatTester/Repos/sachin-handiekar_jInstagram/src/test/java/org/jinstagram/entity/tags/TagMediaFeed_ESTest.java:[36,9] cannot find symbol
  symbol:   variable Assert
  location: class org.jinstagram.entity.tags.TagMediaFeed_ESTest
[ERROR] /Users/curtis/Github/Thesis/chatTester/Repos/sachin-handiekar_jInstagram/src/test/java/org/jinstagram/entity/tags/TagMediaFeed_ESTest.java:[37,9] cannot find symbol
  symbol:   variable Assert
  location: class org.jinstagram.entity.tags.TagMediaFeed_ESTest
[ERROR] /Users/curtis/Github/Thesis/chatTester/Repos/sachin-handiekar_jInstagram/src/test/java/org/jinstagram/entity/tags/TagMediaFeed_ESTest.java:[38,9] cannot find symbol
  symbol:   variable Assert
  location: class org.jinstagram.entity.tags.TagMediaFeed_ESTest
[INFO] 3 errors 
####################

