original test path: /Users/curtis/Github/Thesis/chatTester/Repos/tabulapdf_tabula-java/src/test/java/technology/tabula/Ruling_ESTest.java
[GENERATED PATH] Ruling_ESTest#cropRulingsToArea(List<Ruling> rulings, Rectangle2D area).java
[ERROR] COMPILATION ERROR : 
[INFO] -------------------------------------------------------------
[ERROR] /Users/curtis/Github/Thesis/chatTester/Repos/tabulapdf_tabula-java/src/test/java/technology/tabula/Ruling_ESTest.java:[44,9] cannot find symbol
  symbol:   variable Assert
  location: class technology.tabula.Ruling_ESTest
[ERROR] /Users/curtis/Github/Thesis/chatTester/Repos/tabulapdf_tabula-java/src/test/java/technology/tabula/Ruling_ESTest.java:[45,9] cannot find symbol
  symbol:   variable Assert
  location: class technology.tabula.Ruling_ESTest
[ERROR] /Users/curtis/Github/Thesis/chatTester/Repos/tabulapdf_tabula-java/src/test/java/technology/tabula/Ruling_ESTest.java:[46,9] cannot find symbol
  symbol:   variable Assert
  location: class technology.tabula.Ruling_ESTest
[ERROR] /Users/curtis/Github/Thesis/chatTester/Repos/tabulapdf_tabula-java/src/test/java/technology/tabula/Ruling_ESTest.java:[47,9] cannot find symbol
  symbol:   variable Assert
  location: class technology.tabula.Ruling_ESTest
[INFO] 4 errors 
####################

original test path: /Users/curtis/Github/Thesis/chatTester/Repos/tabulapdf_tabula-java/src/test/java/technology/tabula/Ruling_ESTest.java
[GENERATED PATH] Ruling_ESTest#cropRulingsToArea(List<Ruling> rulings, Rectangle2D area).java
[ERROR] COMPILATION ERROR : 
[INFO] -------------------------------------------------------------
[ERROR] /Users/curtis/Github/Thesis/chatTester/Repos/tabulapdf_tabula-java/src/test/java/technology/tabula/Ruling_ESTest.java:[47,5] cannot find symbol
  symbol:   variable Assert
  location: class technology.tabula.Ruling_ESTest
[ERROR] /Users/curtis/Github/Thesis/chatTester/Repos/tabulapdf_tabula-java/src/test/java/technology/tabula/Ruling_ESTest.java:[48,5] cannot find symbol
  symbol:   variable Assert
  location: class technology.tabula.Ruling_ESTest
[ERROR] /Users/curtis/Github/Thesis/chatTester/Repos/tabulapdf_tabula-java/src/test/java/technology/tabula/Ruling_ESTest.java:[49,5] cannot find symbol
  symbol:   variable Assert
  location: class technology.tabula.Ruling_ESTest
[ERROR] /Users/curtis/Github/Thesis/chatTester/Repos/tabulapdf_tabula-java/src/test/java/technology/tabula/Ruling_ESTest.java:[50,5] cannot find symbol
  symbol:   variable Assert
  location: class technology.tabula.Ruling_ESTest
[INFO] 4 errors 
####################

original test path: /Users/curtis/Github/Thesis/chatTester/Repos/tabulapdf_tabula-java/src/test/java/technology/tabula/Ruling_ESTest.java
[GENERATED PATH] Ruling_ESTest#cropRulingsToArea(List<Ruling> rulings, Rectangle2D area).java
[ERROR] COMPILATION ERROR : 
[INFO] -------------------------------------------------------------
[ERROR] /Users/curtis/Github/Thesis/chatTester/Repos/tabulapdf_tabula-java/src/test/java/technology/tabula/Ruling_ESTest.java:[48,5] cannot find symbol
  symbol:   variable Assert
  location: class technology.tabula.Ruling_ESTest
[ERROR] /Users/curtis/Github/Thesis/chatTester/Repos/tabulapdf_tabula-java/src/test/java/technology/tabula/Ruling_ESTest.java:[51,5] cannot find symbol
  symbol:   variable Assert
  location: class technology.tabula.Ruling_ESTest
[ERROR] /Users/curtis/Github/Thesis/chatTester/Repos/tabulapdf_tabula-java/src/test/java/technology/tabula/Ruling_ESTest.java:[52,5] cannot find symbol
  symbol:   variable Assert
  location: class technology.tabula.Ruling_ESTest
[ERROR] /Users/curtis/Github/Thesis/chatTester/Repos/tabulapdf_tabula-java/src/test/java/technology/tabula/Ruling_ESTest.java:[53,5] cannot find symbol
  symbol:   variable Assert
  location: class technology.tabula.Ruling_ESTest
[ERROR] /Users/curtis/Github/Thesis/chatTester/Repos/tabulapdf_tabula-java/src/test/java/technology/tabula/Ruling_ESTest.java:[54,5] cannot find symbol
  symbol:   variable Assert
  location: class technology.tabula.Ruling_ESTest
[INFO] 5 errors 
####################

original test path: /Users/curtis/Github/Thesis/chatTester/Repos/tabulapdf_tabula-java/src/test/java/technology/tabula/Ruling_ESTest.java
[GENERATED PATH] Ruling_ESTest#cropRulingsToArea(List<Ruling> rulings, Rectangle2D area).java
[ERROR] COMPILATION ERROR : 
[INFO] -------------------------------------------------------------
[ERROR] /Users/curtis/Github/Thesis/chatTester/Repos/tabulapdf_tabula-java/src/test/java/technology/tabula/Ruling_ESTest.java:[46,5] cannot find symbol
  symbol:   variable Assert
  location: class technology.tabula.Ruling_ESTest
[ERROR] /Users/curtis/Github/Thesis/chatTester/Repos/tabulapdf_tabula-java/src/test/java/technology/tabula/Ruling_ESTest.java:[47,5] cannot find symbol
  symbol:   variable Assert
  location: class technology.tabula.Ruling_ESTest
[ERROR] /Users/curtis/Github/Thesis/chatTester/Repos/tabulapdf_tabula-java/src/test/java/technology/tabula/Ruling_ESTest.java:[48,5] cannot find symbol
  symbol:   variable Assert
  location: class technology.tabula.Ruling_ESTest
[ERROR] /Users/curtis/Github/Thesis/chatTester/Repos/tabulapdf_tabula-java/src/test/java/technology/tabula/Ruling_ESTest.java:[49,5] cannot find symbol
  symbol:   variable Assert
  location: class technology.tabula.Ruling_ESTest
[INFO] 4 errors 
####################

