original test path: /Users/curtis/Github/Thesis/chatTester/Repos/tabulapdf_tabula-java/src/test/java/technology/tabula/TextChunk_ESTest.java
[GENERATED PATH] TextChunk_ESTest#getText().java
[ERROR] COMPILATION ERROR : 
[INFO] -------------------------------------------------------------
[ERROR] /Users/curtis/Github/Thesis/chatTester/Repos/tabulapdf_tabula-java/src/test/java/technology/tabula/TextChunk_ESTest.java:[32,36] no suitable constructor found for TextElement(int,int,int,int,java.lang.String)
    constructor technology.tabula.TextElement.TextElement(float,float,float,float,org.apache.pdfbox.pdmodel.font.PDFont,float,java.lang.String,float) is not applicable
      (actual and formal argument lists differ in length)
    constructor technology.tabula.TextElement.TextElement(float,float,float,float,org.apache.pdfbox.pdmodel.font.PDFont,float,java.lang.String,float,float) is not applicable
      (actual and formal argument lists differ in length)
[ERROR] /Users/curtis/Github/Thesis/chatTester/Repos/tabulapdf_tabula-java/src/test/java/technology/tabula/TextChunk_ESTest.java:[33,36] no suitable constructor found for TextElement(int,int,int,int,java.lang.String)
    constructor technology.tabula.TextElement.TextElement(float,float,float,float,org.apache.pdfbox.pdmodel.font.PDFont,float,java.lang.String,float) is not applicable
      (actual and formal argument lists differ in length)
    constructor technology.tabula.TextElement.TextElement(float,float,float,float,org.apache.pdfbox.pdmodel.font.PDFont,float,java.lang.String,float,float) is not applicable
      (actual and formal argument lists differ in length)
[INFO] 2 errors 
####################

original test path: /Users/curtis/Github/Thesis/chatTester/Repos/tabulapdf_tabula-java/src/test/java/technology/tabula/TextChunk_ESTest.java
[GENERATED PATH] TextChunk_ESTest#getText().java
[ERROR] COMPILATION ERROR : 
[INFO] -------------------------------------------------------------
[ERROR] /Users/curtis/Github/Thesis/chatTester/Repos/tabulapdf_tabula-java/src/test/java/technology/tabula/TextChunk_ESTest.java:[34,36] no suitable constructor found for TextElement(int,int,int,int,java.lang.String,int)
    constructor technology.tabula.TextElement.TextElement(float,float,float,float,org.apache.pdfbox.pdmodel.font.PDFont,float,java.lang.String,float) is not applicable
      (actual and formal argument lists differ in length)
    constructor technology.tabula.TextElement.TextElement(float,float,float,float,org.apache.pdfbox.pdmodel.font.PDFont,float,java.lang.String,float,float) is not applicable
      (actual and formal argument lists differ in length)
[ERROR] /Users/curtis/Github/Thesis/chatTester/Repos/tabulapdf_tabula-java/src/test/java/technology/tabula/TextChunk_ESTest.java:[35,36] no suitable constructor found for TextElement(int,int,int,int,java.lang.String,int)
    constructor technology.tabula.TextElement.TextElement(float,float,float,float,org.apache.pdfbox.pdmodel.font.PDFont,float,java.lang.String,float) is not applicable
      (actual and formal argument lists differ in length)
    constructor technology.tabula.TextElement.TextElement(float,float,float,float,org.apache.pdfbox.pdmodel.font.PDFont,float,java.lang.String,float,float) is not applicable
      (actual and formal argument lists differ in length)
[INFO] 2 errors 
####################

original test path: /Users/curtis/Github/Thesis/chatTester/Repos/tabulapdf_tabula-java/src/test/java/technology/tabula/TextChunk_ESTest.java
[GENERATED PATH] TextChunk_ESTest#getText().java
[ERROR] COMPILATION ERROR : 
[INFO] -------------------------------------------------------------
[ERROR] /Users/curtis/Github/Thesis/chatTester/Repos/tabulapdf_tabula-java/src/test/java/technology/tabula/TextChunk_ESTest.java:[36,36] no suitable constructor found for TextElement(int,int,int,int,java.lang.String)
    constructor technology.tabula.TextElement.TextElement(float,float,float,float,org.apache.pdfbox.pdmodel.font.PDFont,float,java.lang.String,float) is not applicable
      (actual and formal argument lists differ in length)
    constructor technology.tabula.TextElement.TextElement(float,float,float,float,org.apache.pdfbox.pdmodel.font.PDFont,float,java.lang.String,float,float) is not applicable
      (actual and formal argument lists differ in length)
[ERROR] /Users/curtis/Github/Thesis/chatTester/Repos/tabulapdf_tabula-java/src/test/java/technology/tabula/TextChunk_ESTest.java:[38,36] no suitable constructor found for TextElement(int,int,int,int,java.lang.String)
    constructor technology.tabula.TextElement.TextElement(float,float,float,float,org.apache.pdfbox.pdmodel.font.PDFont,float,java.lang.String,float) is not applicable
      (actual and formal argument lists differ in length)
    constructor technology.tabula.TextElement.TextElement(float,float,float,float,org.apache.pdfbox.pdmodel.font.PDFont,float,java.lang.String,float,float) is not applicable
      (actual and formal argument lists differ in length)
[INFO] 2 errors 
####################

original test path: /Users/curtis/Github/Thesis/chatTester/Repos/tabulapdf_tabula-java/src/test/java/technology/tabula/TextChunk_ESTest.java
[GENERATED PATH] TextChunk_ESTest#getText().java
[ERROR] COMPILATION ERROR : 
[INFO] -------------------------------------------------------------
[ERROR] /Users/curtis/Github/Thesis/chatTester/Repos/tabulapdf_tabula-java/src/test/java/technology/tabula/TextChunk_ESTest.java:[8,26] package org.mockito does not exist
[ERROR] /Users/curtis/Github/Thesis/chatTester/Repos/tabulapdf_tabula-java/src/test/java/technology/tabula/TextChunk_ESTest.java:[8,1] static import only from classes and interfaces
[ERROR] /Users/curtis/Github/Thesis/chatTester/Repos/tabulapdf_tabula-java/src/test/java/technology/tabula/TextChunk_ESTest.java:[9,26] package org.mockito does not exist
[ERROR] /Users/curtis/Github/Thesis/chatTester/Repos/tabulapdf_tabula-java/src/test/java/technology/tabula/TextChunk_ESTest.java:[9,1] static import only from classes and interfaces
[ERROR] /Users/curtis/Github/Thesis/chatTester/Repos/tabulapdf_tabula-java/src/test/java/technology/tabula/TextChunk_ESTest.java:[40,23] cannot find symbol
  symbol:   method mock(java.lang.Class<technology.tabula.TextElement>)
  location: class technology.tabula.TextChunk_ESTest
[ERROR] /Users/curtis/Github/Thesis/chatTester/Repos/tabulapdf_tabula-java/src/test/java/technology/tabula/TextChunk_ESTest.java:[41,5] cannot find symbol
  symbol:   method when(java.lang.String)
  location: class technology.tabula.TextChunk_ESTest
[ERROR] /Users/curtis/Github/Thesis/chatTester/Repos/tabulapdf_tabula-java/src/test/java/technology/tabula/TextChunk_ESTest.java:[43,23] cannot find symbol
  symbol:   method mock(java.lang.Class<technology.tabula.TextElement>)
  location: class technology.tabula.TextChunk_ESTest
[ERROR] /Users/curtis/Github/Thesis/chatTester/Repos/tabulapdf_tabula-java/src/test/java/technology/tabula/TextChunk_ESTest.java:[44,5] cannot find symbol
  symbol:   method when(java.lang.String)
  location: class technology.tabula.TextChunk_ESTest
[INFO] 8 errors 
####################

original test path: /Users/curtis/Github/Thesis/chatTester/Repos/tabulapdf_tabula-java/src/test/java/technology/tabula/TextChunk_ESTest.java
[GENERATED PATH] TextChunk_ESTest#getText().java
[ERROR] COMPILATION ERROR : 
[INFO] -------------------------------------------------------------
[ERROR] /Users/curtis/Github/Thesis/chatTester/Repos/tabulapdf_tabula-java/src/test/java/technology/tabula/TextChunk_ESTest.java:[9,26] package org.mockito does not exist
[ERROR] /Users/curtis/Github/Thesis/chatTester/Repos/tabulapdf_tabula-java/src/test/java/technology/tabula/TextChunk_ESTest.java:[9,1] static import only from classes and interfaces
[ERROR] /Users/curtis/Github/Thesis/chatTester/Repos/tabulapdf_tabula-java/src/test/java/technology/tabula/TextChunk_ESTest.java:[10,26] package org.mockito does not exist
[ERROR] /Users/curtis/Github/Thesis/chatTester/Repos/tabulapdf_tabula-java/src/test/java/technology/tabula/TextChunk_ESTest.java:[10,1] static import only from classes and interfaces
[ERROR] /Users/curtis/Github/Thesis/chatTester/Repos/tabulapdf_tabula-java/src/test/java/technology/tabula/TextChunk_ESTest.java:[43,22] no suitable constructor found for TextElement(java.lang.String)
    constructor technology.tabula.TextElement.TextElement(float,float,float,float,org.apache.pdfbox.pdmodel.font.PDFont,float,java.lang.String,float) is not applicable
      (actual and formal argument lists differ in length)
    constructor technology.tabula.TextElement.TextElement(float,float,float,float,org.apache.pdfbox.pdmodel.font.PDFont,float,java.lang.String,float,float) is not applicable
      (actual and formal argument lists differ in length)
[ERROR] /Users/curtis/Github/Thesis/chatTester/Repos/tabulapdf_tabula-java/src/test/java/technology/tabula/TextChunk_ESTest.java:[44,22] no suitable constructor found for TextElement(java.lang.String)
    constructor technology.tabula.TextElement.TextElement(float,float,float,float,org.apache.pdfbox.pdmodel.font.PDFont,float,java.lang.String,float) is not applicable
      (actual and formal argument lists differ in length)
    constructor technology.tabula.TextElement.TextElement(float,float,float,float,org.apache.pdfbox.pdmodel.font.PDFont,float,java.lang.String,float,float) is not applicable
      (actual and formal argument lists differ in length)
[INFO] 6 errors 
####################

original test path: /Users/curtis/Github/Thesis/chatTester/Repos/tabulapdf_tabula-java/src/test/java/technology/tabula/TextChunk_ESTest.java
[GENERATED PATH] TextChunk_ESTest#getText().java
[ERROR] COMPILATION ERROR : 
[INFO] -------------------------------------------------------------
[ERROR] /Users/curtis/Github/Thesis/chatTester/Repos/tabulapdf_tabula-java/src/test/java/technology/tabula/TextChunk_ESTest.java:[10,26] package org.mockito does not exist
[ERROR] /Users/curtis/Github/Thesis/chatTester/Repos/tabulapdf_tabula-java/src/test/java/technology/tabula/TextChunk_ESTest.java:[10,1] static import only from classes and interfaces
[ERROR] /Users/curtis/Github/Thesis/chatTester/Repos/tabulapdf_tabula-java/src/test/java/technology/tabula/TextChunk_ESTest.java:[11,26] package org.mockito does not exist
[ERROR] /Users/curtis/Github/Thesis/chatTester/Repos/tabulapdf_tabula-java/src/test/java/technology/tabula/TextChunk_ESTest.java:[11,1] static import only from classes and interfaces
[INFO] 4 errors 
####################

original test path: /Users/curtis/Github/Thesis/chatTester/Repos/tabulapdf_tabula-java/src/test/java/technology/tabula/TextChunk_ESTest.java
[GENERATED PATH] TextChunk_ESTest#getText().java
[ERROR] COMPILATION ERROR : 
[INFO] -------------------------------------------------------------
[ERROR] /Users/curtis/Github/Thesis/chatTester/Repos/tabulapdf_tabula-java/src/test/java/technology/tabula/TextChunk_ESTest.java:[11,26] package org.mockito does not exist
[ERROR] /Users/curtis/Github/Thesis/chatTester/Repos/tabulapdf_tabula-java/src/test/java/technology/tabula/TextChunk_ESTest.java:[11,1] static import only from classes and interfaces
[ERROR] /Users/curtis/Github/Thesis/chatTester/Repos/tabulapdf_tabula-java/src/test/java/technology/tabula/TextChunk_ESTest.java:[12,26] package org.mockito does not exist
[ERROR] /Users/curtis/Github/Thesis/chatTester/Repos/tabulapdf_tabula-java/src/test/java/technology/tabula/TextChunk_ESTest.java:[12,1] static import only from classes and interfaces
[ERROR] /Users/curtis/Github/Thesis/chatTester/Repos/tabulapdf_tabula-java/src/test/java/technology/tabula/TextChunk_ESTest.java:[46,32] no suitable constructor found for TextElement(java.lang.String)
    constructor technology.tabula.TextElement.TextElement(float,float,float,float,org.apache.pdfbox.pdmodel.font.PDFont,float,java.lang.String,float) is not applicable
      (actual and formal argument lists differ in length)
    constructor technology.tabula.TextElement.TextElement(float,float,float,float,org.apache.pdfbox.pdmodel.font.PDFont,float,java.lang.String,float,float) is not applicable
      (actual and formal argument lists differ in length)
[ERROR] /Users/curtis/Github/Thesis/chatTester/Repos/tabulapdf_tabula-java/src/test/java/technology/tabula/TextChunk_ESTest.java:[47,32] no suitable constructor found for TextElement(java.lang.String)
    constructor technology.tabula.TextElement.TextElement(float,float,float,float,org.apache.pdfbox.pdmodel.font.PDFont,float,java.lang.String,float) is not applicable
      (actual and formal argument lists differ in length)
    constructor technology.tabula.TextElement.TextElement(float,float,float,float,org.apache.pdfbox.pdmodel.font.PDFont,float,java.lang.String,float,float) is not applicable
      (actual and formal argument lists differ in length)
[INFO] 6 errors 
####################

