original test path: /Users/curtis/Github/Thesis/chatTester/Repos/tabulapdf_tabula-java/src/test/java/technology/tabula/TextChunk_ESTest.java
[GENERATED PATH] TextChunk_ESTest#groupByLines(List<TextChunk> textChunks).java
[ERROR] COMPILATION ERROR : 
[INFO] -------------------------------------------------------------
[ERROR] /Users/curtis/Github/Thesis/chatTester/Repos/tabulapdf_tabula-java/src/test/java/technology/tabula/TextChunk_ESTest.java:[50,29] cannot find symbol
  symbol:   method getTextChunks()
  location: variable line of type technology.tabula.Line
[INFO] 1 error
####################

