original test path: /Users/curtis/Github/Thesis/chatTester/Repos/tabulapdf_tabula-java/src/test/java/technology/tabula/RectangularTextContainer_ESTest.java
[GENERATED PATH] RectangularTextContainer_ESTest#getTextElements().java
[ERROR] COMPILATION ERROR : 
[INFO] -------------------------------------------------------------
[ERROR] /Users/curtis/Github/Thesis/chatTester/Repos/tabulapdf_tabula-java/src/test/java/technology/tabula/RectangularTextContainer_ESTest.java:[32,34] cannot find symbol
  symbol:   class MyTextElement
  location: class technology.tabula.RectangularTextContainer_ESTest
[ERROR] /Users/curtis/Github/Thesis/chatTester/Repos/tabulapdf_tabula-java/src/test/java/technology/tabula/RectangularTextContainer_ESTest.java:[32,61] cannot infer type arguments for technology.tabula.RectangularTextContainer<>
  reason: cannot infer type-variable(s) T
    (actual and formal argument lists differ in length)
[ERROR] /Users/curtis/Github/Thesis/chatTester/Repos/tabulapdf_tabula-java/src/test/java/technology/tabula/RectangularTextContainer_ESTest.java:[33,14] cannot find symbol
  symbol:   class MyTextElement
  location: class technology.tabula.RectangularTextContainer_ESTest
[ERROR] /Users/curtis/Github/Thesis/chatTester/Repos/tabulapdf_tabula-java/src/test/java/technology/tabula/RectangularTextContainer_ESTest.java:[33,58] cannot find symbol
  symbol:   class MyTextElement
  location: class technology.tabula.RectangularTextContainer_ESTest
[ERROR] /Users/curtis/Github/Thesis/chatTester/Repos/tabulapdf_tabula-java/src/test/java/technology/tabula/RectangularTextContainer_ESTest.java:[33,79] cannot find symbol
  symbol:   class MyTextElement
  location: class technology.tabula.RectangularTextContainer_ESTest
[INFO] 5 errors 
####################

original test path: /Users/curtis/Github/Thesis/chatTester/Repos/tabulapdf_tabula-java/src/test/java/technology/tabula/RectangularTextContainer_ESTest.java
[GENERATED PATH] RectangularTextContainer_ESTest#getTextElements().java
[ERROR] COMPILATION ERROR : 
[INFO] -------------------------------------------------------------
[ERROR] /Users/curtis/Github/Thesis/chatTester/Repos/tabulapdf_tabula-java/src/test/java/technology/tabula/RectangularTextContainer_ESTest.java:[32,34] type argument java.lang.String is not within bounds of type-variable T
[ERROR] /Users/curtis/Github/Thesis/chatTester/Repos/tabulapdf_tabula-java/src/test/java/technology/tabula/RectangularTextContainer_ESTest.java:[32,82] incompatible types: cannot infer type arguments for technology.tabula.RectangularTextContainer<>
    reason: inference variable T has incompatible bounds
      equality constraints: java.lang.String
      upper bounds: technology.tabula.Rectangle,technology.tabula.HasText
[INFO] 2 errors 
####################

original test path: /Users/curtis/Github/Thesis/chatTester/Repos/tabulapdf_tabula-java/src/test/java/technology/tabula/RectangularTextContainer_ESTest.java
[GENERATED PATH] RectangularTextContainer_ESTest#getTextElements().java
[ERROR] COMPILATION ERROR : 
[INFO] -------------------------------------------------------------
[ERROR] /Users/curtis/Github/Thesis/chatTester/Repos/tabulapdf_tabula-java/src/test/java/technology/tabula/RectangularTextContainer_ESTest.java:[32,34] cannot find symbol
  symbol:   class MyTextElement
  location: class technology.tabula.RectangularTextContainer_ESTest
[ERROR] /Users/curtis/Github/Thesis/chatTester/Repos/tabulapdf_tabula-java/src/test/java/technology/tabula/RectangularTextContainer_ESTest.java:[34,14] cannot find symbol
  symbol:   class MyTextElement
  location: class technology.tabula.RectangularTextContainer_ESTest
[ERROR] /Users/curtis/Github/Thesis/chatTester/Repos/tabulapdf_tabula-java/src/test/java/technology/tabula/RectangularTextContainer_ESTest.java:[35,38] cannot find symbol
  symbol:   class MyTextElement
  location: class technology.tabula.RectangularTextContainer_ESTest
[ERROR] /Users/curtis/Github/Thesis/chatTester/Repos/tabulapdf_tabula-java/src/test/java/technology/tabula/RectangularTextContainer_ESTest.java:[36,38] cannot find symbol
  symbol:   class MyTextElement
  location: class technology.tabula.RectangularTextContainer_ESTest
[ERROR] /Users/curtis/Github/Thesis/chatTester/Repos/tabulapdf_tabula-java/src/test/java/technology/tabula/RectangularTextContainer_ESTest.java:[39,14] cannot find symbol
  symbol:   class MyTextElement
  location: class technology.tabula.RectangularTextContainer_ESTest
[INFO] 5 errors 
####################

original test path: /Users/curtis/Github/Thesis/chatTester/Repos/tabulapdf_tabula-java/src/test/java/technology/tabula/RectangularTextContainer_ESTest.java
[GENERATED PATH] RectangularTextContainer_ESTest#getTextElements().java
[ERROR] COMPILATION ERROR : 
[INFO] -------------------------------------------------------------
[ERROR] /Users/curtis/Github/Thesis/chatTester/Repos/tabulapdf_tabula-java/src/test/java/technology/tabula/RectangularTextContainer_ESTest.java:[32,34] type argument java.lang.String is not within bounds of type-variable T
[ERROR] /Users/curtis/Github/Thesis/chatTester/Repos/tabulapdf_tabula-java/src/test/java/technology/tabula/RectangularTextContainer_ESTest.java:[32,82] incompatible types: cannot infer type arguments for technology.tabula.RectangularTextContainer<>
    reason: inference variable T has incompatible bounds
      equality constraints: java.lang.String
      upper bounds: technology.tabula.Rectangle,technology.tabula.HasText
[INFO] 2 errors 
####################

original test path: /Users/curtis/Github/Thesis/chatTester/Repos/tabulapdf_tabula-java/src/test/java/technology/tabula/RectangularTextContainer_ESTest.java
[GENERATED PATH] RectangularTextContainer_ESTest#getTextElements().java
[ERROR] COMPILATION ERROR : 
[INFO] -------------------------------------------------------------
[ERROR] /Users/curtis/Github/Thesis/chatTester/Repos/tabulapdf_tabula-java/src/test/java/technology/tabula/RectangularTextContainer_ESTest.java:[32,34] type argument java.lang.CharSequence is not within bounds of type-variable T
[ERROR] /Users/curtis/Github/Thesis/chatTester/Repos/tabulapdf_tabula-java/src/test/java/technology/tabula/RectangularTextContainer_ESTest.java:[32,88] incompatible types: cannot infer type arguments for technology.tabula.RectangularTextContainer<>
    reason: inference variable T has incompatible bounds
      equality constraints: java.lang.CharSequence
      upper bounds: technology.tabula.Rectangle,technology.tabula.HasText
[INFO] 2 errors 
####################

