original test path: /Users/curtis/Github/Thesis/chatTester/Repos/tabulapdf_tabula-java/src/test/java/technology/tabula/TextChunk_ESTest.java
[GENERATED PATH] TextChunk_ESTest#splitAt(int i).java
[ERROR] COMPILATION ERROR : 
[INFO] -------------------------------------------------------------
[ERROR] /Users/curtis/Github/Thesis/chatTester/Repos/tabulapdf_tabula-java/src/test/java/technology/tabula/TextChunk_ESTest.java:[36,26] no suitable constructor found for TextElement(no arguments)
    constructor technology.tabula.TextElement.TextElement(float,float,float,float,org.apache.pdfbox.pdmodel.font.PDFont,float,java.lang.String,float) is not applicable
      (actual and formal argument lists differ in length)
    constructor technology.tabula.TextElement.TextElement(float,float,float,float,org.apache.pdfbox.pdmodel.font.PDFont,float,java.lang.String,float,float) is not applicable
      (actual and formal argument lists differ in length)
[ERROR] /Users/curtis/Github/Thesis/chatTester/Repos/tabulapdf_tabula-java/src/test/java/technology/tabula/TextChunk_ESTest.java:[37,26] no suitable constructor found for TextElement(no arguments)
    constructor technology.tabula.TextElement.TextElement(float,float,float,float,org.apache.pdfbox.pdmodel.font.PDFont,float,java.lang.String,float) is not applicable
      (actual and formal argument lists differ in length)
    constructor technology.tabula.TextElement.TextElement(float,float,float,float,org.apache.pdfbox.pdmodel.font.PDFont,float,java.lang.String,float,float) is not applicable
      (actual and formal argument lists differ in length)
[ERROR] /Users/curtis/Github/Thesis/chatTester/Repos/tabulapdf_tabula-java/src/test/java/technology/tabula/TextChunk_ESTest.java:[38,26] no suitable constructor found for TextElement(no arguments)
    constructor technology.tabula.TextElement.TextElement(float,float,float,float,org.apache.pdfbox.pdmodel.font.PDFont,float,java.lang.String,float) is not applicable
      (actual and formal argument lists differ in length)
    constructor technology.tabula.TextElement.TextElement(float,float,float,float,org.apache.pdfbox.pdmodel.font.PDFont,float,java.lang.String,float,float) is not applicable
      (actual and formal argument lists differ in length)
[ERROR] /Users/curtis/Github/Thesis/chatTester/Repos/tabulapdf_tabula-java/src/test/java/technology/tabula/TextChunk_ESTest.java:[39,26] no suitable constructor found for TextElement(no arguments)
    constructor technology.tabula.TextElement.TextElement(float,float,float,float,org.apache.pdfbox.pdmodel.font.PDFont,float,java.lang.String,float) is not applicable
      (actual and formal argument lists differ in length)
    constructor technology.tabula.TextElement.TextElement(float,float,float,float,org.apache.pdfbox.pdmodel.font.PDFont,float,java.lang.String,float,float) is not applicable
      (actual and formal argument lists differ in length)
[ERROR] /Users/curtis/Github/Thesis/chatTester/Repos/tabulapdf_tabula-java/src/test/java/technology/tabula/TextChunk_ESTest.java:[40,26] no suitable constructor found for TextElement(no arguments)
    constructor technology.tabula.TextElement.TextElement(float,float,float,float,org.apache.pdfbox.pdmodel.font.PDFont,float,java.lang.String,float) is not applicable
      (actual and formal argument lists differ in length)
    constructor technology.tabula.TextElement.TextElement(float,float,float,float,org.apache.pdfbox.pdmodel.font.PDFont,float,java.lang.String,float,float) is not applicable
      (actual and formal argument lists differ in length)
[ERROR] /Users/curtis/Github/Thesis/chatTester/Repos/tabulapdf_tabula-java/src/test/java/technology/tabula/TextChunk_ESTest.java:[48,9] no suitable method found for assertEquals(int,int,java.lang.String)
    method org.junit.Assert.assertEquals(java.lang.String,java.lang.Object[],java.lang.Object[]) is not applicable
      (argument mismatch; int cannot be converted to java.lang.String)
    method org.junit.Assert.assertEquals(float,float,float) is not applicable
      (argument mismatch; java.lang.String cannot be converted to float)
    method org.junit.Assert.assertEquals(double,double,double) is not applicable
      (argument mismatch; java.lang.String cannot be converted to double)
    method org.junit.Assert.assertEquals(java.lang.String,double,double) is not applicable
      (argument mismatch; int cannot be converted to java.lang.String)
    method org.junit.Assert.assertEquals(java.lang.String,long,long) is not applicable
      (argument mismatch; int cannot be converted to java.lang.String)
    method org.junit.Assert.assertEquals(java.lang.String,java.lang.Object,java.lang.Object) is not applicable
      (argument mismatch; int cannot be converted to java.lang.String)
[ERROR] /Users/curtis/Github/Thesis/chatTester/Repos/tabulapdf_tabula-java/src/test/java/technology/tabula/TextChunk_ESTest.java:[53,9] no suitable method found for assertEquals(int,int,java.lang.String)
    method org.junit.Assert.assertEquals(java.lang.String,java.lang.Object[],java.lang.Object[]) is not applicable
      (argument mismatch; int cannot be converted to java.lang.String)
    method org.junit.Assert.assertEquals(float,float,float) is not applicable
      (argument mismatch; java.lang.String cannot be converted to float)
    method org.junit.Assert.assertEquals(double,double,double) is not applicable
      (argument mismatch; java.lang.String cannot be converted to double)
    method org.junit.Assert.assertEquals(java.lang.String,double,double) is not applicable
      (argument mismatch; int cannot be converted to java.lang.String)
    method org.junit.Assert.assertEquals(java.lang.String,long,long) is not applicable
      (argument mismatch; int cannot be converted to java.lang.String)
    method org.junit.Assert.assertEquals(java.lang.String,java.lang.Object,java.lang.Object) is not applicable
      (argument mismatch; int cannot be converted to java.lang.String)
[ERROR] /Users/curtis/Github/Thesis/chatTester/Repos/tabulapdf_tabula-java/src/test/java/technology/tabula/TextChunk_ESTest.java:[54,9] no suitable method found for assertEquals(int,int,java.lang.String)
    method org.junit.Assert.assertEquals(java.lang.String,java.lang.Object[],java.lang.Object[]) is not applicable
      (argument mismatch; int cannot be converted to java.lang.String)
    method org.junit.Assert.assertEquals(float,float,float) is not applicable
      (argument mismatch; java.lang.String cannot be converted to float)
    method org.junit.Assert.assertEquals(double,double,double) is not applicable
      (argument mismatch; java.lang.String cannot be converted to double)
    method org.junit.Assert.assertEquals(java.lang.String,double,double) is not applicable
      (argument mismatch; int cannot be converted to java.lang.String)
    method org.junit.Assert.assertEquals(java.lang.String,long,long) is not applicable
      (argument mismatch; int cannot be converted to java.lang.String)
    method org.junit.Assert.assertEquals(java.lang.String,java.lang.Object,java.lang.Object) is not applicable
      (argument mismatch; int cannot be converted to java.lang.String)
[ERROR] /Users/curtis/Github/Thesis/chatTester/Repos/tabulapdf_tabula-java/src/test/java/technology/tabula/TextChunk_ESTest.java:[56,9] no suitable method found for assertEquals(java.util.List<technology.tabula.TextElement>,java.util.List<technology.tabula.TextElement>,java.lang.String)
    method org.junit.Assert.assertEquals(java.lang.String,java.lang.Object[],java.lang.Object[]) is not applicable
      (argument mismatch; java.util.List<technology.tabula.TextElement> cannot be converted to java.lang.String)
    method org.junit.Assert.assertEquals(float,float,float) is not applicable
      (argument mismatch; java.util.List<technology.tabula.TextElement> cannot be converted to float)
    method org.junit.Assert.assertEquals(double,double,double) is not applicable
      (argument mismatch; java.util.List<technology.tabula.TextElement> cannot be converted to double)
    method org.junit.Assert.assertEquals(java.lang.String,double,double) is not applicable
      (argument mismatch; java.util.List<technology.tabula.TextElement> cannot be converted to java.lang.String)
    method org.junit.Assert.assertEquals(java.lang.String,long,long) is not applicable
      (argument mismatch; java.util.List<technology.tabula.TextElement> cannot be converted to java.lang.String)
    method org.junit.Assert.assertEquals(java.lang.String,java.lang.Object,java.lang.Object) is not applicable
      (argument mismatch; java.util.List<technology.tabula.TextElement> cannot be converted to java.lang.String)
[ERROR] /Users/curtis/Github/Thesis/chatTester/Repos/tabulapdf_tabula-java/src/test/java/technology/tabula/TextChunk_ESTest.java:[57,9] no suitable method found for assertEquals(java.util.List<technology.tabula.TextElement>,java.util.List<technology.tabula.TextElement>,java.lang.String)
    method org.junit.Assert.assertEquals(java.lang.String,java.lang.Object[],java.lang.Object[]) is not applicable
      (argument mismatch; java.util.List<technology.tabula.TextElement> cannot be converted to java.lang.String)
    method org.junit.Assert.assertEquals(float,float,float) is not applicable
      (argument mismatch; java.util.List<technology.tabula.TextElement> cannot be converted to float)
    method org.junit.Assert.assertEquals(double,double,double) is not applicable
      (argument mismatch; java.util.List<technology.tabula.TextElement> cannot be converted to double)
    method org.junit.Assert.assertEquals(java.lang.String,double,double) is not applicable
      (argument mismatch; java.util.List<technology.tabula.TextElement> cannot be converted to java.lang.String)
    method org.junit.Assert.assertEquals(java.lang.String,long,long) is not applicable
      (argument mismatch; java.util.List<technology.tabula.TextElement> cannot be converted to java.lang.String)
    method org.junit.Assert.assertEquals(java.lang.String,java.lang.Object,java.lang.Object) is not applicable
      (argument mismatch; java.util.List<technology.tabula.TextElement> cannot be converted to java.lang.String)
[INFO] 10 errors 
####################

original test path: /Users/curtis/Github/Thesis/chatTester/Repos/tabulapdf_tabula-java/src/test/java/technology/tabula/TextChunk_ESTest.java
[GENERATED PATH] TextChunk_ESTest#splitAt(int i).java
[ERROR] COMPILATION ERROR : 
[INFO] -------------------------------------------------------------
[ERROR] /Users/curtis/Github/Thesis/chatTester/Repos/tabulapdf_tabula-java/src/test/java/technology/tabula/TextChunk_ESTest.java:[34,36] no suitable constructor found for TextElement(int,int,int,int)
    constructor technology.tabula.TextElement.TextElement(float,float,float,float,org.apache.pdfbox.pdmodel.font.PDFont,float,java.lang.String,float) is not applicable
      (actual and formal argument lists differ in length)
    constructor technology.tabula.TextElement.TextElement(float,float,float,float,org.apache.pdfbox.pdmodel.font.PDFont,float,java.lang.String,float,float) is not applicable
      (actual and formal argument lists differ in length)
[ERROR] /Users/curtis/Github/Thesis/chatTester/Repos/tabulapdf_tabula-java/src/test/java/technology/tabula/TextChunk_ESTest.java:[35,36] no suitable constructor found for TextElement(int,int,int,int)
    constructor technology.tabula.TextElement.TextElement(float,float,float,float,org.apache.pdfbox.pdmodel.font.PDFont,float,java.lang.String,float) is not applicable
      (actual and formal argument lists differ in length)
    constructor technology.tabula.TextElement.TextElement(float,float,float,float,org.apache.pdfbox.pdmodel.font.PDFont,float,java.lang.String,float,float) is not applicable
      (actual and formal argument lists differ in length)
[ERROR] /Users/curtis/Github/Thesis/chatTester/Repos/tabulapdf_tabula-java/src/test/java/technology/tabula/TextChunk_ESTest.java:[36,36] no suitable constructor found for TextElement(int,int,int,int)
    constructor technology.tabula.TextElement.TextElement(float,float,float,float,org.apache.pdfbox.pdmodel.font.PDFont,float,java.lang.String,float) is not applicable
      (actual and formal argument lists differ in length)
    constructor technology.tabula.TextElement.TextElement(float,float,float,float,org.apache.pdfbox.pdmodel.font.PDFont,float,java.lang.String,float,float) is not applicable
      (actual and formal argument lists differ in length)
[INFO] 3 errors 
####################

original test path: /Users/curtis/Github/Thesis/chatTester/Repos/tabulapdf_tabula-java/src/test/java/technology/tabula/TextChunk_ESTest.java
[GENERATED PATH] TextChunk_ESTest#splitAt(int i).java
[ERROR] COMPILATION ERROR : 
[INFO] -------------------------------------------------------------
[ERROR] /Users/curtis/Github/Thesis/chatTester/Repos/tabulapdf_tabula-java/src/test/java/technology/tabula/TextChunk_ESTest.java:[34,36] no suitable constructor found for TextElement(java.lang.String)
    constructor technology.tabula.TextElement.TextElement(float,float,float,float,org.apache.pdfbox.pdmodel.font.PDFont,float,java.lang.String,float) is not applicable
      (actual and formal argument lists differ in length)
    constructor technology.tabula.TextElement.TextElement(float,float,float,float,org.apache.pdfbox.pdmodel.font.PDFont,float,java.lang.String,float,float) is not applicable
      (actual and formal argument lists differ in length)
[ERROR] /Users/curtis/Github/Thesis/chatTester/Repos/tabulapdf_tabula-java/src/test/java/technology/tabula/TextChunk_ESTest.java:[35,36] no suitable constructor found for TextElement(java.lang.String)
    constructor technology.tabula.TextElement.TextElement(float,float,float,float,org.apache.pdfbox.pdmodel.font.PDFont,float,java.lang.String,float) is not applicable
      (actual and formal argument lists differ in length)
    constructor technology.tabula.TextElement.TextElement(float,float,float,float,org.apache.pdfbox.pdmodel.font.PDFont,float,java.lang.String,float,float) is not applicable
      (actual and formal argument lists differ in length)
[ERROR] /Users/curtis/Github/Thesis/chatTester/Repos/tabulapdf_tabula-java/src/test/java/technology/tabula/TextChunk_ESTest.java:[36,36] no suitable constructor found for TextElement(java.lang.String)
    constructor technology.tabula.TextElement.TextElement(float,float,float,float,org.apache.pdfbox.pdmodel.font.PDFont,float,java.lang.String,float) is not applicable
      (actual and formal argument lists differ in length)
    constructor technology.tabula.TextElement.TextElement(float,float,float,float,org.apache.pdfbox.pdmodel.font.PDFont,float,java.lang.String,float,float) is not applicable
      (actual and formal argument lists differ in length)
[INFO] 3 errors 
####################

original test path: /Users/curtis/Github/Thesis/chatTester/Repos/tabulapdf_tabula-java/src/test/java/technology/tabula/TextChunk_ESTest.java
[GENERATED PATH] TextChunk_ESTest#splitAt(int i).java
[ERROR] COMPILATION ERROR : 
[INFO] -------------------------------------------------------------
[ERROR] /Users/curtis/Github/Thesis/chatTester/Repos/tabulapdf_tabula-java/src/test/java/technology/tabula/TextChunk_ESTest.java:[34,36] no suitable constructor found for TextElement(int,int,int,int)
    constructor technology.tabula.TextElement.TextElement(float,float,float,float,org.apache.pdfbox.pdmodel.font.PDFont,float,java.lang.String,float) is not applicable
      (actual and formal argument lists differ in length)
    constructor technology.tabula.TextElement.TextElement(float,float,float,float,org.apache.pdfbox.pdmodel.font.PDFont,float,java.lang.String,float,float) is not applicable
      (actual and formal argument lists differ in length)
[ERROR] /Users/curtis/Github/Thesis/chatTester/Repos/tabulapdf_tabula-java/src/test/java/technology/tabula/TextChunk_ESTest.java:[35,36] no suitable constructor found for TextElement(int,int,int,int)
    constructor technology.tabula.TextElement.TextElement(float,float,float,float,org.apache.pdfbox.pdmodel.font.PDFont,float,java.lang.String,float) is not applicable
      (actual and formal argument lists differ in length)
    constructor technology.tabula.TextElement.TextElement(float,float,float,float,org.apache.pdfbox.pdmodel.font.PDFont,float,java.lang.String,float,float) is not applicable
      (actual and formal argument lists differ in length)
[ERROR] /Users/curtis/Github/Thesis/chatTester/Repos/tabulapdf_tabula-java/src/test/java/technology/tabula/TextChunk_ESTest.java:[36,36] no suitable constructor found for TextElement(int,int,int,int)
    constructor technology.tabula.TextElement.TextElement(float,float,float,float,org.apache.pdfbox.pdmodel.font.PDFont,float,java.lang.String,float) is not applicable
      (actual and formal argument lists differ in length)
    constructor technology.tabula.TextElement.TextElement(float,float,float,float,org.apache.pdfbox.pdmodel.font.PDFont,float,java.lang.String,float,float) is not applicable
      (actual and formal argument lists differ in length)
[INFO] 3 errors 
####################

original test path: /Users/curtis/Github/Thesis/chatTester/Repos/tabulapdf_tabula-java/src/test/java/technology/tabula/TextChunk_ESTest.java
[GENERATED PATH] TextChunk_ESTest#splitAt(int i).java
[ERROR] COMPILATION ERROR : 
[INFO] -------------------------------------------------------------
[ERROR] /Users/curtis/Github/Thesis/chatTester/Repos/tabulapdf_tabula-java/src/test/java/technology/tabula/TextChunk_ESTest.java:[34,36] no suitable constructor found for TextElement(java.lang.String,float,float)
    constructor technology.tabula.TextElement.TextElement(float,float,float,float,org.apache.pdfbox.pdmodel.font.PDFont,float,java.lang.String,float) is not applicable
      (actual and formal argument lists differ in length)
    constructor technology.tabula.TextElement.TextElement(float,float,float,float,org.apache.pdfbox.pdmodel.font.PDFont,float,java.lang.String,float,float) is not applicable
      (actual and formal argument lists differ in length)
[ERROR] /Users/curtis/Github/Thesis/chatTester/Repos/tabulapdf_tabula-java/src/test/java/technology/tabula/TextChunk_ESTest.java:[35,36] no suitable constructor found for TextElement(java.lang.String,float,float)
    constructor technology.tabula.TextElement.TextElement(float,float,float,float,org.apache.pdfbox.pdmodel.font.PDFont,float,java.lang.String,float) is not applicable
      (actual and formal argument lists differ in length)
    constructor technology.tabula.TextElement.TextElement(float,float,float,float,org.apache.pdfbox.pdmodel.font.PDFont,float,java.lang.String,float,float) is not applicable
      (actual and formal argument lists differ in length)
[ERROR] /Users/curtis/Github/Thesis/chatTester/Repos/tabulapdf_tabula-java/src/test/java/technology/tabula/TextChunk_ESTest.java:[36,36] no suitable constructor found for TextElement(java.lang.String,float,float)
    constructor technology.tabula.TextElement.TextElement(float,float,float,float,org.apache.pdfbox.pdmodel.font.PDFont,float,java.lang.String,float) is not applicable
      (actual and formal argument lists differ in length)
    constructor technology.tabula.TextElement.TextElement(float,float,float,float,org.apache.pdfbox.pdmodel.font.PDFont,float,java.lang.String,float,float) is not applicable
      (actual and formal argument lists differ in length)
[INFO] 3 errors 
####################

