original test path: /Users/curtis/Github/Thesis/chatTester/Repos/Zappos_zappos-json/src/test/java/com/zappos/json/util/Reflections_ESTest.java
[GENERATED PATH] Reflections_ESTest#getSecondGenericType(Field field).java
[ERROR] COMPILATION ERROR : 
[INFO] -------------------------------------------------------------
[ERROR] /Users/curtis/Github/Thesis/chatTester/Repos/Zappos_zappos-json/src/test/java/com/zappos/json/util/Reflections_ESTest.java:[10,26] package org.mockito does not exist
[ERROR] /Users/curtis/Github/Thesis/chatTester/Repos/Zappos_zappos-json/src/test/java/com/zappos/json/JsonReaderCodeGenerator_ESTest.java:[31,105] constructor JsonBeanIntrospector in class com.zappos.json.JsonBeanIntrospector cannot be applied to given types;
  required: com.zappos.json.ZapposJson
  found: no arguments
  reason: actual and formal argument lists differ in length
[ERROR] /Users/curtis/Github/Thesis/chatTester/Repos/Zappos_zappos-json/src/test/java/com/zappos/json/JsonReaderCodeGenerator_ESTest.java:[33,44] constructor JsonReaderInvoker in class com.zappos.json.JsonReaderInvoker cannot be applied to given types;
  required: com.zappos.json.ZapposJson,java.lang.Class<?>
  found: no arguments
  reason: actual and formal argument lists differ in length
[ERROR] /Users/curtis/Github/Thesis/chatTester/Repos/Zappos_zappos-json/src/test/java/com/zappos/json/util/Reflections_ESTest.java:[28,23] cannot find symbol
  symbol:   method mock(java.lang.Class<java.lang.reflect.Field>)
  location: class com.zappos.json.util.Reflections_ESTest
[ERROR] /Users/curtis/Github/Thesis/chatTester/Repos/Zappos_zappos-json/src/test/java/com/zappos/json/util/Reflections_ESTest.java:[34,9] cannot find symbol
  symbol:   method when(java.lang.Class<?>[])
  location: class com.zappos.json.util.Reflections_ESTest
[INFO] 5 errors 
####################

original test path: /Users/curtis/Github/Thesis/chatTester/Repos/Zappos_zappos-json/src/test/java/com/zappos/json/util/Reflections_ESTest.java
[GENERATED PATH] Reflections_ESTest#getSecondGenericType(Field field).java
[ERROR] COMPILATION ERROR : 
[INFO] -------------------------------------------------------------
[ERROR] /Users/curtis/Github/Thesis/chatTester/Repos/Zappos_zappos-json/src/test/java/com/zappos/json/util/Reflections_ESTest.java:[12,26] package org.mockito does not exist
[ERROR] /Users/curtis/Github/Thesis/chatTester/Repos/Zappos_zappos-json/src/test/java/com/zappos/json/util/Reflections_ESTest.java:[34,24] cannot find symbol
  symbol:   method getFieldWithGenericTypes(java.lang.Class<java.lang.String>)
  location: class com.zappos.json.util.Reflections_ESTest
[ERROR] /Users/curtis/Github/Thesis/chatTester/Repos/Zappos_zappos-json/src/test/java/com/zappos/json/util/Reflections_ESTest.java:[38,24] cannot find symbol
  symbol:   method getFieldWithGenericTypes(java.lang.Class<java.lang.String>,java.lang.Class<java.lang.Integer>)
  location: class com.zappos.json.util.Reflections_ESTest
[INFO] 3 errors 
####################

original test path: /Users/curtis/Github/Thesis/chatTester/Repos/Zappos_zappos-json/src/test/java/com/zappos/json/util/Reflections_ESTest.java
[GENERATED PATH] Reflections_ESTest#getSecondGenericType(Field field).java
[ERROR] COMPILATION ERROR : 
[INFO] -------------------------------------------------------------
[ERROR] /Users/curtis/Github/Thesis/chatTester/Repos/Zappos_zappos-json/src/test/java/com/zappos/json/util/Reflections_ESTest.java:[13,26] package org.mockito does not exist
[ERROR] /Users/curtis/Github/Thesis/chatTester/Repos/Zappos_zappos-json/src/test/java/com/zappos/json/util/Reflections_ESTest.java:[33,57] cannot find symbol
  symbol:   class FieldWithNullTypes
  location: class com.zappos.json.util.Reflections_ESTest
[ERROR] /Users/curtis/Github/Thesis/chatTester/Repos/Zappos_zappos-json/src/test/java/com/zappos/json/util/Reflections_ESTest.java:[36,57] cannot find symbol
  symbol:   class FieldWithSingleType
  location: class com.zappos.json.util.Reflections_ESTest
[ERROR] /Users/curtis/Github/Thesis/chatTester/Repos/Zappos_zappos-json/src/test/java/com/zappos/json/util/Reflections_ESTest.java:[39,73] cannot find symbol
  symbol:   class FieldWithMultipleTypes
  location: class com.zappos.json.util.Reflections_ESTest
[INFO] 4 errors 
####################

original test path: /Users/curtis/Github/Thesis/chatTester/Repos/Zappos_zappos-json/src/test/java/com/zappos/json/util/Reflections_ESTest.java
[GENERATED PATH] Reflections_ESTest#getSecondGenericType(Field field).java
[ERROR] COMPILATION ERROR : 
[INFO] -------------------------------------------------------------
[ERROR] /Users/curtis/Github/Thesis/chatTester/Repos/Zappos_zappos-json/src/test/java/com/zappos/json/util/Reflections_ESTest.java:[15,26] package org.mockito does not exist
[ERROR] /Users/curtis/Github/Thesis/chatTester/Repos/Zappos_zappos-json/src/test/java/com/zappos/json/util/Reflections_ESTest.java:[35,23] cannot find symbol
  symbol:   method getField()
  location: class com.zappos.json.util.Reflections_ESTest
[ERROR] /Users/curtis/Github/Thesis/chatTester/Repos/Zappos_zappos-json/src/test/java/com/zappos/json/util/Reflections_ESTest.java:[42,9] cannot find symbol
  symbol:   method setGenericTypes(java.lang.reflect.Field,java.lang.Class<?>[])
  location: class com.zappos.json.util.Reflections_ESTest
[ERROR] /Users/curtis/Github/Thesis/chatTester/Repos/Zappos_zappos-json/src/test/java/com/zappos/json/util/Reflections_ESTest.java:[47,9] cannot find symbol
  symbol:   method setGenericTypes(java.lang.reflect.Field,java.lang.Class<?>[])
  location: class com.zappos.json.util.Reflections_ESTest
[INFO] 4 errors 
####################

original test path: /Users/curtis/Github/Thesis/chatTester/Repos/Zappos_zappos-json/src/test/java/com/zappos/json/util/Reflections_ESTest.java
[GENERATED PATH] Reflections_ESTest#getSecondGenericType(Field field).java
[ERROR] COMPILATION ERROR : 
[INFO] -------------------------------------------------------------
[ERROR] /Users/curtis/Github/Thesis/chatTester/Repos/Zappos_zappos-json/src/test/java/com/zappos/json/util/Reflections_ESTest.java:[16,26] package org.mockito does not exist
[ERROR] /Users/curtis/Github/Thesis/chatTester/Repos/Zappos_zappos-json/src/test/java/com/zappos/json/util/Reflections_ESTest.java:[45,20] incompatible types: java.lang.Class<capture#1 of ?> cannot be converted to java.lang.String
[ERROR] /Users/curtis/Github/Thesis/chatTester/Repos/Zappos_zappos-json/src/test/java/com/zappos/json/util/Reflections_ESTest.java:[55,23] incompatible types: java.lang.Class<capture#2 of ?> cannot be converted to java.lang.String
[ERROR] /Users/curtis/Github/Thesis/chatTester/Repos/Zappos_zappos-json/src/test/java/com/zappos/json/util/Reflections_ESTest.java:[56,9] no suitable method found for assertEquals(java.lang.Class<java.lang.String>,java.lang.Class<capture#3 of ?>,java.lang.String)
    method org.junit.Assert.assertEquals(java.lang.String,java.lang.Object[],java.lang.Object[]) is not applicable
      (argument mismatch; java.lang.Class<java.lang.String> cannot be converted to java.lang.String)
    method org.junit.Assert.assertEquals(float,float,float) is not applicable
      (argument mismatch; java.lang.Class<java.lang.String> cannot be converted to float)
    method org.junit.Assert.assertEquals(double,double,double) is not applicable
      (argument mismatch; java.lang.Class<java.lang.String> cannot be converted to double)
    method org.junit.Assert.assertEquals(java.lang.String,double,double) is not applicable
      (argument mismatch; java.lang.Class<java.lang.String> cannot be converted to java.lang.String)
    method org.junit.Assert.assertEquals(java.lang.String,long,long) is not applicable
      (argument mismatch; java.lang.Class<java.lang.String> cannot be converted to java.lang.String)
    method org.junit.Assert.assertEquals(java.lang.String,java.lang.Object,java.lang.Object) is not applicable
      (argument mismatch; java.lang.Class<java.lang.String> cannot be converted to java.lang.String)
[INFO] 4 errors 
####################

