original test path: /Users/curtis/Github/Thesis/chatTester/Repos/Zappos_zappos-json/src/test/java/com/zappos/json/ZapposJson_ESTest.java
[GENERATED PATH] ZapposJson_ESTest#is(WriterConfig config).java
[ERROR] COMPILATION ERROR : 
[INFO] -------------------------------------------------------------
[ERROR] /Users/curtis/Github/Thesis/chatTester/Repos/Zappos_zappos-json/src/test/java/com/zappos/json/ZapposJson_ESTest.java:[10,23] cannot find symbol
  symbol:   class WriterConfig
  location: package com.zappos.json
[ERROR] /Users/curtis/Github/Thesis/chatTester/Repos/Zappos_zappos-json/src/test/java/com/zappos/json/ZapposJson_ESTest.java:[44,36] cannot find symbol
  symbol:   variable WriterConfig
  location: class com.zappos.json.ZapposJson_ESTest
[ERROR] /Users/curtis/Github/Thesis/chatTester/Repos/Zappos_zappos-json/src/test/java/com/zappos/json/ZapposJson_ESTest.java:[44,14] cannot find symbol
  symbol:   class WriterConfig
  location: class com.zappos.json.ZapposJson_ESTest
[ERROR] /Users/curtis/Github/Thesis/chatTester/Repos/Zappos_zappos-json/src/test/java/com/zappos/json/ZapposJson_ESTest.java:[49,30] cannot find symbol
  symbol:   variable WriterConfig
  location: class com.zappos.json.ZapposJson_ESTest
[ERROR] /Users/curtis/Github/Thesis/chatTester/Repos/Zappos_zappos-json/src/test/java/com/zappos/json/ZapposJson_ESTest.java:[50,34] cannot find symbol
  symbol:   variable WriterConfig
  location: class com.zappos.json.ZapposJson_ESTest
[ERROR] /Users/curtis/Github/Thesis/chatTester/Repos/Zappos_zappos-json/src/test/java/com/zappos/json/ZapposJson_ESTest.java:[53,30] cannot find symbol
  symbol:   variable WriterConfig
  location: class com.zappos.json.ZapposJson_ESTest
[ERROR] /Users/curtis/Github/Thesis/chatTester/Repos/Zappos_zappos-json/src/test/java/com/zappos/json/ZapposJson_ESTest.java:[54,35] cannot find symbol
  symbol:   variable WriterConfig
  location: class com.zappos.json.ZapposJson_ESTest
[INFO] 7 errors 
####################

original test path: /Users/curtis/Github/Thesis/chatTester/Repos/Zappos_zappos-json/src/test/java/com/zappos/json/ZapposJson_ESTest.java
[GENERATED PATH] ZapposJson_ESTest#is(WriterConfig config).java
[ERROR] COMPILATION ERROR : 
[INFO] -------------------------------------------------------------
[ERROR] /Users/curtis/Github/Thesis/chatTester/Repos/Zappos_zappos-json/src/test/java/com/zappos/json/ZapposJson_ESTest.java:[12,23] cannot find symbol
  symbol:   class WriterConfig
  location: package com.zappos.json
[ERROR] /Users/curtis/Github/Thesis/chatTester/Repos/Zappos_zappos-json/src/test/java/com/zappos/json/ZapposJson_ESTest.java:[47,35] cannot find symbol
  symbol:   variable WriterConfig
  location: class com.zappos.json.ZapposJson_ESTest
[ERROR] /Users/curtis/Github/Thesis/chatTester/Repos/Zappos_zappos-json/src/test/java/com/zappos/json/ZapposJson_ESTest.java:[50,9] cannot find symbol
  symbol:   variable WRITER_CONFIGS
  location: class com.zappos.json.ZapposJson_ESTest
[ERROR] /Users/curtis/Github/Thesis/chatTester/Repos/Zappos_zappos-json/src/test/java/com/zappos/json/ZapposJson_ESTest.java:[50,36] package WriterConfig does not exist
[ERROR] /Users/curtis/Github/Thesis/chatTester/Repos/Zappos_zappos-json/src/test/java/com/zappos/json/ZapposJson_ESTest.java:[51,34] cannot find symbol
  symbol:   variable WriterConfig
  location: class com.zappos.json.ZapposJson_ESTest
[ERROR] /Users/curtis/Github/Thesis/chatTester/Repos/Zappos_zappos-json/src/test/java/com/zappos/json/ZapposJson_ESTest.java:[54,9] cannot find symbol
  symbol:   variable WRITER_CONFIGS
  location: class com.zappos.json.ZapposJson_ESTest
[ERROR] /Users/curtis/Github/Thesis/chatTester/Repos/Zappos_zappos-json/src/test/java/com/zappos/json/ZapposJson_ESTest.java:[54,36] package WriterConfig does not exist
[ERROR] /Users/curtis/Github/Thesis/chatTester/Repos/Zappos_zappos-json/src/test/java/com/zappos/json/ZapposJson_ESTest.java:[55,35] cannot find symbol
  symbol:   variable WriterConfig
  location: class com.zappos.json.ZapposJson_ESTest
[INFO] 8 errors 
####################

original test path: /Users/curtis/Github/Thesis/chatTester/Repos/Zappos_zappos-json/src/test/java/com/zappos/json/ZapposJson_ESTest.java
[GENERATED PATH] ZapposJson_ESTest#is(WriterConfig config).java
[ERROR] COMPILATION ERROR : 
[INFO] -------------------------------------------------------------
[ERROR] /Users/curtis/Github/Thesis/chatTester/Repos/Zappos_zappos-json/src/test/java/com/zappos/json/ZapposJson_ESTest.java:[13,23] cannot find symbol
  symbol:   class WriterConfig
  location: package com.zappos.json
[ERROR] /Users/curtis/Github/Thesis/chatTester/Repos/Zappos_zappos-json/src/test/java/com/zappos/json/ZapposJson_ESTest.java:[49,35] cannot find symbol
  symbol:   variable WriterConfig
  location: class com.zappos.json.ZapposJson_ESTest
[ERROR] /Users/curtis/Github/Thesis/chatTester/Repos/Zappos_zappos-json/src/test/java/com/zappos/json/ZapposJson_ESTest.java:[52,36] cannot find symbol
  symbol:   variable WriterConfig
  location: class com.zappos.json.ZapposJson_ESTest
[ERROR] /Users/curtis/Github/Thesis/chatTester/Repos/Zappos_zappos-json/src/test/java/com/zappos/json/ZapposJson_ESTest.java:[53,34] cannot find symbol
  symbol:   variable WriterConfig
  location: class com.zappos.json.ZapposJson_ESTest
[ERROR] /Users/curtis/Github/Thesis/chatTester/Repos/Zappos_zappos-json/src/test/java/com/zappos/json/ZapposJson_ESTest.java:[56,36] cannot find symbol
  symbol:   variable WriterConfig
  location: class com.zappos.json.ZapposJson_ESTest
[ERROR] /Users/curtis/Github/Thesis/chatTester/Repos/Zappos_zappos-json/src/test/java/com/zappos/json/ZapposJson_ESTest.java:[57,35] cannot find symbol
  symbol:   variable WriterConfig
  location: class com.zappos.json.ZapposJson_ESTest
[ERROR] /Users/curtis/Github/Thesis/chatTester/Repos/Zappos_zappos-json/src/test/java/com/zappos/json/ZapposJson_ESTest.java:[60,36] cannot find symbol
  symbol:   variable WriterConfig
  location: class com.zappos.json.ZapposJson_ESTest
[ERROR] /Users/curtis/Github/Thesis/chatTester/Repos/Zappos_zappos-json/src/test/java/com/zappos/json/ZapposJson_ESTest.java:[61,36] cannot find symbol
  symbol:   variable WriterConfig
  location: class com.zappos.json.ZapposJson_ESTest
[ERROR] /Users/curtis/Github/Thesis/chatTester/Repos/Zappos_zappos-json/src/test/java/com/zappos/json/ZapposJson_ESTest.java:[62,34] cannot find symbol
  symbol:   variable WriterConfig
  location: class com.zappos.json.ZapposJson_ESTest
[ERROR] /Users/curtis/Github/Thesis/chatTester/Repos/Zappos_zappos-json/src/test/java/com/zappos/json/ZapposJson_ESTest.java:[63,34] cannot find symbol
  symbol:   variable WriterConfig
  location: class com.zappos.json.ZapposJson_ESTest
[INFO] 10 errors 
####################

original test path: /Users/curtis/Github/Thesis/chatTester/Repos/Zappos_zappos-json/src/test/java/com/zappos/json/ZapposJson_ESTest.java
[GENERATED PATH] ZapposJson_ESTest#is(WriterConfig config).java
[ERROR] COMPILATION ERROR : 
[INFO] -------------------------------------------------------------
[ERROR] /Users/curtis/Github/Thesis/chatTester/Repos/Zappos_zappos-json/src/test/java/com/zappos/json/ZapposJson_ESTest.java:[14,23] cannot find symbol
  symbol:   class WriterConfig
  location: package com.zappos.json
[ERROR] /Users/curtis/Github/Thesis/chatTester/Repos/Zappos_zappos-json/src/test/java/com/zappos/json/ZapposJson_ESTest.java:[51,35] cannot find symbol
  symbol:   variable WriterConfig
  location: class com.zappos.json.ZapposJson_ESTest
[ERROR] /Users/curtis/Github/Thesis/chatTester/Repos/Zappos_zappos-json/src/test/java/com/zappos/json/ZapposJson_ESTest.java:[52,35] cannot find symbol
  symbol:   variable WriterConfig
  location: class com.zappos.json.ZapposJson_ESTest
[ERROR] /Users/curtis/Github/Thesis/chatTester/Repos/Zappos_zappos-json/src/test/java/com/zappos/json/ZapposJson_ESTest.java:[53,35] cannot find symbol
  symbol:   variable WriterConfig
  location: class com.zappos.json.ZapposJson_ESTest
[ERROR] /Users/curtis/Github/Thesis/chatTester/Repos/Zappos_zappos-json/src/test/java/com/zappos/json/ZapposJson_ESTest.java:[56,9] cannot find symbol
  symbol:   variable WRITER_CONFIGS
  location: class com.zappos.json.ZapposJson_ESTest
[ERROR] /Users/curtis/Github/Thesis/chatTester/Repos/Zappos_zappos-json/src/test/java/com/zappos/json/ZapposJson_ESTest.java:[56,36] package WriterConfig does not exist
[ERROR] /Users/curtis/Github/Thesis/chatTester/Repos/Zappos_zappos-json/src/test/java/com/zappos/json/ZapposJson_ESTest.java:[57,34] cannot find symbol
  symbol:   variable WriterConfig
  location: class com.zappos.json.ZapposJson_ESTest
[ERROR] /Users/curtis/Github/Thesis/chatTester/Repos/Zappos_zappos-json/src/test/java/com/zappos/json/ZapposJson_ESTest.java:[60,9] cannot find symbol
  symbol:   variable WRITER_CONFIGS
  location: class com.zappos.json.ZapposJson_ESTest
[ERROR] /Users/curtis/Github/Thesis/chatTester/Repos/Zappos_zappos-json/src/test/java/com/zappos/json/ZapposJson_ESTest.java:[60,36] package WriterConfig does not exist
[ERROR] /Users/curtis/Github/Thesis/chatTester/Repos/Zappos_zappos-json/src/test/java/com/zappos/json/ZapposJson_ESTest.java:[61,34] cannot find symbol
  symbol:   variable WriterConfig
  location: class com.zappos.json.ZapposJson_ESTest
[ERROR] /Users/curtis/Github/Thesis/chatTester/Repos/Zappos_zappos-json/src/test/java/com/zappos/json/ZapposJson_ESTest.java:[64,9] cannot find symbol
  symbol:   variable WRITER_CONFIGS
  location: class com.zappos.json.ZapposJson_ESTest
[ERROR] /Users/curtis/Github/Thesis/chatTester/Repos/Zappos_zappos-json/src/test/java/com/zappos/json/ZapposJson_ESTest.java:[64,36] package WriterConfig does not exist
[ERROR] /Users/curtis/Github/Thesis/chatTester/Repos/Zappos_zappos-json/src/test/java/com/zappos/json/ZapposJson_ESTest.java:[65,35] cannot find symbol
  symbol:   variable WriterConfig
  location: class com.zappos.json.ZapposJson_ESTest
[INFO] 13 errors 
####################

original test path: /Users/curtis/Github/Thesis/chatTester/Repos/Zappos_zappos-json/src/test/java/com/zappos/json/ZapposJson_ESTest.java
[GENERATED PATH] ZapposJson_ESTest#is(WriterConfig config).java
[ERROR] COMPILATION ERROR : 
[INFO] -------------------------------------------------------------
[ERROR] /Users/curtis/Github/Thesis/chatTester/Repos/Zappos_zappos-json/src/test/java/com/zappos/json/ZapposJson_ESTest.java:[15,23] cannot find symbol
  symbol:   class WriterConfig
  location: package com.zappos.json
[ERROR] /Users/curtis/Github/Thesis/chatTester/Repos/Zappos_zappos-json/src/test/java/com/zappos/json/ZapposJson_ESTest.java:[53,36] cannot find symbol
  symbol:   variable WriterConfig
  location: class com.zappos.json.ZapposJson_ESTest
[ERROR] /Users/curtis/Github/Thesis/chatTester/Repos/Zappos_zappos-json/src/test/java/com/zappos/json/ZapposJson_ESTest.java:[53,14] cannot find symbol
  symbol:   class WriterConfig
  location: class com.zappos.json.ZapposJson_ESTest
[ERROR] /Users/curtis/Github/Thesis/chatTester/Repos/Zappos_zappos-json/src/test/java/com/zappos/json/ZapposJson_ESTest.java:[58,9] cannot find symbol
  symbol:   class WriterConfig
  location: class com.zappos.json.ZapposJson_ESTest
[ERROR] /Users/curtis/Github/Thesis/chatTester/Repos/Zappos_zappos-json/src/test/java/com/zappos/json/ZapposJson_ESTest.java:[58,36] cannot find symbol
  symbol:   variable WriterConfig
  location: class com.zappos.json.ZapposJson_ESTest
[INFO] 5 errors 
####################

original test path: /Users/curtis/Github/Thesis/chatTester/Repos/Zappos_zappos-json/src/test/java/com/zappos/json/ZapposJson_ESTest.java
[GENERATED PATH] ZapposJson_ESTest#is(WriterConfig config).java
[ERROR] COMPILATION ERROR : 
[INFO] -------------------------------------------------------------
[ERROR] /Users/curtis/Github/Thesis/chatTester/Repos/Zappos_zappos-json/src/test/java/com/zappos/json/ZapposJson_ESTest.java:[16,23] cannot find symbol
  symbol:   class WriterConfig
  location: package com.zappos.json
[ERROR] /Users/curtis/Github/Thesis/chatTester/Repos/Zappos_zappos-json/src/test/java/com/zappos/json/ZapposJson_ESTest.java:[55,36] cannot find symbol
  symbol:   variable WriterConfig
  location: class com.zappos.json.ZapposJson_ESTest
[ERROR] /Users/curtis/Github/Thesis/chatTester/Repos/Zappos_zappos-json/src/test/java/com/zappos/json/ZapposJson_ESTest.java:[55,14] cannot find symbol
  symbol:   class WriterConfig
  location: class com.zappos.json.ZapposJson_ESTest
[ERROR] /Users/curtis/Github/Thesis/chatTester/Repos/Zappos_zappos-json/src/test/java/com/zappos/json/ZapposJson_ESTest.java:[60,9] cannot find symbol
  symbol:   class WriterConfig
  location: class com.zappos.json.ZapposJson_ESTest
[ERROR] /Users/curtis/Github/Thesis/chatTester/Repos/Zappos_zappos-json/src/test/java/com/zappos/json/ZapposJson_ESTest.java:[60,36] cannot find symbol
  symbol:   variable WriterConfig
  location: class com.zappos.json.ZapposJson_ESTest
[ERROR] /Users/curtis/Github/Thesis/chatTester/Repos/Zappos_zappos-json/src/test/java/com/zappos/json/ZapposJson_ESTest.java:[61,19] WRITER_CONFIGS has private access in com.zappos.json.ZapposJson
[ERROR] /Users/curtis/Github/Thesis/chatTester/Repos/Zappos_zappos-json/src/test/java/com/zappos/json/ZapposJson_ESTest.java:[65,9] cannot find symbol
  symbol:   class WriterConfig
  location: class com.zappos.json.ZapposJson_ESTest
[ERROR] /Users/curtis/Github/Thesis/chatTester/Repos/Zappos_zappos-json/src/test/java/com/zappos/json/ZapposJson_ESTest.java:[65,43] cannot find symbol
  symbol:   variable WriterConfig
  location: class com.zappos.json.ZapposJson_ESTest
[ERROR] /Users/curtis/Github/Thesis/chatTester/Repos/Zappos_zappos-json/src/test/java/com/zappos/json/ZapposJson_ESTest.java:[66,19] WRITER_CONFIGS has private access in com.zappos.json.ZapposJson
[ERROR] /Users/curtis/Github/Thesis/chatTester/Repos/Zappos_zappos-json/src/test/java/com/zappos/json/ZapposJson_ESTest.java:[70,19] WRITER_CONFIGS has private access in com.zappos.json.ZapposJson
[INFO] 10 errors 
####################

original test path: /Users/curtis/Github/Thesis/chatTester/Repos/Zappos_zappos-json/src/test/java/com/zappos/json/ZapposJson_ESTest.java
[GENERATED PATH] ZapposJson_ESTest#is(WriterConfig config).java
[ERROR] COMPILATION ERROR : 
[INFO] -------------------------------------------------------------
[ERROR] /Users/curtis/Github/Thesis/chatTester/Repos/Zappos_zappos-json/src/test/java/com/zappos/json/ZapposJson_ESTest.java:[17,23] cannot find symbol
  symbol:   class WriterConfig
  location: package com.zappos.json
[ERROR] /Users/curtis/Github/Thesis/chatTester/Repos/Zappos_zappos-json/src/test/java/com/zappos/json/ZapposJson_ESTest.java:[57,36] cannot find symbol
  symbol:   variable WriterConfig
  location: class com.zappos.json.ZapposJson_ESTest
[ERROR] /Users/curtis/Github/Thesis/chatTester/Repos/Zappos_zappos-json/src/test/java/com/zappos/json/ZapposJson_ESTest.java:[57,14] cannot find symbol
  symbol:   class WriterConfig
  location: class com.zappos.json.ZapposJson_ESTest
[ERROR] /Users/curtis/Github/Thesis/chatTester/Repos/Zappos_zappos-json/src/test/java/com/zappos/json/ZapposJson_ESTest.java:[62,19] WRITER_CONFIGS has private access in com.zappos.json.ZapposJson
[ERROR] /Users/curtis/Github/Thesis/chatTester/Repos/Zappos_zappos-json/src/test/java/com/zappos/json/ZapposJson_ESTest.java:[62,47] package WriterConfig does not exist
[ERROR] /Users/curtis/Github/Thesis/chatTester/Repos/Zappos_zappos-json/src/test/java/com/zappos/json/ZapposJson_ESTest.java:[63,34] cannot find symbol
  symbol:   variable WriterConfig
  location: class com.zappos.json.ZapposJson_ESTest
[ERROR] /Users/curtis/Github/Thesis/chatTester/Repos/Zappos_zappos-json/src/test/java/com/zappos/json/ZapposJson_ESTest.java:[66,19] WRITER_CONFIGS has private access in com.zappos.json.ZapposJson
[ERROR] /Users/curtis/Github/Thesis/chatTester/Repos/Zappos_zappos-json/src/test/java/com/zappos/json/ZapposJson_ESTest.java:[66,47] package WriterConfig does not exist
[ERROR] /Users/curtis/Github/Thesis/chatTester/Repos/Zappos_zappos-json/src/test/java/com/zappos/json/ZapposJson_ESTest.java:[67,35] cannot find symbol
  symbol:   variable WriterConfig
  location: class com.zappos.json.ZapposJson_ESTest
[INFO] 9 errors 
####################

