original test path: /Users/curtis/Github/Thesis/chatTester/Repos/sachin-handiekar_jInstagram/src/test/java/org/jinstagram/auth/oauth/InstagramService_ESTest.java
[GENERATED PATH] InstagramService_ESTest#signRequest(Token accessToken, OAuthRequest request).java
[ERROR] COMPILATION ERROR : 
[INFO] -------------------------------------------------------------
[ERROR] /Users/curtis/Github/Thesis/chatTester/Repos/sachin-handiekar_jInstagram/src/test/java/org/jinstagram/auth/oauth/InstagramService_ESTest.java:[34,29] no suitable constructor found for Token(java.lang.String)
    constructor org.jinstagram.auth.model.Token.Token(java.lang.String,java.lang.String) is not applicable
      (actual and formal argument lists differ in length)
    constructor org.jinstagram.auth.model.Token.Token(java.lang.String,java.lang.String,java.lang.String) is not applicable
      (actual and formal argument lists differ in length)
[ERROR] /Users/curtis/Github/Thesis/chatTester/Repos/sachin-handiekar_jInstagram/src/test/java/org/jinstagram/auth/oauth/InstagramService_ESTest.java:[38,28] constructor InstagramApi in class org.jinstagram.auth.InstagramApi cannot be applied to given types;
  required: no arguments
  found: java.lang.String,java.lang.String
  reason: actual and formal argument lists differ in length
[INFO] 2 errors 
####################

original test path: /Users/curtis/Github/Thesis/chatTester/Repos/sachin-handiekar_jInstagram/src/test/java/org/jinstagram/auth/oauth/InstagramService_ESTest.java
[GENERATED PATH] InstagramService_ESTest#signRequest(Token accessToken, OAuthRequest request).java
[ERROR] COMPILATION ERROR : 
[INFO] -------------------------------------------------------------
[ERROR] /Users/curtis/Github/Thesis/chatTester/Repos/sachin-handiekar_jInstagram/src/test/java/org/jinstagram/auth/oauth/InstagramService_ESTest.java:[37,25] no suitable constructor found for Token(java.lang.String)
    constructor org.jinstagram.auth.model.Token.Token(java.lang.String,java.lang.String) is not applicable
      (actual and formal argument lists differ in length)
    constructor org.jinstagram.auth.model.Token.Token(java.lang.String,java.lang.String,java.lang.String) is not applicable
      (actual and formal argument lists differ in length)
[ERROR] /Users/curtis/Github/Thesis/chatTester/Repos/sachin-handiekar_jInstagram/src/test/java/org/jinstagram/auth/oauth/InstagramService_ESTest.java:[39,45] cannot find symbol
  symbol:   variable Verb
  location: class org.jinstagram.auth.oauth.InstagramService_ESTest
[ERROR] /Users/curtis/Github/Thesis/chatTester/Repos/sachin-handiekar_jInstagram/src/test/java/org/jinstagram/auth/oauth/InstagramService_ESTest.java:[40,24] constructor InstagramApi in class org.jinstagram.auth.InstagramApi cannot be applied to given types;
  required: no arguments
  found: java.lang.String,java.lang.String
  reason: actual and formal argument lists differ in length
[INFO] 3 errors 
####################

original test path: /Users/curtis/Github/Thesis/chatTester/Repos/sachin-handiekar_jInstagram/src/test/java/org/jinstagram/auth/oauth/InstagramService_ESTest.java
[GENERATED PATH] InstagramService_ESTest#signRequest(Token accessToken, OAuthRequest request).java
[ERROR] COMPILATION ERROR : 
[INFO] -------------------------------------------------------------
[ERROR] /Users/curtis/Github/Thesis/chatTester/Repos/sachin-handiekar_jInstagram/src/test/java/org/jinstagram/auth/oauth/InstagramService_ESTest.java:[39,25] no suitable constructor found for Token(java.lang.String)
    constructor org.jinstagram.auth.model.Token.Token(java.lang.String,java.lang.String) is not applicable
      (actual and formal argument lists differ in length)
    constructor org.jinstagram.auth.model.Token.Token(java.lang.String,java.lang.String,java.lang.String) is not applicable
      (actual and formal argument lists differ in length)
[ERROR] /Users/curtis/Github/Thesis/chatTester/Repos/sachin-handiekar_jInstagram/src/test/java/org/jinstagram/auth/oauth/InstagramService_ESTest.java:[41,45] cannot find symbol
  symbol:   variable Verb
  location: class org.jinstagram.auth.oauth.InstagramService_ESTest
[ERROR] /Users/curtis/Github/Thesis/chatTester/Repos/sachin-handiekar_jInstagram/src/test/java/org/jinstagram/auth/oauth/InstagramService_ESTest.java:[42,24] constructor InstagramApi in class org.jinstagram.auth.InstagramApi cannot be applied to given types;
  required: no arguments
  found: java.lang.String,java.lang.String
  reason: actual and formal argument lists differ in length
[INFO] 3 errors 
####################

original test path: /Users/curtis/Github/Thesis/chatTester/Repos/sachin-handiekar_jInstagram/src/test/java/org/jinstagram/auth/oauth/InstagramService_ESTest.java
[GENERATED PATH] InstagramService_ESTest#signRequest(Token accessToken, OAuthRequest request).java
[ERROR] COMPILATION ERROR : 
[INFO] -------------------------------------------------------------
[ERROR] /Users/curtis/Github/Thesis/chatTester/Repos/sachin-handiekar_jInstagram/src/test/java/org/jinstagram/auth/oauth/InstagramService_ESTest.java:[42,66] cannot find symbol
  symbol:   variable mockApi
  location: class org.jinstagram.auth.oauth.InstagramService_ESTest
[ERROR] /Users/curtis/Github/Thesis/chatTester/Repos/sachin-handiekar_jInstagram/src/test/java/org/jinstagram/auth/oauth/InstagramService_ESTest.java:[42,75] cannot find symbol
  symbol:   variable mockConfig
  location: class org.jinstagram.auth.oauth.InstagramService_ESTest
[ERROR] /Users/curtis/Github/Thesis/chatTester/Repos/sachin-handiekar_jInstagram/src/test/java/org/jinstagram/auth/oauth/InstagramService_ESTest.java:[44,22] cannot find symbol
  symbol:   variable mockToken
  location: class org.jinstagram.auth.oauth.InstagramService_ESTest
[ERROR] /Users/curtis/Github/Thesis/chatTester/Repos/sachin-handiekar_jInstagram/src/test/java/org/jinstagram/auth/oauth/InstagramService_ESTest.java:[47,38] cannot find symbol
  symbol:   variable mockToken
  location: class org.jinstagram.auth.oauth.InstagramService_ESTest
[ERROR] /Users/curtis/Github/Thesis/chatTester/Repos/sachin-handiekar_jInstagram/src/test/java/org/jinstagram/auth/oauth/InstagramService_ESTest.java:[47,49] cannot find symbol
  symbol:   variable mockRequest
  location: class org.jinstagram.auth.oauth.InstagramService_ESTest
[ERROR] /Users/curtis/Github/Thesis/chatTester/Repos/sachin-handiekar_jInstagram/src/test/java/org/jinstagram/auth/oauth/InstagramService_ESTest.java:[50,24] cannot find symbol
  symbol:   variable mockRequest
  location: class org.jinstagram.auth.oauth.InstagramService_ESTest
[INFO] 6 errors 
####################

original test path: /Users/curtis/Github/Thesis/chatTester/Repos/sachin-handiekar_jInstagram/src/test/java/org/jinstagram/auth/oauth/InstagramService_ESTest.java
[GENERATED PATH] InstagramService_ESTest#signRequest(Token accessToken, OAuthRequest request).java
[ERROR] COMPILATION ERROR : 
[INFO] -------------------------------------------------------------
[ERROR] /Users/curtis/Github/Thesis/chatTester/Repos/sachin-handiekar_jInstagram/src/test/java/org/jinstagram/auth/oauth/InstagramService_ESTest.java:[43,28] cannot find symbol
  symbol:   method mock(java.lang.Class<org.jinstagram.auth.InstagramApi>)
  location: class org.jinstagram.auth.oauth.InstagramService_ESTest
[ERROR] /Users/curtis/Github/Thesis/chatTester/Repos/sachin-handiekar_jInstagram/src/test/java/org/jinstagram/auth/oauth/InstagramService_ESTest.java:[44,30] cannot find symbol
  symbol:   method mock(java.lang.Class<org.jinstagram.auth.model.OAuthConfig>)
  location: class org.jinstagram.auth.oauth.InstagramService_ESTest
[ERROR] /Users/curtis/Github/Thesis/chatTester/Repos/sachin-handiekar_jInstagram/src/test/java/org/jinstagram/auth/oauth/InstagramService_ESTest.java:[45,23] cannot find symbol
  symbol:   method mock(java.lang.Class<org.jinstagram.auth.model.Token>)
  location: class org.jinstagram.auth.oauth.InstagramService_ESTest
[ERROR] /Users/curtis/Github/Thesis/chatTester/Repos/sachin-handiekar_jInstagram/src/test/java/org/jinstagram/auth/oauth/InstagramService_ESTest.java:[46,32] cannot find symbol
  symbol:   method mock(java.lang.Class<org.jinstagram.auth.model.OAuthRequest>)
  location: class org.jinstagram.auth.oauth.InstagramService_ESTest
[INFO] 4 errors 
####################

original test path: /Users/curtis/Github/Thesis/chatTester/Repos/sachin-handiekar_jInstagram/src/test/java/org/jinstagram/auth/oauth/InstagramService_ESTest.java
[GENERATED PATH] InstagramService_ESTest#signRequest(Token accessToken, OAuthRequest request).java
[ERROR] COMPILATION ERROR : 
[INFO] -------------------------------------------------------------
[ERROR] /Users/curtis/Github/Thesis/chatTester/Repos/sachin-handiekar_jInstagram/src/test/java/org/jinstagram/auth/oauth/InstagramService_ESTest.java:[46,28] cannot find symbol
  symbol:   method mock(java.lang.Class<org.jinstagram.auth.InstagramApi>)
  location: class org.jinstagram.auth.oauth.InstagramService_ESTest
[ERROR] /Users/curtis/Github/Thesis/chatTester/Repos/sachin-handiekar_jInstagram/src/test/java/org/jinstagram/auth/oauth/InstagramService_ESTest.java:[48,30] cannot find symbol
  symbol:   method mock(java.lang.Class<org.jinstagram.auth.model.OAuthConfig>)
  location: class org.jinstagram.auth.oauth.InstagramService_ESTest
[ERROR] /Users/curtis/Github/Thesis/chatTester/Repos/sachin-handiekar_jInstagram/src/test/java/org/jinstagram/auth/oauth/InstagramService_ESTest.java:[49,23] cannot find symbol
  symbol:   method mock(java.lang.Class<org.jinstagram.auth.model.Token>)
  location: class org.jinstagram.auth.oauth.InstagramService_ESTest
[ERROR] /Users/curtis/Github/Thesis/chatTester/Repos/sachin-handiekar_jInstagram/src/test/java/org/jinstagram/auth/oauth/InstagramService_ESTest.java:[50,32] cannot find symbol
  symbol:   method mock(java.lang.Class<org.jinstagram.auth.model.OAuthRequest>)
  location: class org.jinstagram.auth.oauth.InstagramService_ESTest
[INFO] 4 errors 
####################

