original test path: /Users/curtis/Github/Thesis/chatTester/Repos/sachin-handiekar_jInstagram/src/test/java/org/jinstagram/realtime/InstagramSubscription_ESTest.java
[GENERATED PATH] InstagramSubscription_ESTest#radius(String radius).java
[ERROR] COMPILATION ERROR : 
[INFO] -------------------------------------------------------------
[ERROR] /Users/curtis/Github/Thesis/chatTester/Repos/sachin-handiekar_jInstagram/src/test/java/org/jinstagram/InstagramObject_ESTest.java:[45,55] diamond operator is not supported in -source 1.6
  (use -source 7 or higher to enable diamond operator)
[INFO] 1 error
####################

original test path: /Users/curtis/Github/Thesis/chatTester/Repos/sachin-handiekar_jInstagram/src/test/java/org/jinstagram/realtime/InstagramSubscription_ESTest.java
[GENERATED PATH] InstagramSubscription_ESTest#radius(String radius).java
[ERROR] COMPILATION ERROR : 
[INFO] -------------------------------------------------------------
[ERROR] /Users/curtis/Github/Thesis/chatTester/Repos/sachin-handiekar_jInstagram/src/test/java/org/jinstagram/realtime/InstagramSubscription_ESTest.java:[31,42] params has private access in org.jinstagram.realtime.InstagramSubscription
[INFO] 1 error
####################

original test path: /Users/curtis/Github/Thesis/chatTester/Repos/sachin-handiekar_jInstagram/src/test/java/org/jinstagram/realtime/InstagramSubscription_ESTest.java
[GENERATED PATH] InstagramSubscription_ESTest#radius(String radius).java
[ERROR] COMPILATION ERROR : 
[INFO] -------------------------------------------------------------
[ERROR] /Users/curtis/Github/Thesis/chatTester/Repos/sachin-handiekar_jInstagram/src/test/java/org/jinstagram/realtime/InstagramSubscription_ESTest.java:[32,38] cannot find symbol
  symbol:   variable radius
  location: variable subscription of type org.jinstagram.realtime.InstagramSubscription
[INFO] 1 error
####################

original test path: /Users/curtis/Github/Thesis/chatTester/Repos/sachin-handiekar_jInstagram/src/test/java/org/jinstagram/realtime/InstagramSubscription_ESTest.java
[GENERATED PATH] InstagramSubscription_ESTest#radius(String radius).java
[ERROR] COMPILATION ERROR : 
[INFO] -------------------------------------------------------------
[ERROR] /Users/curtis/Github/Thesis/chatTester/Repos/sachin-handiekar_jInstagram/src/test/java/org/jinstagram/realtime/InstagramSubscription_ESTest.java:[34,38] method radius in class org.jinstagram.realtime.InstagramSubscription cannot be applied to given types;
  required: java.lang.String
  found: no arguments
  reason: actual and formal argument lists differ in length
[INFO] 1 error
####################

original test path: /Users/curtis/Github/Thesis/chatTester/Repos/sachin-handiekar_jInstagram/src/test/java/org/jinstagram/realtime/InstagramSubscription_ESTest.java
[GENERATED PATH] InstagramSubscription_ESTest#radius(String radius).java
[ERROR] COMPILATION ERROR : 
[INFO] -------------------------------------------------------------
[ERROR] /Users/curtis/Github/Thesis/chatTester/Repos/sachin-handiekar_jInstagram/src/test/java/org/jinstagram/realtime/InstagramSubscription_ESTest.java:[39,38] params has private access in org.jinstagram.realtime.InstagramSubscription
[INFO] 1 error
####################

original test path: /Users/curtis/Github/Thesis/chatTester/Repos/sachin-handiekar_jInstagram/src/test/java/org/jinstagram/realtime/InstagramSubscription_ESTest.java
[GENERATED PATH] InstagramSubscription_ESTest#radius(String radius).java
[ERROR] COMPILATION ERROR : 
[INFO] -------------------------------------------------------------
[ERROR] /Users/curtis/Github/Thesis/chatTester/Repos/sachin-handiekar_jInstagram/src/test/java/org/jinstagram/realtime/InstagramSubscription_ESTest.java:[29,36] cannot find symbol
  symbol:   variable radius
  location: variable subscription of type org.jinstagram.realtime.InstagramSubscription
[INFO] 1 error
####################

original test path: /Users/curtis/Github/Thesis/chatTester/Repos/sachin-handiekar_jInstagram/src/test/java/org/jinstagram/realtime/InstagramSubscription_ESTest.java
[GENERATED PATH] InstagramSubscription_ESTest#radius(String radius).java
[ERROR] COMPILATION ERROR : 
[INFO] -------------------------------------------------------------
[ERROR] /Users/curtis/Github/Thesis/chatTester/Repos/sachin-handiekar_jInstagram/src/test/java/org/jinstagram/realtime/InstagramSubscription_ESTest.java:[29,36] cannot find symbol
  symbol:   variable radius
  location: variable subscription of type org.jinstagram.realtime.InstagramSubscription
[INFO] 1 error
####################

original test path: /Users/curtis/Github/Thesis/chatTester/Repos/sachin-handiekar_jInstagram/src/test/java/org/jinstagram/realtime/InstagramSubscription_ESTest.java
[GENERATED PATH] InstagramSubscription_ESTest#radius(String radius).java
[ERROR] COMPILATION ERROR : 
[INFO] -------------------------------------------------------------
[ERROR] /Users/curtis/Github/Thesis/chatTester/Repos/sachin-handiekar_jInstagram/src/test/java/org/jinstagram/realtime/InstagramSubscription_ESTest.java:[29,36] cannot find symbol
  symbol:   variable radius
  location: variable subscription of type org.jinstagram.realtime.InstagramSubscription
[INFO] 1 error
####################

