<?xml version="1.0" encoding="UTF-8"?>
<testsuite xmlns:xsi="http://www.w3.org/2001/XMLSchema-instance" xsi:noNamespaceSchemaLocation="https://maven.apache.org/surefire/maven-surefire-plugin/xsd/surefire-test-report-3.0.xsd" version="3.0" name="org.jinstagram.auth.oauth.InstagramService_ESTest" time="5.321" tests="1" errors="1" skipped="0" failures="0">
  <properties>
[...]
</properties>
  <testcase name="testSignRequest_AddsAccessTokenToRequest" classname="org.jinstagram.auth.oauth.InstagramService_ESTest" time="1.196">
    <error message="Expected non-static field org.mockito.cglib.proxy.Enhancer.serialVersionUID" type="java.lang.IncompatibleClassChangeError"><![CDATA[java.lang.IncompatibleClassChangeError: Expected non-static field org.mockito.cglib.proxy.Enhancer.serialVersionUID
	at org.mockito.cglib.proxy.Enhancer.setSerialVersionUID(Enhancer.java:326)
	at org.powermock.api.mockito.repackaged.ClassImposterizer.createProxyClass(ClassImposterizer.java:121)
	at org.powermock.api.mockito.repackaged.ClassImposterizer.imposterise(ClassImposterizer.java:58)
	at org.powermock.api.mockito.repackaged.ClassImposterizer.imposterise(ClassImposterizer.java:50)
	at org.powermock.api.mockito.repackaged.CglibMockMaker.createMock(CglibMockMaker.java:25)
	at org.powermock.api.mockito.internal.mockmaker.PowerMockMaker.createMock(PowerMockMaker.java:47)
	at org.mockito.internal.util.MockUtil.createMock(MockUtil.java:33)
	at org.mockito.internal.MockitoCore.mock(MockitoCore.java:59)
	at org.mockito.Mockito.mock(Mockito.java:1285)
	at org.mockito.Mockito.mock(Mockito.java:1163)
	at org.jinstagram.auth.oauth.InstagramService_ESTest.testSignRequest_AddsAccessTokenToRequest(InstagramService_ESTest.java:48)
	at sun.reflect.NativeMethodAccessorImpl.invoke0(Native Method)
	at sun.reflect.NativeMethodAccessorImpl.invoke(NativeMethodAccessorImpl.java:62)
	at sun.reflect.DelegatingMethodAccessorImpl.invoke(DelegatingMethodAccessorImpl.java:43)
	at java.lang.reflect.Method.invoke(Method.java:498)
	at org.junit.runners.model.FrameworkMethod$1.runReflectiveCall(FrameworkMethod.java:50)
	at org.junit.internal.runners.model.ReflectiveCallable.run(ReflectiveCallable.java:12)
	at org.junit.runners.model.FrameworkMethod.invokeExplosively(FrameworkMethod.java:47)
	at org.junit.internal.runners.statements.InvokeMethod.evaluate(InvokeMethod.java:17)
	at org.junit.internal.runners.statements.RunBefores.evaluate(RunBefores.java:26)
	at org.junit.internal.runners.statements.RunAfters.evaluate(RunAfters.java:27)
	at org.evosuite.runtime.vnet.NonFunctionalRequirementRule$1.evaluate(NonFunctionalRequirementRule.java:41)
	at org.junit.rules.RunRules.evaluate(RunRules.java:20)
	at org.junit.runners.ParentRunner.runLeaf(ParentRunner.java:325)
	at org.junit.runners.BlockJUnit4ClassRunner.runChild(BlockJUnit4ClassRunner.java:78)
	at org.junit.runners.BlockJUnit4ClassRunner.runChild(BlockJUnit4ClassRunner.java:57)
	at org.junit.runners.ParentRunner$3.run(ParentRunner.java:290)
	at org.junit.runners.ParentRunner$1.schedule(ParentRunner.java:71)
	at org.junit.runners.ParentRunner.runChildren(ParentRunner.java:288)
	at org.junit.runners.ParentRunner.access$000(ParentRunner.java:58)
	at org.junit.runners.ParentRunner$2.evaluate(ParentRunner.java:268)
	at org.junit.internal.runners.statements.RunBefores.evaluate(RunBefores.java:26)
	at org.junit.internal.runners.statements.RunAfters.evaluate(RunAfters.java:27)
	at org.junit.runners.ParentRunner.run(ParentRunner.java:363)
	at org.junit.runner.JUnitCore.run(JUnitCore.java:137)
	at org.junit.runner.JUnitCore.run(JUnitCore.java:115)
	at org.junit.vintage.engine.execution.RunnerExecutor.execute(RunnerExecutor.java:42)
	at org.junit.vintage.engine.VintageTestEngine.executeAllChildren(VintageTestEngine.java:80)
	at org.junit.vintage.engine.VintageTestEngine.execute(VintageTestEngine.java:72)
	at org.junit.platform.launcher.core.EngineExecutionOrchestrator.execute(EngineExecutionOrchestrator.java:147)
	at org.junit.platform.launcher.core.EngineExecutionOrchestrator.execute(EngineExecutionOrchestrator.java:127)
	at org.junit.platform.launcher.core.EngineExecutionOrchestrator.execute(EngineExecutionOrchestrator.java:90)
	at org.junit.platform.launcher.core.EngineExecutionOrchestrator.lambda$execute$0(EngineExecutionOrchestrator.java:55)
	at org.junit.platform.launcher.core.EngineExecutionOrchestrator.withInterceptedStreams(EngineExecutionOrchestrator.java:102)
	at org.junit.platform.launcher.core.EngineExecutionOrchestrator.execute(EngineExecutionOrchestrator.java:54)
	at org.junit.platform.launcher.core.DefaultLauncher.execute(DefaultLauncher.java:114)
	at org.junit.platform.launcher.core.DefaultLauncher.execute(DefaultLauncher.java:86)
	at org.junit.platform.launcher.core.DefaultLauncherSession$DelegatingLauncher.execute(DefaultLauncherSession.java:86)
	at org.apache.maven.surefire.junitplatform.LazyLauncher.execute(LazyLauncher.java:56)
	at org.apache.maven.surefire.junitplatform.JUnitPlatformProvider.execute(JUnitPlatformProvider.java:184)
	at org.apache.maven.surefire.junitplatform.JUnitPlatformProvider.invokeAllTests(JUnitPlatformProvider.java:148)
	at org.apache.maven.surefire.junitplatform.JUnitPlatformProvider.invoke(JUnitPlatformProvider.java:122)
	at org.apache.maven.surefire.booter.ForkedBooter.runSuitesInProcess(ForkedBooter.java:385)
	at org.apache.maven.surefire.booter.ForkedBooter.execute(ForkedBooter.java:162)
	at org.apache.maven.surefire.booter.ForkedBooter.run(ForkedBooter.java:507)
	at org.apache.maven.surefire.booter.ForkedBooter.main(ForkedBooter.java:495)
]]></error>
    <system-out><![CDATA[16:07:25.740 [main] INFO org.evosuite.runtime.agent.AgentLoader - dynamically loading javaagent
16:07:25.757 [main] INFO org.evosuite.runtime.agent.AgentLoader - Using JavaAgent in /Users/curtis/.m2/repository/org/evosuite/evosuite-standalone-runtime/1.0.6/evosuite-standalone-runtime-1.0.6.jar
16:07:25.767 [main] INFO org.evosuite.runtime.agent.AgentLoader - Classpath: /Users/curtis/Github/Thesis/chatTester/Repos/sachin-handiekar_jInstagram/target/test-classes:/Users/curtis/Github/Thesis/chatTester/Repos/sachin-handiekar_jInstagram/target/classes:/Users/curtis/.m2/repository/com/google/code/gson/gson/2.7/gson-2.7.jar:/Users/curtis/.m2/repository/org/apache/commons/commons-lang3/3.4/commons-lang3-3.4.jar:/Users/curtis/.m2/repository/commons-codec/commons-codec/1.10/commons-codec-1.10.jar:/Users/curtis/.m2/repository/org/slf4j/slf4j-api/1.7.21/slf4j-api-1.7.21.jar:/Users/curtis/.m2/repository/junit/junit/4.12/junit-4.12.jar:/Users/curtis/.m2/repository/org/hamcrest/hamcrest-core/1.3/hamcrest-core-1.3.jar:/Users/curtis/.m2/repository/org/mockito/mockito-core/1.10.19/mockito-core-1.10.19.jar:/Users/curtis/.m2/repository/org/objenesis/objenesis/2.1/objenesis-2.1.jar:/Users/curtis/.m2/repository/ch/qos/logback/logback-classic/1.1.7/logback-classic-1.1.7.jar:/Users/curtis/.m2/repository/ch/qos/logback/logback-core/1.1.7/logback-core-1.1.7.jar:/Users/curtis/.m2/repository/org/powermock/powermock-api-mockito/1.6.6/powermock-api-mockito-1.6.6.jar:/Users/curtis/.m2/repository/org/powermock/powermock-api-mockito-common/1.6.6/powermock-api-mockito-common-1.6.6.jar:/Users/curtis/.m2/repository/org/powermock/powermock-api-support/1.6.6/powermock-api-support-1.6.6.jar:/Users/curtis/.m2/repository/org/powermock/powermock-module-junit4/1.6.6/powermock-module-junit4-1.6.6.jar:/Users/curtis/.m2/repository/org/powermock/powermock-module-junit4-common/1.6.6/powermock-module-junit4-common-1.6.6.jar:/Users/curtis/.m2/repository/org/powermock/powermock-core/1.6.6/powermock-core-1.6.6.jar:/Users/curtis/.m2/repository/org/javassist/javassist/3.21.0-GA/javassist-3.21.0-GA.jar:/Users/curtis/.m2/repository/org/powermock/powermock-reflect/1.6.6/powermock-reflect-1.6.6.jar:/Users/curtis/.m2/repository/org/evosuite/evosuite-standalone-runtime/1.0.6/evosuite-standalone-runtime-1.0.6.jar:/Users/curtis/.m2/repository/org/junit/jupiter/junit-jupiter-api/5.9.0/junit-jupiter-api-5.9.0.jar:/Users/curtis/.m2/repository/org/opentest4j/opentest4j/1.2.0/opentest4j-1.2.0.jar:/Users/curtis/.m2/repository/org/junit/platform/junit-platform-commons/1.9.0/junit-platform-commons-1.9.0.jar:/Users/curtis/.m2/repository/org/apiguardian/apiguardian-api/1.1.2/apiguardian-api-1.1.2.jar:
16:07:25.768 [main] INFO org.evosuite.runtime.agent.AgentLoader - Going to attach agent to process 14083
16:07:26.033 [Attach Listener] INFO org.evosuite.runtime.agent.InstrumentingAgent - Executing agentmain of JavaAgent
16:07:29.827 [main] DEBUG org.evosuite.runtime.sandbox.MSecurityManager - Adding privileged thread: "Reference Handler"
16:07:29.827 [main] DEBUG org.evosuite.runtime.sandbox.MSecurityManager - Adding privileged thread: "Finalizer"
16:07:29.827 [main] DEBUG org.evosuite.runtime.sandbox.MSecurityManager - Adding privileged thread: "Signal Dispatcher"
16:07:29.828 [main] DEBUG org.evosuite.runtime.sandbox.MSecurityManager - Adding privileged thread: "Attach Listener"
16:07:29.828 [main] DEBUG org.evosuite.runtime.sandbox.MSecurityManager - Adding privileged thread: "AppKit Thread"
16:07:29.828 [main] DEBUG org.evosuite.runtime.sandbox.MSecurityManager - Adding privileged thread: "Java2D Queue Flusher"
16:07:29.828 [main] DEBUG org.evosuite.runtime.sandbox.MSecurityManager - Adding privileged thread: "Java2D Disposer"
16:07:29.828 [main] DEBUG org.evosuite.runtime.sandbox.MSecurityManager - Adding privileged thread: "main"
16:07:29.828 [main] DEBUG org.evosuite.runtime.sandbox.MSecurityManager - Adding privileged thread: "surefire-forkedjvm-stream-flusher"
16:07:29.828 [main] DEBUG org.evosuite.runtime.sandbox.MSecurityManager - Adding privileged thread: "surefire-forkedjvm-command-thread"
16:07:29.893 [main] DEBUG org.evosuite.runtime.agent.TransformerForTests - Going to instrument: org.jinstagram.auth.model.OAuthRequest
16:07:29.944 [main] INFO org.evosuite.runtime.instrumentation.MethodCallReplacementClassAdapter - Adding mock interface to class org/jinstagram/auth/model/OAuthRequest
16:07:30.255 [main] INFO org.evosuite.runtime.instrumentation.CreateClassResetClassAdapter - Creating brand-new static initializer in class org/jinstagram/auth/model/OAuthRequest
16:07:30.256 [main] INFO org.evosuite.runtime.instrumentation.CreateClassResetClassAdapter - Adding bytecode for initializing field OAUTH_PREFIX
16:07:30.260 [main] DEBUG org.evosuite.runtime.agent.TransformerForTests - Going to instrument: org.jinstagram.http.Request
16:07:30.264 [main] INFO org.evosuite.runtime.instrumentation.MethodCallReplacementClassAdapter - Adding mock interface to class org/jinstagram/http/Request
16:07:30.275 [main] INFO org.evosuite.runtime.instrumentation.CreateClassResetClassAdapter - Creating brand-new static initializer in class org/jinstagram/http/Request
16:07:30.276 [main] INFO org.evosuite.runtime.instrumentation.CreateClassResetClassAdapter - Adding bytecode for initializing field CONTENT_LENGTH
16:07:30.278 [main] DEBUG org.evosuite.runtime.agent.TransformerForTests - Going to instrument: org.jinstagram.auth.exceptions.OAuthException
16:07:30.278 [main] INFO org.evosuite.runtime.instrumentation.MethodCallReplacementClassAdapter - Adding mock interface to class org/jinstagram/auth/exceptions/OAuthException
16:07:30.281 [main] INFO org.evosuite.runtime.instrumentation.CreateClassResetClassAdapter - Creating brand-new static initializer in class org/jinstagram/auth/exceptions/OAuthException
16:07:30.286 [main] DEBUG org.evosuite.runtime.agent.TransformerForTests - Going to instrument: org.jinstagram.auth.InstagramApi
16:07:30.286 [main] INFO org.evosuite.runtime.instrumentation.MethodCallReplacementClassAdapter - Adding mock interface to class org/jinstagram/auth/InstagramApi
16:07:30.294 [main] INFO org.evosuite.runtime.instrumentation.CreateClassResetClassAdapter - Creating brand-new static initializer in class org/jinstagram/auth/InstagramApi
16:07:30.296 [main] DEBUG org.evosuite.runtime.agent.TransformerForTests - Going to instrument: org.jinstagram.auth.AccessTokenExtractor
16:07:30.298 [main] DEBUG org.evosuite.runtime.agent.TransformerForTests - Going to instrument: org.jinstagram.http.Response
16:07:30.298 [main] INFO org.evosuite.runtime.instrumentation.MethodCallReplacementClassAdapter - Adding mock interface to class org/jinstagram/http/Response
16:07:30.308 [main] INFO org.evosuite.runtime.instrumentation.CreateClassResetClassAdapter - Creating brand-new static initializer in class org/jinstagram/http/Response
16:07:30.308 [main] INFO org.evosuite.runtime.instrumentation.CreateClassResetClassAdapter - Adding bytecode for initializing field EMPTY_RESPONSE
16:07:30.310 [main] DEBUG org.evosuite.runtime.agent.TransformerForTests - Going to instrument: org.jinstagram.http.Verbs
16:07:30.310 [main] INFO org.evosuite.runtime.instrumentation.MethodCallReplacementClassAdapter - Adding mock interface to class org/jinstagram/http/Verbs
16:07:30.314 [main] INFO org.evosuite.runtime.instrumentation.CreateClassResetClassAdapter - Found static initializer in class org/jinstagram/http/Verbs
16:07:30.317 [main] DEBUG org.evosuite.runtime.agent.TransformerForTests - Going to instrument: org.jinstagram.auth.oauth.InstagramService
16:07:30.318 [main] INFO org.evosuite.runtime.instrumentation.MethodCallReplacementClassAdapter - Adding mock interface to class org/jinstagram/auth/oauth/InstagramService
16:07:30.326 [main] INFO org.evosuite.runtime.instrumentation.CreateClassResetClassAdapter - Creating brand-new static initializer in class org/jinstagram/auth/oauth/InstagramService
16:07:30.326 [main] INFO org.evosuite.runtime.instrumentation.CreateClassResetClassAdapter - Adding bytecode for initializing field VERSION
16:07:30.326 [main] INFO org.evosuite.runtime.instrumentation.CreateClassResetClassAdapter - Adding bytecode for initializing field AUTHORIZATION_CODE
16:07:30.327 [main] DEBUG org.evosuite.runtime.agent.TransformerForTests - Going to instrument: org.jinstagram.InstagramClient
16:07:30.337 [main] DEBUG org.evosuite.runtime.agent.TransformerForTests - Going to instrument: org.jinstagram.auth.model.Verifier
16:07:30.338 [main] INFO org.evosuite.runtime.instrumentation.MethodCallReplacementClassAdapter - Adding mock interface to class org/jinstagram/auth/model/Verifier
16:07:30.341 [main] INFO org.evosuite.runtime.instrumentation.CreateClassResetClassAdapter - Creating brand-new static initializer in class org/jinstagram/auth/model/Verifier
16:07:30.342 [main] DEBUG org.evosuite.runtime.agent.TransformerForTests - Going to instrument: org.jinstagram.auth.model.OAuthConfig
16:07:30.342 [main] INFO org.evosuite.runtime.instrumentation.MethodCallReplacementClassAdapter - Adding mock interface to class org/jinstagram/auth/model/OAuthConfig
16:07:30.344 [main] INFO org.evosuite.runtime.instrumentation.CreateClassResetClassAdapter - Creating brand-new static initializer in class org/jinstagram/auth/model/OAuthConfig
16:07:30.345 [main] DEBUG org.evosuite.runtime.agent.TransformerForTests - Going to instrument: org.jinstagram.auth.model.Token
16:07:30.345 [main] INFO org.evosuite.runtime.instrumentation.MethodCallReplacementClassAdapter - Adding mock interface to class org/jinstagram/auth/model/Token
16:07:30.352 [main] INFO org.evosuite.runtime.instrumentation.CreateClassResetClassAdapter - Creating brand-new static initializer in class org/jinstagram/auth/model/Token
16:07:30.354 [main] DEBUG org.evosuite.runtime.agent.TransformerForTests - Going to instrument: org.jinstagram.utils.Preconditions
16:07:30.357 [main] INFO org.evosuite.runtime.instrumentation.MethodCallReplacementClassAdapter - Adding mock interface to class org/jinstagram/utils/Preconditions
16:07:30.364 [main] INFO org.evosuite.runtime.instrumentation.CreateClassResetClassAdapter - Found static initializer in class org/jinstagram/utils/Preconditions
16:07:30.419 [main] DEBUG org.evosuite.runtime.agent.TransformerForTests - Going to instrument: org.mockito.Mockito
16:07:30.422 [main] INFO org.evosuite.runtime.instrumentation.MethodCallReplacementClassAdapter - Adding mock interface to class org/mockito/Mockito
16:07:30.434 [main] INFO org.evosuite.runtime.instrumentation.CreateClassResetClassAdapter - Found static initializer in class org/mockito/Mockito
16:07:30.437 [main] DEBUG org.evosuite.runtime.agent.TransformerForTests - Going to instrument: org.mockito.Matchers
16:07:30.445 [main] INFO org.evosuite.runtime.instrumentation.MethodCallReplacementClassAdapter - Adding mock interface to class org/mockito/Matchers
16:07:30.452 [main] INFO org.evosuite.runtime.instrumentation.CreateClassResetClassAdapter - Found static initializer in class org/mockito/Matchers
16:07:30.454 [main] DEBUG org.evosuite.runtime.agent.TransformerForTests - Going to instrument: org.hamcrest.Matcher
16:07:30.459 [main] DEBUG org.evosuite.runtime.agent.TransformerForTests - Going to instrument: org.mockito.internal.progress.MockingProgress
16:07:30.460 [main] DEBUG org.evosuite.runtime.agent.TransformerForTests - Going to instrument: org.mockito.verification.VerificationMode
16:07:30.461 [main] DEBUG org.evosuite.runtime.agent.TransformerForTests - Going to instrument: org.mockito.verification.VerificationAfterDelay
16:07:30.463 [main] DEBUG org.evosuite.runtime.agent.TransformerForTests - Going to instrument: org.mockito.MockitoDebugger
16:07:30.465 [main] DEBUG org.evosuite.runtime.agent.TransformerForTests - Going to instrument: org.mockito.verification.VerificationWithTimeout
16:07:30.466 [main] DEBUG org.evosuite.runtime.agent.TransformerForTests - Going to instrument: org.mockito.stubbing.Answer
16:07:30.467 [main] DEBUG org.evosuite.runtime.agent.TransformerForTests - Going to instrument: org.mockito.internal.progress.ThreadSafeMockingProgress
16:07:30.468 [main] INFO org.evosuite.runtime.instrumentation.MethodCallReplacementClassAdapter - Adding mock interface to class org/mockito/internal/progress/ThreadSafeMockingProgress
16:07:30.477 [main] INFO org.evosuite.runtime.instrumentation.CreateClassResetClassAdapter - Found static initializer in class org/mockito/internal/progress/ThreadSafeMockingProgress
16:07:30.478 [main] DEBUG org.evosuite.runtime.agent.TransformerForTests - Going to instrument: org.mockito.internal.MockitoCore
16:07:30.489 [main] INFO org.evosuite.runtime.instrumentation.MethodCallReplacementClassAdapter - Adding mock interface to class org/mockito/internal/MockitoCore
16:07:30.513 [main] INFO org.evosuite.runtime.instrumentation.CreateClassResetClassAdapter - Creating brand-new static initializer in class org/mockito/internal/MockitoCore
16:07:30.515 [main] DEBUG org.evosuite.runtime.agent.TransformerForTests - Going to instrument: org.mockito.InOrder
16:07:30.516 [main] DEBUG org.evosuite.runtime.agent.TransformerForTests - Going to instrument: org.mockito.exceptions.misusing.NotAMockException
16:07:30.516 [main] INFO org.evosuite.runtime.instrumentation.MethodCallReplacementClassAdapter - Adding mock interface to class org/mockito/exceptions/misusing/NotAMockException
16:07:30.517 [main] INFO org.evosuite.runtime.instrumentation.CreateClassResetClassAdapter - Creating brand-new static initializer in class org/mockito/exceptions/misusing/NotAMockException
16:07:30.517 [main] DEBUG org.evosuite.runtime.agent.TransformerForTests - Going to instrument: org.mockito.exceptions.base.MockitoException
16:07:30.518 [main] INFO org.evosuite.runtime.instrumentation.MethodCallReplacementClassAdapter - Adding mock interface to class org/mockito/exceptions/base/MockitoException
16:07:30.522 [main] INFO org.evosuite.runtime.instrumentation.CreateClassResetClassAdapter - Creating brand-new static initializer in class org/mockito/exceptions/base/MockitoException
16:07:30.523 [main] DEBUG org.evosuite.runtime.agent.TransformerForTests - Going to instrument: org.mockito.internal.verification.api.VerificationData
16:07:30.524 [main] DEBUG org.evosuite.runtime.agent.TransformerForTests - Going to instrument: org.mockito.internal.stubbing.InvocationContainer
16:07:30.525 [main] DEBUG org.evosuite.runtime.agent.TransformerForTests - Going to instrument: org.mockito.MockingDetails
16:07:30.526 [main] DEBUG org.evosuite.runtime.agent.TransformerForTests - Going to instrument: org.mockito.internal.verification.api.VerificationDataInOrder
16:07:30.529 [main] DEBUG org.evosuite.runtime.agent.TransformerForTests - Going to instrument: org.mockito.exceptions.Reporter
16:07:30.533 [main] INFO org.evosuite.runtime.instrumentation.MethodCallReplacementClassAdapter - Adding mock interface to class org/mockito/exceptions/Reporter
16:07:30.561 [main] INFO org.evosuite.runtime.instrumentation.CreateClassResetClassAdapter - Creating brand-new static initializer in class org/mockito/exceptions/Reporter
16:07:30.564 [main] DEBUG org.evosuite.runtime.agent.TransformerForTests - Going to instrument: org.mockito.exceptions.misusing.NullInsteadOfMockException
16:07:30.565 [main] INFO org.evosuite.runtime.instrumentation.MethodCallReplacementClassAdapter - Adding mock interface to class org/mockito/exceptions/misusing/NullInsteadOfMockException
16:07:30.567 [main] INFO org.evosuite.runtime.instrumentation.CreateClassResetClassAdapter - Creating brand-new static initializer in class org/mockito/exceptions/misusing/NullInsteadOfMockException
16:07:30.573 [main] DEBUG org.evosuite.runtime.agent.TransformerForTests - Going to instrument: org.mockito.exceptions.misusing.MissingMethodInvocationException
16:07:30.573 [main] INFO org.evosuite.runtime.instrumentation.MethodCallReplacementClassAdapter - Adding mock interface to class org/mockito/exceptions/misusing/MissingMethodInvocationException
16:07:30.574 [main] INFO org.evosuite.runtime.instrumentation.CreateClassResetClassAdapter - Creating brand-new static initializer in class org/mockito/exceptions/misusing/MissingMethodInvocationException
16:07:30.575 [main] DEBUG org.evosuite.runtime.agent.TransformerForTests - Going to instrument: org.mockito.exceptions.verification.WantedButNotInvoked
16:07:30.575 [main] INFO org.evosuite.runtime.instrumentation.MethodCallReplacementClassAdapter - Adding mock interface to class org/mockito/exceptions/verification/WantedButNotInvoked
16:07:30.575 [main] INFO org.evosuite.runtime.instrumentation.CreateClassResetClassAdapter - Creating brand-new static initializer in class org/mockito/exceptions/verification/WantedButNotInvoked
16:07:30.575 [main] DEBUG org.evosuite.runtime.agent.TransformerForTests - Going to instrument: org.mockito.exceptions.base.MockitoAssertionError
16:07:30.576 [main] INFO org.evosuite.runtime.instrumentation.MethodCallReplacementClassAdapter - Adding mock interface to class org/mockito/exceptions/base/MockitoAssertionError
16:07:30.576 [main] INFO org.evosuite.runtime.instrumentation.CreateClassResetClassAdapter - Creating brand-new static initializer in class org/mockito/exceptions/base/MockitoAssertionError
16:07:30.577 [main] DEBUG org.evosuite.runtime.agent.TransformerForTests - Going to instrument: org.mockito.exceptions.misusing.WrongTypeOfReturnValue
16:07:30.579 [main] INFO org.evosuite.runtime.instrumentation.MethodCallReplacementClassAdapter - Adding mock interface to class org/mockito/exceptions/misusing/WrongTypeOfReturnValue
16:07:30.580 [main] INFO org.evosuite.runtime.instrumentation.CreateClassResetClassAdapter - Creating brand-new static initializer in class org/mockito/exceptions/misusing/WrongTypeOfReturnValue
16:07:30.581 [main] DEBUG org.evosuite.runtime.agent.TransformerForTests - Going to instrument: org.mockito.exceptions.verification.VerificationInOrderFailure
16:07:30.581 [main] INFO org.evosuite.runtime.instrumentation.MethodCallReplacementClassAdapter - Adding mock interface to class org/mockito/exceptions/verification/VerificationInOrderFailure
16:07:30.582 [main] INFO org.evosuite.runtime.instrumentation.CreateClassResetClassAdapter - Creating brand-new static initializer in class org/mockito/exceptions/verification/VerificationInOrderFailure
16:07:30.582 [main] DEBUG org.evosuite.runtime.agent.TransformerForTests - Going to instrument: org.mockito.exceptions.verification.TooManyActualInvocations
16:07:30.582 [main] INFO org.evosuite.runtime.instrumentation.MethodCallReplacementClassAdapter - Adding mock interface to class org/mockito/exceptions/verification/TooManyActualInvocations
16:07:30.582 [main] INFO org.evosuite.runtime.instrumentation.CreateClassResetClassAdapter - Creating brand-new static initializer in class org/mockito/exceptions/verification/TooManyActualInvocations
16:07:30.583 [main] DEBUG org.evosuite.runtime.agent.TransformerForTests - Going to instrument: org.mockito.exceptions.misusing.UnfinishedStubbingException
16:07:30.583 [main] INFO org.evosuite.runtime.instrumentation.MethodCallReplacementClassAdapter - Adding mock interface to class org/mockito/exceptions/misusing/UnfinishedStubbingException
16:07:30.583 [main] INFO org.evosuite.runtime.instrumentation.CreateClassResetClassAdapter - Creating brand-new static initializer in class org/mockito/exceptions/misusing/UnfinishedStubbingException
16:07:30.584 [main] DEBUG org.evosuite.runtime.agent.TransformerForTests - Going to instrument: org.mockito.exceptions.misusing.CannotStubVoidMethodWithReturnValue
16:07:30.584 [main] INFO org.evosuite.runtime.instrumentation.MethodCallReplacementClassAdapter - Adding mock interface to class org/mockito/exceptions/misusing/CannotStubVoidMethodWithReturnValue
16:07:30.585 [main] INFO org.evosuite.runtime.instrumentation.CreateClassResetClassAdapter - Creating brand-new static initializer in class org/mockito/exceptions/misusing/CannotStubVoidMethodWithReturnValue
16:07:30.585 [main] DEBUG org.evosuite.runtime.agent.TransformerForTests - Going to instrument: org.mockito.exceptions.misusing.InvalidUseOfMatchersException
16:07:30.585 [main] INFO org.evosuite.runtime.instrumentation.MethodCallReplacementClassAdapter - Adding mock interface to class org/mockito/exceptions/misusing/InvalidUseOfMatchersException
16:07:30.586 [main] INFO org.evosuite.runtime.instrumentation.CreateClassResetClassAdapter - Creating brand-new static initializer in class org/mockito/exceptions/misusing/InvalidUseOfMatchersException
16:07:30.586 [main] DEBUG org.evosuite.runtime.agent.TransformerForTests - Going to instrument: org.mockito.exceptions.verification.SmartNullPointerException
16:07:30.586 [main] INFO org.evosuite.runtime.instrumentation.MethodCallReplacementClassAdapter - Adding mock interface to class org/mockito/exceptions/verification/SmartNullPointerException
16:07:30.586 [main] INFO org.evosuite.runtime.instrumentation.CreateClassResetClassAdapter - Creating brand-new static initializer in class org/mockito/exceptions/verification/SmartNullPointerException
16:07:30.587 [main] DEBUG org.evosuite.runtime.agent.TransformerForTests - Going to instrument: org.mockito.exceptions.misusing.UnfinishedVerificationException
16:07:30.587 [main] INFO org.evosuite.runtime.instrumentation.MethodCallReplacementClassAdapter - Adding mock interface to class org/mockito/exceptions/misusing/UnfinishedVerificationException
16:07:30.587 [main] INFO org.evosuite.runtime.instrumentation.CreateClassResetClassAdapter - Creating brand-new static initializer in class org/mockito/exceptions/misusing/UnfinishedVerificationException
16:07:30.588 [main] DEBUG org.evosuite.runtime.agent.TransformerForTests - Going to instrument: org.mockito.exceptions.verification.NeverWantedButInvoked
16:07:30.588 [main] INFO org.evosuite.runtime.instrumentation.MethodCallReplacementClassAdapter - Adding mock interface to class org/mockito/exceptions/verification/NeverWantedButInvoked
16:07:30.588 [main] INFO org.evosuite.runtime.instrumentation.CreateClassResetClassAdapter - Creating brand-new static initializer in class org/mockito/exceptions/verification/NeverWantedButInvoked
16:07:30.589 [main] DEBUG org.evosuite.runtime.agent.TransformerForTests - Going to instrument: org.mockito.exceptions.verification.TooLittleActualInvocations
16:07:30.590 [main] INFO org.evosuite.runtime.instrumentation.MethodCallReplacementClassAdapter - Adding mock interface to class org/mockito/exceptions/verification/TooLittleActualInvocations
16:07:30.590 [main] INFO org.evosuite.runtime.instrumentation.CreateClassResetClassAdapter - Creating brand-new static initializer in class org/mockito/exceptions/verification/TooLittleActualInvocations
16:07:30.591 [main] DEBUG org.evosuite.runtime.agent.TransformerForTests - Going to instrument: org.mockito.exceptions.verification.NoInteractionsWanted
16:07:30.591 [main] INFO org.evosuite.runtime.instrumentation.MethodCallReplacementClassAdapter - Adding mock interface to class org/mockito/exceptions/verification/NoInteractionsWanted
16:07:30.591 [main] INFO org.evosuite.runtime.instrumentation.CreateClassResetClassAdapter - Creating brand-new static initializer in class org/mockito/exceptions/verification/NoInteractionsWanted
16:07:30.592 [main] DEBUG org.evosuite.runtime.agent.TransformerForTests - Going to instrument: org.mockito.exceptions.misusing.FriendlyReminderException
16:07:30.592 [main] INFO org.evosuite.runtime.instrumentation.MethodCallReplacementClassAdapter - Adding mock interface to class org/mockito/exceptions/misusing/FriendlyReminderException
16:07:30.593 [main] INFO org.evosuite.runtime.instrumentation.CreateClassResetClassAdapter - Creating brand-new static initializer in class org/mockito/exceptions/misusing/FriendlyReminderException
16:07:30.593 [main] DEBUG org.evosuite.runtime.agent.TransformerForTests - Going to instrument: org.mockito.exceptions.misusing.CannotVerifyStubOnlyMock
16:07:30.593 [main] INFO org.evosuite.runtime.instrumentation.MethodCallReplacementClassAdapter - Adding mock interface to class org/mockito/exceptions/misusing/CannotVerifyStubOnlyMock
16:07:30.594 [main] INFO org.evosuite.runtime.instrumentation.CreateClassResetClassAdapter - Creating brand-new static initializer in class org/mockito/exceptions/misusing/CannotVerifyStubOnlyMock
16:07:30.595 [main] DEBUG org.evosuite.runtime.agent.TransformerForTests - Going to instrument: org.mockito.internal.util.MockUtil
16:07:30.596 [main] INFO org.evosuite.runtime.instrumentation.MethodCallReplacementClassAdapter - Adding mock interface to class org/mockito/internal/util/MockUtil
16:07:30.606 [main] INFO org.evosuite.runtime.instrumentation.CreateClassResetClassAdapter - Found static initializer in class org/mockito/internal/util/MockUtil
16:07:30.614 [main] DEBUG org.evosuite.runtime.agent.TransformerForTests - Going to instrument: org.mockito.mock.MockName
16:07:30.617 [main] DEBUG org.evosuite.runtime.agent.TransformerForTests - Going to instrument: org.mockito.invocation.MockHandler
16:07:30.620 [main] DEBUG org.evosuite.runtime.agent.TransformerForTests - Going to instrument: org.mockito.internal.configuration.plugins.Plugins
16:07:30.620 [main] INFO org.evosuite.runtime.instrumentation.MethodCallReplacementClassAdapter - Adding mock interface to class org/mockito/internal/configuration/plugins/Plugins
16:07:30.621 [main] INFO org.evosuite.runtime.instrumentation.CreateClassResetClassAdapter - Found static initializer in class org/mockito/internal/configuration/plugins/Plugins
16:07:30.622 [main] DEBUG org.evosuite.runtime.agent.TransformerForTests - Going to instrument: org.mockito.internal.configuration.plugins.PluginRegistry
16:07:30.623 [main] INFO org.evosuite.runtime.instrumentation.MethodCallReplacementClassAdapter - Adding mock interface to class org/mockito/internal/configuration/plugins/PluginRegistry
16:07:30.626 [main] INFO org.evosuite.runtime.instrumentation.CreateClassResetClassAdapter - Creating brand-new static initializer in class org/mockito/internal/configuration/plugins/PluginRegistry
16:07:30.626 [main] DEBUG org.evosuite.runtime.agent.TransformerForTests - Going to instrument: org.mockito.plugins.PluginSwitch
16:07:30.627 [main] DEBUG org.evosuite.runtime.agent.TransformerForTests - Going to instrument: org.mockito.internal.configuration.plugins.PluginLoader
16:07:30.627 [main] INFO org.evosuite.runtime.instrumentation.MethodCallReplacementClassAdapter - Adding mock interface to class org/mockito/internal/configuration/plugins/PluginLoader
16:07:30.629 [main] INFO org.evosuite.runtime.instrumentation.CreateClassResetClassAdapter - Creating brand-new static initializer in class org/mockito/internal/configuration/plugins/PluginLoader
16:07:30.631 [main] DEBUG org.evosuite.runtime.agent.TransformerForTests - Going to instrument: org.mockito.exceptions.misusing.MockitoConfigurationException
16:07:30.631 [main] INFO org.evosuite.runtime.instrumentation.MethodCallReplacementClassAdapter - Adding mock interface to class org/mockito/exceptions/misusing/MockitoConfigurationException
16:07:30.631 [main] INFO org.evosuite.runtime.instrumentation.CreateClassResetClassAdapter - Creating brand-new static initializer in class org/mockito/exceptions/misusing/MockitoConfigurationException
16:07:30.632 [main] DEBUG org.evosuite.runtime.agent.TransformerForTests - Going to instrument: org.mockito.internal.configuration.plugins.DefaultPluginSwitch
16:07:30.632 [main] INFO org.evosuite.runtime.instrumentation.MethodCallReplacementClassAdapter - Adding mock interface to class org/mockito/internal/configuration/plugins/DefaultPluginSwitch
16:07:30.632 [main] INFO org.evosuite.runtime.instrumentation.CreateClassResetClassAdapter - Creating brand-new static initializer in class org/mockito/internal/configuration/plugins/DefaultPluginSwitch
16:07:30.633 [main] DEBUG org.evosuite.runtime.agent.TransformerForTests - Going to instrument: org.mockito.internal.configuration.plugins.PluginFinder
16:07:30.633 [main] INFO org.evosuite.runtime.instrumentation.MethodCallReplacementClassAdapter - Adding mock interface to class org/mockito/internal/configuration/plugins/PluginFinder
16:07:30.634 [main] INFO org.evosuite.runtime.instrumentation.CreateClassResetClassAdapter - Creating brand-new static initializer in class org/mockito/internal/configuration/plugins/PluginFinder
16:07:30.634 [main] DEBUG org.evosuite.runtime.agent.TransformerForTests - Going to instrument: org.mockito.internal.util.collections.Iterables
16:07:30.635 [main] INFO org.evosuite.runtime.instrumentation.MethodCallReplacementClassAdapter - Adding mock interface to class org/mockito/internal/util/collections/Iterables
16:07:30.637 [main] INFO org.evosuite.runtime.instrumentation.CreateClassResetClassAdapter - Creating brand-new static initializer in class org/mockito/internal/util/collections/Iterables
16:07:30.641 [main] DEBUG org.evosuite.runtime.agent.TransformerForTests - Going to instrument: org.mockito.plugins.MockMaker
16:07:30.643 [main] DEBUG org.evosuite.runtime.agent.TransformerForTests - Going to instrument: org.mockito.internal.configuration.plugins.PluginFileReader
16:07:30.644 [main] INFO org.evosuite.runtime.instrumentation.MethodCallReplacementClassAdapter - Adding mock interface to class org/mockito/internal/configuration/plugins/PluginFileReader
16:07:30.645 [main] INFO org.evosuite.runtime.instrumentation.CreateClassResetClassAdapter - Creating brand-new static initializer in class org/mockito/internal/configuration/plugins/PluginFileReader
16:07:30.646 [main] DEBUG org.evosuite.runtime.agent.TransformerForTests - Going to instrument: org.mockito.internal.util.io.IOUtil
16:07:30.646 [main] INFO org.evosuite.runtime.instrumentation.MethodCallReplacementClassAdapter - Adding mock interface to class org/mockito/internal/util/io/IOUtil
16:07:30.650 [main] INFO org.evosuite.runtime.instrumentation.CreateClassResetClassAdapter - Creating brand-new static initializer in class org/mockito/internal/util/io/IOUtil
16:07:30.655 [main] DEBUG org.evosuite.runtime.agent.TransformerForTests - Going to instrument: org.mockito.cglib.proxy.MethodInterceptor
16:07:30.656 [main] DEBUG org.evosuite.runtime.agent.TransformerForTests - Going to instrument: org.mockito.cglib.proxy.Callback
16:07:30.657 [main] DEBUG org.evosuite.runtime.agent.TransformerForTests - Going to instrument: org.mockito.plugins.StackTraceCleanerProvider
16:07:30.658 [main] DEBUG org.evosuite.runtime.agent.TransformerForTests - Going to instrument: org.mockito.exceptions.stacktrace.StackTraceCleaner
16:07:30.659 [main] DEBUG org.evosuite.runtime.agent.TransformerForTests - Going to instrument: org.mockito.Answers
16:07:30.659 [main] INFO org.evosuite.runtime.instrumentation.MethodCallReplacementClassAdapter - Adding mock interface to class org/mockito/Answers
16:07:30.668 [main] INFO org.evosuite.runtime.instrumentation.CreateClassResetClassAdapter - Found static initializer in class org/mockito/Answers
16:07:30.672 [main] DEBUG org.evosuite.runtime.agent.TransformerForTests - Going to instrument: org.mockito.internal.stubbing.defaultanswers.GloballyConfiguredAnswer
16:07:30.672 [main] INFO org.evosuite.runtime.instrumentation.MethodCallReplacementClassAdapter - Adding mock interface to class org/mockito/internal/stubbing/defaultanswers/GloballyConfiguredAnswer
16:07:30.673 [main] INFO org.evosuite.runtime.instrumentation.CreateClassResetClassAdapter - Creating brand-new static initializer in class org/mockito/internal/stubbing/defaultanswers/GloballyConfiguredAnswer
16:07:30.675 [main] DEBUG org.evosuite.runtime.agent.TransformerForTests - Going to instrument: org.mockito.internal.stubbing.defaultanswers.ReturnsSmartNulls
16:07:30.675 [main] INFO org.evosuite.runtime.instrumentation.MethodCallReplacementClassAdapter - Adding mock interface to class org/mockito/internal/stubbing/defaultanswers/ReturnsSmartNulls
16:07:30.677 [main] INFO org.evosuite.runtime.instrumentation.CreateClassResetClassAdapter - Creating brand-new static initializer in class org/mockito/internal/stubbing/defaultanswers/ReturnsSmartNulls
16:07:30.678 [main] DEBUG org.evosuite.runtime.agent.TransformerForTests - Going to instrument: org.mockito.invocation.Location
16:07:30.679 [main] DEBUG org.evosuite.runtime.agent.TransformerForTests - Going to instrument: org.mockito.internal.stubbing.defaultanswers.ReturnsMoreEmptyValues
16:07:30.679 [main] INFO org.evosuite.runtime.instrumentation.MethodCallReplacementClassAdapter - Adding mock interface to class org/mockito/internal/stubbing/defaultanswers/ReturnsMoreEmptyValues
16:07:30.681 [main] INFO org.evosuite.runtime.instrumentation.CreateClassResetClassAdapter - Creating brand-new static initializer in class org/mockito/internal/stubbing/defaultanswers/ReturnsMoreEmptyValues
16:07:30.682 [main] DEBUG org.evosuite.runtime.agent.TransformerForTests - Going to instrument: org.mockito.internal.stubbing.defaultanswers.ReturnsEmptyValues
16:07:30.683 [main] INFO org.evosuite.runtime.instrumentation.MethodCallReplacementClassAdapter - Adding mock interface to class org/mockito/internal/stubbing/defaultanswers/ReturnsEmptyValues
16:07:30.685 [main] INFO org.evosuite.runtime.instrumentation.CreateClassResetClassAdapter - Creating brand-new static initializer in class org/mockito/internal/stubbing/defaultanswers/ReturnsEmptyValues
16:07:30.686 [main] DEBUG org.evosuite.runtime.agent.TransformerForTests - Going to instrument: org.mockito.internal.util.ObjectMethodsGuru
16:07:30.686 [main] INFO org.evosuite.runtime.instrumentation.MethodCallReplacementClassAdapter - Adding mock interface to class org/mockito/internal/util/ObjectMethodsGuru
16:07:30.687 [main] INFO org.evosuite.runtime.instrumentation.CreateClassResetClassAdapter - Creating brand-new static initializer in class org/mockito/internal/util/ObjectMethodsGuru
16:07:30.687 [main] DEBUG org.evosuite.runtime.agent.TransformerForTests - Going to instrument: org.mockito.internal.invocation.MockitoMethod
16:07:30.688 [main] DEBUG org.evosuite.runtime.agent.TransformerForTests - Going to instrument: org.mockito.internal.invocation.AbstractAwareMethod
16:07:30.689 [main] DEBUG org.evosuite.runtime.agent.TransformerForTests - Going to instrument: org.mockito.internal.stubbing.defaultanswers.ReturnsMocks
16:07:30.689 [main] INFO org.evosuite.runtime.instrumentation.MethodCallReplacementClassAdapter - Adding mock interface to class org/mockito/internal/stubbing/defaultanswers/ReturnsMocks
16:07:30.690 [main] INFO org.evosuite.runtime.instrumentation.CreateClassResetClassAdapter - Creating brand-new static initializer in class org/mockito/internal/stubbing/defaultanswers/ReturnsMocks
16:07:30.691 [main] DEBUG org.evosuite.runtime.agent.TransformerForTests - Going to instrument: org.mockito.internal.stubbing.defaultanswers.ReturnsDeepStubs
16:07:30.691 [main] INFO org.evosuite.runtime.instrumentation.MethodCallReplacementClassAdapter - Adding mock interface to class org/mockito/internal/stubbing/defaultanswers/ReturnsDeepStubs
16:07:30.694 [main] INFO org.evosuite.runtime.instrumentation.CreateClassResetClassAdapter - Creating brand-new static initializer in class org/mockito/internal/stubbing/defaultanswers/ReturnsDeepStubs
16:07:30.696 [main] DEBUG org.evosuite.runtime.agent.TransformerForTests - Going to instrument: org.mockito.internal.stubbing.defaultanswers.ReturnsDeepStubs$ReturnsDeepStubsSerializationFallback
16:07:30.696 [main] INFO org.evosuite.runtime.instrumentation.MethodCallReplacementClassAdapter - Adding mock interface to class org/mockito/internal/stubbing/defaultanswers/ReturnsDeepStubs$ReturnsDeepStubsSerializationFallback
16:07:30.701 [main] INFO org.evosuite.runtime.instrumentation.CreateClassResetClassAdapter - Creating brand-new static initializer in class org/mockito/internal/stubbing/defaultanswers/ReturnsDeepStubs$ReturnsDeepStubsSerializationFallback
16:07:30.703 [main] DEBUG org.evosuite.runtime.agent.TransformerForTests - Going to instrument: org.mockito.internal.stubbing.answers.CallsRealMethods
16:07:30.703 [main] INFO org.evosuite.runtime.instrumentation.MethodCallReplacementClassAdapter - Adding mock interface to class org/mockito/internal/stubbing/answers/CallsRealMethods
16:07:30.704 [main] INFO org.evosuite.runtime.instrumentation.CreateClassResetClassAdapter - Creating brand-new static initializer in class org/mockito/internal/stubbing/answers/CallsRealMethods
16:07:30.704 [main] DEBUG org.evosuite.runtime.agent.TransformerForTests - Going to instrument: org.mockito.internal.creation.MockSettingsImpl
16:07:30.705 [main] INFO org.evosuite.runtime.instrumentation.MethodCallReplacementClassAdapter - Adding mock interface to class org/mockito/internal/creation/MockSettingsImpl
16:07:30.714 [main] INFO org.evosuite.runtime.instrumentation.CreateClassResetClassAdapter - Creating brand-new static initializer in class org/mockito/internal/creation/MockSettingsImpl
16:07:30.715 [main] DEBUG org.evosuite.runtime.agent.TransformerForTests - Going to instrument: org.mockito.MockSettings
16:07:30.718 [main] DEBUG org.evosuite.runtime.agent.TransformerForTests - Going to instrument: org.mockito.mock.MockCreationSettings
16:07:30.720 [main] DEBUG org.evosuite.runtime.agent.TransformerForTests - Going to instrument: org.mockito.internal.creation.settings.CreationSettings
16:07:30.720 [main] INFO org.evosuite.runtime.instrumentation.MethodCallReplacementClassAdapter - Adding mock interface to class org/mockito/internal/creation/settings/CreationSettings
16:07:30.722 [main] INFO org.evosuite.runtime.instrumentation.CreateClassResetClassAdapter - Creating brand-new static initializer in class org/mockito/internal/creation/settings/CreationSettings
16:07:30.723 [main] DEBUG org.evosuite.runtime.agent.TransformerForTests - Going to instrument: org.mockito.mock.SerializableMode
16:07:30.723 [main] INFO org.evosuite.runtime.instrumentation.MethodCallReplacementClassAdapter - Adding mock interface to class org/mockito/mock/SerializableMode
16:07:30.726 [main] INFO org.evosuite.runtime.instrumentation.CreateClassResetClassAdapter - Found static initializer in class org/mockito/mock/SerializableMode
16:07:30.728 [main] DEBUG org.evosuite.runtime.agent.TransformerForTests - Going to instrument: org.mockito.internal.util.MockCreationValidator
16:07:30.728 [main] INFO org.evosuite.runtime.instrumentation.MethodCallReplacementClassAdapter - Adding mock interface to class org/mockito/internal/util/MockCreationValidator
16:07:30.729 [main] INFO org.evosuite.runtime.instrumentation.CreateClassResetClassAdapter - Creating brand-new static initializer in class org/mockito/internal/util/MockCreationValidator
16:07:30.730 [main] DEBUG org.evosuite.runtime.agent.TransformerForTests - Going to instrument: org.mockito.internal.util.MockNameImpl
16:07:30.731 [main] INFO org.evosuite.runtime.instrumentation.MethodCallReplacementClassAdapter - Adding mock interface to class org/mockito/internal/util/MockNameImpl
16:07:30.732 [main] INFO org.evosuite.runtime.instrumentation.CreateClassResetClassAdapter - Creating brand-new static initializer in class org/mockito/internal/util/MockNameImpl
16:07:30.733 [main] DEBUG org.evosuite.runtime.agent.TransformerForTests - Going to instrument: org.mockito.internal.handler.MockHandlerFactory
16:07:30.734 [main] INFO org.evosuite.runtime.instrumentation.MethodCallReplacementClassAdapter - Adding mock interface to class org/mockito/internal/handler/MockHandlerFactory
16:07:30.734 [main] INFO org.evosuite.runtime.instrumentation.CreateClassResetClassAdapter - Creating brand-new static initializer in class org/mockito/internal/handler/MockHandlerFactory
16:07:30.735 [main] DEBUG org.evosuite.runtime.agent.TransformerForTests - Going to instrument: org.mockito.internal.InternalMockHandler
16:07:30.735 [main] DEBUG org.evosuite.runtime.agent.TransformerForTests - Going to instrument: org.mockito.internal.handler.MockHandlerImpl
16:07:30.738 [main] INFO org.evosuite.runtime.instrumentation.MethodCallReplacementClassAdapter - Adding mock interface to class org/mockito/internal/handler/MockHandlerImpl
16:07:30.739 [main] INFO org.evosuite.runtime.instrumentation.CreateClassResetClassAdapter - Creating brand-new static initializer in class org/mockito/internal/handler/MockHandlerImpl
16:07:30.739 [main] DEBUG org.evosuite.runtime.agent.TransformerForTests - Going to instrument: org.mockito.internal.progress.IOngoingStubbing
16:07:30.740 [main] DEBUG org.evosuite.runtime.agent.TransformerForTests - Going to instrument: org.mockito.invocation.InvocationOnMock
16:07:30.740 [main] DEBUG org.evosuite.runtime.agent.TransformerForTests - Going to instrument: org.mockito.stubbing.VoidMethodStubbable
16:07:30.741 [main] DEBUG org.evosuite.runtime.agent.TransformerForTests - Going to instrument: org.mockito.internal.invocation.MatchersBinder
16:07:30.741 [main] INFO org.evosuite.runtime.instrumentation.MethodCallReplacementClassAdapter - Adding mock interface to class org/mockito/internal/invocation/MatchersBinder
16:07:30.743 [main] INFO org.evosuite.runtime.instrumentation.CreateClassResetClassAdapter - Creating brand-new static initializer in class org/mockito/internal/invocation/MatchersBinder
16:07:30.744 [main] DEBUG org.evosuite.runtime.agent.TransformerForTests - Going to instrument: org.mockito.internal.stubbing.InvocationContainerImpl
16:07:30.746 [main] INFO org.evosuite.runtime.instrumentation.MethodCallReplacementClassAdapter - Adding mock interface to class org/mockito/internal/stubbing/InvocationContainerImpl
16:07:30.748 [main] INFO org.evosuite.runtime.instrumentation.CreateClassResetClassAdapter - Found static initializer in class org/mockito/internal/stubbing/InvocationContainerImpl
16:07:30.749 [main] DEBUG org.evosuite.runtime.agent.TransformerForTests - Going to instrument: org.mockito.internal.verification.SingleRegisteredInvocation
16:07:30.749 [main] INFO org.evosuite.runtime.instrumentation.MethodCallReplacementClassAdapter - Adding mock interface to class org/mockito/internal/verification/SingleRegisteredInvocation
16:07:30.750 [main] INFO org.evosuite.runtime.instrumentation.CreateClassResetClassAdapter - Creating brand-new static initializer in class org/mockito/internal/verification/SingleRegisteredInvocation
16:07:30.750 [main] DEBUG org.evosuite.runtime.agent.TransformerForTests - Going to instrument: org.mockito.internal.verification.RegisteredInvocations
16:07:30.751 [main] DEBUG org.evosuite.runtime.agent.TransformerForTests - Going to instrument: org.mockito.internal.verification.DefaultRegisteredInvocations
16:07:30.751 [main] INFO org.evosuite.runtime.instrumentation.MethodCallReplacementClassAdapter - Adding mock interface to class org/mockito/internal/verification/DefaultRegisteredInvocations
16:07:30.751 [main] INFO org.evosuite.runtime.instrumentation.CreateClassResetClassAdapter - Creating brand-new static initializer in class org/mockito/internal/verification/DefaultRegisteredInvocations
16:07:30.752 [main] DEBUG org.evosuite.runtime.agent.TransformerForTests - Going to instrument: org.mockito.invocation.DescribedInvocation
16:07:30.752 [main] DEBUG org.evosuite.runtime.agent.TransformerForTests - Going to instrument: org.mockito.exceptions.PrintableInvocation
16:07:30.752 [main] DEBUG org.evosuite.runtime.agent.TransformerForTests - Going to instrument: org.mockito.invocation.StubInfo
16:07:30.753 [main] DEBUG org.evosuite.runtime.agent.TransformerForTests - Going to instrument: org.mockito.internal.util.collections.ListUtil$Filter
16:07:30.754 [main] DEBUG org.evosuite.runtime.agent.TransformerForTests - Going to instrument: org.mockito.internal.handler.NullResultGuardian
16:07:30.755 [main] INFO org.evosuite.runtime.instrumentation.MethodCallReplacementClassAdapter - Adding mock interface to class org/mockito/internal/handler/NullResultGuardian
16:07:30.756 [main] INFO org.evosuite.runtime.instrumentation.CreateClassResetClassAdapter - Creating brand-new static initializer in class org/mockito/internal/handler/NullResultGuardian
16:07:30.757 [main] DEBUG org.evosuite.runtime.agent.TransformerForTests - Going to instrument: org.mockito.internal.handler.InvocationNotifierHandler
16:07:30.758 [main] INFO org.evosuite.runtime.instrumentation.MethodCallReplacementClassAdapter - Adding mock interface to class org/mockito/internal/handler/InvocationNotifierHandler
16:07:30.759 [main] INFO org.evosuite.runtime.instrumentation.CreateClassResetClassAdapter - Creating brand-new static initializer in class org/mockito/internal/handler/InvocationNotifierHandler
16:07:30.761 [main] DEBUG org.evosuite.runtime.agent.TransformerForTests - Going to instrument: org.mockito.listeners.MethodInvocationReport
16:07:30.763 [main] DEBUG org.evosuite.runtime.agent.TransformerForTests - Going to instrument: org.mockito.exceptions.base.MockitoSerializationIssue
16:07:30.763 [main] INFO org.evosuite.runtime.instrumentation.MethodCallReplacementClassAdapter - Adding mock interface to class org/mockito/exceptions/base/MockitoSerializationIssue
16:07:30.765 [main] INFO org.evosuite.runtime.instrumentation.CreateClassResetClassAdapter - Creating brand-new static initializer in class org/mockito/exceptions/base/MockitoSerializationIssue
16:07:30.766 [main] DEBUG org.evosuite.runtime.agent.TransformerForTests - Going to instrument: org.mockito.cglib.core.CodeGenerationException
16:07:30.767 [main] INFO org.evosuite.runtime.instrumentation.MethodCallReplacementClassAdapter - Adding mock interface to class org/mockito/cglib/core/CodeGenerationException
16:07:30.770 [main] INFO org.evosuite.runtime.instrumentation.CreateClassResetClassAdapter - Creating brand-new static initializer in class org/mockito/cglib/core/CodeGenerationException
16:07:30.771 [main] DEBUG org.evosuite.runtime.agent.TransformerForTests - Going to instrument: org.mockito.cglib.proxy.Enhancer
16:07:30.774 [main] INFO org.evosuite.runtime.instrumentation.MethodCallReplacementClassAdapter - Adding mock interface to class org/mockito/cglib/proxy/Enhancer
16:07:30.798 [main] INFO org.evosuite.runtime.instrumentation.CreateClassResetClassAdapter - Found static initializer in class org/mockito/cglib/proxy/Enhancer
16:07:30.803 [main] DEBUG org.evosuite.runtime.agent.TransformerForTests - Going to instrument: org.mockito.cglib.core.AbstractClassGenerator
16:07:30.805 [main] INFO org.evosuite.runtime.instrumentation.MethodCallReplacementClassAdapter - Adding mock interface to class org/mockito/cglib/core/AbstractClassGenerator
16:07:30.809 [main] INFO org.evosuite.runtime.instrumentation.CreateClassResetClassAdapter - Found static initializer in class org/mockito/cglib/core/AbstractClassGenerator
16:07:30.811 [main] DEBUG org.evosuite.runtime.agent.TransformerForTests - Going to instrument: org.mockito.cglib.core.ClassGenerator
16:07:30.812 [main] DEBUG org.evosuite.runtime.agent.TransformerForTests - Going to instrument: org.mockito.cglib.core.NamingPolicy
16:07:30.814 [main] DEBUG org.evosuite.runtime.agent.TransformerForTests - Going to instrument: org.mockito.internal.creation.instance.InstantationException
16:07:30.814 [main] INFO org.evosuite.runtime.instrumentation.MethodCallReplacementClassAdapter - Adding mock interface to class org/mockito/internal/creation/instance/InstantationException
16:07:30.814 [main] INFO org.evosuite.runtime.instrumentation.CreateClassResetClassAdapter - Creating brand-new static initializer in class org/mockito/internal/creation/instance/InstantationException
16:07:30.816 [main] DEBUG org.evosuite.runtime.agent.TransformerForTests - Going to instrument: org.mockito.cglib.proxy.CallbackFilter
16:07:30.819 [main] DEBUG org.evosuite.runtime.agent.TransformerForTests - Going to instrument: org.mockito.cglib.core.DefaultNamingPolicy
16:07:30.819 [main] INFO org.evosuite.runtime.instrumentation.MethodCallReplacementClassAdapter - Adding mock interface to class org/mockito/cglib/core/DefaultNamingPolicy
16:07:30.823 [main] INFO org.evosuite.runtime.instrumentation.CreateClassResetClassAdapter - Found static initializer in class org/mockito/cglib/core/DefaultNamingPolicy
16:07:30.824 [main] DEBUG org.evosuite.runtime.agent.TransformerForTests - Going to instrument: org.mockito.internal.creation.instance.InstantiatorProvider
16:07:30.825 [main] INFO org.evosuite.runtime.instrumentation.MethodCallReplacementClassAdapter - Adding mock interface to class org/mockito/internal/creation/instance/InstantiatorProvider
16:07:30.825 [main] INFO org.evosuite.runtime.instrumentation.CreateClassResetClassAdapter - Found static initializer in class org/mockito/internal/creation/instance/InstantiatorProvider
16:07:30.826 [main] DEBUG org.evosuite.runtime.agent.TransformerForTests - Going to instrument: org.mockito.internal.creation.instance.Instantiator
16:07:30.827 [main] DEBUG org.evosuite.runtime.agent.TransformerForTests - Going to instrument: org.mockito.internal.creation.instance.ObjenesisInstantiator
16:07:30.827 [main] INFO org.evosuite.runtime.instrumentation.MethodCallReplacementClassAdapter - Adding mock interface to class org/mockito/internal/creation/instance/ObjenesisInstantiator
16:07:30.827 [main] INFO org.evosuite.runtime.instrumentation.CreateClassResetClassAdapter - Creating brand-new static initializer in class org/mockito/internal/creation/instance/ObjenesisInstantiator
16:07:30.829 [main] DEBUG org.evosuite.runtime.agent.TransformerForTests - Going to instrument: org.objenesis.ObjenesisStd
16:07:30.829 [main] INFO org.evosuite.runtime.instrumentation.MethodCallReplacementClassAdapter - Adding mock interface to class org/objenesis/ObjenesisStd
16:07:30.830 [main] INFO org.evosuite.runtime.instrumentation.CreateClassResetClassAdapter - Creating brand-new static initializer in class org/objenesis/ObjenesisStd
16:07:30.830 [main] DEBUG org.evosuite.runtime.agent.TransformerForTests - Going to instrument: org.objenesis.ObjenesisBase
16:07:30.830 [main] INFO org.evosuite.runtime.instrumentation.MethodCallReplacementClassAdapter - Adding mock interface to class org/objenesis/ObjenesisBase
16:07:30.837 [main] INFO org.evosuite.runtime.instrumentation.CreateClassResetClassAdapter - Creating brand-new static initializer in class org/objenesis/ObjenesisBase
16:07:30.838 [main] DEBUG org.evosuite.runtime.agent.TransformerForTests - Going to instrument: org.objenesis.Objenesis
16:07:30.839 [main] DEBUG org.evosuite.runtime.agent.TransformerForTests - Going to instrument: org.objenesis.strategy.InstantiatorStrategy
16:07:30.840 [main] DEBUG org.evosuite.runtime.agent.TransformerForTests - Going to instrument: org.mockito.internal.configuration.GlobalConfiguration
16:07:30.840 [main] INFO org.evosuite.runtime.instrumentation.MethodCallReplacementClassAdapter - Adding mock interface to class org/mockito/internal/configuration/GlobalConfiguration
16:07:30.842 [main] INFO org.evosuite.runtime.instrumentation.CreateClassResetClassAdapter - Found static initializer in class org/mockito/internal/configuration/GlobalConfiguration
16:07:30.843 [main] DEBUG org.evosuite.runtime.agent.TransformerForTests - Going to instrument: org.mockito.configuration.IMockitoConfiguration
16:07:30.845 [main] DEBUG org.evosuite.runtime.agent.TransformerForTests - Going to instrument: org.mockito.configuration.DefaultMockitoConfiguration
16:07:30.846 [main] INFO org.evosuite.runtime.instrumentation.MethodCallReplacementClassAdapter - Adding mock interface to class org/mockito/configuration/DefaultMockitoConfiguration
16:07:30.849 [main] INFO org.evosuite.runtime.instrumentation.CreateClassResetClassAdapter - Creating brand-new static initializer in class org/mockito/configuration/DefaultMockitoConfiguration
16:07:30.851 [main] DEBUG org.evosuite.runtime.agent.TransformerForTests - Going to instrument: org.mockito.configuration.AnnotationEngine
16:07:30.852 [main] DEBUG org.evosuite.runtime.agent.TransformerForTests - Going to instrument: org.mockito.internal.configuration.ClassPathLoader
16:07:30.852 [main] INFO org.evosuite.runtime.instrumentation.MethodCallReplacementClassAdapter - Adding mock interface to class org/mockito/internal/configuration/ClassPathLoader
16:07:30.859 [main] INFO org.evosuite.runtime.instrumentation.CreateClassResetClassAdapter - Creating brand-new static initializer in class org/mockito/internal/configuration/ClassPathLoader
16:07:30.859 [main] INFO org.evosuite.runtime.instrumentation.CreateClassResetClassAdapter - Adding bytecode for initializing field MOCKITO_CONFIGURATION_CLASS_NAME
16:07:30.860 [main] DEBUG org.evosuite.runtime.agent.TransformerForTests - Going to instrument: org.objenesis.strategy.StdInstantiatorStrategy
16:07:30.861 [main] INFO org.evosuite.runtime.instrumentation.MethodCallReplacementClassAdapter - Adding mock interface to class org/objenesis/strategy/StdInstantiatorStrategy
16:07:30.864 [main] INFO org.evosuite.runtime.instrumentation.CreateClassResetClassAdapter - Creating brand-new static initializer in class org/objenesis/strategy/StdInstantiatorStrategy
16:07:30.864 [main] DEBUG org.evosuite.runtime.agent.TransformerForTests - Going to instrument: org.objenesis.strategy.BaseInstantiatorStrategy
16:07:30.864 [main] INFO org.evosuite.runtime.instrumentation.MethodCallReplacementClassAdapter - Adding mock interface to class org/objenesis/strategy/BaseInstantiatorStrategy
16:07:30.865 [main] INFO org.evosuite.runtime.instrumentation.CreateClassResetClassAdapter - Creating brand-new static initializer in class org/objenesis/strategy/BaseInstantiatorStrategy
16:07:30.866 [main] DEBUG org.evosuite.runtime.agent.TransformerForTests - Going to instrument: org.objenesis.instantiator.ObjectInstantiator
16:07:30.867 [main] DEBUG org.evosuite.runtime.agent.TransformerForTests - Going to instrument: org.mockito.internal.creation.util.MockitoMethodProxy
16:07:30.868 [main] DEBUG org.evosuite.runtime.agent.TransformerForTests - Going to instrument: org.mockito.internal.invocation.realmethod.RealMethod
16:07:30.869 [main] DEBUG org.evosuite.runtime.agent.TransformerForTests - Going to instrument: org.mockito.invocation.Invocation
16:07:30.874 [main] DEBUG org.evosuite.runtime.agent.TransformerForTests - Going to instrument: org.mockito.cglib.core.Predicate
16:07:30.875 [main] DEBUG org.evosuite.runtime.agent.TransformerForTests - Going to instrument: org.mockito.cglib.core.GeneratorStrategy
16:07:30.877 [main] DEBUG org.evosuite.runtime.agent.TransformerForTests - Going to instrument: org.mockito.cglib.core.ProcessSwitchCallback
16:07:30.878 [main] DEBUG org.evosuite.runtime.agent.TransformerForTests - Going to instrument: org.mockito.cglib.core.ObjectSwitchCallback
16:07:30.878 [main] DEBUG org.evosuite.runtime.agent.TransformerForTests - Going to instrument: org.mockito.cglib.proxy.CallbackGenerator$Context
16:07:30.881 [main] DEBUG org.evosuite.runtime.agent.TransformerForTests - Going to instrument: org.mockito.cglib.core.Transformer
16:07:30.882 [main] DEBUG org.evosuite.runtime.agent.TransformerForTests - Going to instrument: org.mockito.cglib.proxy.Enhancer$1
16:07:30.883 [main] INFO org.evosuite.runtime.instrumentation.MethodCallReplacementClassAdapter - Adding mock interface to class org/mockito/cglib/proxy/Enhancer$1
16:07:30.888 [main] DEBUG org.evosuite.runtime.agent.TransformerForTests - Going to instrument: org.mockito.cglib.core.AbstractClassGenerator$Source
16:07:30.889 [main] INFO org.evosuite.runtime.instrumentation.MethodCallReplacementClassAdapter - Adding mock interface to class org/mockito/cglib/core/AbstractClassGenerator$Source
16:07:30.890 [main] INFO org.evosuite.runtime.instrumentation.CreateClassResetClassAdapter - Creating brand-new static initializer in class org/mockito/cglib/core/AbstractClassGenerator$Source
16:07:30.891 [main] DEBUG org.evosuite.runtime.agent.TransformerForTests - Going to instrument: org.mockito.cglib.proxy.Enhancer$EnhancerKey
16:07:30.892 [main] DEBUG org.evosuite.runtime.agent.TransformerForTests - Going to instrument: org.mockito.cglib.core.KeyFactory
16:07:30.893 [main] INFO org.evosuite.runtime.instrumentation.MethodCallReplacementClassAdapter - Adding mock interface to class org/mockito/cglib/core/KeyFactory
16:07:30.893 [main] INFO org.evosuite.runtime.instrumentation.CreateClassResetClassAdapter - Found static initializer in class org/mockito/cglib/core/KeyFactory
16:07:30.896 [main] DEBUG org.evosuite.runtime.agent.TransformerForTests - Going to instrument: org.mockito.cglib.core.Customizer
16:07:30.896 [main] DEBUG org.evosuite.runtime.agent.TransformerForTests - Going to instrument: org.mockito.cglib.core.TypeUtils
16:07:30.900 [main] INFO org.evosuite.runtime.instrumentation.MethodCallReplacementClassAdapter - Adding mock interface to class org/mockito/cglib/core/TypeUtils
16:07:30.957 [main] INFO org.evosuite.runtime.instrumentation.CreateClassResetClassAdapter - Found static initializer in class org/mockito/cglib/core/TypeUtils
16:07:30.988 [main] DEBUG org.evosuite.runtime.agent.TransformerForTests - Going to instrument: org.mockito.cglib.core.CollectionUtils
16:07:30.994 [main] INFO org.evosuite.runtime.instrumentation.MethodCallReplacementClassAdapter - Adding mock interface to class org/mockito/cglib/core/CollectionUtils
16:07:31.006 [main] INFO org.evosuite.runtime.instrumentation.CreateClassResetClassAdapter - Creating brand-new static initializer in class org/mockito/cglib/core/CollectionUtils
16:07:31.010 [main] DEBUG org.evosuite.runtime.agent.TransformerForTests - Going to instrument: org.mockito.cglib.core.Signature
16:07:31.012 [main] INFO org.evosuite.runtime.instrumentation.MethodCallReplacementClassAdapter - Adding mock interface to class org/mockito/cglib/core/Signature
16:07:31.018 [main] INFO org.evosuite.runtime.instrumentation.CreateClassResetClassAdapter - Creating brand-new static initializer in class org/mockito/cglib/core/Signature
16:07:31.021 [main] DEBUG org.evosuite.runtime.agent.TransformerForTests - Going to instrument: org.mockito.asm.Type
16:07:31.026 [main] INFO org.evosuite.runtime.instrumentation.MethodCallReplacementClassAdapter - Adding mock interface to class org/mockito/asm/Type
16:07:31.039 [main] INFO org.evosuite.runtime.instrumentation.CreateClassResetClassAdapter - Found static initializer in class org/mockito/asm/Type
16:07:31.045 [main] DEBUG org.evosuite.runtime.agent.TransformerForTests - Going to instrument: org.mockito.cglib.core.KeyFactory$1
16:07:31.046 [main] INFO org.evosuite.runtime.instrumentation.MethodCallReplacementClassAdapter - Adding mock interface to class org/mockito/cglib/core/KeyFactory$1
16:07:31.049 [main] DEBUG org.evosuite.runtime.agent.TransformerForTests - Going to instrument: org.mockito.cglib.core.KeyFactory$2
16:07:31.049 [main] INFO org.evosuite.runtime.instrumentation.MethodCallReplacementClassAdapter - Adding mock interface to class org/mockito/cglib/core/KeyFactory$2
16:07:31.050 [main] DEBUG org.evosuite.runtime.agent.TransformerForTests - Going to instrument: org.mockito.cglib.core.KeyFactory$Generator
16:07:31.053 [main] INFO org.evosuite.runtime.instrumentation.MethodCallReplacementClassAdapter - Adding mock interface to class org/mockito/cglib/core/KeyFactory$Generator
16:07:31.061 [main] INFO org.evosuite.runtime.instrumentation.CreateClassResetClassAdapter - Found static initializer in class org/mockito/cglib/core/KeyFactory$Generator
16:07:31.066 [main] DEBUG org.evosuite.runtime.agent.TransformerForTests - Going to instrument: org.mockito.cglib.core.DefaultGeneratorStrategy
16:07:31.067 [main] INFO org.evosuite.runtime.instrumentation.MethodCallReplacementClassAdapter - Adding mock interface to class org/mockito/cglib/core/DefaultGeneratorStrategy
16:07:31.072 [main] INFO org.evosuite.runtime.instrumentation.CreateClassResetClassAdapter - Found static initializer in class org/mockito/cglib/core/DefaultGeneratorStrategy
16:07:31.075 [main] DEBUG org.evosuite.runtime.agent.TransformerForTests - Going to instrument: org.mockito.asm.ClassVisitor
16:07:31.079 [main] DEBUG org.evosuite.runtime.agent.TransformerForTests - Going to instrument: org.mockito.asm.ClassWriter
16:07:31.081 [main] INFO org.evosuite.runtime.instrumentation.MethodCallReplacementClassAdapter - Adding mock interface to class org/mockito/asm/ClassWriter
16:07:31.122 [main] INFO org.evosuite.runtime.instrumentation.CreateClassResetClassAdapter - Found static initializer in class org/mockito/asm/ClassWriter
16:07:31.130 [main] DEBUG org.evosuite.runtime.agent.TransformerForTests - Going to instrument: org.mockito.cglib.core.DebuggingClassWriter
16:07:31.133 [main] INFO org.evosuite.runtime.instrumentation.MethodCallReplacementClassAdapter - Adding mock interface to class org/mockito/cglib/core/DebuggingClassWriter
16:07:31.137 [main] INFO org.evosuite.runtime.instrumentation.CreateClassResetClassAdapter - Found static initializer in class org/mockito/cglib/core/DebuggingClassWriter
16:07:31.148 [main] DEBUG org.evosuite.runtime.agent.TransformerForTests - Going to instrument: org.mockito.asm.MethodVisitor
16:07:31.149 [main] DEBUG org.evosuite.runtime.agent.TransformerForTests - Going to instrument: org.mockito.asm.AnnotationVisitor
16:07:31.150 [main] DEBUG org.evosuite.runtime.agent.TransformerForTests - Going to instrument: org.mockito.asm.FieldVisitor
16:07:31.153 [main] DEBUG org.evosuite.runtime.agent.TransformerForTests - Going to instrument: org.mockito.asm.ByteVector
16:07:31.153 [main] INFO org.evosuite.runtime.instrumentation.MethodCallReplacementClassAdapter - Adding mock interface to class org/mockito/asm/ByteVector
16:07:31.155 [main] INFO org.evosuite.runtime.instrumentation.CreateClassResetClassAdapter - Creating brand-new static initializer in class org/mockito/asm/ByteVector
16:07:31.156 [main] DEBUG org.evosuite.runtime.agent.TransformerForTests - Going to instrument: org.mockito.asm.Item
16:07:31.156 [main] INFO org.evosuite.runtime.instrumentation.MethodCallReplacementClassAdapter - Adding mock interface to class org/mockito/asm/Item
16:07:31.160 [main] INFO org.evosuite.runtime.instrumentation.CreateClassResetClassAdapter - Creating brand-new static initializer in class org/mockito/asm/Item
16:07:31.161 [main] DEBUG org.evosuite.runtime.agent.TransformerForTests - Going to instrument: org.mockito.cglib.core.ClassEmitter
16:07:31.162 [main] INFO org.evosuite.runtime.instrumentation.MethodCallReplacementClassAdapter - Adding mock interface to class org/mockito/cglib/core/ClassEmitter
16:07:31.169 [main] INFO org.evosuite.runtime.instrumentation.CreateClassResetClassAdapter - Creating brand-new static initializer in class org/mockito/cglib/core/ClassEmitter
16:07:31.169 [main] INFO org.evosuite.runtime.instrumentation.CreateClassResetClassAdapter - Adding bytecode for initializing field hookCounter
16:07:31.170 [main] DEBUG org.evosuite.runtime.agent.TransformerForTests - Going to instrument: org.mockito.asm.ClassAdapter
16:07:31.171 [main] INFO org.evosuite.runtime.instrumentation.MethodCallReplacementClassAdapter - Adding mock interface to class org/mockito/asm/ClassAdapter
16:07:31.171 [main] INFO org.evosuite.runtime.instrumentation.CreateClassResetClassAdapter - Creating brand-new static initializer in class org/mockito/asm/ClassAdapter
16:07:31.172 [main] DEBUG org.evosuite.runtime.agent.TransformerForTests - Going to instrument: org.mockito.cglib.core.CodeEmitter
16:07:31.173 [main] INFO org.evosuite.runtime.instrumentation.MethodCallReplacementClassAdapter - Adding mock interface to class org/mockito/cglib/core/CodeEmitter
16:07:31.180 [main] INFO org.evosuite.runtime.instrumentation.CreateClassResetClassAdapter - Found static initializer in class org/mockito/cglib/core/CodeEmitter
16:07:31.185 [main] DEBUG org.evosuite.runtime.agent.TransformerForTests - Going to instrument: org.mockito.cglib.core.LocalVariablesSorter
16:07:31.187 [main] INFO org.evosuite.runtime.instrumentation.MethodCallReplacementClassAdapter - Adding mock interface to class org/mockito/cglib/core/LocalVariablesSorter
16:07:31.194 [main] INFO org.evosuite.runtime.instrumentation.CreateClassResetClassAdapter - Creating brand-new static initializer in class org/mockito/cglib/core/LocalVariablesSorter
16:07:31.195 [main] DEBUG org.evosuite.runtime.agent.TransformerForTests - Going to instrument: org.mockito.asm.MethodAdapter
16:07:31.196 [main] INFO org.evosuite.runtime.instrumentation.MethodCallReplacementClassAdapter - Adding mock interface to class org/mockito/asm/MethodAdapter
16:07:31.201 [main] INFO org.evosuite.runtime.instrumentation.CreateClassResetClassAdapter - Creating brand-new static initializer in class org/mockito/asm/MethodAdapter
16:07:31.202 [main] DEBUG org.evosuite.runtime.agent.TransformerForTests - Going to instrument: org.mockito.cglib.core.ClassEmitter$3
16:07:31.203 [main] INFO org.evosuite.runtime.instrumentation.MethodCallReplacementClassAdapter - Adding mock interface to class org/mockito/cglib/core/ClassEmitter$3
16:07:31.206 [main] DEBUG org.evosuite.runtime.agent.TransformerForTests - Going to instrument: org.mockito.cglib.core.ClassInfo
16:07:31.206 [main] INFO org.evosuite.runtime.instrumentation.MethodCallReplacementClassAdapter - Adding mock interface to class org/mockito/cglib/core/ClassInfo
16:07:31.207 [main] INFO org.evosuite.runtime.instrumentation.CreateClassResetClassAdapter - Creating brand-new static initializer in class org/mockito/cglib/core/ClassInfo
16:07:31.208 [main] DEBUG org.evosuite.runtime.agent.TransformerForTests - Going to instrument: org.mockito.cglib.core.ClassEmitter$1
16:07:31.208 [main] INFO org.evosuite.runtime.instrumentation.MethodCallReplacementClassAdapter - Adding mock interface to class org/mockito/cglib/core/ClassEmitter$1
16:07:31.209 [main] DEBUG org.evosuite.runtime.agent.TransformerForTests - Going to instrument: org.mockito.cglib.core.ReflectUtils
16:07:31.210 [main] INFO org.evosuite.runtime.instrumentation.MethodCallReplacementClassAdapter - Adding mock interface to class org/mockito/cglib/core/ReflectUtils
16:07:31.228 [main] INFO org.evosuite.runtime.instrumentation.CreateClassResetClassAdapter - Found static initializer in class org/mockito/cglib/core/ReflectUtils
16:07:31.240 [main] DEBUG org.evosuite.runtime.agent.TransformerForTests - Going to instrument: org.mockito.cglib.core.MethodInfo
16:07:31.240 [main] INFO org.evosuite.runtime.instrumentation.MethodCallReplacementClassAdapter - Adding mock interface to class org/mockito/cglib/core/MethodInfo
16:07:31.243 [main] INFO org.evosuite.runtime.instrumentation.CreateClassResetClassAdapter - Creating brand-new static initializer in class org/mockito/cglib/core/MethodInfo
16:07:31.245 [main] DEBUG org.evosuite.runtime.agent.TransformerForTests - Going to instrument: org.mockito.cglib.core.ReflectUtils$3
16:07:31.245 [main] INFO org.evosuite.runtime.instrumentation.MethodCallReplacementClassAdapter - Adding mock interface to class org/mockito/cglib/core/ReflectUtils$3
16:07:31.248 [main] DEBUG org.evosuite.runtime.agent.TransformerForTests - Going to instrument: org.mockito.cglib.core.ReflectUtils$4
16:07:31.248 [main] INFO org.evosuite.runtime.instrumentation.MethodCallReplacementClassAdapter - Adding mock interface to class org/mockito/cglib/core/ReflectUtils$4
16:07:31.249 [main] DEBUG org.evosuite.runtime.agent.TransformerForTests - Going to instrument: org.mockito.cglib.core.ReflectUtils$1
16:07:31.249 [main] INFO org.evosuite.runtime.instrumentation.MethodCallReplacementClassAdapter - Adding mock interface to class org/mockito/cglib/core/ReflectUtils$1
16:07:31.250 [main] DEBUG org.evosuite.runtime.agent.TransformerForTests - Going to instrument: org.mockito.cglib.core.ReflectUtils$2
16:07:31.251 [main] INFO org.evosuite.runtime.instrumentation.MethodCallReplacementClassAdapter - Adding mock interface to class org/mockito/cglib/core/ReflectUtils$2
16:07:31.256 [main] DEBUG org.evosuite.runtime.agent.TransformerForTests - Going to instrument: org.mockito.cglib.core.AbstractClassGenerator$1
16:07:31.257 [main] INFO org.evosuite.runtime.instrumentation.MethodCallReplacementClassAdapter - Adding mock interface to class org/mockito/cglib/core/AbstractClassGenerator$1
16:07:31.259 [main] DEBUG org.evosuite.runtime.agent.TransformerForTests - Going to instrument: org.mockito.cglib.core.EmitUtils
16:07:31.259 [main] INFO org.evosuite.runtime.instrumentation.MethodCallReplacementClassAdapter - Adding mock interface to class org/mockito/cglib/core/EmitUtils
16:07:31.281 [main] INFO org.evosuite.runtime.instrumentation.CreateClassResetClassAdapter - Found static initializer in class org/mockito/cglib/core/EmitUtils
16:07:31.285 [main] DEBUG org.evosuite.runtime.agent.TransformerForTests - Going to instrument: org.mockito.cglib.core.EmitUtils$ParameterTyper
16:07:31.286 [main] DEBUG org.evosuite.runtime.agent.TransformerForTests - Going to instrument: org.mockito.cglib.core.ProcessArrayCallback
16:07:31.288 [main] DEBUG org.evosuite.runtime.agent.TransformerForTests - Going to instrument: org.mockito.cglib.core.EmitUtils$ArrayDelimiters
16:07:31.289 [main] INFO org.evosuite.runtime.instrumentation.MethodCallReplacementClassAdapter - Adding mock interface to class org/mockito/cglib/core/EmitUtils$ArrayDelimiters
16:07:31.290 [main] INFO org.evosuite.runtime.instrumentation.CreateClassResetClassAdapter - Creating brand-new static initializer in class org/mockito/cglib/core/EmitUtils$ArrayDelimiters
16:07:31.291 [main] DEBUG org.evosuite.runtime.agent.TransformerForTests - Going to instrument: org.mockito.asm.MethodWriter
16:07:31.292 [main] INFO org.evosuite.runtime.instrumentation.MethodCallReplacementClassAdapter - Adding mock interface to class org/mockito/asm/MethodWriter
16:07:31.307 [main] INFO org.evosuite.runtime.instrumentation.CreateClassResetClassAdapter - Creating brand-new static initializer in class org/mockito/asm/MethodWriter
16:07:31.307 [main] INFO org.evosuite.runtime.instrumentation.CreateClassResetClassAdapter - Adding bytecode for initializing field ACC_CONSTRUCTOR
16:07:31.307 [main] INFO org.evosuite.runtime.instrumentation.CreateClassResetClassAdapter - Adding bytecode for initializing field SAME_FRAME
16:07:31.307 [main] INFO org.evosuite.runtime.instrumentation.CreateClassResetClassAdapter - Adding bytecode for initializing field SAME_LOCALS_1_STACK_ITEM_FRAME
16:07:31.307 [main] INFO org.evosuite.runtime.instrumentation.CreateClassResetClassAdapter - Adding bytecode for initializing field RESERVED
16:07:31.307 [main] INFO org.evosuite.runtime.instrumentation.CreateClassResetClassAdapter - Adding bytecode for initializing field SAME_LOCALS_1_STACK_ITEM_FRAME_EXTENDED
16:07:31.307 [main] INFO org.evosuite.runtime.instrumentation.CreateClassResetClassAdapter - Adding bytecode for initializing field CHOP_FRAME
16:07:31.307 [main] INFO org.evosuite.runtime.instrumentation.CreateClassResetClassAdapter - Adding bytecode for initializing field SAME_FRAME_EXTENDED
16:07:31.307 [main] INFO org.evosuite.runtime.instrumentation.CreateClassResetClassAdapter - Adding bytecode for initializing field APPEND_FRAME
16:07:31.307 [main] INFO org.evosuite.runtime.instrumentation.CreateClassResetClassAdapter - Adding bytecode for initializing field FULL_FRAME
16:07:31.307 [main] INFO org.evosuite.runtime.instrumentation.CreateClassResetClassAdapter - Adding bytecode for initializing field FRAMES
16:07:31.307 [main] INFO org.evosuite.runtime.instrumentation.CreateClassResetClassAdapter - Adding bytecode for initializing field MAXS
16:07:31.307 [main] INFO org.evosuite.runtime.instrumentation.CreateClassResetClassAdapter - Adding bytecode for initializing field NOTHING
16:07:31.313 [main] DEBUG org.evosuite.runtime.agent.TransformerForTests - Going to instrument: org.mockito.asm.Label
16:07:31.314 [main] INFO org.evosuite.runtime.instrumentation.MethodCallReplacementClassAdapter - Adding mock interface to class org/mockito/asm/Label
16:07:31.323 [main] INFO org.evosuite.runtime.instrumentation.CreateClassResetClassAdapter - Creating brand-new static initializer in class org/mockito/asm/Label
16:07:31.323 [main] INFO org.evosuite.runtime.instrumentation.CreateClassResetClassAdapter - Adding bytecode for initializing field DEBUG
16:07:31.323 [main] INFO org.evosuite.runtime.instrumentation.CreateClassResetClassAdapter - Adding bytecode for initializing field RESOLVED
16:07:31.324 [main] INFO org.evosuite.runtime.instrumentation.CreateClassResetClassAdapter - Adding bytecode for initializing field RESIZED
16:07:31.324 [main] INFO org.evosuite.runtime.instrumentation.CreateClassResetClassAdapter - Adding bytecode for initializing field PUSHED
16:07:31.324 [main] INFO org.evosuite.runtime.instrumentation.CreateClassResetClassAdapter - Adding bytecode for initializing field TARGET
16:07:31.324 [main] INFO org.evosuite.runtime.instrumentation.CreateClassResetClassAdapter - Adding bytecode for initializing field STORE
16:07:31.324 [main] INFO org.evosuite.runtime.instrumentation.CreateClassResetClassAdapter - Adding bytecode for initializing field REACHABLE
16:07:31.324 [main] INFO org.evosuite.runtime.instrumentation.CreateClassResetClassAdapter - Adding bytecode for initializing field JSR
16:07:31.324 [main] INFO org.evosuite.runtime.instrumentation.CreateClassResetClassAdapter - Adding bytecode for initializing field RET
16:07:31.324 [main] INFO org.evosuite.runtime.instrumentation.CreateClassResetClassAdapter - Adding bytecode for initializing field SUBROUTINE
16:07:31.324 [main] INFO org.evosuite.runtime.instrumentation.CreateClassResetClassAdapter - Adding bytecode for initializing field VISITED
16:07:31.325 [main] DEBUG org.evosuite.runtime.agent.TransformerForTests - Going to instrument: org.mockito.cglib.core.Constants
16:07:31.333 [main] DEBUG org.evosuite.runtime.agent.TransformerForTests - Going to instrument: org.mockito.asm.Opcodes
16:07:31.339 [main] DEBUG org.evosuite.runtime.agent.TransformerForTests - Going to instrument: org.mockito.cglib.core.CodeEmitter$State
16:07:31.341 [main] INFO org.evosuite.runtime.instrumentation.MethodCallReplacementClassAdapter - Adding mock interface to class org/mockito/cglib/core/CodeEmitter$State
16:07:31.344 [main] INFO org.evosuite.runtime.instrumentation.CreateClassResetClassAdapter - Creating brand-new static initializer in class org/mockito/cglib/core/CodeEmitter$State
16:07:31.345 [main] DEBUG org.evosuite.runtime.agent.TransformerForTests - Going to instrument: org.mockito.cglib.core.LocalVariablesSorter$State
16:07:31.346 [main] INFO org.evosuite.runtime.instrumentation.MethodCallReplacementClassAdapter - Adding mock interface to class org/mockito/cglib/core/LocalVariablesSorter$State
16:07:31.347 [main] INFO org.evosuite.runtime.instrumentation.CreateClassResetClassAdapter - Creating brand-new static initializer in class org/mockito/cglib/core/LocalVariablesSorter$State
16:07:31.348 [main] DEBUG org.evosuite.runtime.agent.TransformerForTests - Going to instrument: org.mockito.asm.Frame
16:07:31.349 [main] INFO org.evosuite.runtime.instrumentation.MethodCallReplacementClassAdapter - Adding mock interface to class org/mockito/asm/Frame
16:07:31.357 [main] INFO org.evosuite.runtime.instrumentation.CreateClassResetClassAdapter - Found static initializer in class org/mockito/asm/Frame
16:07:31.362 [main] DEBUG org.evosuite.runtime.agent.TransformerForTests - Going to instrument: org.mockito.cglib.core.ClassEmitter$FieldInfo
16:07:31.363 [main] INFO org.evosuite.runtime.instrumentation.MethodCallReplacementClassAdapter - Adding mock interface to class org/mockito/cglib/core/ClassEmitter$FieldInfo
16:07:31.372 [main] INFO org.evosuite.runtime.instrumentation.CreateClassResetClassAdapter - Creating brand-new static initializer in class org/mockito/cglib/core/ClassEmitter$FieldInfo
16:07:31.377 [main] DEBUG org.evosuite.runtime.agent.TransformerForTests - Going to instrument: org.mockito.asm.FieldWriter
16:07:31.379 [main] INFO org.evosuite.runtime.instrumentation.MethodCallReplacementClassAdapter - Adding mock interface to class org/mockito/asm/FieldWriter
16:07:31.384 [main] INFO org.evosuite.runtime.instrumentation.CreateClassResetClassAdapter - Creating brand-new static initializer in class org/mockito/asm/FieldWriter
16:07:31.385 [main] DEBUG org.evosuite.runtime.agent.TransformerForTests - Going to instrument: org.mockito.asm.Edge
16:07:31.385 [main] INFO org.evosuite.runtime.instrumentation.MethodCallReplacementClassAdapter - Adding mock interface to class org/mockito/asm/Edge
16:07:31.387 [main] INFO org.evosuite.runtime.instrumentation.CreateClassResetClassAdapter - Creating brand-new static initializer in class org/mockito/asm/Edge
16:07:31.387 [main] INFO org.evosuite.runtime.instrumentation.CreateClassResetClassAdapter - Adding bytecode for initializing field NORMAL
16:07:31.387 [main] INFO org.evosuite.runtime.instrumentation.CreateClassResetClassAdapter - Adding bytecode for initializing field EXCEPTION
16:07:31.387 [main] DEBUG org.evosuite.runtime.agent.TransformerForTests - Going to instrument: org.mockito.cglib.core.EmitUtils$7
16:07:31.387 [main] INFO org.evosuite.runtime.instrumentation.MethodCallReplacementClassAdapter - Adding mock interface to class org/mockito/cglib/core/EmitUtils$7
16:07:31.388 [main] DEBUG org.evosuite.runtime.agent.TransformerForTests - Going to instrument: org.mockito.cglib.core.Local
16:07:31.389 [main] INFO org.evosuite.runtime.instrumentation.MethodCallReplacementClassAdapter - Adding mock interface to class org/mockito/cglib/core/Local
16:07:31.389 [main] INFO org.evosuite.runtime.instrumentation.CreateClassResetClassAdapter - Creating brand-new static initializer in class org/mockito/cglib/core/Local
16:07:31.389 [main] DEBUG org.evosuite.runtime.agent.TransformerForTests - Going to instrument: org.mockito.cglib.core.EmitUtils$8
16:07:31.390 [main] INFO org.evosuite.runtime.instrumentation.MethodCallReplacementClassAdapter - Adding mock interface to class org/mockito/cglib/core/EmitUtils$8
16:07:31.391 [main] DEBUG org.evosuite.runtime.agent.TransformerForTests - Going to instrument: org.mockito.cglib.core.EmitUtils$9
16:07:31.391 [main] INFO org.evosuite.runtime.instrumentation.MethodCallReplacementClassAdapter - Adding mock interface to class org/mockito/cglib/core/EmitUtils$9
16:07:31.396 [main] DEBUG org.evosuite.runtime.agent.TransformerForTests - Going to instrument: org.mockito.cglib.core.DebuggingClassWriter$1
16:07:31.397 [main] INFO org.evosuite.runtime.instrumentation.MethodCallReplacementClassAdapter - Adding mock interface to class org/mockito/cglib/core/DebuggingClassWriter$1
16:07:31.406 [main] DEBUG org.evosuite.runtime.agent.TransformerForTests - Going to instrument: org.mockito.asm.ClassReader
16:07:31.408 [main] INFO org.evosuite.runtime.instrumentation.MethodCallReplacementClassAdapter - Adding mock interface to class org/mockito/asm/ClassReader
16:07:31.466 [main] INFO org.evosuite.runtime.instrumentation.CreateClassResetClassAdapter - Creating brand-new static initializer in class org/mockito/asm/ClassReader
16:07:31.468 [main] INFO org.evosuite.runtime.instrumentation.CreateClassResetClassAdapter - Adding bytecode for initializing field SIGNATURES
16:07:31.469 [main] INFO org.evosuite.runtime.instrumentation.CreateClassResetClassAdapter - Adding bytecode for initializing field ANNOTATIONS
16:07:31.469 [main] INFO org.evosuite.runtime.instrumentation.CreateClassResetClassAdapter - Adding bytecode for initializing field FRAMES
16:07:31.469 [main] INFO org.evosuite.runtime.instrumentation.CreateClassResetClassAdapter - Adding bytecode for initializing field WRITER
16:07:31.469 [main] INFO org.evosuite.runtime.instrumentation.CreateClassResetClassAdapter - Adding bytecode for initializing field RESIZE
16:07:31.469 [main] INFO org.evosuite.runtime.instrumentation.CreateClassResetClassAdapter - Adding bytecode for initializing field SKIP_CODE
16:07:31.469 [main] INFO org.evosuite.runtime.instrumentation.CreateClassResetClassAdapter - Adding bytecode for initializing field SKIP_DEBUG
16:07:31.469 [main] INFO org.evosuite.runtime.instrumentation.CreateClassResetClassAdapter - Adding bytecode for initializing field SKIP_FRAMES
16:07:31.469 [main] INFO org.evosuite.runtime.instrumentation.CreateClassResetClassAdapter - Adding bytecode for initializing field EXPAND_FRAMES
16:07:31.478 [main] DEBUG org.evosuite.runtime.agent.TransformerForTests - Going to instrument: org.mockito.cglib.core.ClassNameReader
16:07:31.479 [main] INFO org.evosuite.runtime.instrumentation.MethodCallReplacementClassAdapter - Adding mock interface to class org/mockito/cglib/core/ClassNameReader
16:07:31.484 [main] INFO org.evosuite.runtime.instrumentation.CreateClassResetClassAdapter - Found static initializer in class org/mockito/cglib/core/ClassNameReader
16:07:31.486 [main] DEBUG org.evosuite.runtime.agent.TransformerForTests - Going to instrument: org.mockito.cglib.core.ClassNameReader$EarlyExitException
16:07:31.486 [main] INFO org.evosuite.runtime.instrumentation.MethodCallReplacementClassAdapter - Adding mock interface to class org/mockito/cglib/core/ClassNameReader$EarlyExitException
16:07:31.487 [main] INFO org.evosuite.runtime.instrumentation.CreateClassResetClassAdapter - Creating brand-new static initializer in class org/mockito/cglib/core/ClassNameReader$EarlyExitException
16:07:31.489 [main] DEBUG org.evosuite.runtime.agent.TransformerForTests - Going to instrument: org.mockito.cglib.core.ClassNameReader$1
16:07:31.489 [main] INFO org.evosuite.runtime.instrumentation.MethodCallReplacementClassAdapter - Adding mock interface to class org/mockito/cglib/core/ClassNameReader$1
16:07:31.491 [main] DEBUG org.evosuite.runtime.agent.TransformerForTests - Going to instrument: org.mockito.asm.Attribute
16:07:31.492 [main] INFO org.evosuite.runtime.instrumentation.MethodCallReplacementClassAdapter - Adding mock interface to class org/mockito/asm/Attribute
16:07:31.492 [main] INFO org.evosuite.runtime.instrumentation.CreateClassResetClassAdapter - Creating brand-new static initializer in class org/mockito/asm/Attribute
16:07:31.493 [main] DEBUG org.evosuite.runtime.agent.TransformerForTests - Going to instrument: org.mockito.cglib.proxy.Enhancer$EnhancerKey$$KeyFactoryByCGLIB$$69
16:07:31.493 [main] INFO org.evosuite.runtime.instrumentation.MethodCallReplacementClassAdapter - Adding mock interface to class org/mockito/cglib/proxy/Enhancer$EnhancerKey$$KeyFactoryByCGLIB$$69
16:07:31.499 [main] DEBUG org.evosuite.runtime.agent.TransformerForTests - Going to instrument: org.mockito.internal.creation.util.SearchingClassLoader
16:07:31.500 [main] INFO org.evosuite.runtime.instrumentation.MethodCallReplacementClassAdapter - Adding mock interface to class org/mockito/internal/creation/util/SearchingClassLoader
16:07:31.511 [main] INFO org.evosuite.runtime.instrumentation.CreateClassResetClassAdapter - Creating brand-new static initializer in class org/mockito/internal/creation/util/SearchingClassLoader
16:07:31.515 [main] DEBUG org.evosuite.runtime.agent.TransformerForTests - Going to instrument: org.mockito.cglib.proxy.NoOp
16:07:31.517 [main] DEBUG org.evosuite.runtime.agent.TransformerForTests - Going to instrument: org.mockito.cglib.proxy.CallbackInfo
16:07:31.527 [main] INFO org.evosuite.runtime.instrumentation.MethodCallReplacementClassAdapter - Adding mock interface to class org/mockito/cglib/proxy/CallbackInfo
16:07:31.537 [main] INFO org.evosuite.runtime.instrumentation.CreateClassResetClassAdapter - Found static initializer in class org/mockito/cglib/proxy/CallbackInfo
16:07:31.541 [main] DEBUG org.evosuite.runtime.agent.TransformerForTests - Going to instrument: org.mockito.cglib.proxy.CallbackGenerator
16:07:31.542 [main] DEBUG org.evosuite.runtime.agent.TransformerForTests - Going to instrument: org.mockito.cglib.proxy.NoOpGenerator
16:07:31.542 [main] INFO org.evosuite.runtime.instrumentation.MethodCallReplacementClassAdapter - Adding mock interface to class org/mockito/cglib/proxy/NoOpGenerator
16:07:31.544 [main] INFO org.evosuite.runtime.instrumentation.CreateClassResetClassAdapter - Found static initializer in class org/mockito/cglib/proxy/NoOpGenerator
16:07:31.545 [main] DEBUG org.evosuite.runtime.agent.TransformerForTests - Going to instrument: org.mockito.cglib.proxy.MethodInterceptorGenerator
16:07:31.545 [main] INFO org.evosuite.runtime.instrumentation.MethodCallReplacementClassAdapter - Adding mock interface to class org/mockito/cglib/proxy/MethodInterceptorGenerator
16:07:31.547 [main] INFO org.evosuite.runtime.instrumentation.CreateClassResetClassAdapter - Found static initializer in class org/mockito/cglib/proxy/MethodInterceptorGenerator
16:07:31.550 [main] DEBUG org.evosuite.runtime.agent.TransformerForTests - Going to instrument: org.mockito.cglib.proxy.MethodInterceptorGenerator$1
16:07:31.550 [main] INFO org.evosuite.runtime.instrumentation.MethodCallReplacementClassAdapter - Adding mock interface to class org/mockito/cglib/proxy/MethodInterceptorGenerator$1
16:07:31.551 [main] DEBUG org.evosuite.runtime.agent.TransformerForTests - Going to instrument: org.mockito.cglib.proxy.InvocationHandler
16:07:31.551 [main] DEBUG org.evosuite.runtime.agent.TransformerForTests - Going to instrument: org.mockito.cglib.proxy.InvocationHandlerGenerator
16:07:31.551 [main] INFO org.evosuite.runtime.instrumentation.MethodCallReplacementClassAdapter - Adding mock interface to class org/mockito/cglib/proxy/InvocationHandlerGenerator
16:07:31.552 [main] INFO org.evosuite.runtime.instrumentation.CreateClassResetClassAdapter - Found static initializer in class org/mockito/cglib/proxy/InvocationHandlerGenerator
16:07:31.553 [main] DEBUG org.evosuite.runtime.agent.TransformerForTests - Going to instrument: org.mockito.cglib.proxy.LazyLoader
16:07:31.554 [main] DEBUG org.evosuite.runtime.agent.TransformerForTests - Going to instrument: org.mockito.cglib.proxy.LazyLoaderGenerator
16:07:31.554 [main] INFO org.evosuite.runtime.instrumentation.MethodCallReplacementClassAdapter - Adding mock interface to class org/mockito/cglib/proxy/LazyLoaderGenerator
16:07:31.555 [main] INFO org.evosuite.runtime.instrumentation.CreateClassResetClassAdapter - Found static initializer in class org/mockito/cglib/proxy/LazyLoaderGenerator
16:07:31.556 [main] DEBUG org.evosuite.runtime.agent.TransformerForTests - Going to instrument: org.mockito.cglib.proxy.Dispatcher
16:07:31.556 [main] DEBUG org.evosuite.runtime.agent.TransformerForTests - Going to instrument: org.mockito.cglib.proxy.DispatcherGenerator
16:07:31.556 [main] INFO org.evosuite.runtime.instrumentation.MethodCallReplacementClassAdapter - Adding mock interface to class org/mockito/cglib/proxy/DispatcherGenerator
16:07:31.557 [main] INFO org.evosuite.runtime.instrumentation.CreateClassResetClassAdapter - Found static initializer in class org/mockito/cglib/proxy/DispatcherGenerator
16:07:31.558 [main] DEBUG org.evosuite.runtime.agent.TransformerForTests - Going to instrument: org.mockito.cglib.proxy.FixedValue
16:07:31.559 [main] DEBUG org.evosuite.runtime.agent.TransformerForTests - Going to instrument: org.mockito.cglib.proxy.FixedValueGenerator
16:07:31.560 [main] INFO org.evosuite.runtime.instrumentation.MethodCallReplacementClassAdapter - Adding mock interface to class org/mockito/cglib/proxy/FixedValueGenerator
16:07:31.560 [main] INFO org.evosuite.runtime.instrumentation.CreateClassResetClassAdapter - Found static initializer in class org/mockito/cglib/proxy/FixedValueGenerator
16:07:31.561 [main] DEBUG org.evosuite.runtime.agent.TransformerForTests - Going to instrument: org.mockito.cglib.proxy.ProxyRefDispatcher
16:07:31.571 [main] DEBUG org.evosuite.runtime.classhandling.ClassResetter - __STATIC_RESET() method does not exists in class org.jinstagram.http.URLUtils$EncodingRule
16:07:31.573 [main] DEBUG org.evosuite.runtime.classhandling.ClassResetter - __STATIC_RESET() method does not exists in class org.jinstagram.http.URLUtils
]]></system-out>
    <system-err><![CDATA[Warning: the fonts "Times" and "Lucida Bright" are not available for the Java logical font "Serif", which may have unexpected appearance or behavior. Re-enable the "Times" font to remove this warning.
]]></system-err>
  </testcase>
</testsuite>