<?xml version="1.0" encoding="UTF-8"?>
<testsuite xmlns:xsi="http://www.w3.org/2001/XMLSchema-instance" xsi:noNamespaceSchemaLocation="https://maven.apache.org/surefire/maven-surefire-plugin/xsd/surefire-test-report-3.0.xsd" version="3.0" name="org.jinstagram.http.Request_ESTest" time="6.287" tests="1" errors="1" skipped="0" failures="0">
  <properties>
[...]
</properties>
  <testcase name="testSetProxy" classname="org.jinstagram.http.Request_ESTest" time="1.03">
    <error message="Expected non-static field org.mockito.cglib.proxy.Enhancer.serialVersionUID" type="java.lang.IncompatibleClassChangeError"><![CDATA[java.lang.IncompatibleClassChangeError: Expected non-static field org.mockito.cglib.proxy.Enhancer.serialVersionUID
	at org.mockito.cglib.proxy.Enhancer.setSerialVersionUID(Enhancer.java:326)
	at org.powermock.api.mockito.repackaged.ClassImposterizer.createProxyClass(ClassImposterizer.java:121)
	at org.powermock.api.mockito.repackaged.ClassImposterizer.imposterise(ClassImposterizer.java:58)
	at org.powermock.api.mockito.repackaged.ClassImposterizer.imposterise(ClassImposterizer.java:50)
	at org.powermock.api.mockito.repackaged.CglibMockMaker.createMock(CglibMockMaker.java:25)
	at org.powermock.api.mockito.internal.mockmaker.PowerMockMaker.createMock(PowerMockMaker.java:47)
	at org.mockito.internal.util.MockUtil.createMock(MockUtil.java:33)
	at org.mockito.internal.MockitoCore.mock(MockitoCore.java:59)
	at org.mockito.Mockito.mock(Mockito.java:1285)
	at org.mockito.Mockito.mock(Mockito.java:1163)
	at org.jinstagram.http.Request_ESTest.testSetProxy(Request_ESTest.java:45)
	at sun.reflect.NativeMethodAccessorImpl.invoke0(Native Method)
	at sun.reflect.NativeMethodAccessorImpl.invoke(NativeMethodAccessorImpl.java:62)
	at sun.reflect.DelegatingMethodAccessorImpl.invoke(DelegatingMethodAccessorImpl.java:43)
	at java.lang.reflect.Method.invoke(Method.java:498)
	at org.junit.runners.model.FrameworkMethod$1.runReflectiveCall(FrameworkMethod.java:50)
	at org.junit.internal.runners.model.ReflectiveCallable.run(ReflectiveCallable.java:12)
	at org.junit.runners.model.FrameworkMethod.invokeExplosively(FrameworkMethod.java:47)
	at org.junit.internal.runners.statements.InvokeMethod.evaluate(InvokeMethod.java:17)
	at org.junit.internal.runners.statements.RunBefores.evaluate(RunBefores.java:26)
	at org.junit.internal.runners.statements.RunAfters.evaluate(RunAfters.java:27)
	at org.evosuite.runtime.vnet.NonFunctionalRequirementRule$1.evaluate(NonFunctionalRequirementRule.java:41)
	at org.junit.rules.RunRules.evaluate(RunRules.java:20)
	at org.junit.runners.ParentRunner.runLeaf(ParentRunner.java:325)
	at org.junit.runners.BlockJUnit4ClassRunner.runChild(BlockJUnit4ClassRunner.java:78)
	at org.junit.runners.BlockJUnit4ClassRunner.runChild(BlockJUnit4ClassRunner.java:57)
	at org.junit.runners.ParentRunner$3.run(ParentRunner.java:290)
	at org.junit.runners.ParentRunner$1.schedule(ParentRunner.java:71)
	at org.junit.runners.ParentRunner.runChildren(ParentRunner.java:288)
	at org.junit.runners.ParentRunner.access$000(ParentRunner.java:58)
	at org.junit.runners.ParentRunner$2.evaluate(ParentRunner.java:268)
	at org.junit.internal.runners.statements.RunBefores.evaluate(RunBefores.java:26)
	at org.junit.internal.runners.statements.RunAfters.evaluate(RunAfters.java:27)
	at org.junit.runners.ParentRunner.run(ParentRunner.java:363)
	at org.junit.runner.JUnitCore.run(JUnitCore.java:137)
	at org.junit.runner.JUnitCore.run(JUnitCore.java:115)
	at org.junit.vintage.engine.execution.RunnerExecutor.execute(RunnerExecutor.java:42)
	at org.junit.vintage.engine.VintageTestEngine.executeAllChildren(VintageTestEngine.java:80)
	at org.junit.vintage.engine.VintageTestEngine.execute(VintageTestEngine.java:72)
	at org.junit.platform.launcher.core.EngineExecutionOrchestrator.execute(EngineExecutionOrchestrator.java:147)
	at org.junit.platform.launcher.core.EngineExecutionOrchestrator.execute(EngineExecutionOrchestrator.java:127)
	at org.junit.platform.launcher.core.EngineExecutionOrchestrator.execute(EngineExecutionOrchestrator.java:90)
	at org.junit.platform.launcher.core.EngineExecutionOrchestrator.lambda$execute$0(EngineExecutionOrchestrator.java:55)
	at org.junit.platform.launcher.core.EngineExecutionOrchestrator.withInterceptedStreams(EngineExecutionOrchestrator.java:102)
	at org.junit.platform.launcher.core.EngineExecutionOrchestrator.execute(EngineExecutionOrchestrator.java:54)
	at org.junit.platform.launcher.core.DefaultLauncher.execute(DefaultLauncher.java:114)
	at org.junit.platform.launcher.core.DefaultLauncher.execute(DefaultLauncher.java:86)
	at org.junit.platform.launcher.core.DefaultLauncherSession$DelegatingLauncher.execute(DefaultLauncherSession.java:86)
	at org.apache.maven.surefire.junitplatform.LazyLauncher.execute(LazyLauncher.java:56)
	at org.apache.maven.surefire.junitplatform.JUnitPlatformProvider.execute(JUnitPlatformProvider.java:184)
	at org.apache.maven.surefire.junitplatform.JUnitPlatformProvider.invokeAllTests(JUnitPlatformProvider.java:148)
	at org.apache.maven.surefire.junitplatform.JUnitPlatformProvider.invoke(JUnitPlatformProvider.java:122)
	at org.apache.maven.surefire.booter.ForkedBooter.runSuitesInProcess(ForkedBooter.java:385)
	at org.apache.maven.surefire.booter.ForkedBooter.execute(ForkedBooter.java:162)
	at org.apache.maven.surefire.booter.ForkedBooter.run(ForkedBooter.java:507)
	at org.apache.maven.surefire.booter.ForkedBooter.main(ForkedBooter.java:495)
]]></error>
    <system-out><![CDATA[23:44:10.886 [main] INFO org.evosuite.runtime.agent.AgentLoader - dynamically loading javaagent
23:44:10.905 [main] INFO org.evosuite.runtime.agent.AgentLoader - Using JavaAgent in /Users/curtis/.m2/repository/org/evosuite/evosuite-standalone-runtime/1.0.6/evosuite-standalone-runtime-1.0.6.jar
23:44:10.915 [main] INFO org.evosuite.runtime.agent.AgentLoader - Classpath: /Users/curtis/Github/Thesis/chatTester/Repos/sachin-handiekar_jInstagram/target/test-classes:/Users/curtis/Github/Thesis/chatTester/Repos/sachin-handiekar_jInstagram/target/classes:/Users/curtis/.m2/repository/com/google/code/gson/gson/2.7/gson-2.7.jar:/Users/curtis/.m2/repository/org/apache/commons/commons-lang3/3.4/commons-lang3-3.4.jar:/Users/curtis/.m2/repository/commons-codec/commons-codec/1.10/commons-codec-1.10.jar:/Users/curtis/.m2/repository/org/slf4j/slf4j-api/1.7.21/slf4j-api-1.7.21.jar:/Users/curtis/.m2/repository/junit/junit/4.12/junit-4.12.jar:/Users/curtis/.m2/repository/org/hamcrest/hamcrest-core/1.3/hamcrest-core-1.3.jar:/Users/curtis/.m2/repository/org/mockito/mockito-core/1.10.19/mockito-core-1.10.19.jar:/Users/curtis/.m2/repository/org/objenesis/objenesis/2.1/objenesis-2.1.jar:/Users/curtis/.m2/repository/ch/qos/logback/logback-classic/1.1.7/logback-classic-1.1.7.jar:/Users/curtis/.m2/repository/ch/qos/logback/logback-core/1.1.7/logback-core-1.1.7.jar:/Users/curtis/.m2/repository/org/powermock/powermock-api-mockito/1.6.6/powermock-api-mockito-1.6.6.jar:/Users/curtis/.m2/repository/org/powermock/powermock-api-mockito-common/1.6.6/powermock-api-mockito-common-1.6.6.jar:/Users/curtis/.m2/repository/org/powermock/powermock-api-support/1.6.6/powermock-api-support-1.6.6.jar:/Users/curtis/.m2/repository/org/powermock/powermock-module-junit4/1.6.6/powermock-module-junit4-1.6.6.jar:/Users/curtis/.m2/repository/org/powermock/powermock-module-junit4-common/1.6.6/powermock-module-junit4-common-1.6.6.jar:/Users/curtis/.m2/repository/org/powermock/powermock-core/1.6.6/powermock-core-1.6.6.jar:/Users/curtis/.m2/repository/org/javassist/javassist/3.21.0-GA/javassist-3.21.0-GA.jar:/Users/curtis/.m2/repository/org/powermock/powermock-reflect/1.6.6/powermock-reflect-1.6.6.jar:/Users/curtis/.m2/repository/org/evosuite/evosuite-standalone-runtime/1.0.6/evosuite-standalone-runtime-1.0.6.jar:/Users/curtis/.m2/repository/org/junit/jupiter/junit-jupiter-api/5.9.0/junit-jupiter-api-5.9.0.jar:/Users/curtis/.m2/repository/org/opentest4j/opentest4j/1.2.0/opentest4j-1.2.0.jar:/Users/curtis/.m2/repository/org/junit/platform/junit-platform-commons/1.9.0/junit-platform-commons-1.9.0.jar:/Users/curtis/.m2/repository/org/apiguardian/apiguardian-api/1.1.2/apiguardian-api-1.1.2.jar:
23:44:10.916 [main] INFO org.evosuite.runtime.agent.AgentLoader - Going to attach agent to process 73151
23:44:11.193 [Attach Listener] INFO org.evosuite.runtime.agent.InstrumentingAgent - Executing agentmain of JavaAgent
23:44:14.826 [main] DEBUG org.evosuite.runtime.sandbox.MSecurityManager - Adding privileged thread: "Reference Handler"
23:44:14.827 [main] DEBUG org.evosuite.runtime.sandbox.MSecurityManager - Adding privileged thread: "Finalizer"
23:44:14.827 [main] DEBUG org.evosuite.runtime.sandbox.MSecurityManager - Adding privileged thread: "Signal Dispatcher"
23:44:14.827 [main] DEBUG org.evosuite.runtime.sandbox.MSecurityManager - Adding privileged thread: "Attach Listener"
23:44:14.827 [main] DEBUG org.evosuite.runtime.sandbox.MSecurityManager - Adding privileged thread: "AppKit Thread"
23:44:14.827 [main] DEBUG org.evosuite.runtime.sandbox.MSecurityManager - Adding privileged thread: "Java2D Queue Flusher"
23:44:14.827 [main] DEBUG org.evosuite.runtime.sandbox.MSecurityManager - Adding privileged thread: "Java2D Disposer"
23:44:14.827 [main] DEBUG org.evosuite.runtime.sandbox.MSecurityManager - Adding privileged thread: "main"
23:44:14.827 [main] DEBUG org.evosuite.runtime.sandbox.MSecurityManager - Adding privileged thread: "surefire-forkedjvm-stream-flusher"
23:44:14.828 [main] DEBUG org.evosuite.runtime.sandbox.MSecurityManager - Adding privileged thread: "surefire-forkedjvm-command-thread"
23:44:14.884 [main] DEBUG org.evosuite.runtime.agent.TransformerForTests - Going to instrument: org.jinstagram.auth.exceptions.OAuthException
23:44:14.943 [main] INFO org.evosuite.runtime.instrumentation.MethodCallReplacementClassAdapter - Adding mock interface to class org/jinstagram/auth/exceptions/OAuthException
23:44:15.240 [main] INFO org.evosuite.runtime.instrumentation.CreateClassResetClassAdapter - Creating brand-new static initializer in class org/jinstagram/auth/exceptions/OAuthException
23:44:15.245 [main] DEBUG org.evosuite.runtime.agent.TransformerForTests - Going to instrument: org.jinstagram.http.URLUtils$EncodingRule
23:44:15.247 [main] INFO org.evosuite.runtime.instrumentation.MethodCallReplacementClassAdapter - Adding mock interface to class org/jinstagram/http/URLUtils$EncodingRule
23:44:15.248 [main] INFO org.evosuite.runtime.instrumentation.CreateClassResetClassAdapter - Creating brand-new static initializer in class org/jinstagram/http/URLUtils$EncodingRule
23:44:15.250 [main] DEBUG org.evosuite.runtime.agent.TransformerForTests - Going to instrument: org.jinstagram.http.URLUtils
23:44:15.252 [main] INFO org.evosuite.runtime.instrumentation.MethodCallReplacementClassAdapter - Adding mock interface to class org/jinstagram/http/URLUtils
23:44:15.273 [main] INFO org.evosuite.runtime.instrumentation.CreateClassResetClassAdapter - Found static initializer in class org/jinstagram/http/URLUtils
23:44:15.280 [main] DEBUG org.evosuite.runtime.agent.TransformerForTests - Going to instrument: org.jinstagram.http.Response
23:44:15.281 [main] INFO org.evosuite.runtime.instrumentation.MethodCallReplacementClassAdapter - Adding mock interface to class org/jinstagram/http/Response
23:44:15.296 [main] INFO org.evosuite.runtime.instrumentation.CreateClassResetClassAdapter - Creating brand-new static initializer in class org/jinstagram/http/Response
23:44:15.296 [main] INFO org.evosuite.runtime.instrumentation.CreateClassResetClassAdapter - Adding bytecode for initializing field EMPTY_RESPONSE
23:44:15.299 [main] DEBUG org.evosuite.runtime.agent.TransformerForTests - Going to instrument: org.jinstagram.http.Verbs
23:44:15.300 [main] INFO org.evosuite.runtime.instrumentation.MethodCallReplacementClassAdapter - Adding mock interface to class org/jinstagram/http/Verbs
23:44:15.303 [main] INFO org.evosuite.runtime.instrumentation.CreateClassResetClassAdapter - Found static initializer in class org/jinstagram/http/Verbs
23:44:15.307 [main] DEBUG org.evosuite.runtime.agent.TransformerForTests - Going to instrument: org.jinstagram.utils.Preconditions
23:44:15.308 [main] INFO org.evosuite.runtime.instrumentation.MethodCallReplacementClassAdapter - Adding mock interface to class org/jinstagram/utils/Preconditions
23:44:15.316 [main] INFO org.evosuite.runtime.instrumentation.CreateClassResetClassAdapter - Found static initializer in class org/jinstagram/utils/Preconditions
23:44:15.321 [main] DEBUG org.evosuite.runtime.agent.TransformerForTests - Going to instrument: org.jinstagram.http.Request
23:44:15.321 [main] INFO org.evosuite.runtime.instrumentation.MethodCallReplacementClassAdapter - Adding mock interface to class org/jinstagram/http/Request
23:44:15.339 [main] INFO org.evosuite.runtime.instrumentation.CreateClassResetClassAdapter - Creating brand-new static initializer in class org/jinstagram/http/Request
23:44:15.339 [main] INFO org.evosuite.runtime.instrumentation.CreateClassResetClassAdapter - Adding bytecode for initializing field CONTENT_LENGTH
23:44:16.716 [main] DEBUG org.evosuite.runtime.agent.TransformerForTests - Going to instrument: org.mockito.Mockito
23:44:16.719 [main] INFO org.evosuite.runtime.instrumentation.MethodCallReplacementClassAdapter - Adding mock interface to class org/mockito/Mockito
23:44:16.730 [main] INFO org.evosuite.runtime.instrumentation.CreateClassResetClassAdapter - Found static initializer in class org/mockito/Mockito
23:44:16.733 [main] DEBUG org.evosuite.runtime.agent.TransformerForTests - Going to instrument: org.mockito.Matchers
23:44:16.734 [main] INFO org.evosuite.runtime.instrumentation.MethodCallReplacementClassAdapter - Adding mock interface to class org/mockito/Matchers
23:44:16.739 [main] INFO org.evosuite.runtime.instrumentation.CreateClassResetClassAdapter - Found static initializer in class org/mockito/Matchers
23:44:16.741 [main] DEBUG org.evosuite.runtime.agent.TransformerForTests - Going to instrument: org.mockito.internal.progress.MockingProgress
23:44:16.747 [main] DEBUG org.evosuite.runtime.agent.TransformerForTests - Going to instrument: org.hamcrest.Matcher
23:44:16.751 [main] DEBUG org.evosuite.runtime.agent.TransformerForTests - Going to instrument: org.mockito.verification.VerificationMode
23:44:16.754 [main] DEBUG org.evosuite.runtime.agent.TransformerForTests - Going to instrument: org.mockito.verification.VerificationWithTimeout
23:44:16.755 [main] DEBUG org.evosuite.runtime.agent.TransformerForTests - Going to instrument: org.mockito.stubbing.Answer
23:44:16.762 [main] DEBUG org.evosuite.runtime.agent.TransformerForTests - Going to instrument: org.mockito.verification.VerificationAfterDelay
23:44:16.763 [main] DEBUG org.evosuite.runtime.agent.TransformerForTests - Going to instrument: org.mockito.MockitoDebugger
23:44:16.764 [main] DEBUG org.evosuite.runtime.agent.TransformerForTests - Going to instrument: org.mockito.internal.progress.ThreadSafeMockingProgress
23:44:16.772 [main] INFO org.evosuite.runtime.instrumentation.MethodCallReplacementClassAdapter - Adding mock interface to class org/mockito/internal/progress/ThreadSafeMockingProgress
23:44:16.780 [main] INFO org.evosuite.runtime.instrumentation.CreateClassResetClassAdapter - Found static initializer in class org/mockito/internal/progress/ThreadSafeMockingProgress
23:44:16.782 [main] DEBUG org.evosuite.runtime.agent.TransformerForTests - Going to instrument: org.mockito.internal.MockitoCore
23:44:16.785 [main] INFO org.evosuite.runtime.instrumentation.MethodCallReplacementClassAdapter - Adding mock interface to class org/mockito/internal/MockitoCore
23:44:16.809 [main] INFO org.evosuite.runtime.instrumentation.CreateClassResetClassAdapter - Creating brand-new static initializer in class org/mockito/internal/MockitoCore
23:44:16.811 [main] DEBUG org.evosuite.runtime.agent.TransformerForTests - Going to instrument: org.mockito.internal.verification.api.VerificationDataInOrder
23:44:16.813 [main] DEBUG org.evosuite.runtime.agent.TransformerForTests - Going to instrument: org.mockito.InOrder
23:44:16.814 [main] DEBUG org.evosuite.runtime.agent.TransformerForTests - Going to instrument: org.mockito.exceptions.misusing.NotAMockException
23:44:16.814 [main] INFO org.evosuite.runtime.instrumentation.MethodCallReplacementClassAdapter - Adding mock interface to class org/mockito/exceptions/misusing/NotAMockException
23:44:16.815 [main] INFO org.evosuite.runtime.instrumentation.CreateClassResetClassAdapter - Creating brand-new static initializer in class org/mockito/exceptions/misusing/NotAMockException
23:44:16.817 [main] DEBUG org.evosuite.runtime.agent.TransformerForTests - Going to instrument: org.mockito.exceptions.base.MockitoException
23:44:16.817 [main] INFO org.evosuite.runtime.instrumentation.MethodCallReplacementClassAdapter - Adding mock interface to class org/mockito/exceptions/base/MockitoException
23:44:16.820 [main] INFO org.evosuite.runtime.instrumentation.CreateClassResetClassAdapter - Creating brand-new static initializer in class org/mockito/exceptions/base/MockitoException
23:44:16.826 [main] DEBUG org.evosuite.runtime.agent.TransformerForTests - Going to instrument: org.mockito.internal.verification.api.VerificationData
23:44:16.831 [main] DEBUG org.evosuite.runtime.agent.TransformerForTests - Going to instrument: org.mockito.internal.stubbing.InvocationContainer
23:44:16.832 [main] DEBUG org.evosuite.runtime.agent.TransformerForTests - Going to instrument: org.mockito.MockingDetails
23:44:16.834 [main] DEBUG org.evosuite.runtime.agent.TransformerForTests - Going to instrument: org.mockito.exceptions.Reporter
23:44:16.840 [main] INFO org.evosuite.runtime.instrumentation.MethodCallReplacementClassAdapter - Adding mock interface to class org/mockito/exceptions/Reporter
23:44:16.855 [main] INFO org.evosuite.runtime.instrumentation.CreateClassResetClassAdapter - Creating brand-new static initializer in class org/mockito/exceptions/Reporter
23:44:16.862 [main] DEBUG org.evosuite.runtime.agent.TransformerForTests - Going to instrument: org.mockito.exceptions.misusing.WrongTypeOfReturnValue
23:44:16.864 [main] INFO org.evosuite.runtime.instrumentation.MethodCallReplacementClassAdapter - Adding mock interface to class org/mockito/exceptions/misusing/WrongTypeOfReturnValue
23:44:16.865 [main] INFO org.evosuite.runtime.instrumentation.CreateClassResetClassAdapter - Creating brand-new static initializer in class org/mockito/exceptions/misusing/WrongTypeOfReturnValue
23:44:16.866 [main] DEBUG org.evosuite.runtime.agent.TransformerForTests - Going to instrument: org.mockito.exceptions.misusing.FriendlyReminderException
23:44:16.866 [main] INFO org.evosuite.runtime.instrumentation.MethodCallReplacementClassAdapter - Adding mock interface to class org/mockito/exceptions/misusing/FriendlyReminderException
23:44:16.868 [main] INFO org.evosuite.runtime.instrumentation.CreateClassResetClassAdapter - Creating brand-new static initializer in class org/mockito/exceptions/misusing/FriendlyReminderException
23:44:16.868 [main] DEBUG org.evosuite.runtime.agent.TransformerForTests - Going to instrument: org.mockito.exceptions.verification.SmartNullPointerException
23:44:16.869 [main] INFO org.evosuite.runtime.instrumentation.MethodCallReplacementClassAdapter - Adding mock interface to class org/mockito/exceptions/verification/SmartNullPointerException
23:44:16.869 [main] INFO org.evosuite.runtime.instrumentation.CreateClassResetClassAdapter - Creating brand-new static initializer in class org/mockito/exceptions/verification/SmartNullPointerException
23:44:16.869 [main] DEBUG org.evosuite.runtime.agent.TransformerForTests - Going to instrument: org.mockito.exceptions.base.MockitoAssertionError
23:44:16.870 [main] INFO org.evosuite.runtime.instrumentation.MethodCallReplacementClassAdapter - Adding mock interface to class org/mockito/exceptions/base/MockitoAssertionError
23:44:16.871 [main] INFO org.evosuite.runtime.instrumentation.CreateClassResetClassAdapter - Creating brand-new static initializer in class org/mockito/exceptions/base/MockitoAssertionError
23:44:16.871 [main] DEBUG org.evosuite.runtime.agent.TransformerForTests - Going to instrument: org.mockito.exceptions.misusing.CannotStubVoidMethodWithReturnValue
23:44:16.872 [main] INFO org.evosuite.runtime.instrumentation.MethodCallReplacementClassAdapter - Adding mock interface to class org/mockito/exceptions/misusing/CannotStubVoidMethodWithReturnValue
23:44:16.872 [main] INFO org.evosuite.runtime.instrumentation.CreateClassResetClassAdapter - Creating brand-new static initializer in class org/mockito/exceptions/misusing/CannotStubVoidMethodWithReturnValue
23:44:16.872 [main] DEBUG org.evosuite.runtime.agent.TransformerForTests - Going to instrument: org.mockito.exceptions.verification.VerificationInOrderFailure
23:44:16.872 [main] INFO org.evosuite.runtime.instrumentation.MethodCallReplacementClassAdapter - Adding mock interface to class org/mockito/exceptions/verification/VerificationInOrderFailure
23:44:16.873 [main] INFO org.evosuite.runtime.instrumentation.CreateClassResetClassAdapter - Creating brand-new static initializer in class org/mockito/exceptions/verification/VerificationInOrderFailure
23:44:16.879 [main] DEBUG org.evosuite.runtime.agent.TransformerForTests - Going to instrument: org.mockito.exceptions.verification.NoInteractionsWanted
23:44:16.880 [main] INFO org.evosuite.runtime.instrumentation.MethodCallReplacementClassAdapter - Adding mock interface to class org/mockito/exceptions/verification/NoInteractionsWanted
23:44:16.885 [main] INFO org.evosuite.runtime.instrumentation.CreateClassResetClassAdapter - Creating brand-new static initializer in class org/mockito/exceptions/verification/NoInteractionsWanted
23:44:16.888 [main] DEBUG org.evosuite.runtime.agent.TransformerForTests - Going to instrument: org.mockito.exceptions.verification.TooLittleActualInvocations
23:44:16.889 [main] INFO org.evosuite.runtime.instrumentation.MethodCallReplacementClassAdapter - Adding mock interface to class org/mockito/exceptions/verification/TooLittleActualInvocations
23:44:16.889 [main] INFO org.evosuite.runtime.instrumentation.CreateClassResetClassAdapter - Creating brand-new static initializer in class org/mockito/exceptions/verification/TooLittleActualInvocations
23:44:16.890 [main] DEBUG org.evosuite.runtime.agent.TransformerForTests - Going to instrument: org.mockito.exceptions.verification.NeverWantedButInvoked
23:44:16.890 [main] INFO org.evosuite.runtime.instrumentation.MethodCallReplacementClassAdapter - Adding mock interface to class org/mockito/exceptions/verification/NeverWantedButInvoked
23:44:16.890 [main] INFO org.evosuite.runtime.instrumentation.CreateClassResetClassAdapter - Creating brand-new static initializer in class org/mockito/exceptions/verification/NeverWantedButInvoked
23:44:16.891 [main] DEBUG org.evosuite.runtime.agent.TransformerForTests - Going to instrument: org.mockito.exceptions.verification.TooManyActualInvocations
23:44:16.891 [main] INFO org.evosuite.runtime.instrumentation.MethodCallReplacementClassAdapter - Adding mock interface to class org/mockito/exceptions/verification/TooManyActualInvocations
23:44:16.891 [main] INFO org.evosuite.runtime.instrumentation.CreateClassResetClassAdapter - Creating brand-new static initializer in class org/mockito/exceptions/verification/TooManyActualInvocations
23:44:16.893 [main] DEBUG org.evosuite.runtime.agent.TransformerForTests - Going to instrument: org.mockito.exceptions.verification.WantedButNotInvoked
23:44:16.893 [main] INFO org.evosuite.runtime.instrumentation.MethodCallReplacementClassAdapter - Adding mock interface to class org/mockito/exceptions/verification/WantedButNotInvoked
23:44:16.893 [main] INFO org.evosuite.runtime.instrumentation.CreateClassResetClassAdapter - Creating brand-new static initializer in class org/mockito/exceptions/verification/WantedButNotInvoked
23:44:16.894 [main] DEBUG org.evosuite.runtime.agent.TransformerForTests - Going to instrument: org.mockito.exceptions.misusing.NullInsteadOfMockException
23:44:16.894 [main] INFO org.evosuite.runtime.instrumentation.MethodCallReplacementClassAdapter - Adding mock interface to class org/mockito/exceptions/misusing/NullInsteadOfMockException
23:44:16.896 [main] INFO org.evosuite.runtime.instrumentation.CreateClassResetClassAdapter - Creating brand-new static initializer in class org/mockito/exceptions/misusing/NullInsteadOfMockException
23:44:16.896 [main] DEBUG org.evosuite.runtime.agent.TransformerForTests - Going to instrument: org.mockito.exceptions.misusing.InvalidUseOfMatchersException
23:44:16.897 [main] INFO org.evosuite.runtime.instrumentation.MethodCallReplacementClassAdapter - Adding mock interface to class org/mockito/exceptions/misusing/InvalidUseOfMatchersException
23:44:16.897 [main] INFO org.evosuite.runtime.instrumentation.CreateClassResetClassAdapter - Creating brand-new static initializer in class org/mockito/exceptions/misusing/InvalidUseOfMatchersException
23:44:16.899 [main] DEBUG org.evosuite.runtime.agent.TransformerForTests - Going to instrument: org.mockito.exceptions.misusing.UnfinishedVerificationException
23:44:16.899 [main] INFO org.evosuite.runtime.instrumentation.MethodCallReplacementClassAdapter - Adding mock interface to class org/mockito/exceptions/misusing/UnfinishedVerificationException
23:44:16.904 [main] INFO org.evosuite.runtime.instrumentation.CreateClassResetClassAdapter - Creating brand-new static initializer in class org/mockito/exceptions/misusing/UnfinishedVerificationException
23:44:16.905 [main] DEBUG org.evosuite.runtime.agent.TransformerForTests - Going to instrument: org.mockito.exceptions.misusing.UnfinishedStubbingException
23:44:16.906 [main] INFO org.evosuite.runtime.instrumentation.MethodCallReplacementClassAdapter - Adding mock interface to class org/mockito/exceptions/misusing/UnfinishedStubbingException
23:44:16.907 [main] INFO org.evosuite.runtime.instrumentation.CreateClassResetClassAdapter - Creating brand-new static initializer in class org/mockito/exceptions/misusing/UnfinishedStubbingException
23:44:16.908 [main] DEBUG org.evosuite.runtime.agent.TransformerForTests - Going to instrument: org.mockito.exceptions.misusing.MissingMethodInvocationException
23:44:16.909 [main] INFO org.evosuite.runtime.instrumentation.MethodCallReplacementClassAdapter - Adding mock interface to class org/mockito/exceptions/misusing/MissingMethodInvocationException
23:44:16.912 [main] INFO org.evosuite.runtime.instrumentation.CreateClassResetClassAdapter - Creating brand-new static initializer in class org/mockito/exceptions/misusing/MissingMethodInvocationException
23:44:16.913 [main] DEBUG org.evosuite.runtime.agent.TransformerForTests - Going to instrument: org.mockito.exceptions.misusing.CannotVerifyStubOnlyMock
23:44:16.913 [main] INFO org.evosuite.runtime.instrumentation.MethodCallReplacementClassAdapter - Adding mock interface to class org/mockito/exceptions/misusing/CannotVerifyStubOnlyMock
23:44:16.914 [main] INFO org.evosuite.runtime.instrumentation.CreateClassResetClassAdapter - Creating brand-new static initializer in class org/mockito/exceptions/misusing/CannotVerifyStubOnlyMock
23:44:16.915 [main] DEBUG org.evosuite.runtime.agent.TransformerForTests - Going to instrument: org.mockito.internal.util.MockUtil
23:44:16.915 [main] INFO org.evosuite.runtime.instrumentation.MethodCallReplacementClassAdapter - Adding mock interface to class org/mockito/internal/util/MockUtil
23:44:16.925 [main] INFO org.evosuite.runtime.instrumentation.CreateClassResetClassAdapter - Found static initializer in class org/mockito/internal/util/MockUtil
23:44:16.934 [main] DEBUG org.evosuite.runtime.agent.TransformerForTests - Going to instrument: org.mockito.invocation.MockHandler
23:44:16.938 [main] DEBUG org.evosuite.runtime.agent.TransformerForTests - Going to instrument: org.mockito.mock.MockName
23:44:16.939 [main] DEBUG org.evosuite.runtime.agent.TransformerForTests - Going to instrument: org.mockito.internal.configuration.plugins.Plugins
23:44:16.940 [main] INFO org.evosuite.runtime.instrumentation.MethodCallReplacementClassAdapter - Adding mock interface to class org/mockito/internal/configuration/plugins/Plugins
23:44:16.940 [main] INFO org.evosuite.runtime.instrumentation.CreateClassResetClassAdapter - Found static initializer in class org/mockito/internal/configuration/plugins/Plugins
23:44:16.942 [main] DEBUG org.evosuite.runtime.agent.TransformerForTests - Going to instrument: org.mockito.internal.configuration.plugins.PluginRegistry
23:44:16.944 [main] INFO org.evosuite.runtime.instrumentation.MethodCallReplacementClassAdapter - Adding mock interface to class org/mockito/internal/configuration/plugins/PluginRegistry
23:44:16.946 [main] INFO org.evosuite.runtime.instrumentation.CreateClassResetClassAdapter - Creating brand-new static initializer in class org/mockito/internal/configuration/plugins/PluginRegistry
23:44:16.947 [main] DEBUG org.evosuite.runtime.agent.TransformerForTests - Going to instrument: org.mockito.plugins.PluginSwitch
23:44:16.948 [main] DEBUG org.evosuite.runtime.agent.TransformerForTests - Going to instrument: org.mockito.internal.configuration.plugins.PluginLoader
23:44:16.949 [main] INFO org.evosuite.runtime.instrumentation.MethodCallReplacementClassAdapter - Adding mock interface to class org/mockito/internal/configuration/plugins/PluginLoader
23:44:16.951 [main] INFO org.evosuite.runtime.instrumentation.CreateClassResetClassAdapter - Creating brand-new static initializer in class org/mockito/internal/configuration/plugins/PluginLoader
23:44:16.952 [main] DEBUG org.evosuite.runtime.agent.TransformerForTests - Going to instrument: org.mockito.exceptions.misusing.MockitoConfigurationException
23:44:16.953 [main] INFO org.evosuite.runtime.instrumentation.MethodCallReplacementClassAdapter - Adding mock interface to class org/mockito/exceptions/misusing/MockitoConfigurationException
23:44:16.953 [main] INFO org.evosuite.runtime.instrumentation.CreateClassResetClassAdapter - Creating brand-new static initializer in class org/mockito/exceptions/misusing/MockitoConfigurationException
23:44:16.953 [main] DEBUG org.evosuite.runtime.agent.TransformerForTests - Going to instrument: org.mockito.internal.configuration.plugins.DefaultPluginSwitch
23:44:16.954 [main] INFO org.evosuite.runtime.instrumentation.MethodCallReplacementClassAdapter - Adding mock interface to class org/mockito/internal/configuration/plugins/DefaultPluginSwitch
23:44:16.954 [main] INFO org.evosuite.runtime.instrumentation.CreateClassResetClassAdapter - Creating brand-new static initializer in class org/mockito/internal/configuration/plugins/DefaultPluginSwitch
23:44:16.955 [main] DEBUG org.evosuite.runtime.agent.TransformerForTests - Going to instrument: org.mockito.internal.configuration.plugins.PluginFinder
23:44:16.958 [main] INFO org.evosuite.runtime.instrumentation.MethodCallReplacementClassAdapter - Adding mock interface to class org/mockito/internal/configuration/plugins/PluginFinder
23:44:16.959 [main] INFO org.evosuite.runtime.instrumentation.CreateClassResetClassAdapter - Creating brand-new static initializer in class org/mockito/internal/configuration/plugins/PluginFinder
23:44:16.960 [main] DEBUG org.evosuite.runtime.agent.TransformerForTests - Going to instrument: org.mockito.internal.util.collections.Iterables
23:44:16.963 [main] INFO org.evosuite.runtime.instrumentation.MethodCallReplacementClassAdapter - Adding mock interface to class org/mockito/internal/util/collections/Iterables
23:44:16.964 [main] INFO org.evosuite.runtime.instrumentation.CreateClassResetClassAdapter - Creating brand-new static initializer in class org/mockito/internal/util/collections/Iterables
23:44:16.967 [main] DEBUG org.evosuite.runtime.agent.TransformerForTests - Going to instrument: org.mockito.plugins.MockMaker
23:44:16.970 [main] DEBUG org.evosuite.runtime.agent.TransformerForTests - Going to instrument: org.mockito.internal.configuration.plugins.PluginFileReader
23:44:16.971 [main] INFO org.evosuite.runtime.instrumentation.MethodCallReplacementClassAdapter - Adding mock interface to class org/mockito/internal/configuration/plugins/PluginFileReader
23:44:16.971 [main] INFO org.evosuite.runtime.instrumentation.CreateClassResetClassAdapter - Creating brand-new static initializer in class org/mockito/internal/configuration/plugins/PluginFileReader
23:44:16.972 [main] DEBUG org.evosuite.runtime.agent.TransformerForTests - Going to instrument: org.mockito.internal.util.io.IOUtil
23:44:16.973 [main] INFO org.evosuite.runtime.instrumentation.MethodCallReplacementClassAdapter - Adding mock interface to class org/mockito/internal/util/io/IOUtil
23:44:16.977 [main] INFO org.evosuite.runtime.instrumentation.CreateClassResetClassAdapter - Creating brand-new static initializer in class org/mockito/internal/util/io/IOUtil
23:44:16.981 [main] DEBUG org.evosuite.runtime.agent.TransformerForTests - Going to instrument: org.mockito.cglib.proxy.MethodInterceptor
23:44:16.983 [main] DEBUG org.evosuite.runtime.agent.TransformerForTests - Going to instrument: org.mockito.cglib.proxy.Callback
23:44:16.983 [main] DEBUG org.evosuite.runtime.agent.TransformerForTests - Going to instrument: org.mockito.plugins.StackTraceCleanerProvider
23:44:16.986 [main] DEBUG org.evosuite.runtime.agent.TransformerForTests - Going to instrument: org.mockito.exceptions.stacktrace.StackTraceCleaner
23:44:16.987 [main] DEBUG org.evosuite.runtime.agent.TransformerForTests - Going to instrument: org.mockito.Answers
23:44:16.988 [main] INFO org.evosuite.runtime.instrumentation.MethodCallReplacementClassAdapter - Adding mock interface to class org/mockito/Answers
23:44:16.989 [main] INFO org.evosuite.runtime.instrumentation.CreateClassResetClassAdapter - Found static initializer in class org/mockito/Answers
23:44:16.991 [main] DEBUG org.evosuite.runtime.agent.TransformerForTests - Going to instrument: org.mockito.internal.stubbing.defaultanswers.GloballyConfiguredAnswer
23:44:16.991 [main] INFO org.evosuite.runtime.instrumentation.MethodCallReplacementClassAdapter - Adding mock interface to class org/mockito/internal/stubbing/defaultanswers/GloballyConfiguredAnswer
23:44:16.994 [main] INFO org.evosuite.runtime.instrumentation.CreateClassResetClassAdapter - Creating brand-new static initializer in class org/mockito/internal/stubbing/defaultanswers/GloballyConfiguredAnswer
23:44:16.994 [main] DEBUG org.evosuite.runtime.agent.TransformerForTests - Going to instrument: org.mockito.internal.stubbing.defaultanswers.ReturnsSmartNulls
23:44:16.995 [main] INFO org.evosuite.runtime.instrumentation.MethodCallReplacementClassAdapter - Adding mock interface to class org/mockito/internal/stubbing/defaultanswers/ReturnsSmartNulls
23:44:16.996 [main] INFO org.evosuite.runtime.instrumentation.CreateClassResetClassAdapter - Creating brand-new static initializer in class org/mockito/internal/stubbing/defaultanswers/ReturnsSmartNulls
23:44:16.997 [main] DEBUG org.evosuite.runtime.agent.TransformerForTests - Going to instrument: org.mockito.invocation.Location
23:44:16.998 [main] DEBUG org.evosuite.runtime.agent.TransformerForTests - Going to instrument: org.mockito.internal.stubbing.defaultanswers.ReturnsMoreEmptyValues
23:44:16.999 [main] INFO org.evosuite.runtime.instrumentation.MethodCallReplacementClassAdapter - Adding mock interface to class org/mockito/internal/stubbing/defaultanswers/ReturnsMoreEmptyValues
23:44:16.999 [main] INFO org.evosuite.runtime.instrumentation.CreateClassResetClassAdapter - Creating brand-new static initializer in class org/mockito/internal/stubbing/defaultanswers/ReturnsMoreEmptyValues
23:44:17.000 [main] DEBUG org.evosuite.runtime.agent.TransformerForTests - Going to instrument: org.mockito.internal.stubbing.defaultanswers.ReturnsEmptyValues
23:44:17.000 [main] INFO org.evosuite.runtime.instrumentation.MethodCallReplacementClassAdapter - Adding mock interface to class org/mockito/internal/stubbing/defaultanswers/ReturnsEmptyValues
23:44:17.001 [main] INFO org.evosuite.runtime.instrumentation.CreateClassResetClassAdapter - Creating brand-new static initializer in class org/mockito/internal/stubbing/defaultanswers/ReturnsEmptyValues
23:44:17.003 [main] DEBUG org.evosuite.runtime.agent.TransformerForTests - Going to instrument: org.mockito.internal.util.ObjectMethodsGuru
23:44:17.004 [main] INFO org.evosuite.runtime.instrumentation.MethodCallReplacementClassAdapter - Adding mock interface to class org/mockito/internal/util/ObjectMethodsGuru
23:44:17.007 [main] INFO org.evosuite.runtime.instrumentation.CreateClassResetClassAdapter - Creating brand-new static initializer in class org/mockito/internal/util/ObjectMethodsGuru
23:44:17.008 [main] DEBUG org.evosuite.runtime.agent.TransformerForTests - Going to instrument: org.mockito.internal.invocation.MockitoMethod
23:44:17.009 [main] DEBUG org.evosuite.runtime.agent.TransformerForTests - Going to instrument: org.mockito.internal.invocation.AbstractAwareMethod
23:44:17.010 [main] DEBUG org.evosuite.runtime.agent.TransformerForTests - Going to instrument: org.mockito.internal.stubbing.defaultanswers.ReturnsMocks
23:44:17.011 [main] INFO org.evosuite.runtime.instrumentation.MethodCallReplacementClassAdapter - Adding mock interface to class org/mockito/internal/stubbing/defaultanswers/ReturnsMocks
23:44:17.011 [main] INFO org.evosuite.runtime.instrumentation.CreateClassResetClassAdapter - Creating brand-new static initializer in class org/mockito/internal/stubbing/defaultanswers/ReturnsMocks
23:44:17.012 [main] DEBUG org.evosuite.runtime.agent.TransformerForTests - Going to instrument: org.mockito.internal.stubbing.defaultanswers.ReturnsDeepStubs
23:44:17.012 [main] INFO org.evosuite.runtime.instrumentation.MethodCallReplacementClassAdapter - Adding mock interface to class org/mockito/internal/stubbing/defaultanswers/ReturnsDeepStubs
23:44:17.014 [main] INFO org.evosuite.runtime.instrumentation.CreateClassResetClassAdapter - Creating brand-new static initializer in class org/mockito/internal/stubbing/defaultanswers/ReturnsDeepStubs
23:44:17.015 [main] DEBUG org.evosuite.runtime.agent.TransformerForTests - Going to instrument: org.mockito.internal.stubbing.defaultanswers.ReturnsDeepStubs$ReturnsDeepStubsSerializationFallback
23:44:17.015 [main] INFO org.evosuite.runtime.instrumentation.MethodCallReplacementClassAdapter - Adding mock interface to class org/mockito/internal/stubbing/defaultanswers/ReturnsDeepStubs$ReturnsDeepStubsSerializationFallback
23:44:17.016 [main] INFO org.evosuite.runtime.instrumentation.CreateClassResetClassAdapter - Creating brand-new static initializer in class org/mockito/internal/stubbing/defaultanswers/ReturnsDeepStubs$ReturnsDeepStubsSerializationFallback
23:44:17.017 [main] DEBUG org.evosuite.runtime.agent.TransformerForTests - Going to instrument: org.mockito.internal.stubbing.answers.CallsRealMethods
23:44:17.017 [main] INFO org.evosuite.runtime.instrumentation.MethodCallReplacementClassAdapter - Adding mock interface to class org/mockito/internal/stubbing/answers/CallsRealMethods
23:44:17.018 [main] INFO org.evosuite.runtime.instrumentation.CreateClassResetClassAdapter - Creating brand-new static initializer in class org/mockito/internal/stubbing/answers/CallsRealMethods
23:44:17.020 [main] DEBUG org.evosuite.runtime.agent.TransformerForTests - Going to instrument: org.mockito.internal.creation.MockSettingsImpl
23:44:17.020 [main] INFO org.evosuite.runtime.instrumentation.MethodCallReplacementClassAdapter - Adding mock interface to class org/mockito/internal/creation/MockSettingsImpl
23:44:17.022 [main] INFO org.evosuite.runtime.instrumentation.CreateClassResetClassAdapter - Creating brand-new static initializer in class org/mockito/internal/creation/MockSettingsImpl
23:44:17.023 [main] DEBUG org.evosuite.runtime.agent.TransformerForTests - Going to instrument: org.mockito.MockSettings
23:44:17.027 [main] DEBUG org.evosuite.runtime.agent.TransformerForTests - Going to instrument: org.mockito.mock.MockCreationSettings
23:44:17.028 [main] DEBUG org.evosuite.runtime.agent.TransformerForTests - Going to instrument: org.mockito.internal.creation.settings.CreationSettings
23:44:17.028 [main] INFO org.evosuite.runtime.instrumentation.MethodCallReplacementClassAdapter - Adding mock interface to class org/mockito/internal/creation/settings/CreationSettings
23:44:17.030 [main] INFO org.evosuite.runtime.instrumentation.CreateClassResetClassAdapter - Creating brand-new static initializer in class org/mockito/internal/creation/settings/CreationSettings
23:44:17.031 [main] DEBUG org.evosuite.runtime.agent.TransformerForTests - Going to instrument: org.mockito.mock.SerializableMode
23:44:17.032 [main] INFO org.evosuite.runtime.instrumentation.MethodCallReplacementClassAdapter - Adding mock interface to class org/mockito/mock/SerializableMode
23:44:17.033 [main] INFO org.evosuite.runtime.instrumentation.CreateClassResetClassAdapter - Found static initializer in class org/mockito/mock/SerializableMode
23:44:17.034 [main] DEBUG org.evosuite.runtime.agent.TransformerForTests - Going to instrument: org.mockito.internal.util.MockCreationValidator
23:44:17.034 [main] INFO org.evosuite.runtime.instrumentation.MethodCallReplacementClassAdapter - Adding mock interface to class org/mockito/internal/util/MockCreationValidator
23:44:17.035 [main] INFO org.evosuite.runtime.instrumentation.CreateClassResetClassAdapter - Creating brand-new static initializer in class org/mockito/internal/util/MockCreationValidator
23:44:17.036 [main] DEBUG org.evosuite.runtime.agent.TransformerForTests - Going to instrument: org.mockito.internal.util.MockNameImpl
23:44:17.036 [main] INFO org.evosuite.runtime.instrumentation.MethodCallReplacementClassAdapter - Adding mock interface to class org/mockito/internal/util/MockNameImpl
23:44:17.039 [main] INFO org.evosuite.runtime.instrumentation.CreateClassResetClassAdapter - Creating brand-new static initializer in class org/mockito/internal/util/MockNameImpl
23:44:17.040 [main] DEBUG org.evosuite.runtime.agent.TransformerForTests - Going to instrument: org.mockito.internal.handler.MockHandlerFactory
23:44:17.040 [main] INFO org.evosuite.runtime.instrumentation.MethodCallReplacementClassAdapter - Adding mock interface to class org/mockito/internal/handler/MockHandlerFactory
23:44:17.041 [main] INFO org.evosuite.runtime.instrumentation.CreateClassResetClassAdapter - Creating brand-new static initializer in class org/mockito/internal/handler/MockHandlerFactory
23:44:17.041 [main] DEBUG org.evosuite.runtime.agent.TransformerForTests - Going to instrument: org.mockito.internal.InternalMockHandler
23:44:17.042 [main] DEBUG org.evosuite.runtime.agent.TransformerForTests - Going to instrument: org.mockito.internal.handler.MockHandlerImpl
23:44:17.042 [main] INFO org.evosuite.runtime.instrumentation.MethodCallReplacementClassAdapter - Adding mock interface to class org/mockito/internal/handler/MockHandlerImpl
23:44:17.045 [main] INFO org.evosuite.runtime.instrumentation.CreateClassResetClassAdapter - Creating brand-new static initializer in class org/mockito/internal/handler/MockHandlerImpl
23:44:17.045 [main] DEBUG org.evosuite.runtime.agent.TransformerForTests - Going to instrument: org.mockito.internal.progress.IOngoingStubbing
23:44:17.046 [main] DEBUG org.evosuite.runtime.agent.TransformerForTests - Going to instrument: org.mockito.invocation.InvocationOnMock
23:44:17.047 [main] DEBUG org.evosuite.runtime.agent.TransformerForTests - Going to instrument: org.mockito.stubbing.VoidMethodStubbable
23:44:17.048 [main] DEBUG org.evosuite.runtime.agent.TransformerForTests - Going to instrument: org.mockito.internal.invocation.MatchersBinder
23:44:17.048 [main] INFO org.evosuite.runtime.instrumentation.MethodCallReplacementClassAdapter - Adding mock interface to class org/mockito/internal/invocation/MatchersBinder
23:44:17.048 [main] INFO org.evosuite.runtime.instrumentation.CreateClassResetClassAdapter - Creating brand-new static initializer in class org/mockito/internal/invocation/MatchersBinder
23:44:17.049 [main] DEBUG org.evosuite.runtime.agent.TransformerForTests - Going to instrument: org.mockito.internal.stubbing.InvocationContainerImpl
23:44:17.049 [main] INFO org.evosuite.runtime.instrumentation.MethodCallReplacementClassAdapter - Adding mock interface to class org/mockito/internal/stubbing/InvocationContainerImpl
23:44:17.051 [main] INFO org.evosuite.runtime.instrumentation.CreateClassResetClassAdapter - Found static initializer in class org/mockito/internal/stubbing/InvocationContainerImpl
23:44:17.052 [main] DEBUG org.evosuite.runtime.agent.TransformerForTests - Going to instrument: org.mockito.internal.verification.SingleRegisteredInvocation
23:44:17.053 [main] INFO org.evosuite.runtime.instrumentation.MethodCallReplacementClassAdapter - Adding mock interface to class org/mockito/internal/verification/SingleRegisteredInvocation
23:44:17.053 [main] INFO org.evosuite.runtime.instrumentation.CreateClassResetClassAdapter - Creating brand-new static initializer in class org/mockito/internal/verification/SingleRegisteredInvocation
23:44:17.054 [main] DEBUG org.evosuite.runtime.agent.TransformerForTests - Going to instrument: org.mockito.internal.verification.RegisteredInvocations
23:44:17.054 [main] DEBUG org.evosuite.runtime.agent.TransformerForTests - Going to instrument: org.mockito.internal.verification.DefaultRegisteredInvocations
23:44:17.056 [main] INFO org.evosuite.runtime.instrumentation.MethodCallReplacementClassAdapter - Adding mock interface to class org/mockito/internal/verification/DefaultRegisteredInvocations
23:44:17.056 [main] INFO org.evosuite.runtime.instrumentation.CreateClassResetClassAdapter - Creating brand-new static initializer in class org/mockito/internal/verification/DefaultRegisteredInvocations
23:44:17.057 [main] DEBUG org.evosuite.runtime.agent.TransformerForTests - Going to instrument: org.mockito.invocation.DescribedInvocation
23:44:17.057 [main] DEBUG org.evosuite.runtime.agent.TransformerForTests - Going to instrument: org.mockito.exceptions.PrintableInvocation
23:44:17.057 [main] DEBUG org.evosuite.runtime.agent.TransformerForTests - Going to instrument: org.mockito.invocation.StubInfo
23:44:17.058 [main] DEBUG org.evosuite.runtime.agent.TransformerForTests - Going to instrument: org.mockito.internal.util.collections.ListUtil$Filter
23:44:17.059 [main] DEBUG org.evosuite.runtime.agent.TransformerForTests - Going to instrument: org.mockito.internal.handler.NullResultGuardian
23:44:17.060 [main] INFO org.evosuite.runtime.instrumentation.MethodCallReplacementClassAdapter - Adding mock interface to class org/mockito/internal/handler/NullResultGuardian
23:44:17.061 [main] INFO org.evosuite.runtime.instrumentation.CreateClassResetClassAdapter - Creating brand-new static initializer in class org/mockito/internal/handler/NullResultGuardian
23:44:17.062 [main] DEBUG org.evosuite.runtime.agent.TransformerForTests - Going to instrument: org.mockito.internal.handler.InvocationNotifierHandler
23:44:17.070 [main] INFO org.evosuite.runtime.instrumentation.MethodCallReplacementClassAdapter - Adding mock interface to class org/mockito/internal/handler/InvocationNotifierHandler
23:44:17.076 [main] INFO org.evosuite.runtime.instrumentation.CreateClassResetClassAdapter - Creating brand-new static initializer in class org/mockito/internal/handler/InvocationNotifierHandler
23:44:17.078 [main] DEBUG org.evosuite.runtime.agent.TransformerForTests - Going to instrument: org.mockito.listeners.MethodInvocationReport
23:44:17.079 [main] DEBUG org.evosuite.runtime.agent.TransformerForTests - Going to instrument: org.mockito.exceptions.base.MockitoSerializationIssue
23:44:17.079 [main] INFO org.evosuite.runtime.instrumentation.MethodCallReplacementClassAdapter - Adding mock interface to class org/mockito/exceptions/base/MockitoSerializationIssue
23:44:17.079 [main] INFO org.evosuite.runtime.instrumentation.CreateClassResetClassAdapter - Creating brand-new static initializer in class org/mockito/exceptions/base/MockitoSerializationIssue
23:44:17.080 [main] DEBUG org.evosuite.runtime.agent.TransformerForTests - Going to instrument: org.mockito.cglib.core.CodeGenerationException
23:44:17.081 [main] INFO org.evosuite.runtime.instrumentation.MethodCallReplacementClassAdapter - Adding mock interface to class org/mockito/cglib/core/CodeGenerationException
23:44:17.082 [main] INFO org.evosuite.runtime.instrumentation.CreateClassResetClassAdapter - Creating brand-new static initializer in class org/mockito/cglib/core/CodeGenerationException
23:44:17.083 [main] DEBUG org.evosuite.runtime.agent.TransformerForTests - Going to instrument: org.mockito.cglib.proxy.Enhancer
23:44:17.086 [main] INFO org.evosuite.runtime.instrumentation.MethodCallReplacementClassAdapter - Adding mock interface to class org/mockito/cglib/proxy/Enhancer
23:44:17.103 [main] INFO org.evosuite.runtime.instrumentation.CreateClassResetClassAdapter - Found static initializer in class org/mockito/cglib/proxy/Enhancer
23:44:17.105 [main] DEBUG org.evosuite.runtime.agent.TransformerForTests - Going to instrument: org.mockito.cglib.core.AbstractClassGenerator
23:44:17.118 [main] INFO org.evosuite.runtime.instrumentation.MethodCallReplacementClassAdapter - Adding mock interface to class org/mockito/cglib/core/AbstractClassGenerator
23:44:17.127 [main] INFO org.evosuite.runtime.instrumentation.CreateClassResetClassAdapter - Found static initializer in class org/mockito/cglib/core/AbstractClassGenerator
23:44:17.130 [main] DEBUG org.evosuite.runtime.agent.TransformerForTests - Going to instrument: org.mockito.cglib.core.ClassGenerator
23:44:17.136 [main] DEBUG org.evosuite.runtime.agent.TransformerForTests - Going to instrument: org.mockito.cglib.core.NamingPolicy
23:44:17.137 [main] DEBUG org.evosuite.runtime.agent.TransformerForTests - Going to instrument: org.mockito.cglib.proxy.CallbackFilter
23:44:17.138 [main] DEBUG org.evosuite.runtime.agent.TransformerForTests - Going to instrument: org.mockito.internal.creation.instance.InstantationException
23:44:17.138 [main] INFO org.evosuite.runtime.instrumentation.MethodCallReplacementClassAdapter - Adding mock interface to class org/mockito/internal/creation/instance/InstantationException
23:44:17.139 [main] INFO org.evosuite.runtime.instrumentation.CreateClassResetClassAdapter - Creating brand-new static initializer in class org/mockito/internal/creation/instance/InstantationException
23:44:17.140 [main] DEBUG org.evosuite.runtime.agent.TransformerForTests - Going to instrument: org.mockito.cglib.core.DefaultNamingPolicy
23:44:17.141 [main] INFO org.evosuite.runtime.instrumentation.MethodCallReplacementClassAdapter - Adding mock interface to class org/mockito/cglib/core/DefaultNamingPolicy
23:44:17.147 [main] INFO org.evosuite.runtime.instrumentation.CreateClassResetClassAdapter - Found static initializer in class org/mockito/cglib/core/DefaultNamingPolicy
23:44:17.149 [main] DEBUG org.evosuite.runtime.agent.TransformerForTests - Going to instrument: org.mockito.internal.creation.instance.InstantiatorProvider
23:44:17.149 [main] INFO org.evosuite.runtime.instrumentation.MethodCallReplacementClassAdapter - Adding mock interface to class org/mockito/internal/creation/instance/InstantiatorProvider
23:44:17.150 [main] INFO org.evosuite.runtime.instrumentation.CreateClassResetClassAdapter - Found static initializer in class org/mockito/internal/creation/instance/InstantiatorProvider
23:44:17.151 [main] DEBUG org.evosuite.runtime.agent.TransformerForTests - Going to instrument: org.mockito.internal.creation.instance.Instantiator
23:44:17.152 [main] DEBUG org.evosuite.runtime.agent.TransformerForTests - Going to instrument: org.mockito.internal.creation.instance.ObjenesisInstantiator
23:44:17.153 [main] INFO org.evosuite.runtime.instrumentation.MethodCallReplacementClassAdapter - Adding mock interface to class org/mockito/internal/creation/instance/ObjenesisInstantiator
23:44:17.153 [main] INFO org.evosuite.runtime.instrumentation.CreateClassResetClassAdapter - Creating brand-new static initializer in class org/mockito/internal/creation/instance/ObjenesisInstantiator
23:44:17.154 [main] DEBUG org.evosuite.runtime.agent.TransformerForTests - Going to instrument: org.objenesis.ObjenesisStd
23:44:17.154 [main] INFO org.evosuite.runtime.instrumentation.MethodCallReplacementClassAdapter - Adding mock interface to class org/objenesis/ObjenesisStd
23:44:17.155 [main] INFO org.evosuite.runtime.instrumentation.CreateClassResetClassAdapter - Creating brand-new static initializer in class org/objenesis/ObjenesisStd
23:44:17.155 [main] DEBUG org.evosuite.runtime.agent.TransformerForTests - Going to instrument: org.objenesis.ObjenesisBase
23:44:17.156 [main] INFO org.evosuite.runtime.instrumentation.MethodCallReplacementClassAdapter - Adding mock interface to class org/objenesis/ObjenesisBase
23:44:17.159 [main] INFO org.evosuite.runtime.instrumentation.CreateClassResetClassAdapter - Creating brand-new static initializer in class org/objenesis/ObjenesisBase
23:44:17.160 [main] DEBUG org.evosuite.runtime.agent.TransformerForTests - Going to instrument: org.objenesis.Objenesis
23:44:17.160 [main] DEBUG org.evosuite.runtime.agent.TransformerForTests - Going to instrument: org.objenesis.strategy.InstantiatorStrategy
23:44:17.161 [main] DEBUG org.evosuite.runtime.agent.TransformerForTests - Going to instrument: org.mockito.internal.configuration.GlobalConfiguration
23:44:17.161 [main] INFO org.evosuite.runtime.instrumentation.MethodCallReplacementClassAdapter - Adding mock interface to class org/mockito/internal/configuration/GlobalConfiguration
23:44:17.162 [main] INFO org.evosuite.runtime.instrumentation.CreateClassResetClassAdapter - Found static initializer in class org/mockito/internal/configuration/GlobalConfiguration
23:44:17.162 [main] DEBUG org.evosuite.runtime.agent.TransformerForTests - Going to instrument: org.mockito.configuration.IMockitoConfiguration
23:44:17.166 [main] DEBUG org.evosuite.runtime.agent.TransformerForTests - Going to instrument: org.mockito.configuration.DefaultMockitoConfiguration
23:44:17.166 [main] INFO org.evosuite.runtime.instrumentation.MethodCallReplacementClassAdapter - Adding mock interface to class org/mockito/configuration/DefaultMockitoConfiguration
23:44:17.167 [main] INFO org.evosuite.runtime.instrumentation.CreateClassResetClassAdapter - Creating brand-new static initializer in class org/mockito/configuration/DefaultMockitoConfiguration
23:44:17.168 [main] DEBUG org.evosuite.runtime.agent.TransformerForTests - Going to instrument: org.mockito.configuration.AnnotationEngine
23:44:17.169 [main] DEBUG org.evosuite.runtime.agent.TransformerForTests - Going to instrument: org.mockito.internal.configuration.ClassPathLoader
23:44:17.169 [main] INFO org.evosuite.runtime.instrumentation.MethodCallReplacementClassAdapter - Adding mock interface to class org/mockito/internal/configuration/ClassPathLoader
23:44:17.170 [main] INFO org.evosuite.runtime.instrumentation.CreateClassResetClassAdapter - Creating brand-new static initializer in class org/mockito/internal/configuration/ClassPathLoader
23:44:17.170 [main] INFO org.evosuite.runtime.instrumentation.CreateClassResetClassAdapter - Adding bytecode for initializing field MOCKITO_CONFIGURATION_CLASS_NAME
23:44:17.171 [main] DEBUG org.evosuite.runtime.agent.TransformerForTests - Going to instrument: org.objenesis.strategy.StdInstantiatorStrategy
23:44:17.171 [main] INFO org.evosuite.runtime.instrumentation.MethodCallReplacementClassAdapter - Adding mock interface to class org/objenesis/strategy/StdInstantiatorStrategy
23:44:17.171 [main] INFO org.evosuite.runtime.instrumentation.CreateClassResetClassAdapter - Creating brand-new static initializer in class org/objenesis/strategy/StdInstantiatorStrategy
23:44:17.171 [main] DEBUG org.evosuite.runtime.agent.TransformerForTests - Going to instrument: org.objenesis.strategy.BaseInstantiatorStrategy
23:44:17.171 [main] INFO org.evosuite.runtime.instrumentation.MethodCallReplacementClassAdapter - Adding mock interface to class org/objenesis/strategy/BaseInstantiatorStrategy
23:44:17.171 [main] INFO org.evosuite.runtime.instrumentation.CreateClassResetClassAdapter - Creating brand-new static initializer in class org/objenesis/strategy/BaseInstantiatorStrategy
23:44:17.172 [main] DEBUG org.evosuite.runtime.agent.TransformerForTests - Going to instrument: org.objenesis.instantiator.ObjectInstantiator
23:44:17.175 [main] DEBUG org.evosuite.runtime.agent.TransformerForTests - Going to instrument: org.mockito.internal.creation.util.MockitoMethodProxy
23:44:17.177 [main] DEBUG org.evosuite.runtime.agent.TransformerForTests - Going to instrument: org.mockito.internal.invocation.realmethod.RealMethod
23:44:17.177 [main] DEBUG org.evosuite.runtime.agent.TransformerForTests - Going to instrument: org.mockito.invocation.Invocation
23:44:17.180 [main] DEBUG org.evosuite.runtime.agent.TransformerForTests - Going to instrument: org.mockito.cglib.core.Predicate
23:44:17.182 [main] DEBUG org.evosuite.runtime.agent.TransformerForTests - Going to instrument: org.mockito.cglib.core.GeneratorStrategy
23:44:17.184 [main] DEBUG org.evosuite.runtime.agent.TransformerForTests - Going to instrument: org.mockito.cglib.core.ProcessSwitchCallback
23:44:17.185 [main] DEBUG org.evosuite.runtime.agent.TransformerForTests - Going to instrument: org.mockito.cglib.core.ObjectSwitchCallback
23:44:17.187 [main] DEBUG org.evosuite.runtime.agent.TransformerForTests - Going to instrument: org.mockito.cglib.proxy.CallbackGenerator$Context
23:44:17.190 [main] DEBUG org.evosuite.runtime.agent.TransformerForTests - Going to instrument: org.mockito.cglib.core.Transformer
23:44:17.191 [main] DEBUG org.evosuite.runtime.agent.TransformerForTests - Going to instrument: org.mockito.cglib.proxy.Enhancer$1
23:44:17.192 [main] INFO org.evosuite.runtime.instrumentation.MethodCallReplacementClassAdapter - Adding mock interface to class org/mockito/cglib/proxy/Enhancer$1
23:44:17.195 [main] DEBUG org.evosuite.runtime.agent.TransformerForTests - Going to instrument: org.mockito.cglib.core.AbstractClassGenerator$Source
23:44:17.196 [main] INFO org.evosuite.runtime.instrumentation.MethodCallReplacementClassAdapter - Adding mock interface to class org/mockito/cglib/core/AbstractClassGenerator$Source
23:44:17.196 [main] INFO org.evosuite.runtime.instrumentation.CreateClassResetClassAdapter - Creating brand-new static initializer in class org/mockito/cglib/core/AbstractClassGenerator$Source
23:44:17.197 [main] DEBUG org.evosuite.runtime.agent.TransformerForTests - Going to instrument: org.mockito.cglib.proxy.Enhancer$EnhancerKey
23:44:17.198 [main] DEBUG org.evosuite.runtime.agent.TransformerForTests - Going to instrument: org.mockito.cglib.core.KeyFactory
23:44:17.198 [main] INFO org.evosuite.runtime.instrumentation.MethodCallReplacementClassAdapter - Adding mock interface to class org/mockito/cglib/core/KeyFactory
23:44:17.199 [main] INFO org.evosuite.runtime.instrumentation.CreateClassResetClassAdapter - Found static initializer in class org/mockito/cglib/core/KeyFactory
23:44:17.200 [main] DEBUG org.evosuite.runtime.agent.TransformerForTests - Going to instrument: org.mockito.cglib.core.Customizer
23:44:17.201 [main] DEBUG org.evosuite.runtime.agent.TransformerForTests - Going to instrument: org.mockito.cglib.core.TypeUtils
23:44:17.205 [main] INFO org.evosuite.runtime.instrumentation.MethodCallReplacementClassAdapter - Adding mock interface to class org/mockito/cglib/core/TypeUtils
23:44:17.230 [main] INFO org.evosuite.runtime.instrumentation.CreateClassResetClassAdapter - Found static initializer in class org/mockito/cglib/core/TypeUtils
23:44:17.235 [main] DEBUG org.evosuite.runtime.agent.TransformerForTests - Going to instrument: org.mockito.cglib.core.CollectionUtils
23:44:17.238 [main] INFO org.evosuite.runtime.instrumentation.MethodCallReplacementClassAdapter - Adding mock interface to class org/mockito/cglib/core/CollectionUtils
23:44:17.242 [main] INFO org.evosuite.runtime.instrumentation.CreateClassResetClassAdapter - Creating brand-new static initializer in class org/mockito/cglib/core/CollectionUtils
23:44:17.243 [main] DEBUG org.evosuite.runtime.agent.TransformerForTests - Going to instrument: org.mockito.cglib.core.Signature
23:44:17.243 [main] INFO org.evosuite.runtime.instrumentation.MethodCallReplacementClassAdapter - Adding mock interface to class org/mockito/cglib/core/Signature
23:44:17.246 [main] INFO org.evosuite.runtime.instrumentation.CreateClassResetClassAdapter - Creating brand-new static initializer in class org/mockito/cglib/core/Signature
23:44:17.247 [main] DEBUG org.evosuite.runtime.agent.TransformerForTests - Going to instrument: org.mockito.asm.Type
23:44:17.247 [main] INFO org.evosuite.runtime.instrumentation.MethodCallReplacementClassAdapter - Adding mock interface to class org/mockito/asm/Type
23:44:17.251 [main] INFO org.evosuite.runtime.instrumentation.CreateClassResetClassAdapter - Found static initializer in class org/mockito/asm/Type
23:44:17.253 [main] DEBUG org.evosuite.runtime.agent.TransformerForTests - Going to instrument: org.mockito.cglib.core.KeyFactory$1
23:44:17.254 [main] INFO org.evosuite.runtime.instrumentation.MethodCallReplacementClassAdapter - Adding mock interface to class org/mockito/cglib/core/KeyFactory$1
23:44:17.256 [main] DEBUG org.evosuite.runtime.agent.TransformerForTests - Going to instrument: org.mockito.cglib.core.KeyFactory$2
23:44:17.257 [main] INFO org.evosuite.runtime.instrumentation.MethodCallReplacementClassAdapter - Adding mock interface to class org/mockito/cglib/core/KeyFactory$2
23:44:17.257 [main] DEBUG org.evosuite.runtime.agent.TransformerForTests - Going to instrument: org.mockito.cglib.core.KeyFactory$Generator
23:44:17.258 [main] INFO org.evosuite.runtime.instrumentation.MethodCallReplacementClassAdapter - Adding mock interface to class org/mockito/cglib/core/KeyFactory$Generator
23:44:17.264 [main] INFO org.evosuite.runtime.instrumentation.CreateClassResetClassAdapter - Found static initializer in class org/mockito/cglib/core/KeyFactory$Generator
23:44:17.268 [main] DEBUG org.evosuite.runtime.agent.TransformerForTests - Going to instrument: org.mockito.cglib.core.DefaultGeneratorStrategy
23:44:17.269 [main] INFO org.evosuite.runtime.instrumentation.MethodCallReplacementClassAdapter - Adding mock interface to class org/mockito/cglib/core/DefaultGeneratorStrategy
23:44:17.271 [main] INFO org.evosuite.runtime.instrumentation.CreateClassResetClassAdapter - Found static initializer in class org/mockito/cglib/core/DefaultGeneratorStrategy
23:44:17.273 [main] DEBUG org.evosuite.runtime.agent.TransformerForTests - Going to instrument: org.mockito.asm.ClassVisitor
23:44:17.273 [main] DEBUG org.evosuite.runtime.agent.TransformerForTests - Going to instrument: org.mockito.asm.ClassWriter
23:44:17.274 [main] INFO org.evosuite.runtime.instrumentation.MethodCallReplacementClassAdapter - Adding mock interface to class org/mockito/asm/ClassWriter
23:44:17.304 [main] INFO org.evosuite.runtime.instrumentation.CreateClassResetClassAdapter - Found static initializer in class org/mockito/asm/ClassWriter
23:44:17.307 [main] DEBUG org.evosuite.runtime.agent.TransformerForTests - Going to instrument: org.mockito.cglib.core.DebuggingClassWriter
23:44:17.309 [main] INFO org.evosuite.runtime.instrumentation.MethodCallReplacementClassAdapter - Adding mock interface to class org/mockito/cglib/core/DebuggingClassWriter
23:44:17.312 [main] INFO org.evosuite.runtime.instrumentation.CreateClassResetClassAdapter - Found static initializer in class org/mockito/cglib/core/DebuggingClassWriter
23:44:17.317 [main] DEBUG org.evosuite.runtime.agent.TransformerForTests - Going to instrument: org.mockito.asm.MethodVisitor
23:44:17.319 [main] DEBUG org.evosuite.runtime.agent.TransformerForTests - Going to instrument: org.mockito.asm.AnnotationVisitor
23:44:17.320 [main] DEBUG org.evosuite.runtime.agent.TransformerForTests - Going to instrument: org.mockito.asm.FieldVisitor
23:44:17.321 [main] DEBUG org.evosuite.runtime.agent.TransformerForTests - Going to instrument: org.mockito.asm.ByteVector
23:44:17.321 [main] INFO org.evosuite.runtime.instrumentation.MethodCallReplacementClassAdapter - Adding mock interface to class org/mockito/asm/ByteVector
23:44:17.322 [main] INFO org.evosuite.runtime.instrumentation.CreateClassResetClassAdapter - Creating brand-new static initializer in class org/mockito/asm/ByteVector
23:44:17.324 [main] DEBUG org.evosuite.runtime.agent.TransformerForTests - Going to instrument: org.mockito.asm.Item
23:44:17.324 [main] INFO org.evosuite.runtime.instrumentation.MethodCallReplacementClassAdapter - Adding mock interface to class org/mockito/asm/Item
23:44:17.325 [main] INFO org.evosuite.runtime.instrumentation.CreateClassResetClassAdapter - Creating brand-new static initializer in class org/mockito/asm/Item
23:44:17.328 [main] DEBUG org.evosuite.runtime.agent.TransformerForTests - Going to instrument: org.mockito.cglib.core.ClassEmitter
23:44:17.329 [main] INFO org.evosuite.runtime.instrumentation.MethodCallReplacementClassAdapter - Adding mock interface to class org/mockito/cglib/core/ClassEmitter
23:44:17.338 [main] INFO org.evosuite.runtime.instrumentation.CreateClassResetClassAdapter - Creating brand-new static initializer in class org/mockito/cglib/core/ClassEmitter
23:44:17.339 [main] INFO org.evosuite.runtime.instrumentation.CreateClassResetClassAdapter - Adding bytecode for initializing field hookCounter
23:44:17.340 [main] DEBUG org.evosuite.runtime.agent.TransformerForTests - Going to instrument: org.mockito.asm.ClassAdapter
23:44:17.340 [main] INFO org.evosuite.runtime.instrumentation.MethodCallReplacementClassAdapter - Adding mock interface to class org/mockito/asm/ClassAdapter
23:44:17.341 [main] INFO org.evosuite.runtime.instrumentation.CreateClassResetClassAdapter - Creating brand-new static initializer in class org/mockito/asm/ClassAdapter
23:44:17.342 [main] DEBUG org.evosuite.runtime.agent.TransformerForTests - Going to instrument: org.mockito.cglib.core.CodeEmitter
23:44:17.343 [main] INFO org.evosuite.runtime.instrumentation.MethodCallReplacementClassAdapter - Adding mock interface to class org/mockito/cglib/core/CodeEmitter
23:44:17.356 [main] INFO org.evosuite.runtime.instrumentation.CreateClassResetClassAdapter - Found static initializer in class org/mockito/cglib/core/CodeEmitter
23:44:17.360 [main] DEBUG org.evosuite.runtime.agent.TransformerForTests - Going to instrument: org.mockito.cglib.core.LocalVariablesSorter
23:44:17.362 [main] INFO org.evosuite.runtime.instrumentation.MethodCallReplacementClassAdapter - Adding mock interface to class org/mockito/cglib/core/LocalVariablesSorter
23:44:17.367 [main] INFO org.evosuite.runtime.instrumentation.CreateClassResetClassAdapter - Creating brand-new static initializer in class org/mockito/cglib/core/LocalVariablesSorter
23:44:17.368 [main] DEBUG org.evosuite.runtime.agent.TransformerForTests - Going to instrument: org.mockito.asm.MethodAdapter
23:44:17.369 [main] INFO org.evosuite.runtime.instrumentation.MethodCallReplacementClassAdapter - Adding mock interface to class org/mockito/asm/MethodAdapter
23:44:17.370 [main] INFO org.evosuite.runtime.instrumentation.CreateClassResetClassAdapter - Creating brand-new static initializer in class org/mockito/asm/MethodAdapter
23:44:17.371 [main] DEBUG org.evosuite.runtime.agent.TransformerForTests - Going to instrument: org.mockito.cglib.core.ClassEmitter$3
23:44:17.372 [main] INFO org.evosuite.runtime.instrumentation.MethodCallReplacementClassAdapter - Adding mock interface to class org/mockito/cglib/core/ClassEmitter$3
23:44:17.377 [main] DEBUG org.evosuite.runtime.agent.TransformerForTests - Going to instrument: org.mockito.cglib.core.ClassInfo
23:44:17.378 [main] INFO org.evosuite.runtime.instrumentation.MethodCallReplacementClassAdapter - Adding mock interface to class org/mockito/cglib/core/ClassInfo
23:44:17.379 [main] INFO org.evosuite.runtime.instrumentation.CreateClassResetClassAdapter - Creating brand-new static initializer in class org/mockito/cglib/core/ClassInfo
23:44:17.380 [main] DEBUG org.evosuite.runtime.agent.TransformerForTests - Going to instrument: org.mockito.cglib.core.ClassEmitter$1
23:44:17.380 [main] INFO org.evosuite.runtime.instrumentation.MethodCallReplacementClassAdapter - Adding mock interface to class org/mockito/cglib/core/ClassEmitter$1
23:44:17.381 [main] DEBUG org.evosuite.runtime.agent.TransformerForTests - Going to instrument: org.mockito.cglib.core.ReflectUtils
23:44:17.381 [main] INFO org.evosuite.runtime.instrumentation.MethodCallReplacementClassAdapter - Adding mock interface to class org/mockito/cglib/core/ReflectUtils
23:44:17.396 [main] INFO org.evosuite.runtime.instrumentation.CreateClassResetClassAdapter - Found static initializer in class org/mockito/cglib/core/ReflectUtils
23:44:17.402 [main] DEBUG org.evosuite.runtime.agent.TransformerForTests - Going to instrument: org.mockito.cglib.core.ReflectUtils$4
23:44:17.402 [main] INFO org.evosuite.runtime.instrumentation.MethodCallReplacementClassAdapter - Adding mock interface to class org/mockito/cglib/core/ReflectUtils$4
23:44:17.406 [main] DEBUG org.evosuite.runtime.agent.TransformerForTests - Going to instrument: org.mockito.cglib.core.MethodInfo
23:44:17.407 [main] INFO org.evosuite.runtime.instrumentation.MethodCallReplacementClassAdapter - Adding mock interface to class org/mockito/cglib/core/MethodInfo
23:44:17.410 [main] INFO org.evosuite.runtime.instrumentation.CreateClassResetClassAdapter - Creating brand-new static initializer in class org/mockito/cglib/core/MethodInfo
23:44:17.410 [main] DEBUG org.evosuite.runtime.agent.TransformerForTests - Going to instrument: org.mockito.cglib.core.ReflectUtils$3
23:44:17.411 [main] INFO org.evosuite.runtime.instrumentation.MethodCallReplacementClassAdapter - Adding mock interface to class org/mockito/cglib/core/ReflectUtils$3
23:44:17.415 [main] DEBUG org.evosuite.runtime.agent.TransformerForTests - Going to instrument: org.mockito.cglib.core.ReflectUtils$1
23:44:17.415 [main] INFO org.evosuite.runtime.instrumentation.MethodCallReplacementClassAdapter - Adding mock interface to class org/mockito/cglib/core/ReflectUtils$1
23:44:17.416 [main] DEBUG org.evosuite.runtime.agent.TransformerForTests - Going to instrument: org.mockito.cglib.core.ReflectUtils$2
23:44:17.416 [main] INFO org.evosuite.runtime.instrumentation.MethodCallReplacementClassAdapter - Adding mock interface to class org/mockito/cglib/core/ReflectUtils$2
23:44:17.419 [main] DEBUG org.evosuite.runtime.agent.TransformerForTests - Going to instrument: org.mockito.cglib.core.AbstractClassGenerator$1
23:44:17.419 [main] INFO org.evosuite.runtime.instrumentation.MethodCallReplacementClassAdapter - Adding mock interface to class org/mockito/cglib/core/AbstractClassGenerator$1
23:44:17.423 [main] DEBUG org.evosuite.runtime.agent.TransformerForTests - Going to instrument: org.mockito.cglib.core.EmitUtils
23:44:17.424 [main] INFO org.evosuite.runtime.instrumentation.MethodCallReplacementClassAdapter - Adding mock interface to class org/mockito/cglib/core/EmitUtils
23:44:17.461 [main] INFO org.evosuite.runtime.instrumentation.CreateClassResetClassAdapter - Found static initializer in class org/mockito/cglib/core/EmitUtils
23:44:17.464 [main] DEBUG org.evosuite.runtime.agent.TransformerForTests - Going to instrument: org.mockito.cglib.core.EmitUtils$ParameterTyper
23:44:17.469 [main] DEBUG org.evosuite.runtime.agent.TransformerForTests - Going to instrument: org.mockito.cglib.core.ProcessArrayCallback
23:44:17.473 [main] DEBUG org.evosuite.runtime.agent.TransformerForTests - Going to instrument: org.mockito.cglib.core.EmitUtils$ArrayDelimiters
23:44:17.475 [main] INFO org.evosuite.runtime.instrumentation.MethodCallReplacementClassAdapter - Adding mock interface to class org/mockito/cglib/core/EmitUtils$ArrayDelimiters
23:44:17.478 [main] INFO org.evosuite.runtime.instrumentation.CreateClassResetClassAdapter - Creating brand-new static initializer in class org/mockito/cglib/core/EmitUtils$ArrayDelimiters
23:44:17.480 [main] DEBUG org.evosuite.runtime.agent.TransformerForTests - Going to instrument: org.mockito.asm.MethodWriter
23:44:17.481 [main] INFO org.evosuite.runtime.instrumentation.MethodCallReplacementClassAdapter - Adding mock interface to class org/mockito/asm/MethodWriter
23:44:17.496 [main] INFO org.evosuite.runtime.instrumentation.CreateClassResetClassAdapter - Creating brand-new static initializer in class org/mockito/asm/MethodWriter
23:44:17.497 [main] INFO org.evosuite.runtime.instrumentation.CreateClassResetClassAdapter - Adding bytecode for initializing field ACC_CONSTRUCTOR
23:44:17.497 [main] INFO org.evosuite.runtime.instrumentation.CreateClassResetClassAdapter - Adding bytecode for initializing field SAME_FRAME
23:44:17.497 [main] INFO org.evosuite.runtime.instrumentation.CreateClassResetClassAdapter - Adding bytecode for initializing field SAME_LOCALS_1_STACK_ITEM_FRAME
23:44:17.497 [main] INFO org.evosuite.runtime.instrumentation.CreateClassResetClassAdapter - Adding bytecode for initializing field RESERVED
23:44:17.497 [main] INFO org.evosuite.runtime.instrumentation.CreateClassResetClassAdapter - Adding bytecode for initializing field SAME_LOCALS_1_STACK_ITEM_FRAME_EXTENDED
23:44:17.497 [main] INFO org.evosuite.runtime.instrumentation.CreateClassResetClassAdapter - Adding bytecode for initializing field CHOP_FRAME
23:44:17.497 [main] INFO org.evosuite.runtime.instrumentation.CreateClassResetClassAdapter - Adding bytecode for initializing field SAME_FRAME_EXTENDED
23:44:17.497 [main] INFO org.evosuite.runtime.instrumentation.CreateClassResetClassAdapter - Adding bytecode for initializing field APPEND_FRAME
23:44:17.497 [main] INFO org.evosuite.runtime.instrumentation.CreateClassResetClassAdapter - Adding bytecode for initializing field FULL_FRAME
23:44:17.497 [main] INFO org.evosuite.runtime.instrumentation.CreateClassResetClassAdapter - Adding bytecode for initializing field FRAMES
23:44:17.497 [main] INFO org.evosuite.runtime.instrumentation.CreateClassResetClassAdapter - Adding bytecode for initializing field MAXS
23:44:17.497 [main] INFO org.evosuite.runtime.instrumentation.CreateClassResetClassAdapter - Adding bytecode for initializing field NOTHING
23:44:17.502 [main] DEBUG org.evosuite.runtime.agent.TransformerForTests - Going to instrument: org.mockito.asm.Label
23:44:17.504 [main] INFO org.evosuite.runtime.instrumentation.MethodCallReplacementClassAdapter - Adding mock interface to class org/mockito/asm/Label
23:44:17.508 [main] INFO org.evosuite.runtime.instrumentation.CreateClassResetClassAdapter - Creating brand-new static initializer in class org/mockito/asm/Label
23:44:17.508 [main] INFO org.evosuite.runtime.instrumentation.CreateClassResetClassAdapter - Adding bytecode for initializing field DEBUG
23:44:17.508 [main] INFO org.evosuite.runtime.instrumentation.CreateClassResetClassAdapter - Adding bytecode for initializing field RESOLVED
23:44:17.508 [main] INFO org.evosuite.runtime.instrumentation.CreateClassResetClassAdapter - Adding bytecode for initializing field RESIZED
23:44:17.508 [main] INFO org.evosuite.runtime.instrumentation.CreateClassResetClassAdapter - Adding bytecode for initializing field PUSHED
23:44:17.508 [main] INFO org.evosuite.runtime.instrumentation.CreateClassResetClassAdapter - Adding bytecode for initializing field TARGET
23:44:17.508 [main] INFO org.evosuite.runtime.instrumentation.CreateClassResetClassAdapter - Adding bytecode for initializing field STORE
23:44:17.508 [main] INFO org.evosuite.runtime.instrumentation.CreateClassResetClassAdapter - Adding bytecode for initializing field REACHABLE
23:44:17.508 [main] INFO org.evosuite.runtime.instrumentation.CreateClassResetClassAdapter - Adding bytecode for initializing field JSR
23:44:17.508 [main] INFO org.evosuite.runtime.instrumentation.CreateClassResetClassAdapter - Adding bytecode for initializing field RET
23:44:17.508 [main] INFO org.evosuite.runtime.instrumentation.CreateClassResetClassAdapter - Adding bytecode for initializing field SUBROUTINE
23:44:17.508 [main] INFO org.evosuite.runtime.instrumentation.CreateClassResetClassAdapter - Adding bytecode for initializing field VISITED
23:44:17.509 [main] DEBUG org.evosuite.runtime.agent.TransformerForTests - Going to instrument: org.mockito.cglib.core.Constants
23:44:17.514 [main] DEBUG org.evosuite.runtime.agent.TransformerForTests - Going to instrument: org.mockito.asm.Opcodes
23:44:17.517 [main] DEBUG org.evosuite.runtime.agent.TransformerForTests - Going to instrument: org.mockito.cglib.core.CodeEmitter$State
23:44:17.519 [main] INFO org.evosuite.runtime.instrumentation.MethodCallReplacementClassAdapter - Adding mock interface to class org/mockito/cglib/core/CodeEmitter$State
23:44:17.523 [main] INFO org.evosuite.runtime.instrumentation.CreateClassResetClassAdapter - Creating brand-new static initializer in class org/mockito/cglib/core/CodeEmitter$State
23:44:17.526 [main] DEBUG org.evosuite.runtime.agent.TransformerForTests - Going to instrument: org.mockito.cglib.core.LocalVariablesSorter$State
23:44:17.526 [main] INFO org.evosuite.runtime.instrumentation.MethodCallReplacementClassAdapter - Adding mock interface to class org/mockito/cglib/core/LocalVariablesSorter$State
23:44:17.527 [main] INFO org.evosuite.runtime.instrumentation.CreateClassResetClassAdapter - Creating brand-new static initializer in class org/mockito/cglib/core/LocalVariablesSorter$State
23:44:17.527 [main] DEBUG org.evosuite.runtime.agent.TransformerForTests - Going to instrument: org.mockito.asm.Frame
23:44:17.528 [main] INFO org.evosuite.runtime.instrumentation.MethodCallReplacementClassAdapter - Adding mock interface to class org/mockito/asm/Frame
23:44:17.533 [main] INFO org.evosuite.runtime.instrumentation.CreateClassResetClassAdapter - Found static initializer in class org/mockito/asm/Frame
23:44:17.537 [main] DEBUG org.evosuite.runtime.agent.TransformerForTests - Going to instrument: org.mockito.cglib.core.ClassEmitter$FieldInfo
23:44:17.537 [main] INFO org.evosuite.runtime.instrumentation.MethodCallReplacementClassAdapter - Adding mock interface to class org/mockito/cglib/core/ClassEmitter$FieldInfo
23:44:17.540 [main] INFO org.evosuite.runtime.instrumentation.CreateClassResetClassAdapter - Creating brand-new static initializer in class org/mockito/cglib/core/ClassEmitter$FieldInfo
23:44:17.542 [main] DEBUG org.evosuite.runtime.agent.TransformerForTests - Going to instrument: org.mockito.asm.FieldWriter
23:44:17.543 [main] INFO org.evosuite.runtime.instrumentation.MethodCallReplacementClassAdapter - Adding mock interface to class org/mockito/asm/FieldWriter
23:44:17.548 [main] INFO org.evosuite.runtime.instrumentation.CreateClassResetClassAdapter - Creating brand-new static initializer in class org/mockito/asm/FieldWriter
23:44:17.550 [main] DEBUG org.evosuite.runtime.agent.TransformerForTests - Going to instrument: org.mockito.asm.Edge
23:44:17.550 [main] INFO org.evosuite.runtime.instrumentation.MethodCallReplacementClassAdapter - Adding mock interface to class org/mockito/asm/Edge
23:44:17.551 [main] INFO org.evosuite.runtime.instrumentation.CreateClassResetClassAdapter - Creating brand-new static initializer in class org/mockito/asm/Edge
23:44:17.551 [main] INFO org.evosuite.runtime.instrumentation.CreateClassResetClassAdapter - Adding bytecode for initializing field NORMAL
23:44:17.551 [main] INFO org.evosuite.runtime.instrumentation.CreateClassResetClassAdapter - Adding bytecode for initializing field EXCEPTION
23:44:17.551 [main] DEBUG org.evosuite.runtime.agent.TransformerForTests - Going to instrument: org.mockito.cglib.core.EmitUtils$7
23:44:17.551 [main] INFO org.evosuite.runtime.instrumentation.MethodCallReplacementClassAdapter - Adding mock interface to class org/mockito/cglib/core/EmitUtils$7
23:44:17.552 [main] DEBUG org.evosuite.runtime.agent.TransformerForTests - Going to instrument: org.mockito.cglib.core.Local
23:44:17.553 [main] INFO org.evosuite.runtime.instrumentation.MethodCallReplacementClassAdapter - Adding mock interface to class org/mockito/cglib/core/Local
23:44:17.553 [main] INFO org.evosuite.runtime.instrumentation.CreateClassResetClassAdapter - Creating brand-new static initializer in class org/mockito/cglib/core/Local
23:44:17.554 [main] DEBUG org.evosuite.runtime.agent.TransformerForTests - Going to instrument: org.mockito.cglib.core.EmitUtils$8
23:44:17.554 [main] INFO org.evosuite.runtime.instrumentation.MethodCallReplacementClassAdapter - Adding mock interface to class org/mockito/cglib/core/EmitUtils$8
23:44:17.555 [main] DEBUG org.evosuite.runtime.agent.TransformerForTests - Going to instrument: org.mockito.cglib.core.EmitUtils$9
23:44:17.555 [main] INFO org.evosuite.runtime.instrumentation.MethodCallReplacementClassAdapter - Adding mock interface to class org/mockito/cglib/core/EmitUtils$9
23:44:17.557 [main] DEBUG org.evosuite.runtime.agent.TransformerForTests - Going to instrument: org.mockito.cglib.core.DebuggingClassWriter$1
23:44:17.557 [main] INFO org.evosuite.runtime.instrumentation.MethodCallReplacementClassAdapter - Adding mock interface to class org/mockito/cglib/core/DebuggingClassWriter$1
23:44:17.566 [main] DEBUG org.evosuite.runtime.agent.TransformerForTests - Going to instrument: org.mockito.asm.ClassReader
23:44:17.567 [main] INFO org.evosuite.runtime.instrumentation.MethodCallReplacementClassAdapter - Adding mock interface to class org/mockito/asm/ClassReader
23:44:17.613 [main] INFO org.evosuite.runtime.instrumentation.CreateClassResetClassAdapter - Creating brand-new static initializer in class org/mockito/asm/ClassReader
23:44:17.613 [main] INFO org.evosuite.runtime.instrumentation.CreateClassResetClassAdapter - Adding bytecode for initializing field SIGNATURES
23:44:17.613 [main] INFO org.evosuite.runtime.instrumentation.CreateClassResetClassAdapter - Adding bytecode for initializing field ANNOTATIONS
23:44:17.613 [main] INFO org.evosuite.runtime.instrumentation.CreateClassResetClassAdapter - Adding bytecode for initializing field FRAMES
23:44:17.613 [main] INFO org.evosuite.runtime.instrumentation.CreateClassResetClassAdapter - Adding bytecode for initializing field WRITER
23:44:17.613 [main] INFO org.evosuite.runtime.instrumentation.CreateClassResetClassAdapter - Adding bytecode for initializing field RESIZE
23:44:17.613 [main] INFO org.evosuite.runtime.instrumentation.CreateClassResetClassAdapter - Adding bytecode for initializing field SKIP_CODE
23:44:17.613 [main] INFO org.evosuite.runtime.instrumentation.CreateClassResetClassAdapter - Adding bytecode for initializing field SKIP_DEBUG
23:44:17.613 [main] INFO org.evosuite.runtime.instrumentation.CreateClassResetClassAdapter - Adding bytecode for initializing field SKIP_FRAMES
23:44:17.613 [main] INFO org.evosuite.runtime.instrumentation.CreateClassResetClassAdapter - Adding bytecode for initializing field EXPAND_FRAMES
23:44:17.620 [main] DEBUG org.evosuite.runtime.agent.TransformerForTests - Going to instrument: org.mockito.cglib.core.ClassNameReader
23:44:17.628 [main] INFO org.evosuite.runtime.instrumentation.MethodCallReplacementClassAdapter - Adding mock interface to class org/mockito/cglib/core/ClassNameReader
23:44:17.633 [main] INFO org.evosuite.runtime.instrumentation.CreateClassResetClassAdapter - Found static initializer in class org/mockito/cglib/core/ClassNameReader
23:44:17.634 [main] DEBUG org.evosuite.runtime.agent.TransformerForTests - Going to instrument: org.mockito.cglib.core.ClassNameReader$EarlyExitException
23:44:17.635 [main] INFO org.evosuite.runtime.instrumentation.MethodCallReplacementClassAdapter - Adding mock interface to class org/mockito/cglib/core/ClassNameReader$EarlyExitException
23:44:17.637 [main] INFO org.evosuite.runtime.instrumentation.CreateClassResetClassAdapter - Creating brand-new static initializer in class org/mockito/cglib/core/ClassNameReader$EarlyExitException
23:44:17.639 [main] DEBUG org.evosuite.runtime.agent.TransformerForTests - Going to instrument: org.mockito.cglib.core.ClassNameReader$1
23:44:17.640 [main] INFO org.evosuite.runtime.instrumentation.MethodCallReplacementClassAdapter - Adding mock interface to class org/mockito/cglib/core/ClassNameReader$1
23:44:17.642 [main] DEBUG org.evosuite.runtime.agent.TransformerForTests - Going to instrument: org.mockito.asm.Attribute
23:44:17.642 [main] INFO org.evosuite.runtime.instrumentation.MethodCallReplacementClassAdapter - Adding mock interface to class org/mockito/asm/Attribute
23:44:17.643 [main] INFO org.evosuite.runtime.instrumentation.CreateClassResetClassAdapter - Creating brand-new static initializer in class org/mockito/asm/Attribute
23:44:17.644 [main] DEBUG org.evosuite.runtime.agent.TransformerForTests - Going to instrument: org.mockito.cglib.proxy.Enhancer$EnhancerKey$$KeyFactoryByCGLIB$$6a
23:44:17.647 [main] INFO org.evosuite.runtime.instrumentation.MethodCallReplacementClassAdapter - Adding mock interface to class org/mockito/cglib/proxy/Enhancer$EnhancerKey$$KeyFactoryByCGLIB$$6a
23:44:17.655 [main] DEBUG org.evosuite.runtime.agent.TransformerForTests - Going to instrument: org.mockito.internal.creation.util.SearchingClassLoader
23:44:17.656 [main] INFO org.evosuite.runtime.instrumentation.MethodCallReplacementClassAdapter - Adding mock interface to class org/mockito/internal/creation/util/SearchingClassLoader
23:44:17.668 [main] INFO org.evosuite.runtime.instrumentation.CreateClassResetClassAdapter - Creating brand-new static initializer in class org/mockito/internal/creation/util/SearchingClassLoader
23:44:17.670 [main] DEBUG org.evosuite.runtime.agent.TransformerForTests - Going to instrument: org.mockito.cglib.proxy.NoOp
23:44:17.672 [main] DEBUG org.evosuite.runtime.agent.TransformerForTests - Going to instrument: org.mockito.cglib.proxy.CallbackInfo
23:44:17.673 [main] INFO org.evosuite.runtime.instrumentation.MethodCallReplacementClassAdapter - Adding mock interface to class org/mockito/cglib/proxy/CallbackInfo
23:44:17.678 [main] INFO org.evosuite.runtime.instrumentation.CreateClassResetClassAdapter - Found static initializer in class org/mockito/cglib/proxy/CallbackInfo
23:44:17.680 [main] DEBUG org.evosuite.runtime.agent.TransformerForTests - Going to instrument: org.mockito.cglib.proxy.CallbackGenerator
23:44:17.680 [main] DEBUG org.evosuite.runtime.agent.TransformerForTests - Going to instrument: org.mockito.cglib.proxy.NoOpGenerator
23:44:17.681 [main] INFO org.evosuite.runtime.instrumentation.MethodCallReplacementClassAdapter - Adding mock interface to class org/mockito/cglib/proxy/NoOpGenerator
23:44:17.683 [main] INFO org.evosuite.runtime.instrumentation.CreateClassResetClassAdapter - Found static initializer in class org/mockito/cglib/proxy/NoOpGenerator
23:44:17.684 [main] DEBUG org.evosuite.runtime.agent.TransformerForTests - Going to instrument: org.mockito.cglib.proxy.MethodInterceptorGenerator
23:44:17.685 [main] INFO org.evosuite.runtime.instrumentation.MethodCallReplacementClassAdapter - Adding mock interface to class org/mockito/cglib/proxy/MethodInterceptorGenerator
23:44:17.686 [main] INFO org.evosuite.runtime.instrumentation.CreateClassResetClassAdapter - Found static initializer in class org/mockito/cglib/proxy/MethodInterceptorGenerator
23:44:17.687 [main] DEBUG org.evosuite.runtime.agent.TransformerForTests - Going to instrument: org.mockito.cglib.proxy.MethodInterceptorGenerator$1
23:44:17.687 [main] INFO org.evosuite.runtime.instrumentation.MethodCallReplacementClassAdapter - Adding mock interface to class org/mockito/cglib/proxy/MethodInterceptorGenerator$1
23:44:17.689 [main] DEBUG org.evosuite.runtime.agent.TransformerForTests - Going to instrument: org.mockito.cglib.proxy.InvocationHandler
23:44:17.689 [main] DEBUG org.evosuite.runtime.agent.TransformerForTests - Going to instrument: org.mockito.cglib.proxy.InvocationHandlerGenerator
23:44:17.690 [main] INFO org.evosuite.runtime.instrumentation.MethodCallReplacementClassAdapter - Adding mock interface to class org/mockito/cglib/proxy/InvocationHandlerGenerator
23:44:17.690 [main] INFO org.evosuite.runtime.instrumentation.CreateClassResetClassAdapter - Found static initializer in class org/mockito/cglib/proxy/InvocationHandlerGenerator
23:44:17.692 [main] DEBUG org.evosuite.runtime.agent.TransformerForTests - Going to instrument: org.mockito.cglib.proxy.LazyLoader
23:44:17.694 [main] DEBUG org.evosuite.runtime.agent.TransformerForTests - Going to instrument: org.mockito.cglib.proxy.LazyLoaderGenerator
23:44:17.697 [main] INFO org.evosuite.runtime.instrumentation.MethodCallReplacementClassAdapter - Adding mock interface to class org/mockito/cglib/proxy/LazyLoaderGenerator
23:44:17.701 [main] INFO org.evosuite.runtime.instrumentation.CreateClassResetClassAdapter - Found static initializer in class org/mockito/cglib/proxy/LazyLoaderGenerator
23:44:17.703 [main] DEBUG org.evosuite.runtime.agent.TransformerForTests - Going to instrument: org.mockito.cglib.proxy.Dispatcher
23:44:17.704 [main] DEBUG org.evosuite.runtime.agent.TransformerForTests - Going to instrument: org.mockito.cglib.proxy.DispatcherGenerator
23:44:17.704 [main] INFO org.evosuite.runtime.instrumentation.MethodCallReplacementClassAdapter - Adding mock interface to class org/mockito/cglib/proxy/DispatcherGenerator
23:44:17.704 [main] INFO org.evosuite.runtime.instrumentation.CreateClassResetClassAdapter - Found static initializer in class org/mockito/cglib/proxy/DispatcherGenerator
23:44:17.705 [main] DEBUG org.evosuite.runtime.agent.TransformerForTests - Going to instrument: org.mockito.cglib.proxy.FixedValue
23:44:17.706 [main] DEBUG org.evosuite.runtime.agent.TransformerForTests - Going to instrument: org.mockito.cglib.proxy.FixedValueGenerator
23:44:17.706 [main] INFO org.evosuite.runtime.instrumentation.MethodCallReplacementClassAdapter - Adding mock interface to class org/mockito/cglib/proxy/FixedValueGenerator
23:44:17.707 [main] INFO org.evosuite.runtime.instrumentation.CreateClassResetClassAdapter - Found static initializer in class org/mockito/cglib/proxy/FixedValueGenerator
23:44:17.709 [main] DEBUG org.evosuite.runtime.agent.TransformerForTests - Going to instrument: org.mockito.cglib.proxy.ProxyRefDispatcher
]]></system-out>
    <system-err><![CDATA[Warning: the fonts "Times" and "Lucida Bright" are not available for the Java logical font "Serif", which may have unexpected appearance or behavior. Re-enable the "Times" font to remove this warning.
]]></system-err>
  </testcase>
</testsuite>