original test path: /Users/curtis/Github/Thesis/chatTester/Repos/tabulapdf_tabula-java/src/test/java/technology/tabula/extractors/BasicExtractionAlgorithm_ESTest.java
[GENERATED PATH] BasicExtractionAlgorithm_ESTest#extract(Page page, List<Float> verticalRulingPositions).java
[ERROR] COMPILATION ERROR : 
[INFO] -------------------------------------------------------------
[ERROR] /Users/curtis/Github/Thesis/chatTester/Repos/tabulapdf_tabula-java/src/test/java/technology/tabula/extractors/BasicExtractionAlgorithm_ESTest.java:[28,17] no suitable constructor found for Page(no arguments)
    constructor technology.tabula.Page.Page(technology.tabula.PageDims,int,int,org.apache.pdfbox.pdmodel.PDPage,org.apache.pdfbox.pdmodel.PDDocument,java.util.List<technology.tabula.TextElement>,java.util.List<technology.tabula.Ruling>,float,float,technology.tabula.RectangleSpatialIndex<technology.tabula.TextElement>) is not applicable
      (actual and formal argument lists differ in length)
    constructor technology.tabula.Page.Page(float,float,float,float,int,int,org.apache.pdfbox.pdmodel.PDPage,org.apache.pdfbox.pdmodel.PDDocument) is not applicable
      (actual and formal argument lists differ in length)
    constructor technology.tabula.Page.Page(float,float,float,float,int,int,org.apache.pdfbox.pdmodel.PDPage,org.apache.pdfbox.pdmodel.PDDocument,java.util.List<technology.tabula.TextElement>,java.util.List<technology.tabula.Ruling>) is not applicable
      (actual and formal argument lists differ in length)
    constructor technology.tabula.Page.Page(float,float,float,float,int,int,org.apache.pdfbox.pdmodel.PDPage,org.apache.pdfbox.pdmodel.PDDocument,technology.tabula.ObjectExtractorStreamEngine,technology.tabula.TextStripper) is not applicable
      (actual and formal argument lists differ in length)
    constructor technology.tabula.Page.Page(float,float,float,float,int,int,org.apache.pdfbox.pdmodel.PDPage,org.apache.pdfbox.pdmodel.PDDocument,java.util.List<technology.tabula.TextElement>,java.util.List<technology.tabula.Ruling>,float,float,technology.tabula.RectangleSpatialIndex<technology.tabula.TextElement>) is not applicable
      (actual and formal argument lists differ in length)
[ERROR] /Users/curtis/Github/Thesis/chatTester/Repos/tabulapdf_tabula-java/src/test/java/technology/tabula/extractors/BasicExtractionAlgorithm_ESTest.java:[34,22] getHeight() in <anonymous technology.tabula.extractors.BasicExtractionAlgorithm_ESTest$1> cannot override getHeight() in java.awt.geom.RectangularShape
  return type float is not compatible with double
[ERROR] /Users/curtis/Github/Thesis/chatTester/Repos/tabulapdf_tabula-java/src/test/java/technology/tabula/extractors/BasicExtractionAlgorithm_ESTest.java:[33,9] method does not override or implement a method from a supertype
[ERROR] /Users/curtis/Github/Thesis/chatTester/Repos/tabulapdf_tabula-java/src/test/java/technology/tabula/extractors/BasicExtractionAlgorithm_ESTest.java:[50,10] cannot find symbol
  symbol:   class Table
  location: class technology.tabula.extractors.BasicExtractionAlgorithm_ESTest
[INFO] 4 errors 
####################

original test path: /Users/curtis/Github/Thesis/chatTester/Repos/tabulapdf_tabula-java/src/test/java/technology/tabula/extractors/BasicExtractionAlgorithm_ESTest.java
[GENERATED PATH] BasicExtractionAlgorithm_ESTest#extract(Page page, List<Float> verticalRulingPositions).java
[ERROR] COMPILATION ERROR : 
[INFO] -------------------------------------------------------------
[ERROR] /Users/curtis/Github/Thesis/chatTester/Repos/tabulapdf_tabula-java/src/test/java/technology/tabula/extractors/BasicExtractionAlgorithm_ESTest.java:[8,19] package org.mockito does not exist
[ERROR] /Users/curtis/Github/Thesis/chatTester/Repos/tabulapdf_tabula-java/src/test/java/technology/tabula/extractors/BasicExtractionAlgorithm_ESTest.java:[9,26] package org.mockito does not exist
[ERROR] /Users/curtis/Github/Thesis/chatTester/Repos/tabulapdf_tabula-java/src/test/java/technology/tabula/extractors/BasicExtractionAlgorithm_ESTest.java:[32,21] cannot find symbol
  symbol:   variable Mockito
  location: class technology.tabula.extractors.BasicExtractionAlgorithm_ESTest
[ERROR] /Users/curtis/Github/Thesis/chatTester/Repos/tabulapdf_tabula-java/src/test/java/technology/tabula/extractors/BasicExtractionAlgorithm_ESTest.java:[33,9] cannot find symbol
  symbol:   method when(float)
  location: class technology.tabula.extractors.BasicExtractionAlgorithm_ESTest
[ERROR] /Users/curtis/Github/Thesis/chatTester/Repos/tabulapdf_tabula-java/src/test/java/technology/tabula/extractors/BasicExtractionAlgorithm_ESTest.java:[34,9] cannot find symbol
  symbol:   method when(double)
  location: class technology.tabula.extractors.BasicExtractionAlgorithm_ESTest
[ERROR] /Users/curtis/Github/Thesis/chatTester/Repos/tabulapdf_tabula-java/src/test/java/technology/tabula/extractors/BasicExtractionAlgorithm_ESTest.java:[42,14] cannot find symbol
  symbol:   class Table
  location: class technology.tabula.extractors.BasicExtractionAlgorithm_ESTest
[INFO] 6 errors 
####################

original test path: /Users/curtis/Github/Thesis/chatTester/Repos/tabulapdf_tabula-java/src/test/java/technology/tabula/extractors/BasicExtractionAlgorithm_ESTest.java
[GENERATED PATH] BasicExtractionAlgorithm_ESTest#extract(Page page, List<Float> verticalRulingPositions).java
[ERROR] COMPILATION ERROR : 
[INFO] -------------------------------------------------------------
[ERROR] /Users/curtis/Github/Thesis/chatTester/Repos/tabulapdf_tabula-java/src/test/java/technology/tabula/extractors/BasicExtractionAlgorithm_ESTest.java:[10,19] package org.mockito does not exist
[ERROR] /Users/curtis/Github/Thesis/chatTester/Repos/tabulapdf_tabula-java/src/test/java/technology/tabula/extractors/BasicExtractionAlgorithm_ESTest.java:[11,26] package org.mockito does not exist
[ERROR] /Users/curtis/Github/Thesis/chatTester/Repos/tabulapdf_tabula-java/src/test/java/technology/tabula/extractors/BasicExtractionAlgorithm_ESTest.java:[35,13] cannot find symbol
  symbol: variable left
[ERROR] /Users/curtis/Github/Thesis/chatTester/Repos/tabulapdf_tabula-java/src/test/java/technology/tabula/extractors/BasicExtractionAlgorithm_ESTest.java:[36,13] cannot find symbol
  symbol: variable right
[INFO] 4 errors 
####################

original test path: /Users/curtis/Github/Thesis/chatTester/Repos/tabulapdf_tabula-java/src/test/java/technology/tabula/extractors/BasicExtractionAlgorithm_ESTest.java
[GENERATED PATH] BasicExtractionAlgorithm_ESTest#extract(Page page, List<Float> verticalRulingPositions).java
[ERROR] COMPILATION ERROR : 
[INFO] -------------------------------------------------------------
[ERROR] /Users/curtis/Github/Thesis/chatTester/Repos/tabulapdf_tabula-java/src/test/java/technology/tabula/extractors/BasicExtractionAlgorithm_ESTest.java:[11,19] package org.mockito does not exist
[ERROR] /Users/curtis/Github/Thesis/chatTester/Repos/tabulapdf_tabula-java/src/test/java/technology/tabula/extractors/BasicExtractionAlgorithm_ESTest.java:[12,26] package org.mockito does not exist
[ERROR] /Users/curtis/Github/Thesis/chatTester/Repos/tabulapdf_tabula-java/src/test/java/technology/tabula/extractors/BasicExtractionAlgorithm_ESTest.java:[37,17] cannot find symbol
  symbol: variable left
[ERROR] /Users/curtis/Github/Thesis/chatTester/Repos/tabulapdf_tabula-java/src/test/java/technology/tabula/extractors/BasicExtractionAlgorithm_ESTest.java:[38,17] cannot find symbol
  symbol: variable right
[INFO] 4 errors 
####################

original test path: /Users/curtis/Github/Thesis/chatTester/Repos/tabulapdf_tabula-java/src/test/java/technology/tabula/extractors/BasicExtractionAlgorithm_ESTest.java
[GENERATED PATH] BasicExtractionAlgorithm_ESTest#extract(Page page, List<Float> verticalRulingPositions).java
[ERROR] COMPILATION ERROR : 
[INFO] -------------------------------------------------------------
[ERROR] /Users/curtis/Github/Thesis/chatTester/Repos/tabulapdf_tabula-java/src/test/java/technology/tabula/extractors/BasicExtractionAlgorithm_ESTest.java:[12,19] package org.mockito does not exist
[ERROR] /Users/curtis/Github/Thesis/chatTester/Repos/tabulapdf_tabula-java/src/test/java/technology/tabula/extractors/BasicExtractionAlgorithm_ESTest.java:[13,26] package org.mockito does not exist
[ERROR] /Users/curtis/Github/Thesis/chatTester/Repos/tabulapdf_tabula-java/src/test/java/technology/tabula/extractors/BasicExtractionAlgorithm_ESTest.java:[39,9] cannot find symbol
  symbol:   variable left
  location: class technology.tabula.extractors.BasicExtractionAlgorithm_ESTest
[ERROR] /Users/curtis/Github/Thesis/chatTester/Repos/tabulapdf_tabula-java/src/test/java/technology/tabula/extractors/BasicExtractionAlgorithm_ESTest.java:[40,9] cannot find symbol
  symbol:   variable right
  location: class technology.tabula.extractors.BasicExtractionAlgorithm_ESTest
[INFO] 4 errors 
####################

original test path: /Users/curtis/Github/Thesis/chatTester/Repos/tabulapdf_tabula-java/src/test/java/technology/tabula/extractors/BasicExtractionAlgorithm_ESTest.java
[GENERATED PATH] BasicExtractionAlgorithm_ESTest#extract(Page page, List<Float> verticalRulingPositions).java
[ERROR] COMPILATION ERROR : 
[INFO] -------------------------------------------------------------
[ERROR] /Users/curtis/Github/Thesis/chatTester/Repos/tabulapdf_tabula-java/src/test/java/technology/tabula/extractors/BasicExtractionAlgorithm_ESTest.java:[13,19] package org.mockito does not exist
[ERROR] /Users/curtis/Github/Thesis/chatTester/Repos/tabulapdf_tabula-java/src/test/java/technology/tabula/extractors/BasicExtractionAlgorithm_ESTest.java:[14,26] package org.mockito does not exist
[ERROR] /Users/curtis/Github/Thesis/chatTester/Repos/tabulapdf_tabula-java/src/test/java/technology/tabula/extractors/BasicExtractionAlgorithm_ESTest.java:[129,67] incompatible types: java.util.List<Line> cannot be converted to java.util.List<technology.tabula.Line>
[ERROR] /Users/curtis/Github/Thesis/chatTester/Repos/tabulapdf_tabula-java/src/test/java/technology/tabula/extractors/BasicExtractionAlgorithm_ESTest.java:[141,5] no suitable method found for assertEquals(java.util.List<java.lang.Float>,java.util.List<java.lang.Float>,java.lang.String)
    method org.junit.Assert.assertEquals(java.lang.String,java.lang.Object[],java.lang.Object[]) is not applicable
      (argument mismatch; java.util.List<java.lang.Float> cannot be converted to java.lang.String)
    method org.junit.Assert.assertEquals(float,float,float) is not applicable
      (argument mismatch; java.util.List<java.lang.Float> cannot be converted to float)
    method org.junit.Assert.assertEquals(double,double,double) is not applicable
      (argument mismatch; java.util.List<java.lang.Float> cannot be converted to double)
    method org.junit.Assert.assertEquals(java.lang.String,double,double) is not applicable
      (argument mismatch; java.util.List<java.lang.Float> cannot be converted to java.lang.String)
    method org.junit.Assert.assertEquals(java.lang.String,long,long) is not applicable
      (argument mismatch; java.util.List<java.lang.Float> cannot be converted to java.lang.String)
    method org.junit.Assert.assertEquals(java.lang.String,java.lang.Object,java.lang.Object) is not applicable
      (argument mismatch; java.util.List<java.lang.Float> cannot be converted to java.lang.String)
[INFO] 4 errors 
####################

