original test path: /Users/curtis/Github/Thesis/chatTester/Repos/tabulapdf_tabula-java/src/test/java/technology/tabula/Line_ESTest.java
[GENERATED PATH] Line_ESTest#setTextElements(List<TextChunk> textChunks).java
[ERROR] COMPILATION ERROR : 
[INFO] -------------------------------------------------------------
[ERROR] /Users/curtis/Github/Thesis/chatTester/Repos/tabulapdf_tabula-java/src/test/java/technology/tabula/Line_ESTest.java:[25,24] no suitable constructor found for TextChunk(java.lang.String,int,int,int,int)
    constructor technology.tabula.TextChunk.TextChunk(float,float,float,float) is not applicable
      (actual and formal argument lists differ in length)
    constructor technology.tabula.TextChunk.TextChunk(technology.tabula.TextElement) is not applicable
      (actual and formal argument lists differ in length)
    constructor technology.tabula.TextChunk.TextChunk(java.util.List<technology.tabula.TextElement>) is not applicable
      (actual and formal argument lists differ in length)
[ERROR] /Users/curtis/Github/Thesis/chatTester/Repos/tabulapdf_tabula-java/src/test/java/technology/tabula/Line_ESTest.java:[26,24] no suitable constructor found for TextChunk(java.lang.String,int,int,int,int)
    constructor technology.tabula.TextChunk.TextChunk(float,float,float,float) is not applicable
      (actual and formal argument lists differ in length)
    constructor technology.tabula.TextChunk.TextChunk(technology.tabula.TextElement) is not applicable
      (actual and formal argument lists differ in length)
    constructor technology.tabula.TextChunk.TextChunk(java.util.List<technology.tabula.TextElement>) is not applicable
      (actual and formal argument lists differ in length)
[ERROR] /Users/curtis/Github/Thesis/chatTester/Repos/tabulapdf_tabula-java/src/test/java/technology/tabula/Line_ESTest.java:[29,37] cannot find symbol
  symbol:   method of(technology.tabula.TextChunk)
  location: interface java.util.List
[INFO] 3 errors 
####################

original test path: /Users/curtis/Github/Thesis/chatTester/Repos/tabulapdf_tabula-java/src/test/java/technology/tabula/Line_ESTest.java
[GENERATED PATH] Line_ESTest#setTextElements(List<TextChunk> textChunks).java
[ERROR] COMPILATION ERROR : 
[INFO] -------------------------------------------------------------
[ERROR] /Users/curtis/Github/Thesis/chatTester/Repos/tabulapdf_tabula-java/src/test/java/technology/tabula/Line_ESTest.java:[29,51] constructor Vector in class org.apache.pdfbox.util.Vector cannot be applied to given types;
  required: float,float
  found: int,int,int
  reason: actual and formal argument lists differ in length
[ERROR] /Users/curtis/Github/Thesis/chatTester/Repos/tabulapdf_tabula-java/src/test/java/technology/tabula/Line_ESTest.java:[29,72] constructor Vector in class org.apache.pdfbox.util.Vector cannot be applied to given types;
  required: float,float
  found: int,int,int
  reason: actual and formal argument lists differ in length
[ERROR] /Users/curtis/Github/Thesis/chatTester/Repos/tabulapdf_tabula-java/src/test/java/technology/tabula/Line_ESTest.java:[31,51] constructor Vector in class org.apache.pdfbox.util.Vector cannot be applied to given types;
  required: float,float
  found: int,int,int
  reason: actual and formal argument lists differ in length
[ERROR] /Users/curtis/Github/Thesis/chatTester/Repos/tabulapdf_tabula-java/src/test/java/technology/tabula/Line_ESTest.java:[31,72] constructor Vector in class org.apache.pdfbox.util.Vector cannot be applied to given types;
  required: float,float
  found: int,int,int
  reason: actual and formal argument lists differ in length
[ERROR] /Users/curtis/Github/Thesis/chatTester/Repos/tabulapdf_tabula-java/src/test/java/technology/tabula/Line_ESTest.java:[33,41] cannot find symbol
  symbol:   method of(technology.tabula.TextChunk)
  location: interface java.util.List
[INFO] 5 errors 
####################

original test path: /Users/curtis/Github/Thesis/chatTester/Repos/tabulapdf_tabula-java/src/test/java/technology/tabula/Line_ESTest.java
[GENERATED PATH] Line_ESTest#setTextElements(List<TextChunk> textChunks).java
[ERROR] COMPILATION ERROR : 
[INFO] -------------------------------------------------------------
[ERROR] /Users/curtis/Github/Thesis/chatTester/Repos/tabulapdf_tabula-java/src/test/java/technology/tabula/Line_ESTest.java:[31,51] constructor Vector in class org.apache.pdfbox.util.Vector cannot be applied to given types;
  required: float,float
  found: float,float,float
  reason: actual and formal argument lists differ in length
[ERROR] /Users/curtis/Github/Thesis/chatTester/Repos/tabulapdf_tabula-java/src/test/java/technology/tabula/Line_ESTest.java:[31,75] constructor Vector in class org.apache.pdfbox.util.Vector cannot be applied to given types;
  required: float,float
  found: float,float,float
  reason: actual and formal argument lists differ in length
[ERROR] /Users/curtis/Github/Thesis/chatTester/Repos/tabulapdf_tabula-java/src/test/java/technology/tabula/Line_ESTest.java:[32,51] constructor Vector in class org.apache.pdfbox.util.Vector cannot be applied to given types;
  required: float,float
  found: float,float,float
  reason: actual and formal argument lists differ in length
[ERROR] /Users/curtis/Github/Thesis/chatTester/Repos/tabulapdf_tabula-java/src/test/java/technology/tabula/Line_ESTest.java:[32,75] constructor Vector in class org.apache.pdfbox.util.Vector cannot be applied to given types;
  required: float,float
  found: float,float,float
  reason: actual and formal argument lists differ in length
[ERROR] /Users/curtis/Github/Thesis/chatTester/Repos/tabulapdf_tabula-java/src/test/java/technology/tabula/Line_ESTest.java:[35,41] cannot find symbol
  symbol:   method of(technology.tabula.TextChunk)
  location: interface java.util.List
[INFO] 5 errors 
####################

original test path: /Users/curtis/Github/Thesis/chatTester/Repos/tabulapdf_tabula-java/src/test/java/technology/tabula/Line_ESTest.java
[GENERATED PATH] Line_ESTest#setTextElements(List<TextChunk> textChunks).java
[ERROR] COMPILATION ERROR : 
[INFO] -------------------------------------------------------------
[ERROR] /Users/curtis/Github/Thesis/chatTester/Repos/tabulapdf_tabula-java/src/test/java/technology/tabula/Line_ESTest.java:[33,28] no suitable constructor found for TextChunk(java.lang.String,org.apache.pdfbox.util.Vector,org.apache.pdfbox.util.Vector,float,int)
    constructor technology.tabula.TextChunk.TextChunk(float,float,float,float) is not applicable
      (actual and formal argument lists differ in length)
    constructor technology.tabula.TextChunk.TextChunk(technology.tabula.TextElement) is not applicable
      (actual and formal argument lists differ in length)
    constructor technology.tabula.TextChunk.TextChunk(java.util.List<technology.tabula.TextElement>) is not applicable
      (actual and formal argument lists differ in length)
[ERROR] /Users/curtis/Github/Thesis/chatTester/Repos/tabulapdf_tabula-java/src/test/java/technology/tabula/Line_ESTest.java:[34,28] no suitable constructor found for TextChunk(java.lang.String,org.apache.pdfbox.util.Vector,org.apache.pdfbox.util.Vector,float,int)
    constructor technology.tabula.TextChunk.TextChunk(float,float,float,float) is not applicable
      (actual and formal argument lists differ in length)
    constructor technology.tabula.TextChunk.TextChunk(technology.tabula.TextElement) is not applicable
      (actual and formal argument lists differ in length)
    constructor technology.tabula.TextChunk.TextChunk(java.util.List<technology.tabula.TextElement>) is not applicable
      (actual and formal argument lists differ in length)
[ERROR] /Users/curtis/Github/Thesis/chatTester/Repos/tabulapdf_tabula-java/src/test/java/technology/tabula/Line_ESTest.java:[37,41] cannot find symbol
  symbol:   method of(technology.tabula.TextChunk)
  location: interface java.util.List
[INFO] 3 errors 
####################

original test path: /Users/curtis/Github/Thesis/chatTester/Repos/tabulapdf_tabula-java/src/test/java/technology/tabula/Line_ESTest.java
[GENERATED PATH] Line_ESTest#setTextElements(List<TextChunk> textChunks).java
[ERROR] COMPILATION ERROR : 
[INFO] -------------------------------------------------------------
[ERROR] /Users/curtis/Github/Thesis/chatTester/Repos/tabulapdf_tabula-java/src/test/java/technology/tabula/Line_ESTest.java:[38,13] no suitable constructor found for TextChunk(java.lang.String)
    constructor technology.tabula.TextChunk.TextChunk(technology.tabula.TextElement) is not applicable
      (argument mismatch; java.lang.String cannot be converted to technology.tabula.TextElement)
    constructor technology.tabula.TextChunk.TextChunk(java.util.List<technology.tabula.TextElement>) is not applicable
      (argument mismatch; java.lang.String cannot be converted to java.util.List<technology.tabula.TextElement>)
[ERROR] /Users/curtis/Github/Thesis/chatTester/Repos/tabulapdf_tabula-java/src/test/java/technology/tabula/Line_ESTest.java:[39,13] no suitable constructor found for TextChunk(java.lang.String)
    constructor technology.tabula.TextChunk.TextChunk(technology.tabula.TextElement) is not applicable
      (argument mismatch; java.lang.String cannot be converted to technology.tabula.TextElement)
    constructor technology.tabula.TextChunk.TextChunk(java.util.List<technology.tabula.TextElement>) is not applicable
      (argument mismatch; java.lang.String cannot be converted to java.util.List<technology.tabula.TextElement>)
[ERROR] /Users/curtis/Github/Thesis/chatTester/Repos/tabulapdf_tabula-java/src/test/java/technology/tabula/Line_ESTest.java:[44,13] no suitable constructor found for TextChunk(java.lang.String)
    constructor technology.tabula.TextChunk.TextChunk(technology.tabula.TextElement) is not applicable
      (argument mismatch; java.lang.String cannot be converted to technology.tabula.TextElement)
    constructor technology.tabula.TextChunk.TextChunk(java.util.List<technology.tabula.TextElement>) is not applicable
      (argument mismatch; java.lang.String cannot be converted to java.util.List<technology.tabula.TextElement>)
[ERROR] /Users/curtis/Github/Thesis/chatTester/Repos/tabulapdf_tabula-java/src/test/java/technology/tabula/Line_ESTest.java:[45,13] no suitable constructor found for TextChunk(java.lang.String)
    constructor technology.tabula.TextChunk.TextChunk(technology.tabula.TextElement) is not applicable
      (argument mismatch; java.lang.String cannot be converted to technology.tabula.TextElement)
    constructor technology.tabula.TextChunk.TextChunk(java.util.List<technology.tabula.TextElement>) is not applicable
      (argument mismatch; java.lang.String cannot be converted to java.util.List<technology.tabula.TextElement>)
[ERROR] /Users/curtis/Github/Thesis/chatTester/Repos/tabulapdf_tabula-java/src/test/java/technology/tabula/Line_ESTest.java:[46,13] no suitable constructor found for TextChunk(java.lang.String)
    constructor technology.tabula.TextChunk.TextChunk(technology.tabula.TextElement) is not applicable
      (argument mismatch; java.lang.String cannot be converted to technology.tabula.TextElement)
    constructor technology.tabula.TextChunk.TextChunk(java.util.List<technology.tabula.TextElement>) is not applicable
      (argument mismatch; java.lang.String cannot be converted to java.util.List<technology.tabula.TextElement>)
[ERROR] /Users/curtis/Github/Thesis/chatTester/Repos/tabulapdf_tabula-java/src/test/java/technology/tabula/Line_ESTest.java:[53,9] no suitable method found for assertEquals(java.util.List<technology.tabula.TextChunk>,java.util.List<technology.tabula.TextChunk>,java.lang.String)
    method org.junit.Assert.assertEquals(java.lang.String,java.lang.Object[],java.lang.Object[]) is not applicable
      (argument mismatch; java.util.List<technology.tabula.TextChunk> cannot be converted to java.lang.String)
    method org.junit.Assert.assertEquals(float,float,float) is not applicable
      (argument mismatch; java.util.List<technology.tabula.TextChunk> cannot be converted to float)
    method org.junit.Assert.assertEquals(double,double,double) is not applicable
      (argument mismatch; java.util.List<technology.tabula.TextChunk> cannot be converted to double)
    method org.junit.Assert.assertEquals(java.lang.String,double,double) is not applicable
      (argument mismatch; java.util.List<technology.tabula.TextChunk> cannot be converted to java.lang.String)
    method org.junit.Assert.assertEquals(java.lang.String,long,long) is not applicable
      (argument mismatch; java.util.List<technology.tabula.TextChunk> cannot be converted to java.lang.String)
    method org.junit.Assert.assertEquals(java.lang.String,java.lang.Object,java.lang.Object) is not applicable
      (argument mismatch; java.util.List<technology.tabula.TextChunk> cannot be converted to java.lang.String)
[INFO] 6 errors 
####################

original test path: /Users/curtis/Github/Thesis/chatTester/Repos/tabulapdf_tabula-java/src/test/java/technology/tabula/Line_ESTest.java
[GENERATED PATH] Line_ESTest#setTextElements(List<TextChunk> textChunks).java
[ERROR] COMPILATION ERROR : 
[INFO] -------------------------------------------------------------
[ERROR] /Users/curtis/Github/Thesis/chatTester/Repos/tabulapdf_tabula-java/src/test/java/technology/tabula/Line_ESTest.java:[39,24] no suitable constructor found for TextChunk(java.lang.String)
    constructor technology.tabula.TextChunk.TextChunk(technology.tabula.TextElement) is not applicable
      (argument mismatch; java.lang.String cannot be converted to technology.tabula.TextElement)
    constructor technology.tabula.TextChunk.TextChunk(java.util.List<technology.tabula.TextElement>) is not applicable
      (argument mismatch; java.lang.String cannot be converted to java.util.List<technology.tabula.TextElement>)
[ERROR] /Users/curtis/Github/Thesis/chatTester/Repos/tabulapdf_tabula-java/src/test/java/technology/tabula/Line_ESTest.java:[40,24] no suitable constructor found for TextChunk(java.lang.String)
    constructor technology.tabula.TextChunk.TextChunk(technology.tabula.TextElement) is not applicable
      (argument mismatch; java.lang.String cannot be converted to technology.tabula.TextElement)
    constructor technology.tabula.TextChunk.TextChunk(java.util.List<technology.tabula.TextElement>) is not applicable
      (argument mismatch; java.lang.String cannot be converted to java.util.List<technology.tabula.TextElement>)
[ERROR] /Users/curtis/Github/Thesis/chatTester/Repos/tabulapdf_tabula-java/src/test/java/technology/tabula/Line_ESTest.java:[46,24] no suitable constructor found for TextChunk(java.lang.String)
    constructor technology.tabula.TextChunk.TextChunk(technology.tabula.TextElement) is not applicable
      (argument mismatch; java.lang.String cannot be converted to technology.tabula.TextElement)
    constructor technology.tabula.TextChunk.TextChunk(java.util.List<technology.tabula.TextElement>) is not applicable
      (argument mismatch; java.lang.String cannot be converted to java.util.List<technology.tabula.TextElement>)
[ERROR] /Users/curtis/Github/Thesis/chatTester/Repos/tabulapdf_tabula-java/src/test/java/technology/tabula/Line_ESTest.java:[47,24] no suitable constructor found for TextChunk(java.lang.String)
    constructor technology.tabula.TextChunk.TextChunk(technology.tabula.TextElement) is not applicable
      (argument mismatch; java.lang.String cannot be converted to technology.tabula.TextElement)
    constructor technology.tabula.TextChunk.TextChunk(java.util.List<technology.tabula.TextElement>) is not applicable
      (argument mismatch; java.lang.String cannot be converted to java.util.List<technology.tabula.TextElement>)
[ERROR] /Users/curtis/Github/Thesis/chatTester/Repos/tabulapdf_tabula-java/src/test/java/technology/tabula/Line_ESTest.java:[55,5] no suitable method found for assertEquals(java.util.List<technology.tabula.TextChunk>,java.util.List<technology.tabula.TextChunk>,java.lang.String)
    method org.junit.Assert.assertEquals(java.lang.String,java.lang.Object[],java.lang.Object[]) is not applicable
      (argument mismatch; java.util.List<technology.tabula.TextChunk> cannot be converted to java.lang.String)
    method org.junit.Assert.assertEquals(float,float,float) is not applicable
      (argument mismatch; java.util.List<technology.tabula.TextChunk> cannot be converted to float)
    method org.junit.Assert.assertEquals(double,double,double) is not applicable
      (argument mismatch; java.util.List<technology.tabula.TextChunk> cannot be converted to double)
    method org.junit.Assert.assertEquals(java.lang.String,double,double) is not applicable
      (argument mismatch; java.util.List<technology.tabula.TextChunk> cannot be converted to java.lang.String)
    method org.junit.Assert.assertEquals(java.lang.String,long,long) is not applicable
      (argument mismatch; java.util.List<technology.tabula.TextChunk> cannot be converted to java.lang.String)
    method org.junit.Assert.assertEquals(java.lang.String,java.lang.Object,java.lang.Object) is not applicable
      (argument mismatch; java.util.List<technology.tabula.TextChunk> cannot be converted to java.lang.String)
[ERROR] /Users/curtis/Github/Thesis/chatTester/Repos/tabulapdf_tabula-java/src/test/java/technology/tabula/Line_ESTest.java:[56,5] no suitable method found for assertEquals(int,int,java.lang.String)
    method org.junit.Assert.assertEquals(java.lang.String,java.lang.Object[],java.lang.Object[]) is not applicable
      (argument mismatch; int cannot be converted to java.lang.String)
    method org.junit.Assert.assertEquals(float,float,float) is not applicable
      (argument mismatch; java.lang.String cannot be converted to float)
    method org.junit.Assert.assertEquals(double,double,double) is not applicable
      (argument mismatch; java.lang.String cannot be converted to double)
    method org.junit.Assert.assertEquals(java.lang.String,double,double) is not applicable
      (argument mismatch; int cannot be converted to java.lang.String)
    method org.junit.Assert.assertEquals(java.lang.String,long,long) is not applicable
      (argument mismatch; int cannot be converted to java.lang.String)
    method org.junit.Assert.assertEquals(java.lang.String,java.lang.Object,java.lang.Object) is not applicable
      (argument mismatch; int cannot be converted to java.lang.String)
[ERROR] /Users/curtis/Github/Thesis/chatTester/Repos/tabulapdf_tabula-java/src/test/java/technology/tabula/Line_ESTest.java:[57,16] incompatible types: technology.tabula.TextChunk cannot be converted to java.lang.String
[ERROR] /Users/curtis/Github/Thesis/chatTester/Repos/tabulapdf_tabula-java/src/test/java/technology/tabula/Line_ESTest.java:[58,16] incompatible types: technology.tabula.TextChunk cannot be converted to java.lang.String
[INFO] 8 errors 
####################

original test path: /Users/curtis/Github/Thesis/chatTester/Repos/tabulapdf_tabula-java/src/test/java/technology/tabula/Line_ESTest.java
[GENERATED PATH] Line_ESTest#setTextElements(List<TextChunk> textChunks).java
[ERROR] COMPILATION ERROR : 
[INFO] -------------------------------------------------------------
[ERROR] /Users/curtis/Github/Thesis/chatTester/Repos/tabulapdf_tabula-java/src/test/java/technology/tabula/Line_ESTest.java:[41,23] no suitable constructor found for TextChunk(java.lang.String)
    constructor technology.tabula.TextChunk.TextChunk(technology.tabula.TextElement) is not applicable
      (argument mismatch; java.lang.String cannot be converted to technology.tabula.TextElement)
    constructor technology.tabula.TextChunk.TextChunk(java.util.List<technology.tabula.TextElement>) is not applicable
      (argument mismatch; java.lang.String cannot be converted to java.util.List<technology.tabula.TextElement>)
[ERROR] /Users/curtis/Github/Thesis/chatTester/Repos/tabulapdf_tabula-java/src/test/java/technology/tabula/Line_ESTest.java:[42,23] no suitable constructor found for TextChunk(java.lang.String)
    constructor technology.tabula.TextChunk.TextChunk(technology.tabula.TextElement) is not applicable
      (argument mismatch; java.lang.String cannot be converted to technology.tabula.TextElement)
    constructor technology.tabula.TextChunk.TextChunk(java.util.List<technology.tabula.TextElement>) is not applicable
      (argument mismatch; java.lang.String cannot be converted to java.util.List<technology.tabula.TextElement>)
[ERROR] /Users/curtis/Github/Thesis/chatTester/Repos/tabulapdf_tabula-java/src/test/java/technology/tabula/Line_ESTest.java:[46,19] no suitable constructor found for TextChunk(java.lang.String)
    constructor technology.tabula.TextChunk.TextChunk(technology.tabula.TextElement) is not applicable
      (argument mismatch; java.lang.String cannot be converted to technology.tabula.TextElement)
    constructor technology.tabula.TextChunk.TextChunk(java.util.List<technology.tabula.TextElement>) is not applicable
      (argument mismatch; java.lang.String cannot be converted to java.util.List<technology.tabula.TextElement>)
[ERROR] /Users/curtis/Github/Thesis/chatTester/Repos/tabulapdf_tabula-java/src/test/java/technology/tabula/Line_ESTest.java:[47,19] no suitable constructor found for TextChunk(java.lang.String)
    constructor technology.tabula.TextChunk.TextChunk(technology.tabula.TextElement) is not applicable
      (argument mismatch; java.lang.String cannot be converted to technology.tabula.TextElement)
    constructor technology.tabula.TextChunk.TextChunk(java.util.List<technology.tabula.TextElement>) is not applicable
      (argument mismatch; java.lang.String cannot be converted to java.util.List<technology.tabula.TextElement>)
[ERROR] /Users/curtis/Github/Thesis/chatTester/Repos/tabulapdf_tabula-java/src/test/java/technology/tabula/Line_ESTest.java:[48,19] no suitable constructor found for TextChunk(java.lang.String)
    constructor technology.tabula.TextChunk.TextChunk(technology.tabula.TextElement) is not applicable
      (argument mismatch; java.lang.String cannot be converted to technology.tabula.TextElement)
    constructor technology.tabula.TextChunk.TextChunk(java.util.List<technology.tabula.TextElement>) is not applicable
      (argument mismatch; java.lang.String cannot be converted to java.util.List<technology.tabula.TextElement>)
[ERROR] /Users/curtis/Github/Thesis/chatTester/Repos/tabulapdf_tabula-java/src/test/java/technology/tabula/Line_ESTest.java:[54,5] no suitable method found for assertEquals(int,int,java.lang.String)
    method org.junit.Assert.assertEquals(java.lang.String,java.lang.Object[],java.lang.Object[]) is not applicable
      (argument mismatch; int cannot be converted to java.lang.String)
    method org.junit.Assert.assertEquals(float,float,float) is not applicable
      (argument mismatch; java.lang.String cannot be converted to float)
    method org.junit.Assert.assertEquals(double,double,double) is not applicable
      (argument mismatch; java.lang.String cannot be converted to double)
    method org.junit.Assert.assertEquals(java.lang.String,double,double) is not applicable
      (argument mismatch; int cannot be converted to java.lang.String)
    method org.junit.Assert.assertEquals(java.lang.String,long,long) is not applicable
      (argument mismatch; int cannot be converted to java.lang.String)
    method org.junit.Assert.assertEquals(java.lang.String,java.lang.Object,java.lang.Object) is not applicable
      (argument mismatch; int cannot be converted to java.lang.String)
[INFO] 6 errors 
####################

