original test path: /Users/curtis/Github/Thesis/chatTester/Repos/tabulapdf_tabula-java/src/test/java/technology/tabula/extractors/SpreadsheetExtractionAlgorithm_ESTest.java
[GENERATED PATH] SpreadsheetExtractionAlgorithm_ESTest#toString().java
[ERROR] COMPILATION ERROR : 
[INFO] -------------------------------------------------------------
[ERROR] /Users/curtis/Github/Thesis/chatTester/Repos/tabulapdf_tabula-java/src/test/java/technology/tabula/extractors/SpreadsheetExtractionAlgorithm_ESTest.java:[30,9] cannot find symbol
  symbol:   class Direction
  location: class technology.tabula.extractors.SpreadsheetExtractionAlgorithm_ESTest
[ERROR] /Users/curtis/Github/Thesis/chatTester/Repos/tabulapdf_tabula-java/src/test/java/technology/tabula/extractors/SpreadsheetExtractionAlgorithm_ESTest.java:[30,31] cannot find symbol
  symbol:   variable Direction
  location: class technology.tabula.extractors.SpreadsheetExtractionAlgorithm_ESTest
[ERROR] /Users/curtis/Github/Thesis/chatTester/Repos/tabulapdf_tabula-java/src/test/java/technology/tabula/extractors/SpreadsheetExtractionAlgorithm_ESTest.java:[31,9] cannot find symbol
  symbol:   class PolygonVertex
  location: class technology.tabula.extractors.SpreadsheetExtractionAlgorithm_ESTest
[ERROR] /Users/curtis/Github/Thesis/chatTester/Repos/tabulapdf_tabula-java/src/test/java/technology/tabula/extractors/SpreadsheetExtractionAlgorithm_ESTest.java:[31,36] cannot find symbol
  symbol:   class PolygonVertex
  location: class technology.tabula.extractors.SpreadsheetExtractionAlgorithm_ESTest
[ERROR] /Users/curtis/Github/Thesis/chatTester/Repos/tabulapdf_tabula-java/src/test/java/technology/tabula/extractors/SpreadsheetExtractionAlgorithm_ESTest.java:[34,17] cannot find symbol
  symbol:   class PolygonVertex
  location: class technology.tabula.extractors.SpreadsheetExtractionAlgorithm_ESTest
[INFO] 5 errors 
####################

original test path: /Users/curtis/Github/Thesis/chatTester/Repos/tabulapdf_tabula-java/src/test/java/technology/tabula/extractors/SpreadsheetExtractionAlgorithm_ESTest.java
[GENERATED PATH] SpreadsheetExtractionAlgorithm_ESTest#toString().java
[ERROR] COMPILATION ERROR : 
[INFO] -------------------------------------------------------------
[ERROR] /Users/curtis/Github/Thesis/chatTester/Repos/tabulapdf_tabula-java/src/test/java/technology/tabula/extractors/SpreadsheetExtractionAlgorithm_ESTest.java:[34,22] package PolygonVertex does not exist
[ERROR] /Users/curtis/Github/Thesis/chatTester/Repos/tabulapdf_tabula-java/src/test/java/technology/tabula/extractors/SpreadsheetExtractionAlgorithm_ESTest.java:[34,58] package PolygonVertex does not exist
[ERROR] /Users/curtis/Github/Thesis/chatTester/Repos/tabulapdf_tabula-java/src/test/java/technology/tabula/extractors/SpreadsheetExtractionAlgorithm_ESTest.java:[36,9] cannot find symbol
  symbol:   class PolygonVertex
  location: class technology.tabula.extractors.SpreadsheetExtractionAlgorithm_ESTest
[ERROR] /Users/curtis/Github/Thesis/chatTester/Repos/tabulapdf_tabula-java/src/test/java/technology/tabula/extractors/SpreadsheetExtractionAlgorithm_ESTest.java:[36,36] cannot find symbol
  symbol:   class PolygonVertex
  location: class technology.tabula.extractors.SpreadsheetExtractionAlgorithm_ESTest
[ERROR] /Users/curtis/Github/Thesis/chatTester/Repos/tabulapdf_tabula-java/src/test/java/technology/tabula/extractors/SpreadsheetExtractionAlgorithm_ESTest.java:[38,17] cannot find symbol
  symbol:   class PolygonVertex
  location: class technology.tabula.extractors.SpreadsheetExtractionAlgorithm_ESTest
[INFO] 5 errors 
####################

original test path: /Users/curtis/Github/Thesis/chatTester/Repos/tabulapdf_tabula-java/src/test/java/technology/tabula/extractors/SpreadsheetExtractionAlgorithm_ESTest.java
[GENERATED PATH] SpreadsheetExtractionAlgorithm_ESTest#toString().java
[ERROR] COMPILATION ERROR : 
[INFO] -------------------------------------------------------------
[ERROR] /Users/curtis/Github/Thesis/chatTester/Repos/tabulapdf_tabula-java/src/test/java/technology/tabula/extractors/SpreadsheetExtractionAlgorithm_ESTest.java:[36,18] package PolygonVertex does not exist
[ERROR] /Users/curtis/Github/Thesis/chatTester/Repos/tabulapdf_tabula-java/src/test/java/technology/tabula/extractors/SpreadsheetExtractionAlgorithm_ESTest.java:[36,54] package PolygonVertex does not exist
[ERROR] /Users/curtis/Github/Thesis/chatTester/Repos/tabulapdf_tabula-java/src/test/java/technology/tabula/extractors/SpreadsheetExtractionAlgorithm_ESTest.java:[37,5] cannot find symbol
  symbol:   class PolygonVertex
  location: class technology.tabula.extractors.SpreadsheetExtractionAlgorithm_ESTest
[ERROR] /Users/curtis/Github/Thesis/chatTester/Repos/tabulapdf_tabula-java/src/test/java/technology/tabula/extractors/SpreadsheetExtractionAlgorithm_ESTest.java:[37,32] cannot find symbol
  symbol:   class PolygonVertex
  location: class technology.tabula.extractors.SpreadsheetExtractionAlgorithm_ESTest
[ERROR] /Users/curtis/Github/Thesis/chatTester/Repos/tabulapdf_tabula-java/src/test/java/technology/tabula/extractors/SpreadsheetExtractionAlgorithm_ESTest.java:[39,13] cannot find symbol
  symbol:   class PolygonVertex
  location: class technology.tabula.extractors.SpreadsheetExtractionAlgorithm_ESTest
[INFO] 5 errors 
####################

original test path: /Users/curtis/Github/Thesis/chatTester/Repos/tabulapdf_tabula-java/src/test/java/technology/tabula/extractors/SpreadsheetExtractionAlgorithm_ESTest.java
[GENERATED PATH] SpreadsheetExtractionAlgorithm_ESTest#toString().java
[ERROR] COMPILATION ERROR : 
[INFO] -------------------------------------------------------------
[ERROR] /Users/curtis/Github/Thesis/chatTester/Repos/tabulapdf_tabula-java/src/test/java/technology/tabula/extractors/SpreadsheetExtractionAlgorithm_ESTest.java:[38,5] cannot find symbol
  symbol:   class Direction
  location: class technology.tabula.extractors.SpreadsheetExtractionAlgorithm_ESTest
[ERROR] /Users/curtis/Github/Thesis/chatTester/Repos/tabulapdf_tabula-java/src/test/java/technology/tabula/extractors/SpreadsheetExtractionAlgorithm_ESTest.java:[38,27] cannot find symbol
  symbol:   variable Direction
  location: class technology.tabula.extractors.SpreadsheetExtractionAlgorithm_ESTest
[ERROR] /Users/curtis/Github/Thesis/chatTester/Repos/tabulapdf_tabula-java/src/test/java/technology/tabula/extractors/SpreadsheetExtractionAlgorithm_ESTest.java:[39,5] cannot find symbol
  symbol:   class PolygonVertex
  location: class technology.tabula.extractors.SpreadsheetExtractionAlgorithm_ESTest
[ERROR] /Users/curtis/Github/Thesis/chatTester/Repos/tabulapdf_tabula-java/src/test/java/technology/tabula/extractors/SpreadsheetExtractionAlgorithm_ESTest.java:[39,32] cannot find symbol
  symbol:   class PolygonVertex
  location: class technology.tabula.extractors.SpreadsheetExtractionAlgorithm_ESTest
[ERROR] /Users/curtis/Github/Thesis/chatTester/Repos/tabulapdf_tabula-java/src/test/java/technology/tabula/extractors/SpreadsheetExtractionAlgorithm_ESTest.java:[46,37] cannot find symbol
  symbol:   class PolygonVertex
  location: class technology.tabula.extractors.SpreadsheetExtractionAlgorithm_ESTest
[INFO] 5 errors 
####################

original test path: /Users/curtis/Github/Thesis/chatTester/Repos/tabulapdf_tabula-java/src/test/java/technology/tabula/extractors/SpreadsheetExtractionAlgorithm_ESTest.java
[GENERATED PATH] SpreadsheetExtractionAlgorithm_ESTest#toString().java
[ERROR] COMPILATION ERROR : 
[INFO] -------------------------------------------------------------
[ERROR] /Users/curtis/Github/Thesis/chatTester/Repos/tabulapdf_tabula-java/src/test/java/technology/tabula/extractors/SpreadsheetExtractionAlgorithm_ESTest.java:[40,5] cannot find symbol
  symbol:   class Direction
  location: class technology.tabula.extractors.SpreadsheetExtractionAlgorithm_ESTest
[ERROR] /Users/curtis/Github/Thesis/chatTester/Repos/tabulapdf_tabula-java/src/test/java/technology/tabula/extractors/SpreadsheetExtractionAlgorithm_ESTest.java:[40,27] cannot find symbol
  symbol:   variable Direction
  location: class technology.tabula.extractors.SpreadsheetExtractionAlgorithm_ESTest
[ERROR] /Users/curtis/Github/Thesis/chatTester/Repos/tabulapdf_tabula-java/src/test/java/technology/tabula/extractors/SpreadsheetExtractionAlgorithm_ESTest.java:[41,5] cannot find symbol
  symbol:   class PolygonVertex
  location: class technology.tabula.extractors.SpreadsheetExtractionAlgorithm_ESTest
[ERROR] /Users/curtis/Github/Thesis/chatTester/Repos/tabulapdf_tabula-java/src/test/java/technology/tabula/extractors/SpreadsheetExtractionAlgorithm_ESTest.java:[41,32] cannot find symbol
  symbol:   class PolygonVertex
  location: class technology.tabula.extractors.SpreadsheetExtractionAlgorithm_ESTest
[ERROR] /Users/curtis/Github/Thesis/chatTester/Repos/tabulapdf_tabula-java/src/test/java/technology/tabula/extractors/SpreadsheetExtractionAlgorithm_ESTest.java:[44,9] cannot find symbol
  symbol:   class PolygonVertex
  location: class technology.tabula.extractors.SpreadsheetExtractionAlgorithm_ESTest
[INFO] 5 errors 
####################

