original test path: /Users/curtis/Github/Thesis/chatTester/Repos/tabulapdf_tabula-java/src/test/java/technology/tabula/Table_ESTest.java
[GENERATED PATH] Table_ESTest#getRowCount().java
[ERROR] COMPILATION ERROR : 
[INFO] -------------------------------------------------------------
[ERROR] /Users/curtis/Github/Thesis/chatTester/Repos/tabulapdf_tabula-java/src/test/java/technology/tabula/Table_ESTest.java:[27,68] <anonymous technology.tabula.Table_ESTest$1> is not abstract and does not override abstract method extract(technology.tabula.Page) in technology.tabula.extractors.ExtractionAlgorithm
[ERROR] /Users/curtis/Github/Thesis/chatTester/Repos/tabulapdf_tabula-java/src/test/java/technology/tabula/Table_ESTest.java:[40,36] constructor RectangularTextContainer in class technology.tabula.RectangularTextContainer<T> cannot be applied to given types;
  required: float,float,float,float
  found: java.awt.geom.Rectangle2D.Double
  reason: actual and formal argument lists differ in length
[ERROR] /Users/curtis/Github/Thesis/chatTester/Repos/tabulapdf_tabula-java/src/test/java/technology/tabula/Table_ESTest.java:[48,37] constructor RectangularTextContainer in class technology.tabula.RectangularTextContainer<T> cannot be applied to given types;
  required: float,float,float,float
  found: java.awt.geom.Rectangle2D.Double
  reason: actual and formal argument lists differ in length
[INFO] 3 errors 
####################

original test path: /Users/curtis/Github/Thesis/chatTester/Repos/tabulapdf_tabula-java/src/test/java/technology/tabula/Table_ESTest.java
[GENERATED PATH] Table_ESTest#getRowCount().java
[ERROR] COMPILATION ERROR : 
[INFO] -------------------------------------------------------------
[ERROR] /Users/curtis/Github/Thesis/chatTester/Repos/tabulapdf_tabula-java/src/test/java/technology/tabula/Table_ESTest.java:[48,40] constructor RectangularTextContainer in class technology.tabula.RectangularTextContainer<T> cannot be applied to given types;
  required: float,float,float,float
  found: java.awt.geom.Rectangle2D.Double
  reason: actual and formal argument lists differ in length
[ERROR] /Users/curtis/Github/Thesis/chatTester/Repos/tabulapdf_tabula-java/src/test/java/technology/tabula/Table_ESTest.java:[53,41] constructor RectangularTextContainer in class technology.tabula.RectangularTextContainer<T> cannot be applied to given types;
  required: float,float,float,float
  found: java.awt.geom.Rectangle2D.Double
  reason: actual and formal argument lists differ in length
[INFO] 2 errors 
####################

original test path: /Users/curtis/Github/Thesis/chatTester/Repos/tabulapdf_tabula-java/src/test/java/technology/tabula/Table_ESTest.java
[GENERATED PATH] Table_ESTest#getRowCount().java
[ERROR] COMPILATION ERROR : 
[INFO] -------------------------------------------------------------
[ERROR] /Users/curtis/Github/Thesis/chatTester/Repos/tabulapdf_tabula-java/src/test/java/technology/tabula/Table_ESTest.java:[45,40] constructor RectangularTextContainer in class technology.tabula.RectangularTextContainer<T> cannot be applied to given types;
  required: float,float,float,float
  found: no arguments
  reason: actual and formal argument lists differ in length
[ERROR] /Users/curtis/Github/Thesis/chatTester/Repos/tabulapdf_tabula-java/src/test/java/technology/tabula/Table_ESTest.java:[50,41] constructor RectangularTextContainer in class technology.tabula.RectangularTextContainer<T> cannot be applied to given types;
  required: float,float,float,float
  found: no arguments
  reason: actual and formal argument lists differ in length
[INFO] 2 errors 
####################

original test path: /Users/curtis/Github/Thesis/chatTester/Repos/tabulapdf_tabula-java/src/test/java/technology/tabula/Table_ESTest.java
[GENERATED PATH] Table_ESTest#getRowCount().java
[ERROR] COMPILATION ERROR : 
[INFO] -------------------------------------------------------------
[ERROR] /Users/curtis/Github/Thesis/chatTester/Repos/tabulapdf_tabula-java/src/test/java/technology/tabula/Table_ESTest.java:[11,25] cannot find symbol
  symbol:   class ExtractionAlgorithm
  location: package technology.tabula
[ERROR] /Users/curtis/Github/Thesis/chatTester/Repos/tabulapdf_tabula-java/src/test/java/technology/tabula/Table_ESTest.java:[51,53] cannot infer type arguments for technology.tabula.RectangularTextContainer<>
  reason: cannot infer type-variable(s) T
    (actual and formal argument lists differ in length)
[ERROR] /Users/curtis/Github/Thesis/chatTester/Repos/tabulapdf_tabula-java/src/test/java/technology/tabula/Table_ESTest.java:[56,54] cannot infer type arguments for technology.tabula.RectangularTextContainer<>
  reason: cannot infer type-variable(s) T
    (actual and formal argument lists differ in length)
[INFO] 3 errors 
####################

original test path: /Users/curtis/Github/Thesis/chatTester/Repos/tabulapdf_tabula-java/src/test/java/technology/tabula/Table_ESTest.java
[GENERATED PATH] Table_ESTest#getRowCount().java
[ERROR] COMPILATION ERROR : 
[INFO] -------------------------------------------------------------
[ERROR] /Users/curtis/Github/Thesis/chatTester/Repos/tabulapdf_tabula-java/src/test/java/technology/tabula/Table_ESTest.java:[12,25] cannot find symbol
  symbol:   class ExtractionAlgorithm
  location: package technology.tabula
[ERROR] /Users/curtis/Github/Thesis/chatTester/Repos/tabulapdf_tabula-java/src/test/java/technology/tabula/Table_ESTest.java:[40,60] cannot find symbol
  symbol:   variable SIMPLE
  location: interface technology.tabula.extractors.ExtractionAlgorithm
[INFO] 2 errors 
####################

original test path: /Users/curtis/Github/Thesis/chatTester/Repos/tabulapdf_tabula-java/src/test/java/technology/tabula/Table_ESTest.java
[GENERATED PATH] Table_ESTest#getRowCount().java
[ERROR] COMPILATION ERROR : 
[INFO] -------------------------------------------------------------
[ERROR] /Users/curtis/Github/Thesis/chatTester/Repos/tabulapdf_tabula-java/src/test/java/technology/tabula/Table_ESTest.java:[13,25] cannot find symbol
  symbol:   class ExtractionAlgorithm
  location: package technology.tabula
[ERROR] /Users/curtis/Github/Thesis/chatTester/Repos/tabulapdf_tabula-java/src/test/java/technology/tabula/Table_ESTest.java:[42,60] cannot find symbol
  symbol:   variable ALGORITHM_ONE
  location: interface technology.tabula.extractors.ExtractionAlgorithm
[INFO] 2 errors 
####################

