original test path: /Users/curtis/Github/Thesis/chatTester/Repos/tabulapdf_tabula-java/src/test/java/technology/tabula/CohenSutherlandClipping_ESTest.java
[GENERATED PATH] CohenSutherlandClipping_ESTest#setPositionAndRegion(double x, double y).java
[ERROR] COMPILATION ERROR : 
[INFO] -------------------------------------------------------------
[ERROR] /Users/curtis/Github/Thesis/chatTester/Repos/tabulapdf_tabula-java/src/test/java/technology/tabula/CohenSutherlandClipping_ESTest.java:[34,35] xMin has private access in technology.tabula.CohenSutherlandClipping
[ERROR] /Users/curtis/Github/Thesis/chatTester/Repos/tabulapdf_tabula-java/src/test/java/technology/tabula/CohenSutherlandClipping_ESTest.java:[35,36] xMax has private access in technology.tabula.CohenSutherlandClipping
[ERROR] /Users/curtis/Github/Thesis/chatTester/Repos/tabulapdf_tabula-java/src/test/java/technology/tabula/CohenSutherlandClipping_ESTest.java:[36,35] yMin has private access in technology.tabula.CohenSutherlandClipping
[ERROR] /Users/curtis/Github/Thesis/chatTester/Repos/tabulapdf_tabula-java/src/test/java/technology/tabula/CohenSutherlandClipping_ESTest.java:[37,36] yMax has private access in technology.tabula.CohenSutherlandClipping
[INFO] 4 errors 
####################

original test path: /Users/curtis/Github/Thesis/chatTester/Repos/tabulapdf_tabula-java/src/test/java/technology/tabula/CohenSutherlandClipping_ESTest.java
[GENERATED PATH] CohenSutherlandClipping_ESTest#setPositionAndRegion(double x, double y).java
[ERROR] COMPILATION ERROR : 
[INFO] -------------------------------------------------------------
[ERROR] /Users/curtis/Github/Thesis/chatTester/Repos/tabulapdf_tabula-java/src/test/java/technology/tabula/CohenSutherlandClipping_ESTest.java:[28,5] cannot find symbol
  symbol:   class Point
  location: class technology.tabula.CohenSutherlandClipping_ESTest
[ERROR] /Users/curtis/Github/Thesis/chatTester/Repos/tabulapdf_tabula-java/src/test/java/technology/tabula/CohenSutherlandClipping_ESTest.java:[28,23] cannot find symbol
  symbol:   class Point
  location: class technology.tabula.CohenSutherlandClipping_ESTest
[ERROR] /Users/curtis/Github/Thesis/chatTester/Repos/tabulapdf_tabula-java/src/test/java/technology/tabula/CohenSutherlandClipping_ESTest.java:[35,18] cannot find symbol
  symbol:   variable Point
  location: class technology.tabula.CohenSutherlandClipping_ESTest
[ERROR] /Users/curtis/Github/Thesis/chatTester/Repos/tabulapdf_tabula-java/src/test/java/technology/tabula/CohenSutherlandClipping_ESTest.java:[35,31] cannot find symbol
  symbol:   variable Point
  location: class technology.tabula.CohenSutherlandClipping_ESTest
[ERROR] /Users/curtis/Github/Thesis/chatTester/Repos/tabulapdf_tabula-java/src/test/java/technology/tabula/CohenSutherlandClipping_ESTest.java:[42,18] cannot find symbol
  symbol:   variable Point
  location: class technology.tabula.CohenSutherlandClipping_ESTest
[ERROR] /Users/curtis/Github/Thesis/chatTester/Repos/tabulapdf_tabula-java/src/test/java/technology/tabula/CohenSutherlandClipping_ESTest.java:[42,32] cannot find symbol
  symbol:   variable Point
  location: class technology.tabula.CohenSutherlandClipping_ESTest
[ERROR] /Users/curtis/Github/Thesis/chatTester/Repos/tabulapdf_tabula-java/src/test/java/technology/tabula/CohenSutherlandClipping_ESTest.java:[49,18] cannot find symbol
  symbol:   variable Point
  location: class technology.tabula.CohenSutherlandClipping_ESTest
[INFO] 7 errors 
####################

original test path: /Users/curtis/Github/Thesis/chatTester/Repos/tabulapdf_tabula-java/src/test/java/technology/tabula/CohenSutherlandClipping_ESTest.java
[GENERATED PATH] CohenSutherlandClipping_ESTest#setPositionAndRegion(double x, double y).java
[ERROR] COMPILATION ERROR : 
[INFO] -------------------------------------------------------------
[ERROR] /Users/curtis/Github/Thesis/chatTester/Repos/tabulapdf_tabula-java/src/test/java/technology/tabula/CohenSutherlandClipping_ESTest.java:[7,25] cannot find symbol
  symbol:   class Point
  location: package technology.tabula
[ERROR] /Users/curtis/Github/Thesis/chatTester/Repos/tabulapdf_tabula-java/src/test/java/technology/tabula/CohenSutherlandClipping_ESTest.java:[28,5] cannot find symbol
  symbol:   class Point
  location: class technology.tabula.CohenSutherlandClipping_ESTest
[ERROR] /Users/curtis/Github/Thesis/chatTester/Repos/tabulapdf_tabula-java/src/test/java/technology/tabula/CohenSutherlandClipping_ESTest.java:[28,23] cannot find symbol
  symbol:   class Point
  location: class technology.tabula.CohenSutherlandClipping_ESTest
[ERROR] /Users/curtis/Github/Thesis/chatTester/Repos/tabulapdf_tabula-java/src/test/java/technology/tabula/CohenSutherlandClipping_ESTest.java:[32,23] package Point does not exist
[ERROR] /Users/curtis/Github/Thesis/chatTester/Repos/tabulapdf_tabula-java/src/test/java/technology/tabula/CohenSutherlandClipping_ESTest.java:[37,23] package Point does not exist
[ERROR] /Users/curtis/Github/Thesis/chatTester/Repos/tabulapdf_tabula-java/src/test/java/technology/tabula/CohenSutherlandClipping_ESTest.java:[37,43] package Point does not exist
[ERROR] /Users/curtis/Github/Thesis/chatTester/Repos/tabulapdf_tabula-java/src/test/java/technology/tabula/CohenSutherlandClipping_ESTest.java:[42,23] package Point does not exist
[ERROR] /Users/curtis/Github/Thesis/chatTester/Repos/tabulapdf_tabula-java/src/test/java/technology/tabula/CohenSutherlandClipping_ESTest.java:[42,44] package Point does not exist
[ERROR] /Users/curtis/Github/Thesis/chatTester/Repos/tabulapdf_tabula-java/src/test/java/technology/tabula/CohenSutherlandClipping_ESTest.java:[47,23] package Point does not exist
[INFO] 9 errors 
####################

