original test path: /Users/curtis/Github/Thesis/chatTester/Repos/sachin-handiekar_jInstagram/src/test/java/org/jinstagram/utils/EnforceSignedHeaderUtils_ESTest.java
[GENERATED PATH] EnforceSignedHeaderUtils_ESTest#signature(String clientSecret, String message).java
[ERROR] COMPILATION ERROR : 
[INFO] -------------------------------------------------------------
[ERROR] /Users/curtis/Github/Thesis/chatTester/Repos/sachin-handiekar_jInstagram/src/test/java/org/jinstagram/entity/comments/MediaCommentsFeed_ESTest.java:[37,59] diamond operator is not supported in -source 1.6
  (use -source 7 or higher to enable diamond operator)
[INFO] 1 error
####################

original test path: /Users/curtis/Github/Thesis/chatTester/Repos/sachin-handiekar_jInstagram/src/test/java/org/jinstagram/utils/EnforceSignedHeaderUtils_ESTest.java
[GENERATED PATH] EnforceSignedHeaderUtils_ESTest#signature(String clientSecret, String message).java
[ERROR] COMPILATION ERROR : 
[INFO] -------------------------------------------------------------
[ERROR] /Users/curtis/Github/Thesis/chatTester/Repos/sachin-handiekar_jInstagram/src/test/java/org/jinstagram/utils/EnforceSignedHeaderUtils_ESTest.java:[29,36] cannot find symbol
  symbol:   class InstagramException
  location: class org.jinstagram.utils.EnforceSignedHeaderUtils_ESTest
[INFO] 1 error
####################

original test path: /Users/curtis/Github/Thesis/chatTester/Repos/sachin-handiekar_jInstagram/src/test/java/org/jinstagram/utils/EnforceSignedHeaderUtils_ESTest.java
[GENERATED PATH] EnforceSignedHeaderUtils_ESTest#signature(String clientSecret, String message).java
[ERROR] COMPILATION ERROR : 
[INFO] -------------------------------------------------------------
[ERROR] /Users/curtis/Github/Thesis/chatTester/Repos/sachin-handiekar_jInstagram/src/test/java/org/jinstagram/utils/EnforceSignedHeaderUtils_ESTest.java:[31,105] cannot find symbol
  symbol:   class InstagramException
  location: class org.jinstagram.utils.EnforceSignedHeaderUtils_ESTest
[INFO] 1 error
####################

original test path: /Users/curtis/Github/Thesis/chatTester/Repos/sachin-handiekar_jInstagram/src/test/java/org/jinstagram/utils/EnforceSignedHeaderUtils_ESTest.java
[GENERATED PATH] EnforceSignedHeaderUtils_ESTest#signature(String clientSecret, String message).java
[ERROR] COMPILATION ERROR : 
[INFO] -------------------------------------------------------------
[ERROR] /Users/curtis/Github/Thesis/chatTester/Repos/sachin-handiekar_jInstagram/src/test/java/org/jinstagram/utils/EnforceSignedHeaderUtils_ESTest.java:[41,64] unreported exception org.jinstagram.exceptions.InstagramException; must be caught or declared to be thrown
[INFO] 1 error
####################

original test path: /Users/curtis/Github/Thesis/chatTester/Repos/sachin-handiekar_jInstagram/src/test/java/org/jinstagram/utils/EnforceSignedHeaderUtils_ESTest.java
[GENERATED PATH] EnforceSignedHeaderUtils_ESTest#signature(String clientSecret, String message).java
[ERROR] COMPILATION ERROR : 
[INFO] -------------------------------------------------------------
[ERROR] /Users/curtis/Github/Thesis/chatTester/Repos/sachin-handiekar_jInstagram/src/test/java/org/jinstagram/utils/EnforceSignedHeaderUtils_ESTest.java:[36,36] cannot find symbol
  symbol:   class InstagramException
  location: class org.jinstagram.utils.EnforceSignedHeaderUtils_ESTest
[INFO] 1 error
####################

