original test path: /Users/curtis/Github/Thesis/chatTester/Repos/sachin-handiekar_jInstagram/src/test/java/org/jinstagram/auth/InstagramAuthService_ESTest.java
[GENERATED PATH] InstagramAuthService_ESTest#build().java
[ERROR] COMPILATION ERROR : 
[INFO] -------------------------------------------------------------
[ERROR] /Users/curtis/Github/Thesis/chatTester/Repos/sachin-handiekar_jInstagram/src/test/java/org/jinstagram/auth/InstagramAuthService_ESTest.java:[35,9] cannot find symbol
  symbol:   class InstagramService
  location: class org.jinstagram.auth.InstagramAuthService_ESTest
[ERROR] /Users/curtis/Github/Thesis/chatTester/Repos/sachin-handiekar_jInstagram/src/test/java/org/jinstagram/auth/InstagramAuthService_ESTest.java:[35,53] cannot find symbol
  symbol:   class InstagramService
  location: class org.jinstagram.auth.InstagramAuthService_ESTest
[ERROR] /Users/curtis/Github/Thesis/chatTester/Repos/sachin-handiekar_jInstagram/src/test/java/org/jinstagram/auth/InstagramAuthService_ESTest.java:[36,56] cannot find symbol
  symbol:   class OAuthConfig
  location: class org.jinstagram.auth.InstagramAuthService_ESTest
[ERROR] /Users/curtis/Github/Thesis/chatTester/Repos/sachin-handiekar_jInstagram/src/test/java/org/jinstagram/auth/InstagramAuthService_ESTest.java:[38,9] cannot find symbol
  symbol:   class InstagramService
  location: class org.jinstagram.auth.InstagramAuthService_ESTest
[ERROR] /Users/curtis/Github/Thesis/chatTester/Repos/sachin-handiekar_jInstagram/src/test/java/org/jinstagram/auth/InstagramAuthService_ESTest.java:[42,59] cannot find symbol
  symbol:   class OAuthConfig
  location: class org.jinstagram.auth.InstagramAuthService_ESTest
[INFO] 5 errors 
####################

original test path: /Users/curtis/Github/Thesis/chatTester/Repos/sachin-handiekar_jInstagram/src/test/java/org/jinstagram/auth/InstagramAuthService_ESTest.java
[GENERATED PATH] InstagramAuthService_ESTest#build().java
[ERROR] COMPILATION ERROR : 
[INFO] -------------------------------------------------------------
[ERROR] /Users/curtis/Github/Thesis/chatTester/Repos/sachin-handiekar_jInstagram/src/test/java/org/jinstagram/auth/InstagramAuthService_ESTest.java:[38,9] cannot find symbol
  symbol:   class InstagramService
  location: class org.jinstagram.auth.InstagramAuthService_ESTest
[ERROR] /Users/curtis/Github/Thesis/chatTester/Repos/sachin-handiekar_jInstagram/src/test/java/org/jinstagram/auth/InstagramAuthService_ESTest.java:[38,53] cannot find symbol
  symbol:   class InstagramService
  location: class org.jinstagram.auth.InstagramAuthService_ESTest
[ERROR] /Users/curtis/Github/Thesis/chatTester/Repos/sachin-handiekar_jInstagram/src/test/java/org/jinstagram/auth/InstagramAuthService_ESTest.java:[40,56] cannot find symbol
  symbol:   class OAuthConfig
  location: class org.jinstagram.auth.InstagramAuthService_ESTest
[ERROR] /Users/curtis/Github/Thesis/chatTester/Repos/sachin-handiekar_jInstagram/src/test/java/org/jinstagram/auth/InstagramAuthService_ESTest.java:[41,9] cannot find symbol
  symbol:   class InstagramService
  location: class org.jinstagram.auth.InstagramAuthService_ESTest
[ERROR] /Users/curtis/Github/Thesis/chatTester/Repos/sachin-handiekar_jInstagram/src/test/java/org/jinstagram/auth/InstagramAuthService_ESTest.java:[44,59] cannot find symbol
  symbol:   class OAuthConfig
  location: class org.jinstagram.auth.InstagramAuthService_ESTest
[INFO] 5 errors 
####################

original test path: /Users/curtis/Github/Thesis/chatTester/Repos/sachin-handiekar_jInstagram/src/test/java/org/jinstagram/auth/InstagramAuthService_ESTest.java
[GENERATED PATH] InstagramAuthService_ESTest#build().java
[ERROR] COMPILATION ERROR : 
[INFO] -------------------------------------------------------------
[ERROR] /Users/curtis/Github/Thesis/chatTester/Repos/sachin-handiekar_jInstagram/src/test/java/org/jinstagram/auth/InstagramAuthService_ESTest.java:[41,9] cannot find symbol
  symbol:   class InstagramService
  location: class org.jinstagram.auth.InstagramAuthService_ESTest
[ERROR] /Users/curtis/Github/Thesis/chatTester/Repos/sachin-handiekar_jInstagram/src/test/java/org/jinstagram/auth/InstagramAuthService_ESTest.java:[41,53] cannot find symbol
  symbol:   class InstagramService
  location: class org.jinstagram.auth.InstagramAuthService_ESTest
[ERROR] /Users/curtis/Github/Thesis/chatTester/Repos/sachin-handiekar_jInstagram/src/test/java/org/jinstagram/auth/InstagramAuthService_ESTest.java:[43,56] cannot find symbol
  symbol:   class OAuthConfig
  location: class org.jinstagram.auth.InstagramAuthService_ESTest
[ERROR] /Users/curtis/Github/Thesis/chatTester/Repos/sachin-handiekar_jInstagram/src/test/java/org/jinstagram/auth/InstagramAuthService_ESTest.java:[44,9] cannot find symbol
  symbol:   class InstagramService
  location: class org.jinstagram.auth.InstagramAuthService_ESTest
[ERROR] /Users/curtis/Github/Thesis/chatTester/Repos/sachin-handiekar_jInstagram/src/test/java/org/jinstagram/auth/InstagramAuthService_ESTest.java:[47,59] cannot find symbol
  symbol:   class OAuthConfig
  location: class org.jinstagram.auth.InstagramAuthService_ESTest
[INFO] 5 errors 
####################

original test path: /Users/curtis/Github/Thesis/chatTester/Repos/sachin-handiekar_jInstagram/src/test/java/org/jinstagram/auth/InstagramAuthService_ESTest.java
[GENERATED PATH] InstagramAuthService_ESTest#build().java
[ERROR] COMPILATION ERROR : 
[INFO] -------------------------------------------------------------
[ERROR] /Users/curtis/Github/Thesis/chatTester/Repos/sachin-handiekar_jInstagram/src/test/java/org/jinstagram/auth/InstagramAuthService_ESTest.java:[36,16] cannot find symbol
  symbol:   method setApiKey(java.lang.String)
  location: variable authService of type org.jinstagram.auth.InstagramAuthService
[ERROR] /Users/curtis/Github/Thesis/chatTester/Repos/sachin-handiekar_jInstagram/src/test/java/org/jinstagram/auth/InstagramAuthService_ESTest.java:[37,16] cannot find symbol
  symbol:   method setApiSecret(java.lang.String)
  location: variable authService of type org.jinstagram.auth.InstagramAuthService
[ERROR] /Users/curtis/Github/Thesis/chatTester/Repos/sachin-handiekar_jInstagram/src/test/java/org/jinstagram/auth/InstagramAuthService_ESTest.java:[38,16] cannot find symbol
  symbol:   method setCallback(java.lang.String)
  location: variable authService of type org.jinstagram.auth.InstagramAuthService
[ERROR] /Users/curtis/Github/Thesis/chatTester/Repos/sachin-handiekar_jInstagram/src/test/java/org/jinstagram/auth/InstagramAuthService_ESTest.java:[39,16] cannot find symbol
  symbol:   method setScope(java.lang.String)
  location: variable authService of type org.jinstagram.auth.InstagramAuthService
[ERROR] /Users/curtis/Github/Thesis/chatTester/Repos/sachin-handiekar_jInstagram/src/test/java/org/jinstagram/auth/InstagramAuthService_ESTest.java:[40,16] cannot find symbol
  symbol:   method setDisplay(java.lang.String)
  location: variable authService of type org.jinstagram.auth.InstagramAuthService
[ERROR] /Users/curtis/Github/Thesis/chatTester/Repos/sachin-handiekar_jInstagram/src/test/java/org/jinstagram/auth/InstagramAuthService_ESTest.java:[44,16] cannot find symbol
  symbol:   method setRequestProxy(java.net.Proxy)
  location: variable authService of type org.jinstagram.auth.InstagramAuthService
[ERROR] /Users/curtis/Github/Thesis/chatTester/Repos/sachin-handiekar_jInstagram/src/test/java/org/jinstagram/auth/InstagramAuthService_ESTest.java:[47,5] cannot find symbol
  symbol:   class InstagramService
  location: class org.jinstagram.auth.InstagramAuthService_ESTest
[INFO] 7 errors 
####################

original test path: /Users/curtis/Github/Thesis/chatTester/Repos/sachin-handiekar_jInstagram/src/test/java/org/jinstagram/auth/InstagramAuthService_ESTest.java
[GENERATED PATH] InstagramAuthService_ESTest#build().java
[ERROR] COMPILATION ERROR : 
[INFO] -------------------------------------------------------------
[ERROR] /Users/curtis/Github/Thesis/chatTester/Repos/sachin-handiekar_jInstagram/src/test/java/org/jinstagram/auth/InstagramAuthService_ESTest.java:[46,9] cannot find symbol
  symbol:   class InstagramService
  location: class org.jinstagram.auth.InstagramAuthService_ESTest
[INFO] 1 error
####################

original test path: /Users/curtis/Github/Thesis/chatTester/Repos/sachin-handiekar_jInstagram/src/test/java/org/jinstagram/auth/InstagramAuthService_ESTest.java
[GENERATED PATH] InstagramAuthService_ESTest#build().java
[ERROR] COMPILATION ERROR : 
[INFO] -------------------------------------------------------------
[ERROR] /Users/curtis/Github/Thesis/chatTester/Repos/sachin-handiekar_jInstagram/src/test/java/org/jinstagram/auth/InstagramAuthService_ESTest.java:[47,5] cannot find symbol
  symbol:   class InstagramService
  location: class org.jinstagram.auth.InstagramAuthService_ESTest
[INFO] 1 error
####################

