original test path: /Users/curtis/Github/Thesis/chatTester/Repos/sachin-handiekar_jInstagram/src/test/java/org/jinstagram/utils/PaginationHelper_ESTest.java
[GENERATED PATH] PaginationHelper_ESTest#parseNextUrl(Pagination pagination, String apiUrl).java
[ERROR] COMPILATION ERROR : 
[INFO] -------------------------------------------------------------
[ERROR] /Users/curtis/Github/Thesis/chatTester/Repos/sachin-handiekar_jInstagram/src/test/java/org/jinstagram/entity/comments/MediaCommentsFeed_ESTest.java:[37,59] diamond operator is not supported in -source 1.6
  (use -source 7 or higher to enable diamond operator)
[INFO] 1 error
####################

original test path: /Users/curtis/Github/Thesis/chatTester/Repos/sachin-handiekar_jInstagram/src/test/java/org/jinstagram/utils/PaginationHelper_ESTest.java
[GENERATED PATH] PaginationHelper_ESTest#parseNextUrl(Pagination pagination, String apiUrl).java
[ERROR] COMPILATION ERROR : 
[INFO] -------------------------------------------------------------
[ERROR] /Users/curtis/Github/Thesis/chatTester/Repos/sachin-handiekar_jInstagram/src/test/java/org/jinstagram/utils/PaginationHelper_ESTest.java:[35,5] cannot find symbol
  symbol:   class URL
  location: class org.jinstagram.utils.PaginationHelper_ESTest
[ERROR] /Users/curtis/Github/Thesis/chatTester/Repos/sachin-handiekar_jInstagram/src/test/java/org/jinstagram/utils/PaginationHelper_ESTest.java:[35,24] cannot find symbol
  symbol:   class URL
  location: class org.jinstagram.utils.PaginationHelper_ESTest
[ERROR] /Users/curtis/Github/Thesis/chatTester/Repos/sachin-handiekar_jInstagram/src/test/java/org/jinstagram/utils/PaginationHelper_ESTest.java:[38,5] cannot find symbol
  symbol:   class URLUtils
  location: class org.jinstagram.utils.PaginationHelper_ESTest
[ERROR] /Users/curtis/Github/Thesis/chatTester/Repos/sachin-handiekar_jInstagram/src/test/java/org/jinstagram/utils/PaginationHelper_ESTest.java:[38,34] cannot find symbol
  symbol:   class URLUtils
  location: class org.jinstagram.utils.PaginationHelper_ESTest
[ERROR] /Users/curtis/Github/Thesis/chatTester/Repos/sachin-handiekar_jInstagram/src/test/java/org/jinstagram/utils/PaginationHelper_ESTest.java:[39,68] cannot find symbol
  symbol:   method of(java.lang.String,java.lang.String,java.lang.String,java.lang.String)
  location: interface java.util.Map
[ERROR] /Users/curtis/Github/Thesis/chatTester/Repos/sachin-handiekar_jInstagram/src/test/java/org/jinstagram/utils/PaginationHelper_ESTest.java:[41,10] cannot find symbol
  symbol:   variable StringUtils
  location: class org.jinstagram.utils.PaginationHelper_ESTest
[ERROR] /Users/curtis/Github/Thesis/chatTester/Repos/sachin-handiekar_jInstagram/src/test/java/org/jinstagram/utils/PaginationHelper_ESTest.java:[42,10] cannot find symbol
  symbol:   variable StringUtils
  location: class org.jinstagram.utils.PaginationHelper_ESTest
[ERROR] /Users/curtis/Github/Thesis/chatTester/Repos/sachin-handiekar_jInstagram/src/test/java/org/jinstagram/utils/PaginationHelper_ESTest.java:[47,5] cannot find symbol
  symbol:   class Page
  location: class org.jinstagram.utils.PaginationHelper_ESTest
[INFO] 8 errors 
####################

original test path: /Users/curtis/Github/Thesis/chatTester/Repos/sachin-handiekar_jInstagram/src/test/java/org/jinstagram/utils/PaginationHelper_ESTest.java
[GENERATED PATH] PaginationHelper_ESTest#parseNextUrl(Pagination pagination, String apiUrl).java
[ERROR] COMPILATION ERROR : 
[INFO] -------------------------------------------------------------
[ERROR] /Users/curtis/Github/Thesis/chatTester/Repos/sachin-handiekar_jInstagram/src/test/java/org/jinstagram/utils/PaginationHelper_ESTest.java:[39,5] cannot find symbol
  symbol:   class URLUtils
  location: class org.jinstagram.utils.PaginationHelper_ESTest
[ERROR] /Users/curtis/Github/Thesis/chatTester/Repos/sachin-handiekar_jInstagram/src/test/java/org/jinstagram/utils/PaginationHelper_ESTest.java:[39,34] cannot find symbol
  symbol:   class URLUtils
  location: class org.jinstagram.utils.PaginationHelper_ESTest
[ERROR] /Users/curtis/Github/Thesis/chatTester/Repos/sachin-handiekar_jInstagram/src/test/java/org/jinstagram/utils/PaginationHelper_ESTest.java:[40,68] cannot find symbol
  symbol:   method of(java.lang.String,java.lang.String,java.lang.String,java.lang.String)
  location: interface java.util.Map
[ERROR] /Users/curtis/Github/Thesis/chatTester/Repos/sachin-handiekar_jInstagram/src/test/java/org/jinstagram/utils/PaginationHelper_ESTest.java:[41,10] cannot find symbol
  symbol:   variable StringUtils
  location: class org.jinstagram.utils.PaginationHelper_ESTest
[ERROR] /Users/curtis/Github/Thesis/chatTester/Repos/sachin-handiekar_jInstagram/src/test/java/org/jinstagram/utils/PaginationHelper_ESTest.java:[42,10] cannot find symbol
  symbol:   variable StringUtils
  location: class org.jinstagram.utils.PaginationHelper_ESTest
[ERROR] /Users/curtis/Github/Thesis/chatTester/Repos/sachin-handiekar_jInstagram/src/test/java/org/jinstagram/utils/PaginationHelper_ESTest.java:[44,5] cannot find symbol
  symbol:   class Page
  location: class org.jinstagram.utils.PaginationHelper_ESTest
[INFO] 6 errors 
####################

original test path: /Users/curtis/Github/Thesis/chatTester/Repos/sachin-handiekar_jInstagram/src/test/java/org/jinstagram/utils/PaginationHelper_ESTest.java
[GENERATED PATH] PaginationHelper_ESTest#parseNextUrl(Pagination pagination, String apiUrl).java
[ERROR] COMPILATION ERROR : 
[INFO] -------------------------------------------------------------
[ERROR] /Users/curtis/Github/Thesis/chatTester/Repos/sachin-handiekar_jInstagram/src/test/java/org/jinstagram/utils/PaginationHelper_ESTest.java:[7,26] cannot find symbol
  symbol:   class ArgumentMatchers
  location: package org.mockito
[ERROR] /Users/curtis/Github/Thesis/chatTester/Repos/sachin-handiekar_jInstagram/src/test/java/org/jinstagram/utils/PaginationHelper_ESTest.java:[7,1] static import only from classes and interfaces
[ERROR] /Users/curtis/Github/Thesis/chatTester/Repos/sachin-handiekar_jInstagram/src/test/java/org/jinstagram/utils/PaginationHelper_ESTest.java:[43,14] cannot find symbol
  symbol:   variable StringUtils
  location: class org.jinstagram.utils.PaginationHelper_ESTest
[ERROR] /Users/curtis/Github/Thesis/chatTester/Repos/sachin-handiekar_jInstagram/src/test/java/org/jinstagram/utils/PaginationHelper_ESTest.java:[44,14] cannot find symbol
  symbol:   variable StringUtils
  location: class org.jinstagram.utils.PaginationHelper_ESTest
[ERROR] /Users/curtis/Github/Thesis/chatTester/Repos/sachin-handiekar_jInstagram/src/test/java/org/jinstagram/utils/PaginationHelper_ESTest.java:[47,9] cannot find symbol
  symbol:   class Page
  location: class org.jinstagram.utils.PaginationHelper_ESTest
[INFO] 5 errors 
####################

original test path: /Users/curtis/Github/Thesis/chatTester/Repos/sachin-handiekar_jInstagram/src/test/java/org/jinstagram/utils/PaginationHelper_ESTest.java
[GENERATED PATH] PaginationHelper_ESTest#parseNextUrl(Pagination pagination, String apiUrl).java
[ERROR] COMPILATION ERROR : 
[INFO] -------------------------------------------------------------
[ERROR] /Users/curtis/Github/Thesis/chatTester/Repos/sachin-handiekar_jInstagram/src/test/java/org/jinstagram/utils/PaginationHelper_ESTest.java:[8,26] cannot find symbol
  symbol:   class ArgumentMatchers
  location: package org.mockito
[ERROR] /Users/curtis/Github/Thesis/chatTester/Repos/sachin-handiekar_jInstagram/src/test/java/org/jinstagram/utils/PaginationHelper_ESTest.java:[8,1] static import only from classes and interfaces
[ERROR] /Users/curtis/Github/Thesis/chatTester/Repos/sachin-handiekar_jInstagram/src/test/java/org/jinstagram/utils/PaginationHelper_ESTest.java:[44,5] cannot find symbol
  symbol:   class Page
  location: class org.jinstagram.utils.PaginationHelper_ESTest
[INFO] 3 errors 
####################

original test path: /Users/curtis/Github/Thesis/chatTester/Repos/sachin-handiekar_jInstagram/src/test/java/org/jinstagram/utils/PaginationHelper_ESTest.java
[GENERATED PATH] PaginationHelper_ESTest#parseNextUrl(Pagination pagination, String apiUrl).java
[ERROR] COMPILATION ERROR : 
[INFO] -------------------------------------------------------------
[ERROR] /Users/curtis/Github/Thesis/chatTester/Repos/sachin-handiekar_jInstagram/src/test/java/org/jinstagram/utils/PaginationHelper_ESTest.java:[9,26] cannot find symbol
  symbol:   class ArgumentMatchers
  location: package org.mockito
[ERROR] /Users/curtis/Github/Thesis/chatTester/Repos/sachin-handiekar_jInstagram/src/test/java/org/jinstagram/utils/PaginationHelper_ESTest.java:[9,1] static import only from classes and interfaces
[ERROR] /Users/curtis/Github/Thesis/chatTester/Repos/sachin-handiekar_jInstagram/src/test/java/org/jinstagram/utils/PaginationHelper_ESTest.java:[47,5] cannot find symbol
  symbol:   class Page
  location: class org.jinstagram.utils.PaginationHelper_ESTest
[INFO] 3 errors 
####################

original test path: /Users/curtis/Github/Thesis/chatTester/Repos/sachin-handiekar_jInstagram/src/test/java/org/jinstagram/utils/PaginationHelper_ESTest.java
[GENERATED PATH] PaginationHelper_ESTest#parseNextUrl(Pagination pagination, String apiUrl).java
[ERROR] COMPILATION ERROR : 
[INFO] -------------------------------------------------------------
[ERROR] /Users/curtis/Github/Thesis/chatTester/Repos/sachin-handiekar_jInstagram/src/test/java/org/jinstagram/utils/PaginationHelper_ESTest.java:[51,54] diamond operator is not supported in -source 1.6
  (use -source 7 or higher to enable diamond operator)
[INFO] 1 error
####################

original test path: /Users/curtis/Github/Thesis/chatTester/Repos/sachin-handiekar_jInstagram/src/test/java/org/jinstagram/utils/PaginationHelper_ESTest.java
[GENERATED PATH] PaginationHelper_ESTest#parseNextUrl(Pagination pagination, String apiUrl).java
[ERROR] COMPILATION ERROR : 
[INFO] -------------------------------------------------------------
[ERROR] /Users/curtis/Github/Thesis/chatTester/Repos/sachin-handiekar_jInstagram/src/test/java/org/jinstagram/utils/PaginationHelper_ESTest.java:[11,26] cannot find symbol
  symbol:   class ArgumentMatchers
  location: package org.mockito
[ERROR] /Users/curtis/Github/Thesis/chatTester/Repos/sachin-handiekar_jInstagram/src/test/java/org/jinstagram/utils/PaginationHelper_ESTest.java:[11,1] static import only from classes and interfaces
[ERROR] /Users/curtis/Github/Thesis/chatTester/Repos/sachin-handiekar_jInstagram/src/test/java/org/jinstagram/utils/PaginationHelper_ESTest.java:[45,29] constructor Pagination in class org.jinstagram.entity.common.Pagination cannot be applied to given types;
  required: no arguments
  found: java.lang.String
  reason: actual and formal argument lists differ in length
[ERROR] /Users/curtis/Github/Thesis/chatTester/Repos/sachin-handiekar_jInstagram/src/test/java/org/jinstagram/utils/PaginationHelper_ESTest.java:[50,5] cannot find symbol
  symbol:   class Page
  location: class org.jinstagram.utils.PaginationHelper_ESTest
[INFO] 4 errors 
####################

original test path: /Users/curtis/Github/Thesis/chatTester/Repos/sachin-handiekar_jInstagram/src/test/java/org/jinstagram/utils/PaginationHelper_ESTest.java
[GENERATED PATH] PaginationHelper_ESTest#parseNextUrl(Pagination pagination, String apiUrl).java
[ERROR] COMPILATION ERROR : 
[INFO] -------------------------------------------------------------
[ERROR] /Users/curtis/Github/Thesis/chatTester/Repos/sachin-handiekar_jInstagram/src/test/java/org/jinstagram/utils/PaginationHelper_ESTest.java:[12,26] cannot find symbol
  symbol:   class ArgumentMatchers
  location: package org.mockito
[ERROR] /Users/curtis/Github/Thesis/chatTester/Repos/sachin-handiekar_jInstagram/src/test/java/org/jinstagram/utils/PaginationHelper_ESTest.java:[12,1] static import only from classes and interfaces
[ERROR] /Users/curtis/Github/Thesis/chatTester/Repos/sachin-handiekar_jInstagram/src/test/java/org/jinstagram/utils/PaginationHelper_ESTest.java:[52,5] cannot find symbol
  symbol:   class URLUtils
  location: class org.jinstagram.utils.PaginationHelper_ESTest
[ERROR] /Users/curtis/Github/Thesis/chatTester/Repos/sachin-handiekar_jInstagram/src/test/java/org/jinstagram/utils/PaginationHelper_ESTest.java:[52,34] cannot find symbol
  symbol:   class URLUtils
  location: class org.jinstagram.utils.PaginationHelper_ESTest
[ERROR] /Users/curtis/Github/Thesis/chatTester/Repos/sachin-handiekar_jInstagram/src/test/java/org/jinstagram/utils/PaginationHelper_ESTest.java:[53,68] cannot find symbol
  symbol:   method of(java.lang.String,java.lang.String,java.lang.String,java.lang.String)
  location: interface java.util.Map
[ERROR] /Users/curtis/Github/Thesis/chatTester/Repos/sachin-handiekar_jInstagram/src/test/java/org/jinstagram/utils/PaginationHelper_ESTest.java:[56,5] cannot find symbol
  symbol:   class StringUtils
  location: class org.jinstagram.utils.PaginationHelper_ESTest
[ERROR] /Users/curtis/Github/Thesis/chatTester/Repos/sachin-handiekar_jInstagram/src/test/java/org/jinstagram/utils/PaginationHelper_ESTest.java:[56,40] cannot find symbol
  symbol:   class StringUtils
  location: class org.jinstagram.utils.PaginationHelper_ESTest
[ERROR] /Users/curtis/Github/Thesis/chatTester/Repos/sachin-handiekar_jInstagram/src/test/java/org/jinstagram/utils/PaginationHelper_ESTest.java:[60,5] cannot find symbol
  symbol:   class Page
  location: class org.jinstagram.utils.PaginationHelper_ESTest
[INFO] 8 errors 
####################

original test path: /Users/curtis/Github/Thesis/chatTester/Repos/sachin-handiekar_jInstagram/src/test/java/org/jinstagram/utils/PaginationHelper_ESTest.java
[GENERATED PATH] PaginationHelper_ESTest#parseNextUrl(Pagination pagination, String apiUrl).java
[ERROR] COMPILATION ERROR : 
[INFO] -------------------------------------------------------------
[ERROR] /Users/curtis/Github/Thesis/chatTester/Repos/sachin-handiekar_jInstagram/src/test/java/org/jinstagram/utils/PaginationHelper_ESTest.java:[13,26] cannot find symbol
  symbol:   class ArgumentMatchers
  location: package org.mockito
[ERROR] /Users/curtis/Github/Thesis/chatTester/Repos/sachin-handiekar_jInstagram/src/test/java/org/jinstagram/utils/PaginationHelper_ESTest.java:[13,1] static import only from classes and interfaces
[ERROR] /Users/curtis/Github/Thesis/chatTester/Repos/sachin-handiekar_jInstagram/src/test/java/org/jinstagram/utils/PaginationHelper_ESTest.java:[49,29] constructor Pagination in class org.jinstagram.entity.common.Pagination cannot be applied to given types;
  required: no arguments
  found: java.lang.String
  reason: actual and formal argument lists differ in length
[ERROR] /Users/curtis/Github/Thesis/chatTester/Repos/sachin-handiekar_jInstagram/src/test/java/org/jinstagram/utils/PaginationHelper_ESTest.java:[53,5] cannot find symbol
  symbol:   class Page
  location: class org.jinstagram.utils.PaginationHelper_ESTest
[INFO] 4 errors 
####################

