original test path: /Users/curtis/Github/Thesis/chatTester/Repos/tabulapdf_tabula-java/src/test/java/technology/tabula/RectangularTextContainer_ESTest.java
[GENERATED PATH] RectangularTextContainer_ESTest#toString().java
[ERROR] COMPILATION ERROR : 
[INFO] -------------------------------------------------------------
[ERROR] /Users/curtis/Github/Thesis/chatTester/Repos/tabulapdf_tabula-java/src/test/java/technology/tabula/RectangularTextContainer_ESTest.java:[31,29] cannot find symbol
  symbol:   method setText(java.lang.String)
  location: variable rectangularTextContainer of type technology.tabula.RectangularTextContainer
[INFO] 1 error
####################

original test path: /Users/curtis/Github/Thesis/chatTester/Repos/tabulapdf_tabula-java/src/test/java/technology/tabula/RectangularTextContainer_ESTest.java
[GENERATED PATH] RectangularTextContainer_ESTest#toString().java
[ERROR] COMPILATION ERROR : 
[INFO] -------------------------------------------------------------
[ERROR] /Users/curtis/Github/Thesis/chatTester/Repos/tabulapdf_tabula-java/src/test/java/technology/tabula/RectangularTextContainer_ESTest.java:[31,29] cannot find symbol
  symbol:   method setText(java.lang.String)
  location: variable rectangularTextContainer of type technology.tabula.RectangularTextContainer
[INFO] 1 error
####################

original test path: /Users/curtis/Github/Thesis/chatTester/Repos/tabulapdf_tabula-java/src/test/java/technology/tabula/RectangularTextContainer_ESTest.java
[GENERATED PATH] RectangularTextContainer_ESTest#toString().java
[ERROR] COMPILATION ERROR : 
[INFO] -------------------------------------------------------------
[ERROR] /Users/curtis/Github/Thesis/chatTester/Repos/tabulapdf_tabula-java/src/test/java/technology/tabula/RectangularTextContainer_ESTest.java:[32,50] cannot find symbol
  symbol:   method of(java.lang.String)
  location: interface java.util.List
[INFO] 1 error
####################

original test path: /Users/curtis/Github/Thesis/chatTester/Repos/tabulapdf_tabula-java/src/test/java/technology/tabula/RectangularTextContainer_ESTest.java
[GENERATED PATH] RectangularTextContainer_ESTest#toString().java
[ERROR] COMPILATION ERROR : 
[INFO] -------------------------------------------------------------
[ERROR] /Users/curtis/Github/Thesis/chatTester/Repos/tabulapdf_tabula-java/src/test/java/technology/tabula/RectangularTextContainer_ESTest.java:[32,29] cannot find symbol
  symbol:   method setText(java.lang.String)
  location: variable rectangularTextContainer of type technology.tabula.RectangularTextContainer
[INFO] 1 error
####################

original test path: /Users/curtis/Github/Thesis/chatTester/Repos/tabulapdf_tabula-java/src/test/java/technology/tabula/RectangularTextContainer_ESTest.java
[GENERATED PATH] RectangularTextContainer_ESTest#toString().java
[ERROR] COMPILATION ERROR : 
[INFO] -------------------------------------------------------------
[ERROR] /Users/curtis/Github/Thesis/chatTester/Repos/tabulapdf_tabula-java/src/test/java/technology/tabula/RectangularTextContainer_ESTest.java:[31,30] type argument java.lang.String is not within bounds of type-variable T
[ERROR] /Users/curtis/Github/Thesis/chatTester/Repos/tabulapdf_tabula-java/src/test/java/technology/tabula/RectangularTextContainer_ESTest.java:[31,65] cannot infer type arguments for technology.tabula.RectangularTextContainer<>
  reason: cannot infer type-variable(s) T
    (actual and formal argument lists differ in length)
[ERROR] /Users/curtis/Github/Thesis/chatTester/Repos/tabulapdf_tabula-java/src/test/java/technology/tabula/RectangularTextContainer_ESTest.java:[32,50] cannot find symbol
  symbol:   method of(java.lang.String)
  location: interface java.util.List
[INFO] 3 errors 
####################

