original test path: /Users/curtis/Github/Thesis/chatTester/Repos/tabulapdf_tabula-java/src/test/java/technology/tabula/CohenSutherlandClipping_ESTest.java
[GENERATED PATH] CohenSutherlandClipping_ESTest#setPositionAndRegion(double x, double y).java
[ERROR] COMPILATION ERROR : 
[INFO] -------------------------------------------------------------
[ERROR] /Users/curtis/Github/Thesis/chatTester/Repos/tabulapdf_tabula-java/src/test/java/technology/tabula/CohenSutherlandClipping_ESTest.java:[34,31] xMin has private access in technology.tabula.CohenSutherlandClipping
[ERROR] /Users/curtis/Github/Thesis/chatTester/Repos/tabulapdf_tabula-java/src/test/java/technology/tabula/CohenSutherlandClipping_ESTest.java:[35,32] xMax has private access in technology.tabula.CohenSutherlandClipping
[ERROR] /Users/curtis/Github/Thesis/chatTester/Repos/tabulapdf_tabula-java/src/test/java/technology/tabula/CohenSutherlandClipping_ESTest.java:[36,31] yMin has private access in technology.tabula.CohenSutherlandClipping
[ERROR] /Users/curtis/Github/Thesis/chatTester/Repos/tabulapdf_tabula-java/src/test/java/technology/tabula/CohenSutherlandClipping_ESTest.java:[37,32] yMax has private access in technology.tabula.CohenSutherlandClipping
[INFO] 4 errors 
####################

original test path: /Users/curtis/Github/Thesis/chatTester/Repos/tabulapdf_tabula-java/src/test/java/technology/tabula/CohenSutherlandClipping_ESTest.java
[GENERATED PATH] CohenSutherlandClipping_ESTest#setPositionAndRegion(double x, double y).java
[ERROR] COMPILATION ERROR : 
[INFO] -------------------------------------------------------------
[ERROR] /Users/curtis/Github/Thesis/chatTester/Repos/tabulapdf_tabula-java/src/test/java/technology/tabula/CohenSutherlandClipping_ESTest.java:[29,5] cannot find symbol
  symbol:   class Point
  location: class technology.tabula.CohenSutherlandClipping_ESTest
[ERROR] /Users/curtis/Github/Thesis/chatTester/Repos/tabulapdf_tabula-java/src/test/java/technology/tabula/CohenSutherlandClipping_ESTest.java:[29,23] cannot find symbol
  symbol:   class Point
  location: class technology.tabula.CohenSutherlandClipping_ESTest
[ERROR] /Users/curtis/Github/Thesis/chatTester/Repos/tabulapdf_tabula-java/src/test/java/technology/tabula/CohenSutherlandClipping_ESTest.java:[40,18] cannot find symbol
  symbol:   variable Point
  location: class technology.tabula.CohenSutherlandClipping_ESTest
[ERROR] /Users/curtis/Github/Thesis/chatTester/Repos/tabulapdf_tabula-java/src/test/java/technology/tabula/CohenSutherlandClipping_ESTest.java:[40,31] cannot find symbol
  symbol:   variable Point
  location: class technology.tabula.CohenSutherlandClipping_ESTest
[ERROR] /Users/curtis/Github/Thesis/chatTester/Repos/tabulapdf_tabula-java/src/test/java/technology/tabula/CohenSutherlandClipping_ESTest.java:[44,18] cannot find symbol
  symbol:   variable Point
  location: class technology.tabula.CohenSutherlandClipping_ESTest
[ERROR] /Users/curtis/Github/Thesis/chatTester/Repos/tabulapdf_tabula-java/src/test/java/technology/tabula/CohenSutherlandClipping_ESTest.java:[44,32] cannot find symbol
  symbol:   variable Point
  location: class technology.tabula.CohenSutherlandClipping_ESTest
[ERROR] /Users/curtis/Github/Thesis/chatTester/Repos/tabulapdf_tabula-java/src/test/java/technology/tabula/CohenSutherlandClipping_ESTest.java:[48,18] cannot find symbol
  symbol:   variable Point
  location: class technology.tabula.CohenSutherlandClipping_ESTest
[INFO] 7 errors 
####################

original test path: /Users/curtis/Github/Thesis/chatTester/Repos/tabulapdf_tabula-java/src/test/java/technology/tabula/CohenSutherlandClipping_ESTest.java
[GENERATED PATH] CohenSutherlandClipping_ESTest#setPositionAndRegion(double x, double y).java
[ERROR] COMPILATION ERROR : 
[INFO] -------------------------------------------------------------
[ERROR] /Users/curtis/Github/Thesis/chatTester/Repos/tabulapdf_tabula-java/src/test/java/technology/tabula/CohenSutherlandClipping_ESTest.java:[28,5] cannot find symbol
  symbol:   class Point
  location: class technology.tabula.CohenSutherlandClipping_ESTest
[ERROR] /Users/curtis/Github/Thesis/chatTester/Repos/tabulapdf_tabula-java/src/test/java/technology/tabula/CohenSutherlandClipping_ESTest.java:[28,23] cannot find symbol
  symbol:   class Point
  location: class technology.tabula.CohenSutherlandClipping_ESTest
[ERROR] /Users/curtis/Github/Thesis/chatTester/Repos/tabulapdf_tabula-java/src/test/java/technology/tabula/CohenSutherlandClipping_ESTest.java:[31,18] cannot find symbol
  symbol:   variable Point
  location: class technology.tabula.CohenSutherlandClipping_ESTest
[ERROR] /Users/curtis/Github/Thesis/chatTester/Repos/tabulapdf_tabula-java/src/test/java/technology/tabula/CohenSutherlandClipping_ESTest.java:[39,18] cannot find symbol
  symbol:   variable Point
  location: class technology.tabula.CohenSutherlandClipping_ESTest
[ERROR] /Users/curtis/Github/Thesis/chatTester/Repos/tabulapdf_tabula-java/src/test/java/technology/tabula/CohenSutherlandClipping_ESTest.java:[39,31] cannot find symbol
  symbol:   variable Point
  location: class technology.tabula.CohenSutherlandClipping_ESTest
[ERROR] /Users/curtis/Github/Thesis/chatTester/Repos/tabulapdf_tabula-java/src/test/java/technology/tabula/CohenSutherlandClipping_ESTest.java:[47,18] cannot find symbol
  symbol:   variable Point
  location: class technology.tabula.CohenSutherlandClipping_ESTest
[ERROR] /Users/curtis/Github/Thesis/chatTester/Repos/tabulapdf_tabula-java/src/test/java/technology/tabula/CohenSutherlandClipping_ESTest.java:[47,32] cannot find symbol
  symbol:   variable Point
  location: class technology.tabula.CohenSutherlandClipping_ESTest
[ERROR] /Users/curtis/Github/Thesis/chatTester/Repos/tabulapdf_tabula-java/src/test/java/technology/tabula/CohenSutherlandClipping_ESTest.java:[55,18] cannot find symbol
  symbol:   variable Point
  location: class technology.tabula.CohenSutherlandClipping_ESTest
[INFO] 8 errors 
####################

original test path: /Users/curtis/Github/Thesis/chatTester/Repos/tabulapdf_tabula-java/src/test/java/technology/tabula/CohenSutherlandClipping_ESTest.java
[GENERATED PATH] CohenSutherlandClipping_ESTest#setPositionAndRegion(double x, double y).java
[ERROR] COMPILATION ERROR : 
[INFO] -------------------------------------------------------------
[ERROR] /Users/curtis/Github/Thesis/chatTester/Repos/tabulapdf_tabula-java/src/test/java/technology/tabula/CohenSutherlandClipping_ESTest.java:[7,25] cannot find symbol
  symbol:   class Point
  location: package technology.tabula
[ERROR] /Users/curtis/Github/Thesis/chatTester/Repos/tabulapdf_tabula-java/src/test/java/technology/tabula/CohenSutherlandClipping_ESTest.java:[28,5] cannot find symbol
  symbol:   class Point
  location: class technology.tabula.CohenSutherlandClipping_ESTest
[ERROR] /Users/curtis/Github/Thesis/chatTester/Repos/tabulapdf_tabula-java/src/test/java/technology/tabula/CohenSutherlandClipping_ESTest.java:[28,23] cannot find symbol
  symbol:   class Point
  location: class technology.tabula.CohenSutherlandClipping_ESTest
[INFO] 3 errors 
####################

