<?xml version="1.0" encoding="UTF-8"?>
<testsuite xmlns:xsi="http://www.w3.org/2001/XMLSchema-instance" xsi:noNamespaceSchemaLocation="https://maven.apache.org/surefire/maven-surefire-plugin/xsd/surefire-test-report.xsd" name="technology.tabula.Ruling_ESTest" time="3.879" tests="1" errors="0" skipped="0" failures="1">
  <properties>
[...]
</properties>
  <testcase name="testCropRulingsToArea" classname="technology.tabula.Ruling_ESTest" time="0.048">
    <failure message="expected:&lt;4&gt; but was:&lt;3&gt;" type="java.lang.AssertionError"><![CDATA[java.lang.AssertionError: expected:<4> but was:<3>
	at technology.tabula.Ruling_ESTest.testCropRulingsToArea(Ruling_ESTest.java:46)
]]></failure>
    <system-err><![CDATA[[main] INFO org.evosuite.runtime.agent.AgentLoader - dynamically loading javaagent
[main] INFO org.evosuite.runtime.agent.AgentLoader - Using JavaAgent in /Users/curtis/.m2/repository/org/evosuite/evosuite-standalone-runtime/1.0.6/evosuite-standalone-runtime-1.0.6.jar
[main] INFO org.evosuite.runtime.agent.AgentLoader - Classpath: /Users/curtis/Github/Thesis/chatTester/Repos/tabulapdf_tabula-java/target/test-classes:/Users/curtis/Github/Thesis/chatTester/Repos/tabulapdf_tabula-java/target/classes:/Users/curtis/.m2/repository/org/locationtech/jts/jts-core/1.18.1/jts-core-1.18.1.jar:/Users/curtis/.m2/repository/org/slf4j/slf4j-api/1.7.35/slf4j-api-1.7.35.jar:/Users/curtis/.m2/repository/org/slf4j/slf4j-simple/1.7.32/slf4j-simple-1.7.32.jar:/Users/curtis/.m2/repository/org/apache/pdfbox/pdfbox/2.0.26/pdfbox-2.0.26.jar:/Users/curtis/.m2/repository/org/apache/pdfbox/fontbox/2.0.26/fontbox-2.0.26.jar:/Users/curtis/.m2/repository/commons-logging/commons-logging/1.2/commons-logging-1.2.jar:/Users/curtis/.m2/repository/org/bouncycastle/bcprov-jdk15on/1.70/bcprov-jdk15on-1.70.jar:/Users/curtis/.m2/repository/org/bouncycastle/bcmail-jdk15on/1.70/bcmail-jdk15on-1.70.jar:/Users/curtis/.m2/repository/org/bouncycastle/bcutil-jdk15on/1.70/bcutil-jdk15on-1.70.jar:/Users/curtis/.m2/repository/org/bouncycastle/bcpkix-jdk15on/1.70/bcpkix-jdk15on-1.70.jar:/Users/curtis/.m2/repository/junit/junit/4.13.2/junit-4.13.2.jar:/Users/curtis/.m2/repository/org/hamcrest/hamcrest-core/1.3/hamcrest-core-1.3.jar:/Users/curtis/.m2/repository/commons-cli/commons-cli/1.4/commons-cli-1.4.jar:/Users/curtis/.m2/repository/org/apache/commons/commons-csv/1.9.0/commons-csv-1.9.0.jar:/Users/curtis/.m2/repository/com/google/code/gson/gson/2.9.0/gson-2.9.0.jar:/Users/curtis/.m2/repository/com/github/jai-imageio/jai-imageio-core/1.4.0/jai-imageio-core-1.4.0.jar:/Users/curtis/.m2/repository/com/github/jai-imageio/jai-imageio-jpeg2000/1.4.0/jai-imageio-jpeg2000-1.4.0.jar:/Users/curtis/.m2/repository/org/apache/pdfbox/jbig2-imageio/3.0.4/jbig2-imageio-3.0.4.jar:/Users/curtis/.m2/repository/org/evosuite/evosuite-standalone-runtime/1.0.6/evosuite-standalone-runtime-1.0.6.jar:/Users/curtis/.m2/repository/org/junit/jupiter/junit-jupiter-api/5.9.0/junit-jupiter-api-5.9.0.jar:/Users/curtis/.m2/repository/org/opentest4j/opentest4j/1.2.0/opentest4j-1.2.0.jar:/Users/curtis/.m2/repository/org/junit/platform/junit-platform-commons/1.9.0/junit-platform-commons-1.9.0.jar:/Users/curtis/.m2/repository/org/apiguardian/apiguardian-api/1.1.2/apiguardian-api-1.1.2.jar:
[main] INFO org.evosuite.runtime.agent.AgentLoader - Going to attach agent to process 91946
[Attach Listener] INFO org.evosuite.runtime.agent.InstrumentingAgent - Executing agentmain of JavaAgent
Warning: the fonts "Times" and "Lucida Bright" are not available for the Java logical font "Serif", which may have unexpected appearance or behavior. Re-enable the "Times" font to remove this warning.
[main] INFO org.evosuite.runtime.instrumentation.MethodCallReplacementClassAdapter - Adding mock interface to class technology/tabula/Rectangle
[main] INFO org.evosuite.runtime.instrumentation.CreateClassResetClassAdapter - Found static initializer in class technology/tabula/Rectangle
[main] INFO org.evosuite.runtime.instrumentation.MethodCallReplacementClassAdapter - Adding mock interface to class technology/tabula/Rectangle$1
[main] INFO org.evosuite.runtime.instrumentation.MethodCallReplacementClassAdapter - Adding mock interface to class technology/tabula/Ruling$4
[main] INFO org.evosuite.runtime.instrumentation.MethodCallReplacementClassAdapter - Adding mock interface to class technology/tabula/Ruling$SOType
[main] INFO org.evosuite.runtime.instrumentation.CreateClassResetClassAdapter - Found static initializer in class technology/tabula/Ruling$SOType
[main] INFO org.evosuite.runtime.instrumentation.MethodCallReplacementClassAdapter - Adding mock interface to class technology/tabula/Utils
[main] INFO org.evosuite.runtime.instrumentation.CreateClassResetClassAdapter - Found static initializer in class technology/tabula/Utils
[main] INFO org.evosuite.runtime.instrumentation.MethodCallReplacementClassAdapter - Adding mock interface to class org/apache/commons/cli/ParseException
[main] INFO org.evosuite.runtime.instrumentation.CreateClassResetClassAdapter - Creating brand-new static initializer in class org/apache/commons/cli/ParseException
[main] INFO org.evosuite.runtime.instrumentation.MethodCallReplacementClassAdapter - Adding mock interface to class technology/tabula/Ruling
[main] INFO org.evosuite.runtime.instrumentation.CreateClassResetClassAdapter - Found static initializer in class technology/tabula/Ruling
[main] INFO org.evosuite.runtime.instrumentation.MethodCallReplacementClassAdapter - Adding mock interface to class technology/tabula/Ruling$3
[main] INFO org.evosuite.runtime.instrumentation.MethodCallReplacementClassAdapter - Adding mock interface to class technology/tabula/Ruling$1SortObject
[main] INFO org.evosuite.runtime.instrumentation.MethodCallReplacementClassAdapter - Adding mock interface to class technology/tabula/Ruling$2
[main] INFO org.evosuite.runtime.instrumentation.MethodCallReplacementClassAdapter - Adding mock interface to class technology/tabula/Ruling$1
[main] INFO org.evosuite.runtime.instrumentation.MethodCallReplacementClassAdapter - Adding mock interface to class technology/tabula/CohenSutherlandClipping
[main] INFO org.evosuite.runtime.instrumentation.CreateClassResetClassAdapter - Creating brand-new static initializer in class technology/tabula/CohenSutherlandClipping
[main] INFO org.evosuite.runtime.instrumentation.CreateClassResetClassAdapter - Adding bytecode for initializing field INSIDE
[main] INFO org.evosuite.runtime.instrumentation.CreateClassResetClassAdapter - Adding bytecode for initializing field LEFT
[main] INFO org.evosuite.runtime.instrumentation.CreateClassResetClassAdapter - Adding bytecode for initializing field RIGHT
[main] INFO org.evosuite.runtime.instrumentation.CreateClassResetClassAdapter - Adding bytecode for initializing field BOTTOM
[main] INFO org.evosuite.runtime.instrumentation.CreateClassResetClassAdapter - Adding bytecode for initializing field TOP
[main] INFO org.evosuite.runtime.instrumentation.CreateClassResetClassAdapter - Adding bytecode for initializing field MINIMUM_DELTA
[main] INFO org.evosuite.runtime.instrumentation.MethodCallReplacementClassAdapter - Adding mock interface to class technology/tabula/CohenSutherlandClipping$Point
[main] INFO org.evosuite.runtime.instrumentation.CreateClassResetClassAdapter - Creating brand-new static initializer in class technology/tabula/CohenSutherlandClipping$Point
]]></system-err>
  </testcase>
</testsuite>