original test path: /Users/curtis/Github/Thesis/chatTester/Repos/sachin-handiekar_jInstagram/src/test/java/org/jinstagram/realtime/InstagramSubscription_ESTest.java
[GENERATED PATH] InstagramSubscription_ESTest#latitute(String latitude).java
[ERROR] COMPILATION ERROR : 
[INFO] -------------------------------------------------------------
[ERROR] /Users/curtis/Github/Thesis/chatTester/Repos/sachin-handiekar_jInstagram/src/test/java/org/jinstagram/InstagramObject_ESTest.java:[45,55] diamond operator is not supported in -source 1.6
  (use -source 7 or higher to enable diamond operator)
[INFO] 1 error
####################

original test path: /Users/curtis/Github/Thesis/chatTester/Repos/sachin-handiekar_jInstagram/src/test/java/org/jinstagram/realtime/InstagramSubscription_ESTest.java
[GENERATED PATH] InstagramSubscription_ESTest#latitute(String latitude).java
[ERROR] COMPILATION ERROR : 
[INFO] -------------------------------------------------------------
[ERROR] /Users/curtis/Github/Thesis/chatTester/Repos/sachin-handiekar_jInstagram/src/test/java/org/jinstagram/realtime/InstagramSubscription_ESTest.java:[36,40] params has private access in org.jinstagram.realtime.InstagramSubscription
[INFO] 1 error
####################

original test path: /Users/curtis/Github/Thesis/chatTester/Repos/sachin-handiekar_jInstagram/src/test/java/org/jinstagram/realtime/InstagramSubscription_ESTest.java
[GENERATED PATH] InstagramSubscription_ESTest#latitute(String latitude).java
[ERROR] COMPILATION ERROR : 
[INFO] -------------------------------------------------------------
[ERROR] /Users/curtis/Github/Thesis/chatTester/Repos/sachin-handiekar_jInstagram/src/test/java/org/jinstagram/realtime/InstagramSubscription_ESTest.java:[38,40] cannot find symbol
  symbol:   variable latitute
  location: variable subscription of type org.jinstagram.realtime.InstagramSubscription
[INFO] 1 error
####################

original test path: /Users/curtis/Github/Thesis/chatTester/Repos/sachin-handiekar_jInstagram/src/test/java/org/jinstagram/realtime/InstagramSubscription_ESTest.java
[GENERATED PATH] InstagramSubscription_ESTest#latitute(String latitude).java
[ERROR] COMPILATION ERROR : 
[INFO] -------------------------------------------------------------
[ERROR] /Users/curtis/Github/Thesis/chatTester/Repos/sachin-handiekar_jInstagram/src/test/java/org/jinstagram/realtime/InstagramSubscription_ESTest.java:[37,17] cannot find symbol
  symbol:   method latitude(java.lang.String)
  location: variable subscription of type org.jinstagram.realtime.InstagramSubscription
[ERROR] /Users/curtis/Github/Thesis/chatTester/Repos/sachin-handiekar_jInstagram/src/test/java/org/jinstagram/realtime/InstagramSubscription_ESTest.java:[40,40] cannot find symbol
  symbol:   method latitude()
  location: variable subscription of type org.jinstagram.realtime.InstagramSubscription
[INFO] 2 errors 
####################

original test path: /Users/curtis/Github/Thesis/chatTester/Repos/sachin-handiekar_jInstagram/src/test/java/org/jinstagram/realtime/InstagramSubscription_ESTest.java
[GENERATED PATH] InstagramSubscription_ESTest#latitute(String latitude).java
[ERROR] COMPILATION ERROR : 
[INFO] -------------------------------------------------------------
[ERROR] /Users/curtis/Github/Thesis/chatTester/Repos/sachin-handiekar_jInstagram/src/test/java/org/jinstagram/realtime/InstagramSubscription_ESTest.java:[39,17] cannot find symbol
  symbol:   method latitude(java.lang.String)
  location: variable subscription of type org.jinstagram.realtime.InstagramSubscription
[ERROR] /Users/curtis/Github/Thesis/chatTester/Repos/sachin-handiekar_jInstagram/src/test/java/org/jinstagram/realtime/InstagramSubscription_ESTest.java:[42,40] cannot find symbol
  symbol:   method latitude()
  location: variable subscription of type org.jinstagram.realtime.InstagramSubscription
[INFO] 2 errors 
####################

