original test path: /Users/curtis/Github/Thesis/chatTester/Repos/sachin-handiekar_jInstagram/src/test/java/org/jinstagram/realtime/InstagramSubscription_ESTest.java
[GENERATED PATH] InstagramSubscription_ESTest#toString().java
[ERROR] COMPILATION ERROR : 
[INFO] -------------------------------------------------------------
[ERROR] /Users/curtis/Github/Thesis/chatTester/Repos/sachin-handiekar_jInstagram/src/test/java/org/jinstagram/InstagramObject_ESTest.java:[45,55] diamond operator is not supported in -source 1.6
  (use -source 7 or higher to enable diamond operator)
[INFO] 1 error
####################

original test path: /Users/curtis/Github/Thesis/chatTester/Repos/sachin-handiekar_jInstagram/src/test/java/org/jinstagram/realtime/InstagramSubscription_ESTest.java
[GENERATED PATH] InstagramSubscription_ESTest#toString().java
[ERROR] COMPILATION ERROR : 
[INFO] -------------------------------------------------------------
[ERROR] /Users/curtis/Github/Thesis/chatTester/Repos/sachin-handiekar_jInstagram/src/test/java/org/jinstagram/realtime/InstagramSubscription_ESTest.java:[38,53] cannot find symbol
  symbol:   variable OAuthConstants
  location: class org.jinstagram.realtime.InstagramSubscription_ESTest
[ERROR] /Users/curtis/Github/Thesis/chatTester/Repos/sachin-handiekar_jInstagram/src/test/java/org/jinstagram/realtime/InstagramSubscription_ESTest.java:[38,17] params has private access in org.jinstagram.realtime.InstagramSubscription
[INFO] 2 errors 
####################

original test path: /Users/curtis/Github/Thesis/chatTester/Repos/sachin-handiekar_jInstagram/src/test/java/org/jinstagram/realtime/InstagramSubscription_ESTest.java
[GENERATED PATH] InstagramSubscription_ESTest#toString().java
[ERROR] COMPILATION ERROR : 
[INFO] -------------------------------------------------------------
[ERROR] /Users/curtis/Github/Thesis/chatTester/Repos/sachin-handiekar_jInstagram/src/test/java/org/jinstagram/realtime/InstagramSubscription_ESTest.java:[8,31] cannot find symbol
  symbol:   class InstagramConfig
  location: package org.jinstagram.realtime
[INFO] 1 error
####################

original test path: /Users/curtis/Github/Thesis/chatTester/Repos/sachin-handiekar_jInstagram/src/test/java/org/jinstagram/realtime/InstagramSubscription_ESTest.java
[GENERATED PATH] InstagramSubscription_ESTest#toString().java
[ERROR] COMPILATION ERROR : 
[INFO] -------------------------------------------------------------
[ERROR] /Users/curtis/Github/Thesis/chatTester/Repos/sachin-handiekar_jInstagram/src/test/java/org/jinstagram/realtime/InstagramSubscription_ESTest.java:[10,31] cannot find symbol
  symbol:   class InstagramConfig
  location: package org.jinstagram.realtime
[ERROR] /Users/curtis/Github/Thesis/chatTester/Repos/sachin-handiekar_jInstagram/src/test/java/org/jinstagram/realtime/InstagramSubscription_ESTest.java:[40,49] cannot find symbol
  symbol:   variable USER
  location: class org.jinstagram.realtime.SubscriptionType
[INFO] 2 errors 
####################

original test path: /Users/curtis/Github/Thesis/chatTester/Repos/sachin-handiekar_jInstagram/src/test/java/org/jinstagram/realtime/InstagramSubscription_ESTest.java
[GENERATED PATH] InstagramSubscription_ESTest#toString().java
[ERROR] COMPILATION ERROR : 
[INFO] -------------------------------------------------------------
[ERROR] /Users/curtis/Github/Thesis/chatTester/Repos/sachin-handiekar_jInstagram/src/test/java/org/jinstagram/realtime/InstagramSubscription_ESTest.java:[11,31] cannot find symbol
  symbol:   class InstagramConfig
  location: package org.jinstagram.realtime
[ERROR] /Users/curtis/Github/Thesis/chatTester/Repos/sachin-handiekar_jInstagram/src/test/java/org/jinstagram/realtime/InstagramSubscription_ESTest.java:[42,49] cannot find symbol
  symbol:   variable USER
  location: class org.jinstagram.realtime.SubscriptionType
[INFO] 2 errors 
####################

original test path: /Users/curtis/Github/Thesis/chatTester/Repos/sachin-handiekar_jInstagram/src/test/java/org/jinstagram/realtime/InstagramSubscription_ESTest.java
[GENERATED PATH] InstagramSubscription_ESTest#toString().java
[ERROR] COMPILATION ERROR : 
[INFO] -------------------------------------------------------------
[ERROR] /Users/curtis/Github/Thesis/chatTester/Repos/sachin-handiekar_jInstagram/src/test/java/org/jinstagram/realtime/InstagramSubscription_ESTest.java:[12,31] cannot find symbol
  symbol:   class InstagramConfig
  location: package org.jinstagram.realtime
[ERROR] /Users/curtis/Github/Thesis/chatTester/Repos/sachin-handiekar_jInstagram/src/test/java/org/jinstagram/realtime/InstagramSubscription_ESTest.java:[44,41] cannot find symbol
  symbol:   variable USER
  location: class org.jinstagram.realtime.SubscriptionType
[INFO] 2 errors 
####################

original test path: /Users/curtis/Github/Thesis/chatTester/Repos/sachin-handiekar_jInstagram/src/test/java/org/jinstagram/realtime/InstagramSubscription_ESTest.java
[GENERATED PATH] InstagramSubscription_ESTest#toString().java
[ERROR] COMPILATION ERROR : 
[INFO] -------------------------------------------------------------
[ERROR] /Users/curtis/Github/Thesis/chatTester/Repos/sachin-handiekar_jInstagram/src/test/java/org/jinstagram/realtime/InstagramSubscription_ESTest.java:[13,31] cannot find symbol
  symbol:   class InstagramConfig
  location: package org.jinstagram.realtime
[INFO] 1 error
####################

