original test path: /Users/curtis/Github/Thesis/chatTester/Repos/sachin-handiekar_jInstagram/src/test/java/org/jinstagram/auth/InstagramAuthService_ESTest.java
[GENERATED PATH] InstagramAuthService_ESTest#callback(String callback).java
[ERROR] COMPILATION ERROR : 
[INFO] -------------------------------------------------------------
[ERROR] /Users/curtis/Github/Thesis/chatTester/Repos/sachin-handiekar_jInstagram/src/test/java/org/jinstagram/auth/InstagramAuthService_ESTest.java:[31,55] cannot find symbol
  symbol:   method getCallback()
  location: variable updatedAuthService of type org.jinstagram.auth.InstagramAuthService
[INFO] 1 error
####################

original test path: /Users/curtis/Github/Thesis/chatTester/Repos/sachin-handiekar_jInstagram/src/test/java/org/jinstagram/auth/InstagramAuthService_ESTest.java
[GENERATED PATH] InstagramAuthService_ESTest#callback(String callback).java
[ERROR] COMPILATION ERROR : 
[INFO] -------------------------------------------------------------
[ERROR] /Users/curtis/Github/Thesis/chatTester/Repos/sachin-handiekar_jInstagram/src/test/java/org/jinstagram/auth/InstagramAuthService_ESTest.java:[33,51] callback has private access in org.jinstagram.auth.InstagramAuthService
[INFO] 1 error
####################

original test path: /Users/curtis/Github/Thesis/chatTester/Repos/sachin-handiekar_jInstagram/src/test/java/org/jinstagram/auth/InstagramAuthService_ESTest.java
[GENERATED PATH] InstagramAuthService_ESTest#callback(String callback).java
[ERROR] COMPILATION ERROR : 
[INFO] -------------------------------------------------------------
[ERROR] /Users/curtis/Github/Thesis/chatTester/Repos/sachin-handiekar_jInstagram/src/test/java/org/jinstagram/auth/InstagramAuthService_ESTest.java:[35,48] callback has private access in org.jinstagram.auth.InstagramAuthService
[INFO] 1 error
####################

original test path: /Users/curtis/Github/Thesis/chatTester/Repos/sachin-handiekar_jInstagram/src/test/java/org/jinstagram/auth/InstagramAuthService_ESTest.java
[GENERATED PATH] InstagramAuthService_ESTest#callback(String callback).java
[ERROR] COMPILATION ERROR : 
[INFO] -------------------------------------------------------------
[ERROR] /Users/curtis/Github/Thesis/chatTester/Repos/sachin-handiekar_jInstagram/src/test/java/org/jinstagram/auth/InstagramAuthService_ESTest.java:[37,57] incompatible types: org.jinstagram.auth.InstagramAuthService cannot be converted to java.lang.String
[INFO] 1 error
####################

original test path: /Users/curtis/Github/Thesis/chatTester/Repos/sachin-handiekar_jInstagram/src/test/java/org/jinstagram/auth/InstagramAuthService_ESTest.java
[GENERATED PATH] InstagramAuthService_ESTest#callback(String callback).java
[ERROR] COMPILATION ERROR : 
[INFO] -------------------------------------------------------------
[ERROR] /Users/curtis/Github/Thesis/chatTester/Repos/sachin-handiekar_jInstagram/src/test/java/org/jinstagram/auth/InstagramAuthService_ESTest.java:[40,38] cannot find symbol
  symbol:   method getCallback()
  location: variable result of type org.jinstagram.auth.InstagramAuthService
[INFO] 1 error
####################

