original test path: /Users/curtis/Github/Thesis/chatTester/Repos/sachin-handiekar_jInstagram/src/test/java/org/jinstagram/auth/InstagramAuthService_ESTest.java
[GENERATED PATH] InstagramAuthService_ESTest#apiSecret(String apiSecret).java
[ERROR] COMPILATION ERROR : 
[INFO] -------------------------------------------------------------
[ERROR] /Users/curtis/Github/Thesis/chatTester/Repos/sachin-handiekar_jInstagram/src/test/java/org/jinstagram/auth/InstagramAuthService_ESTest.java:[33,46] cannot find symbol
  symbol:   method getApiSecret()
  location: variable authService of type org.jinstagram.auth.InstagramAuthService
[INFO] 1 error
####################

original test path: /Users/curtis/Github/Thesis/chatTester/Repos/sachin-handiekar_jInstagram/src/test/java/org/jinstagram/auth/InstagramAuthService_ESTest.java
[GENERATED PATH] InstagramAuthService_ESTest#apiSecret(String apiSecret).java
[ERROR] COMPILATION ERROR : 
[INFO] -------------------------------------------------------------
[ERROR] /Users/curtis/Github/Thesis/chatTester/Repos/sachin-handiekar_jInstagram/src/test/java/org/jinstagram/auth/InstagramAuthService_ESTest.java:[36,42] method apiSecret in class org.jinstagram.auth.InstagramAuthService cannot be applied to given types;
  required: java.lang.String
  found: no arguments
  reason: actual and formal argument lists differ in length
[INFO] 1 error
####################

original test path: /Users/curtis/Github/Thesis/chatTester/Repos/sachin-handiekar_jInstagram/src/test/java/org/jinstagram/auth/InstagramAuthService_ESTest.java
[GENERATED PATH] InstagramAuthService_ESTest#apiSecret(String apiSecret).java
[ERROR] COMPILATION ERROR : 
[INFO] -------------------------------------------------------------
[ERROR] /Users/curtis/Github/Thesis/chatTester/Repos/sachin-handiekar_jInstagram/src/test/java/org/jinstagram/auth/InstagramAuthService_ESTest.java:[38,65] method apiSecret in class org.jinstagram.auth.InstagramAuthService cannot be applied to given types;
  required: java.lang.String
  found: no arguments
  reason: actual and formal argument lists differ in length
[INFO] 1 error
####################

original test path: /Users/curtis/Github/Thesis/chatTester/Repos/sachin-handiekar_jInstagram/src/test/java/org/jinstagram/auth/InstagramAuthService_ESTest.java
[GENERATED PATH] InstagramAuthService_ESTest#apiSecret(String apiSecret).java
[ERROR] COMPILATION ERROR : 
[INFO] -------------------------------------------------------------
[ERROR] /Users/curtis/Github/Thesis/chatTester/Repos/sachin-handiekar_jInstagram/src/test/java/org/jinstagram/auth/InstagramAuthService_ESTest.java:[39,65] method apiSecret in class org.jinstagram.auth.InstagramAuthService cannot be applied to given types;
  required: java.lang.String
  found: no arguments
  reason: actual and formal argument lists differ in length
[INFO] 1 error
####################

original test path: /Users/curtis/Github/Thesis/chatTester/Repos/sachin-handiekar_jInstagram/src/test/java/org/jinstagram/auth/InstagramAuthService_ESTest.java
[GENERATED PATH] InstagramAuthService_ESTest#apiSecret(String apiSecret).java
[ERROR] COMPILATION ERROR : 
[INFO] -------------------------------------------------------------
[ERROR] /Users/curtis/Github/Thesis/chatTester/Repos/sachin-handiekar_jInstagram/src/test/java/org/jinstagram/auth/InstagramAuthService_ESTest.java:[41,65] method apiSecret in class org.jinstagram.auth.InstagramAuthService cannot be applied to given types;
  required: java.lang.String
  found: no arguments
  reason: actual and formal argument lists differ in length
[INFO] 1 error
####################

