original test path: /Users/curtis/Github/Thesis/chatTester/Repos/sachin-handiekar_jInstagram/src/test/java/org/jinstagram/realtime/SubscriptionUtil_ESTest.java
[GENERATED PATH] SubscriptionUtil_ESTest#getCalculatedSignature().java
[ERROR] COMPILATION ERROR : 
[INFO] -------------------------------------------------------------
[ERROR] /Users/curtis/Github/Thesis/chatTester/Repos/sachin-handiekar_jInstagram/src/test/java/org/jinstagram/auth/oauth/InstagramService_ESTest.java:[30,30] no suitable constructor found for OAuthConfig(java.lang.String,java.lang.String,java.lang.String)
    constructor org.jinstagram.auth.model.OAuthConfig.OAuthConfig(java.lang.String,java.lang.String) is not applicable
      (actual and formal argument lists differ in length)
    constructor org.jinstagram.auth.model.OAuthConfig.OAuthConfig(java.lang.String,java.lang.String,java.lang.String,java.lang.String) is not applicable
      (actual and formal argument lists differ in length)
    constructor org.jinstagram.auth.model.OAuthConfig.OAuthConfig(java.lang.String,java.lang.String,java.lang.String,java.lang.String,java.lang.String) is not applicable
      (actual and formal argument lists differ in length)
[ERROR] /Users/curtis/Github/Thesis/chatTester/Repos/sachin-handiekar_jInstagram/src/test/java/org/jinstagram/realtime/SubscriptionUtil_ESTest.java:[24,9] cannot find symbol
  symbol:   class VerificationResult
  location: class org.jinstagram.realtime.SubscriptionUtil_ESTest
[ERROR] /Users/curtis/Github/Thesis/chatTester/Repos/sachin-handiekar_jInstagram/src/test/java/org/jinstagram/realtime/SubscriptionUtil_ESTest.java:[24,53] cannot find symbol
  symbol:   class VerificationResult
  location: class org.jinstagram.realtime.SubscriptionUtil_ESTest
[INFO] 3 errors 
####################

original test path: /Users/curtis/Github/Thesis/chatTester/Repos/sachin-handiekar_jInstagram/src/test/java/org/jinstagram/realtime/SubscriptionUtil_ESTest.java
[GENERATED PATH] SubscriptionUtil_ESTest#getCalculatedSignature().java
[ERROR] COMPILATION ERROR : 
[INFO] -------------------------------------------------------------
[ERROR] /Users/curtis/Github/Thesis/chatTester/Repos/sachin-handiekar_jInstagram/src/test/java/org/jinstagram/auth/oauth/InstagramService_ESTest.java:[30,30] no suitable constructor found for OAuthConfig(java.lang.String,java.lang.String,java.lang.String)
    constructor org.jinstagram.auth.model.OAuthConfig.OAuthConfig(java.lang.String,java.lang.String) is not applicable
      (actual and formal argument lists differ in length)
    constructor org.jinstagram.auth.model.OAuthConfig.OAuthConfig(java.lang.String,java.lang.String,java.lang.String,java.lang.String) is not applicable
      (actual and formal argument lists differ in length)
    constructor org.jinstagram.auth.model.OAuthConfig.OAuthConfig(java.lang.String,java.lang.String,java.lang.String,java.lang.String,java.lang.String) is not applicable
      (actual and formal argument lists differ in length)
[ERROR] /Users/curtis/Github/Thesis/chatTester/Repos/sachin-handiekar_jInstagram/src/test/java/org/jinstagram/realtime/SubscriptionUtil_ESTest.java:[27,5] cannot find symbol
  symbol:   class VerificationResult
  location: class org.jinstagram.realtime.SubscriptionUtil_ESTest
[ERROR] /Users/curtis/Github/Thesis/chatTester/Repos/sachin-handiekar_jInstagram/src/test/java/org/jinstagram/realtime/SubscriptionUtil_ESTest.java:[27,49] cannot find symbol
  symbol:   class VerificationResult
  location: class org.jinstagram.realtime.SubscriptionUtil_ESTest
[INFO] 3 errors 
####################

original test path: /Users/curtis/Github/Thesis/chatTester/Repos/sachin-handiekar_jInstagram/src/test/java/org/jinstagram/realtime/SubscriptionUtil_ESTest.java
[GENERATED PATH] SubscriptionUtil_ESTest#getCalculatedSignature().java
[ERROR] COMPILATION ERROR : 
[INFO] -------------------------------------------------------------
[ERROR] /Users/curtis/Github/Thesis/chatTester/Repos/sachin-handiekar_jInstagram/src/test/java/org/jinstagram/auth/oauth/InstagramService_ESTest.java:[30,30] no suitable constructor found for OAuthConfig(java.lang.String,java.lang.String,java.lang.String)
    constructor org.jinstagram.auth.model.OAuthConfig.OAuthConfig(java.lang.String,java.lang.String) is not applicable
      (actual and formal argument lists differ in length)
    constructor org.jinstagram.auth.model.OAuthConfig.OAuthConfig(java.lang.String,java.lang.String,java.lang.String,java.lang.String) is not applicable
      (actual and formal argument lists differ in length)
    constructor org.jinstagram.auth.model.OAuthConfig.OAuthConfig(java.lang.String,java.lang.String,java.lang.String,java.lang.String,java.lang.String) is not applicable
      (actual and formal argument lists differ in length)
[ERROR] /Users/curtis/Github/Thesis/chatTester/Repos/sachin-handiekar_jInstagram/src/test/java/org/jinstagram/realtime/SubscriptionUtil_ESTest.java:[29,5] cannot find symbol
  symbol:   class VerificationResult
  location: class org.jinstagram.realtime.SubscriptionUtil_ESTest
[ERROR] /Users/curtis/Github/Thesis/chatTester/Repos/sachin-handiekar_jInstagram/src/test/java/org/jinstagram/realtime/SubscriptionUtil_ESTest.java:[29,49] cannot find symbol
  symbol:   class VerificationResult
  location: class org.jinstagram.realtime.SubscriptionUtil_ESTest
[INFO] 3 errors 
####################

original test path: /Users/curtis/Github/Thesis/chatTester/Repos/sachin-handiekar_jInstagram/src/test/java/org/jinstagram/realtime/SubscriptionUtil_ESTest.java
[GENERATED PATH] SubscriptionUtil_ESTest#getCalculatedSignature().java
[ERROR] COMPILATION ERROR : 
[INFO] -------------------------------------------------------------
[ERROR] /Users/curtis/Github/Thesis/chatTester/Repos/sachin-handiekar_jInstagram/src/test/java/org/jinstagram/auth/oauth/InstagramService_ESTest.java:[30,30] no suitable constructor found for OAuthConfig(java.lang.String,java.lang.String,java.lang.String)
    constructor org.jinstagram.auth.model.OAuthConfig.OAuthConfig(java.lang.String,java.lang.String) is not applicable
      (actual and formal argument lists differ in length)
    constructor org.jinstagram.auth.model.OAuthConfig.OAuthConfig(java.lang.String,java.lang.String,java.lang.String,java.lang.String) is not applicable
      (actual and formal argument lists differ in length)
    constructor org.jinstagram.auth.model.OAuthConfig.OAuthConfig(java.lang.String,java.lang.String,java.lang.String,java.lang.String,java.lang.String) is not applicable
      (actual and formal argument lists differ in length)
[ERROR] /Users/curtis/Github/Thesis/chatTester/Repos/sachin-handiekar_jInstagram/src/test/java/org/jinstagram/realtime/SubscriptionUtil_ESTest.java:[29,9] cannot find symbol
  symbol:   class VerificationResult
  location: class org.jinstagram.realtime.SubscriptionUtil_ESTest
[ERROR] /Users/curtis/Github/Thesis/chatTester/Repos/sachin-handiekar_jInstagram/src/test/java/org/jinstagram/realtime/SubscriptionUtil_ESTest.java:[29,53] cannot find symbol
  symbol:   class VerificationResult
  location: class org.jinstagram.realtime.SubscriptionUtil_ESTest
[INFO] 3 errors 
####################

original test path: /Users/curtis/Github/Thesis/chatTester/Repos/sachin-handiekar_jInstagram/src/test/java/org/jinstagram/realtime/SubscriptionUtil_ESTest.java
[GENERATED PATH] SubscriptionUtil_ESTest#getCalculatedSignature().java
[ERROR] COMPILATION ERROR : 
[INFO] -------------------------------------------------------------
[ERROR] /Users/curtis/Github/Thesis/chatTester/Repos/sachin-handiekar_jInstagram/src/test/java/org/jinstagram/auth/oauth/InstagramService_ESTest.java:[30,30] no suitable constructor found for OAuthConfig(java.lang.String,java.lang.String,java.lang.String)
    constructor org.jinstagram.auth.model.OAuthConfig.OAuthConfig(java.lang.String,java.lang.String) is not applicable
      (actual and formal argument lists differ in length)
    constructor org.jinstagram.auth.model.OAuthConfig.OAuthConfig(java.lang.String,java.lang.String,java.lang.String,java.lang.String) is not applicable
      (actual and formal argument lists differ in length)
    constructor org.jinstagram.auth.model.OAuthConfig.OAuthConfig(java.lang.String,java.lang.String,java.lang.String,java.lang.String,java.lang.String) is not applicable
      (actual and formal argument lists differ in length)
[ERROR] /Users/curtis/Github/Thesis/chatTester/Repos/sachin-handiekar_jInstagram/src/test/java/org/jinstagram/realtime/SubscriptionUtil_ESTest.java:[31,9] cannot find symbol
  symbol:   class VerificationResult
  location: class org.jinstagram.realtime.SubscriptionUtil_ESTest
[ERROR] /Users/curtis/Github/Thesis/chatTester/Repos/sachin-handiekar_jInstagram/src/test/java/org/jinstagram/realtime/SubscriptionUtil_ESTest.java:[31,53] cannot find symbol
  symbol:   class VerificationResult
  location: class org.jinstagram.realtime.SubscriptionUtil_ESTest
[INFO] 3 errors 
####################

