original test path: /Users/curtis/Github/Thesis/chatTester/Repos/tabulapdf_tabula-java/src/test/java/technology/tabula/RectangularTextContainer_ESTest.java
[GENERATED PATH] RectangularTextContainer_ESTest#setTextElements(List<T> textElements).java
[ERROR] COMPILATION ERROR : 
[INFO] -------------------------------------------------------------
[ERROR] /Users/curtis/Github/Thesis/chatTester/Repos/tabulapdf_tabula-java/src/test/java/technology/tabula/RectangularTextContainer_ESTest.java:[38,42] constructor RectangularTextContainer in class technology.tabula.RectangularTextContainer<T> cannot be applied to given types;
  required: float,float,float,float
  found: no arguments
  reason: actual and formal argument lists differ in length
[INFO] 1 error
####################

original test path: /Users/curtis/Github/Thesis/chatTester/Repos/tabulapdf_tabula-java/src/test/java/technology/tabula/RectangularTextContainer_ESTest.java
[GENERATED PATH] RectangularTextContainer_ESTest#setTextElements(List<T> textElements).java
[ERROR] COMPILATION ERROR : 
[INFO] -------------------------------------------------------------
[ERROR] /Users/curtis/Github/Thesis/chatTester/Repos/tabulapdf_tabula-java/src/test/java/technology/tabula/RectangularTextContainer_ESTest.java:[32,34] type argument java.lang.String is not within bounds of type-variable T
[ERROR] /Users/curtis/Github/Thesis/chatTester/Repos/tabulapdf_tabula-java/src/test/java/technology/tabula/RectangularTextContainer_ESTest.java:[32,76] incompatible types: cannot infer type arguments for technology.tabula.RectangularTextContainer<>
    reason: inference variable T has incompatible bounds
      equality constraints: java.lang.String
      upper bounds: technology.tabula.Rectangle,technology.tabula.HasText
[INFO] 2 errors 
####################

original test path: /Users/curtis/Github/Thesis/chatTester/Repos/tabulapdf_tabula-java/src/test/java/technology/tabula/RectangularTextContainer_ESTest.java
[GENERATED PATH] RectangularTextContainer_ESTest#setTextElements(List<T> textElements).java
[ERROR] COMPILATION ERROR : 
[INFO] -------------------------------------------------------------
[ERROR] /Users/curtis/Github/Thesis/chatTester/Repos/tabulapdf_tabula-java/src/test/java/technology/tabula/RectangularTextContainer_ESTest.java:[32,34] type argument java.lang.String is not within bounds of type-variable T
[ERROR] /Users/curtis/Github/Thesis/chatTester/Repos/tabulapdf_tabula-java/src/test/java/technology/tabula/RectangularTextContainer_ESTest.java:[32,48] cannot infer type arguments for technology.tabula.RectangularTextContainer<>
  reason: cannot infer type-variable(s) T
    (actual and formal argument lists differ in length)
[INFO] 2 errors 
####################

original test path: /Users/curtis/Github/Thesis/chatTester/Repos/tabulapdf_tabula-java/src/test/java/technology/tabula/RectangularTextContainer_ESTest.java
[GENERATED PATH] RectangularTextContainer_ESTest#setTextElements(List<T> textElements).java
[ERROR] COMPILATION ERROR : 
[INFO] -------------------------------------------------------------
[ERROR] /Users/curtis/Github/Thesis/chatTester/Repos/tabulapdf_tabula-java/src/test/java/technology/tabula/RectangularTextContainer_ESTest.java:[32,30] type argument java.lang.String is not within bounds of type-variable T
[ERROR] /Users/curtis/Github/Thesis/chatTester/Repos/tabulapdf_tabula-java/src/test/java/technology/tabula/RectangularTextContainer_ESTest.java:[32,44] cannot infer type arguments for technology.tabula.RectangularTextContainer<>
  reason: cannot infer type-variable(s) T
    (actual and formal argument lists differ in length)
[INFO] 2 errors 
####################

original test path: /Users/curtis/Github/Thesis/chatTester/Repos/tabulapdf_tabula-java/src/test/java/technology/tabula/RectangularTextContainer_ESTest.java
[GENERATED PATH] RectangularTextContainer_ESTest#setTextElements(List<T> textElements).java
[ERROR] COMPILATION ERROR : 
[INFO] -------------------------------------------------------------
[ERROR] /Users/curtis/Github/Thesis/chatTester/Repos/tabulapdf_tabula-java/src/test/java/technology/tabula/RectangularTextContainer_ESTest.java:[39,25] incompatible types: java.util.List<java.lang.String> cannot be converted to java.util.List<capture#1 of ?>
[ERROR] /Users/curtis/Github/Thesis/chatTester/Repos/tabulapdf_tabula-java/src/test/java/technology/tabula/RectangularTextContainer_ESTest.java:[40,52] incompatible types: java.util.List<capture#2 of ?> cannot be converted to java.util.List<java.lang.String>
[INFO] 2 errors 
####################

