original test path: /Users/curtis/Github/Thesis/chatTester/Repos/sachin-handiekar_jInstagram/src/test/java/org/jinstagram/realtime/InstagramSubscription_ESTest.java
[GENERATED PATH] InstagramSubscription_ESTest#toString().java
[ERROR] COMPILATION ERROR : 
[INFO] -------------------------------------------------------------
[ERROR] /Users/curtis/Github/Thesis/chatTester/Repos/sachin-handiekar_jInstagram/src/test/java/org/jinstagram/InstagramObject_ESTest.java:[45,55] diamond operator is not supported in -source 1.6
  (use -source 7 or higher to enable diamond operator)
[INFO] 1 error
####################

original test path: /Users/curtis/Github/Thesis/chatTester/Repos/sachin-handiekar_jInstagram/src/test/java/org/jinstagram/realtime/InstagramSubscription_ESTest.java
[GENERATED PATH] InstagramSubscription_ESTest#toString().java
[ERROR] COMPILATION ERROR : 
[INFO] -------------------------------------------------------------
[ERROR] /Users/curtis/Github/Thesis/chatTester/Repos/sachin-handiekar_jInstagram/src/test/java/org/jinstagram/realtime/InstagramSubscription_ESTest.java:[30,26] params has private access in org.jinstagram.realtime.InstagramSubscription
[INFO] 1 error
####################

original test path: /Users/curtis/Github/Thesis/chatTester/Repos/sachin-handiekar_jInstagram/src/test/java/org/jinstagram/realtime/InstagramSubscription_ESTest.java
[GENERATED PATH] InstagramSubscription_ESTest#toString().java
[ERROR] COMPILATION ERROR : 
[INFO] -------------------------------------------------------------
[ERROR] /Users/curtis/Github/Thesis/chatTester/Repos/sachin-handiekar_jInstagram/src/test/java/org/jinstagram/realtime/InstagramSubscription_ESTest.java:[7,31] package org.jinstagram.entities does not exist
[ERROR] /Users/curtis/Github/Thesis/chatTester/Repos/sachin-handiekar_jInstagram/src/test/java/org/jinstagram/realtime/InstagramSubscription_ESTest.java:[37,50] cannot find symbol
  symbol:   variable SUBSCRIPTION
  location: class org.jinstagram.realtime.SubscriptionType
[ERROR] /Users/curtis/Github/Thesis/chatTester/Repos/sachin-handiekar_jInstagram/src/test/java/org/jinstagram/realtime/InstagramSubscription_ESTest.java:[47,80] cannot find symbol
  symbol:   variable callback
  location: variable instagramSubscription of type org.jinstagram.realtime.InstagramSubscription
[INFO] 3 errors 
####################

original test path: /Users/curtis/Github/Thesis/chatTester/Repos/sachin-handiekar_jInstagram/src/test/java/org/jinstagram/realtime/InstagramSubscription_ESTest.java
[GENERATED PATH] InstagramSubscription_ESTest#toString().java
[ERROR] COMPILATION ERROR : 
[INFO] -------------------------------------------------------------
[ERROR] /Users/curtis/Github/Thesis/chatTester/Repos/sachin-handiekar_jInstagram/src/test/java/org/jinstagram/realtime/InstagramSubscription_ESTest.java:[8,31] package org.jinstagram.entities does not exist
[INFO] 1 error
####################

original test path: /Users/curtis/Github/Thesis/chatTester/Repos/sachin-handiekar_jInstagram/src/test/java/org/jinstagram/realtime/InstagramSubscription_ESTest.java
[GENERATED PATH] InstagramSubscription_ESTest#toString().java
[ERROR] COMPILATION ERROR : 
[INFO] -------------------------------------------------------------
[ERROR] /Users/curtis/Github/Thesis/chatTester/Repos/sachin-handiekar_jInstagram/src/test/java/org/jinstagram/realtime/InstagramSubscription_ESTest.java:[9,31] package org.jinstagram.entities does not exist
[ERROR] /Users/curtis/Github/Thesis/chatTester/Repos/sachin-handiekar_jInstagram/src/test/java/org/jinstagram/realtime/InstagramSubscription_ESTest.java:[38,45] cannot find symbol
  symbol:   variable USER
  location: class org.jinstagram.realtime.SubscriptionType
[INFO] 2 errors 
####################

original test path: /Users/curtis/Github/Thesis/chatTester/Repos/sachin-handiekar_jInstagram/src/test/java/org/jinstagram/realtime/InstagramSubscription_ESTest.java
[GENERATED PATH] InstagramSubscription_ESTest#toString().java
[ERROR] COMPILATION ERROR : 
[INFO] -------------------------------------------------------------
[ERROR] /Users/curtis/Github/Thesis/chatTester/Repos/sachin-handiekar_jInstagram/src/test/java/org/jinstagram/realtime/InstagramSubscription_ESTest.java:[10,31] package org.jinstagram.entities does not exist
[INFO] 1 error
####################

original test path: /Users/curtis/Github/Thesis/chatTester/Repos/sachin-handiekar_jInstagram/src/test/java/org/jinstagram/realtime/InstagramSubscription_ESTest.java
[GENERATED PATH] InstagramSubscription_ESTest#toString().java
[ERROR] COMPILATION ERROR : 
[INFO] -------------------------------------------------------------
[ERROR] /Users/curtis/Github/Thesis/chatTester/Repos/sachin-handiekar_jInstagram/src/test/java/org/jinstagram/realtime/InstagramSubscription_ESTest.java:[11,31] package org.jinstagram.entities does not exist
[INFO] 1 error
####################

