original test path: /Users/curtis/Github/Thesis/chatTester/Repos/sachin-handiekar_jInstagram/src/test/java/org/jinstagram/entity/common/Likes_ESTest.java
[GENERATED PATH] Likes_ESTest#setLikesUserList(List<User> likesUserList).java
[ERROR] COMPILATION ERROR : 
[INFO] -------------------------------------------------------------
[ERROR] /Users/curtis/Github/Thesis/chatTester/Repos/sachin-handiekar_jInstagram/src/test/java/org/jinstagram/entity/comments/MediaCommentsFeed_ESTest.java:[37,59] diamond operator is not supported in -source 1.6
  (use -source 7 or higher to enable diamond operator)
[ERROR] /Users/curtis/Github/Thesis/chatTester/Repos/sachin-handiekar_jInstagram/src/test/java/org/jinstagram/entity/common/Likes_ESTest.java:[28,54] diamond operator is not supported in -source 1.6
  (use -source 7 or higher to enable diamond operator)
[INFO] 2 errors 
####################

original test path: /Users/curtis/Github/Thesis/chatTester/Repos/sachin-handiekar_jInstagram/src/test/java/org/jinstagram/entity/common/Likes_ESTest.java
[GENERATED PATH] Likes_ESTest#setLikesUserList(List<User> likesUserList).java
[ERROR] COMPILATION ERROR : 
[INFO] -------------------------------------------------------------
[ERROR] /Users/curtis/Github/Thesis/chatTester/Repos/sachin-handiekar_jInstagram/src/test/java/org/jinstagram/entity/common/Likes_ESTest.java:[31,22] constructor User in class org.jinstagram.entity.common.User cannot be applied to given types;
  required: no arguments
  found: java.lang.String
  reason: actual and formal argument lists differ in length
[ERROR] /Users/curtis/Github/Thesis/chatTester/Repos/sachin-handiekar_jInstagram/src/test/java/org/jinstagram/entity/common/Likes_ESTest.java:[32,22] constructor User in class org.jinstagram.entity.common.User cannot be applied to given types;
  required: no arguments
  found: java.lang.String
  reason: actual and formal argument lists differ in length
[ERROR] /Users/curtis/Github/Thesis/chatTester/Repos/sachin-handiekar_jInstagram/src/test/java/org/jinstagram/entity/common/Likes_ESTest.java:[39,62] cannot find symbol
  symbol:   method getUsername()
  location: class org.jinstagram.entity.common.User
[ERROR] /Users/curtis/Github/Thesis/chatTester/Repos/sachin-handiekar_jInstagram/src/test/java/org/jinstagram/entity/common/Likes_ESTest.java:[40,64] cannot find symbol
  symbol:   method getUsername()
  location: class org.jinstagram.entity.common.User
[INFO] 4 errors 
####################

original test path: /Users/curtis/Github/Thesis/chatTester/Repos/sachin-handiekar_jInstagram/src/test/java/org/jinstagram/entity/common/Likes_ESTest.java
[GENERATED PATH] Likes_ESTest#setLikesUserList(List<User> likesUserList).java
[ERROR] COMPILATION ERROR : 
[INFO] -------------------------------------------------------------
[ERROR] /Users/curtis/Github/Thesis/chatTester/Repos/sachin-handiekar_jInstagram/src/test/java/org/jinstagram/entity/common/Likes_ESTest.java:[27,1] illegal character: '`'
[ERROR] /Users/curtis/Github/Thesis/chatTester/Repos/sachin-handiekar_jInstagram/src/test/java/org/jinstagram/entity/common/Likes_ESTest.java:[27,2] illegal character: '`'
[ERROR] /Users/curtis/Github/Thesis/chatTester/Repos/sachin-handiekar_jInstagram/src/test/java/org/jinstagram/entity/common/Likes_ESTest.java:[27,3] illegal character: '`'
[ERROR] /Users/curtis/Github/Thesis/chatTester/Repos/sachin-handiekar_jInstagram/src/test/java/org/jinstagram/entity/common/Likes_ESTest.java:[27,9] <identifier> expected
[INFO] 4 errors 
####################

original test path: /Users/curtis/Github/Thesis/chatTester/Repos/sachin-handiekar_jInstagram/src/test/java/org/jinstagram/entity/common/Likes_ESTest.java
[GENERATED PATH] Likes_ESTest#setLikesUserList(List<User> likesUserList).java
[ERROR] COMPILATION ERROR : 
[INFO] -------------------------------------------------------------
[ERROR] /Users/curtis/Github/Thesis/chatTester/Repos/sachin-handiekar_jInstagram/src/test/java/org/jinstagram/entity/common/Likes_ESTest.java:[28,1] illegal character: '`'
[ERROR] /Users/curtis/Github/Thesis/chatTester/Repos/sachin-handiekar_jInstagram/src/test/java/org/jinstagram/entity/common/Likes_ESTest.java:[28,2] illegal character: '`'
[ERROR] /Users/curtis/Github/Thesis/chatTester/Repos/sachin-handiekar_jInstagram/src/test/java/org/jinstagram/entity/common/Likes_ESTest.java:[28,3] illegal character: '`'
[ERROR] /Users/curtis/Github/Thesis/chatTester/Repos/sachin-handiekar_jInstagram/src/test/java/org/jinstagram/entity/common/Likes_ESTest.java:[29,6] <identifier> expected
[ERROR] /Users/curtis/Github/Thesis/chatTester/Repos/sachin-handiekar_jInstagram/src/test/java/org/jinstagram/entity/common/Likes_ESTest.java:[33,41] diamond operator is not supported in -source 1.6
  (use -source 7 or higher to enable diamond operator)
[INFO] 5 errors 
####################

original test path: /Users/curtis/Github/Thesis/chatTester/Repos/sachin-handiekar_jInstagram/src/test/java/org/jinstagram/entity/common/Likes_ESTest.java
[GENERATED PATH] Likes_ESTest#setLikesUserList(List<User> likesUserList).java
[ERROR] COMPILATION ERROR : 
[INFO] -------------------------------------------------------------
[ERROR] /Users/curtis/Github/Thesis/chatTester/Repos/sachin-handiekar_jInstagram/src/test/java/org/jinstagram/entity/common/Likes_ESTest.java:[29,1] illegal character: '`'
[ERROR] /Users/curtis/Github/Thesis/chatTester/Repos/sachin-handiekar_jInstagram/src/test/java/org/jinstagram/entity/common/Likes_ESTest.java:[29,2] illegal character: '`'
[ERROR] /Users/curtis/Github/Thesis/chatTester/Repos/sachin-handiekar_jInstagram/src/test/java/org/jinstagram/entity/common/Likes_ESTest.java:[29,3] illegal character: '`'
[ERROR] /Users/curtis/Github/Thesis/chatTester/Repos/sachin-handiekar_jInstagram/src/test/java/org/jinstagram/entity/common/Likes_ESTest.java:[31,10] <identifier> expected
[ERROR] /Users/curtis/Github/Thesis/chatTester/Repos/sachin-handiekar_jInstagram/src/test/java/org/jinstagram/entity/common/Likes_ESTest.java:[36,45] diamond operator is not supported in -source 1.6
  (use -source 7 or higher to enable diamond operator)
[INFO] 5 errors 
####################

