original test path: /Users/curtis/Github/Thesis/chatTester/Repos/sachin-handiekar_jInstagram/src/test/java/org/jinstagram/utils/PaginationHelper_ESTest.java
[GENERATED PATH] PaginationHelper_ESTest#parseNextUrl(Pagination pagination, String apiUrl).java
[ERROR] COMPILATION ERROR : 
[INFO] -------------------------------------------------------------
[ERROR] /Users/curtis/Github/Thesis/chatTester/Repos/sachin-handiekar_jInstagram/src/test/java/org/jinstagram/entity/comments/MediaCommentsFeed_ESTest.java:[37,59] diamond operator is not supported in -source 1.6
  (use -source 7 or higher to enable diamond operator)
[INFO] 1 error
####################

original test path: /Users/curtis/Github/Thesis/chatTester/Repos/sachin-handiekar_jInstagram/src/test/java/org/jinstagram/utils/PaginationHelper_ESTest.java
[GENERATED PATH] PaginationHelper_ESTest#parseNextUrl(Pagination pagination, String apiUrl).java
[ERROR] COMPILATION ERROR : 
[INFO] -------------------------------------------------------------
[ERROR] /Users/curtis/Github/Thesis/chatTester/Repos/sachin-handiekar_jInstagram/src/test/java/org/jinstagram/utils/PaginationHelper_ESTest.java:[38,5] cannot find symbol
  symbol:   class Page
  location: class org.jinstagram.utils.PaginationHelper_ESTest
[INFO] 1 error
####################

original test path: /Users/curtis/Github/Thesis/chatTester/Repos/sachin-handiekar_jInstagram/src/test/java/org/jinstagram/utils/PaginationHelper_ESTest.java
[GENERATED PATH] PaginationHelper_ESTest#parseNextUrl(Pagination pagination, String apiUrl).java
[ERROR] COMPILATION ERROR : 
[INFO] -------------------------------------------------------------
[ERROR] /Users/curtis/Github/Thesis/chatTester/Repos/sachin-handiekar_jInstagram/src/test/java/org/jinstagram/utils/PaginationHelper_ESTest.java:[42,5] cannot find symbol
  symbol:   class Page
  location: class org.jinstagram.utils.PaginationHelper_ESTest
[INFO] 1 error
####################

original test path: /Users/curtis/Github/Thesis/chatTester/Repos/sachin-handiekar_jInstagram/src/test/java/org/jinstagram/utils/PaginationHelper_ESTest.java
[GENERATED PATH] PaginationHelper_ESTest#parseNextUrl(Pagination pagination, String apiUrl).java
[ERROR] COMPILATION ERROR : 
[INFO] -------------------------------------------------------------
[ERROR] /Users/curtis/Github/Thesis/chatTester/Repos/sachin-handiekar_jInstagram/src/test/java/org/jinstagram/utils/PaginationHelper_ESTest.java:[43,73] diamond operator is not supported in -source 1.6
  (use -source 7 or higher to enable diamond operator)
[INFO] 1 error
####################

original test path: /Users/curtis/Github/Thesis/chatTester/Repos/sachin-handiekar_jInstagram/src/test/java/org/jinstagram/utils/PaginationHelper_ESTest.java
[GENERATED PATH] PaginationHelper_ESTest#parseNextUrl(Pagination pagination, String apiUrl).java
[ERROR] COMPILATION ERROR : 
[INFO] -------------------------------------------------------------
[ERROR] /Users/curtis/Github/Thesis/chatTester/Repos/sachin-handiekar_jInstagram/src/test/java/org/jinstagram/utils/PaginationHelper_ESTest.java:[40,5] cannot find symbol
  symbol:   class Page
  location: class org.jinstagram.utils.PaginationHelper_ESTest
[ERROR] /Users/curtis/Github/Thesis/chatTester/Repos/sachin-handiekar_jInstagram/src/test/java/org/jinstagram/utils/PaginationHelper_ESTest.java:[45,18] constructor Pagination in class org.jinstagram.entity.common.Pagination cannot be applied to given types;
  required: no arguments
  found: java.lang.String
  reason: actual and formal argument lists differ in length
[ERROR] /Users/curtis/Github/Thesis/chatTester/Repos/sachin-handiekar_jInstagram/src/test/java/org/jinstagram/utils/PaginationHelper_ESTest.java:[53,18] constructor Pagination in class org.jinstagram.entity.common.Pagination cannot be applied to given types;
  required: no arguments
  found: java.lang.String
  reason: actual and formal argument lists differ in length
[ERROR] /Users/curtis/Github/Thesis/chatTester/Repos/sachin-handiekar_jInstagram/src/test/java/org/jinstagram/utils/PaginationHelper_ESTest.java:[57,14] cannot find symbol
  symbol:   class OAuthException
  location: class org.jinstagram.utils.PaginationHelper_ESTest
[ERROR] /Users/curtis/Github/Thesis/chatTester/Repos/sachin-handiekar_jInstagram/src/test/java/org/jinstagram/utils/PaginationHelper_ESTest.java:[62,18] constructor Pagination in class org.jinstagram.entity.common.Pagination cannot be applied to given types;
  required: no arguments
  found: java.lang.String
  reason: actual and formal argument lists differ in length
[ERROR] /Users/curtis/Github/Thesis/chatTester/Repos/sachin-handiekar_jInstagram/src/test/java/org/jinstagram/utils/PaginationHelper_ESTest.java:[66,14] cannot find symbol
  symbol:   class OAuthException
  location: class org.jinstagram.utils.PaginationHelper_ESTest
[INFO] 6 errors 
####################

original test path: /Users/curtis/Github/Thesis/chatTester/Repos/sachin-handiekar_jInstagram/src/test/java/org/jinstagram/utils/PaginationHelper_ESTest.java
[GENERATED PATH] PaginationHelper_ESTest#parseNextUrl(Pagination pagination, String apiUrl).java
[ERROR] COMPILATION ERROR : 
[INFO] -------------------------------------------------------------
[ERROR] /Users/curtis/Github/Thesis/chatTester/Repos/sachin-handiekar_jInstagram/src/test/java/org/jinstagram/utils/PaginationHelper_ESTest.java:[41,29] constructor Pagination in class org.jinstagram.entity.common.Pagination cannot be applied to given types;
  required: no arguments
  found: java.lang.String
  reason: actual and formal argument lists differ in length
[ERROR] /Users/curtis/Github/Thesis/chatTester/Repos/sachin-handiekar_jInstagram/src/test/java/org/jinstagram/utils/PaginationHelper_ESTest.java:[45,5] cannot find symbol
  symbol:   class Page
  location: class org.jinstagram.utils.PaginationHelper_ESTest
[ERROR] /Users/curtis/Github/Thesis/chatTester/Repos/sachin-handiekar_jInstagram/src/test/java/org/jinstagram/utils/PaginationHelper_ESTest.java:[48,14] cannot find symbol
  symbol:   class OAuthException
  location: class org.jinstagram.utils.PaginationHelper_ESTest
[INFO] 3 errors 
####################

original test path: /Users/curtis/Github/Thesis/chatTester/Repos/sachin-handiekar_jInstagram/src/test/java/org/jinstagram/utils/PaginationHelper_ESTest.java
[GENERATED PATH] PaginationHelper_ESTest#parseNextUrl(Pagination pagination, String apiUrl).java
[ERROR] COMPILATION ERROR : 
[INFO] -------------------------------------------------------------
[ERROR] /Users/curtis/Github/Thesis/chatTester/Repos/sachin-handiekar_jInstagram/src/test/java/org/jinstagram/utils/PaginationHelper_ESTest.java:[46,5] cannot find symbol
  symbol:   class Page
  location: class org.jinstagram.utils.PaginationHelper_ESTest
[INFO] 1 error
####################

