original test path: /Users/curtis/Github/Thesis/chatTester/Repos/sachin-handiekar_jInstagram/src/test/java/org/jinstagram/http/Request_ESTest.java
[GENERATED PATH] Request_ESTest#getProxy().java
[ERROR] COMPILATION ERROR : 
[INFO] -------------------------------------------------------------
[ERROR] /Users/curtis/Github/Thesis/chatTester/Repos/sachin-handiekar_jInstagram/src/test/java/org/jinstagram/InstagramConfig_ESTest.java:[22,34] cannot find symbol
  symbol:   variable Constants
  location: class org.jinstagram.InstagramConfig_ESTest
[INFO] 1 error
####################

original test path: /Users/curtis/Github/Thesis/chatTester/Repos/sachin-handiekar_jInstagram/src/test/java/org/jinstagram/http/Request_ESTest.java
[GENERATED PATH] Request_ESTest#getProxy().java
[ERROR] COMPILATION ERROR : 
[INFO] -------------------------------------------------------------
[ERROR] /Users/curtis/Github/Thesis/chatTester/Repos/sachin-handiekar_jInstagram/src/test/java/org/jinstagram/http/Request_ESTest.java:[35,1] annotation type not applicable to this kind of declaration
[ERROR] /Users/curtis/Github/Thesis/chatTester/Repos/sachin-handiekar_jInstagram/src/test/java/org/jinstagram/http/Request_ESTest.java:[43,23] constructor Proxy in class java.net.Proxy cannot be applied to given types;
  required: java.net.Proxy.Type,java.net.SocketAddress
  found: no arguments
  reason: actual and formal argument lists differ in length
[ERROR] /Users/curtis/Github/Thesis/chatTester/Repos/sachin-handiekar_jInstagram/src/test/java/org/jinstagram/http/Request_ESTest.java:[52,30] cannot find symbol
  symbol:   method getQuerystringParams()
  location: variable request of type org.jinstagram.http.Request
[INFO] 3 errors 
####################

original test path: /Users/curtis/Github/Thesis/chatTester/Repos/sachin-handiekar_jInstagram/src/test/java/org/jinstagram/http/Request_ESTest.java
[GENERATED PATH] Request_ESTest#getProxy().java
[ERROR] COMPILATION ERROR : 
[INFO] -------------------------------------------------------------
[ERROR] /Users/curtis/Github/Thesis/chatTester/Repos/sachin-handiekar_jInstagram/src/test/java/org/jinstagram/http/Request_ESTest.java:[41,29] incompatible types: java.lang.String cannot be converted to java.net.Proxy.Type
[ERROR] /Users/curtis/Github/Thesis/chatTester/Repos/sachin-handiekar_jInstagram/src/test/java/org/jinstagram/http/Request_ESTest.java:[48,57] cannot find symbol
  symbol:   method getHost()
  location: class java.net.Proxy
[ERROR] /Users/curtis/Github/Thesis/chatTester/Repos/sachin-handiekar_jInstagram/src/test/java/org/jinstagram/http/Request_ESTest.java:[49,42] cannot find symbol
  symbol:   method getPort()
  location: class java.net.Proxy
[INFO] 3 errors 
####################

original test path: /Users/curtis/Github/Thesis/chatTester/Repos/sachin-handiekar_jInstagram/src/test/java/org/jinstagram/http/Request_ESTest.java
[GENERATED PATH] Request_ESTest#getProxy().java
[ERROR] COMPILATION ERROR : 
[INFO] -------------------------------------------------------------
[ERROR] /Users/curtis/Github/Thesis/chatTester/Repos/sachin-handiekar_jInstagram/src/test/java/org/jinstagram/http/Request_ESTest.java:[42,33] incompatible types: java.lang.String cannot be converted to java.net.Proxy.Type
[INFO] 1 error
####################

original test path: /Users/curtis/Github/Thesis/chatTester/Repos/sachin-handiekar_jInstagram/src/test/java/org/jinstagram/http/Request_ESTest.java
[GENERATED PATH] Request_ESTest#getProxy().java
[ERROR] COMPILATION ERROR : 
[INFO] -------------------------------------------------------------
[ERROR] /Users/curtis/Github/Thesis/chatTester/Repos/sachin-handiekar_jInstagram/src/test/java/org/jinstagram/http/Request_ESTest.java:[45,33] incompatible types: java.lang.String cannot be converted to java.net.Proxy.Type
[ERROR] /Users/curtis/Github/Thesis/chatTester/Repos/sachin-handiekar_jInstagram/src/test/java/org/jinstagram/http/Request_ESTest.java:[52,27] cannot find symbol
  symbol:   method getHost()
  location: variable testProxy of type java.net.Proxy
[ERROR] /Users/curtis/Github/Thesis/chatTester/Repos/sachin-handiekar_jInstagram/src/test/java/org/jinstagram/http/Request_ESTest.java:[52,52] cannot find symbol
  symbol:   method getHost()
  location: variable assignedProxy of type java.net.Proxy
[ERROR] /Users/curtis/Github/Thesis/chatTester/Repos/sachin-handiekar_jInstagram/src/test/java/org/jinstagram/http/Request_ESTest.java:[53,27] cannot find symbol
  symbol:   method getPort()
  location: variable testProxy of type java.net.Proxy
[ERROR] /Users/curtis/Github/Thesis/chatTester/Repos/sachin-handiekar_jInstagram/src/test/java/org/jinstagram/http/Request_ESTest.java:[53,52] cannot find symbol
  symbol:   method getPort()
  location: variable assignedProxy of type java.net.Proxy
[INFO] 5 errors 
####################

original test path: /Users/curtis/Github/Thesis/chatTester/Repos/sachin-handiekar_jInstagram/src/test/java/org/jinstagram/http/Request_ESTest.java
[GENERATED PATH] Request_ESTest#getProxy().java
[ERROR] COMPILATION ERROR : 
[INFO] -------------------------------------------------------------
[ERROR] /Users/curtis/Github/Thesis/chatTester/Repos/sachin-handiekar_jInstagram/src/test/java/org/jinstagram/http/Request_ESTest.java:[49,23] constructor Proxy in class java.net.Proxy cannot be applied to given types;
  required: java.net.Proxy.Type,java.net.SocketAddress
  found: no arguments
  reason: actual and formal argument lists differ in length
[INFO] 1 error
####################

