original test path: /Users/curtis/Github/Thesis/chatTester/Repos/tabulapdf_tabula-java/src/test/java/technology/tabula/RectangularTextContainer_ESTest.java
[GENERATED PATH] RectangularTextContainer_ESTest#getText(boolean useLineReturns).java
[ERROR] COMPILATION ERROR : 
[INFO] -------------------------------------------------------------
[ERROR] /Users/curtis/Github/Thesis/chatTester/Repos/tabulapdf_tabula-java/src/test/java/technology/tabula/RectangularTextContainer_ESTest.java:[28,35] cannot find symbol
  symbol:   variable Arrays
  location: class technology.tabula.RectangularTextContainer_ESTest
[INFO] 1 error
####################

