original test path: /Users/curtis/Github/Thesis/chatTester/Repos/Zappos_zappos-json/src/test/java/com/zappos/json/format/AbstractValueFormatter_ESTest.java
[GENERATED PATH] AbstractValueFormatter_ESTest#toJsonValue(ZapposJson zapposJson, String value).java
[ERROR] COMPILATION ERROR : 
[INFO] -------------------------------------------------------------
[ERROR] /Users/curtis/Github/Thesis/chatTester/Repos/Zappos_zappos-json/src/test/java/com/zappos/json/format/AbstractValueFormatter_ESTest.java:[9,26] package org.mockito does not exist
[ERROR] /Users/curtis/Github/Thesis/chatTester/Repos/Zappos_zappos-json/src/test/java/com/zappos/json/format/AbstractValueFormatter_ESTest.java:[9,1] static import only from classes and interfaces
[ERROR] /Users/curtis/Github/Thesis/chatTester/Repos/Zappos_zappos-json/src/test/java/com/zappos/json/format/AbstractValueFormatter_ESTest.java:[10,26] package org.mockito does not exist
[ERROR] /Users/curtis/Github/Thesis/chatTester/Repos/Zappos_zappos-json/src/test/java/com/zappos/json/format/AbstractValueFormatter_ESTest.java:[10,1] static import only from classes and interfaces
[ERROR] /Users/curtis/Github/Thesis/chatTester/Repos/Zappos_zappos-json/src/test/java/com/zappos/json/format/AbstractValueFormatter_ESTest.java:[35,33] cannot find symbol
  symbol:   method mock(java.lang.Class<com.zappos.json.ZapposJson>)
  location: class com.zappos.json.format.AbstractValueFormatter_ESTest
[ERROR] /Users/curtis/Github/Thesis/chatTester/Repos/Zappos_zappos-json/src/test/java/com/zappos/json/format/AbstractValueFormatter_ESTest.java:[38,73] <anonymous com.zappos.json.format.AbstractValueFormatter_ESTest$1> is not abstract and does not override abstract method newInstance() in com.zappos.json.format.ValueFormatter
[ERROR] /Users/curtis/Github/Thesis/chatTester/Repos/Zappos_zappos-json/src/test/java/com/zappos/json/format/AbstractValueFormatter_ESTest.java:[47,9] cannot find symbol
  symbol:   class StringWriter
  location: class com.zappos.json.format.AbstractValueFormatter_ESTest
[ERROR] /Users/curtis/Github/Thesis/chatTester/Repos/Zappos_zappos-json/src/test/java/com/zappos/json/format/AbstractValueFormatter_ESTest.java:[47,35] cannot find symbol
  symbol:   class StringWriter
  location: class com.zappos.json.format.AbstractValueFormatter_ESTest
[ERROR] /Users/curtis/Github/Thesis/chatTester/Repos/Zappos_zappos-json/src/test/java/com/zappos/json/format/AbstractValueFormatter_ESTest.java:[49,13] cannot find symbol
  symbol:   variable JsonWriter
  location: class com.zappos.json.format.AbstractValueFormatter_ESTest
[ERROR] /Users/curtis/Github/Thesis/chatTester/Repos/Zappos_zappos-json/src/test/java/com/zappos/json/format/AbstractValueFormatter_ESTest.java:[50,18] cannot find symbol
  symbol:   class IOException
  location: class com.zappos.json.format.AbstractValueFormatter_ESTest
[INFO] 10 errors 
####################

original test path: /Users/curtis/Github/Thesis/chatTester/Repos/Zappos_zappos-json/src/test/java/com/zappos/json/format/AbstractValueFormatter_ESTest.java
[GENERATED PATH] AbstractValueFormatter_ESTest#toJsonValue(ZapposJson zapposJson, String value).java
[ERROR] COMPILATION ERROR : 
[INFO] -------------------------------------------------------------
[ERROR] /Users/curtis/Github/Thesis/chatTester/Repos/Zappos_zappos-json/src/test/java/com/zappos/json/format/AbstractValueFormatter_ESTest.java:[7,1] class, interface, or enum expected
[ERROR] /Users/curtis/Github/Thesis/chatTester/Repos/Zappos_zappos-json/src/test/java/com/zappos/json/format/AbstractValueFormatter_ESTest.java:[7,34] <identifier> expected
[ERROR] /Users/curtis/Github/Thesis/chatTester/Repos/Zappos_zappos-json/src/test/java/com/zappos/json/format/AbstractValueFormatter_ESTest.java:[8,8] class, interface, or enum expected
[ERROR] /Users/curtis/Github/Thesis/chatTester/Repos/Zappos_zappos-json/src/test/java/com/zappos/json/format/AbstractValueFormatter_ESTest.java:[38,1] illegal start of type
[ERROR] /Users/curtis/Github/Thesis/chatTester/Repos/Zappos_zappos-json/src/test/java/com/zappos/json/format/AbstractValueFormatter_ESTest.java:[38,2] reached end of file while parsing
[ERROR] /Users/curtis/Github/Thesis/chatTester/Repos/Zappos_zappos-json/src/test/java/com/zappos/json/format/AbstractValueFormatter_ESTest.java:[39,1] reached end of file while parsing
[INFO] 6 errors 
####################

original test path: /Users/curtis/Github/Thesis/chatTester/Repos/Zappos_zappos-json/src/test/java/com/zappos/json/format/AbstractValueFormatter_ESTest.java
[GENERATED PATH] AbstractValueFormatter_ESTest#toJsonValue(ZapposJson zapposJson, String value).java
[ERROR] COMPILATION ERROR : 
[INFO] -------------------------------------------------------------
[ERROR] /Users/curtis/Github/Thesis/chatTester/Repos/Zappos_zappos-json/src/test/java/com/zappos/json/format/AbstractValueFormatter_ESTest.java:[7,1] class, interface, or enum expected
[ERROR] /Users/curtis/Github/Thesis/chatTester/Repos/Zappos_zappos-json/src/test/java/com/zappos/json/format/AbstractValueFormatter_ESTest.java:[7,34] <identifier> expected
[ERROR] /Users/curtis/Github/Thesis/chatTester/Repos/Zappos_zappos-json/src/test/java/com/zappos/json/format/AbstractValueFormatter_ESTest.java:[8,8] class, interface, or enum expected
[INFO] 3 errors 
####################

original test path: /Users/curtis/Github/Thesis/chatTester/Repos/Zappos_zappos-json/src/test/java/com/zappos/json/format/AbstractValueFormatter_ESTest.java
[GENERATED PATH] AbstractValueFormatter_ESTest#toJsonValue(ZapposJson zapposJson, String value).java
[ERROR] COMPILATION ERROR : 
[INFO] -------------------------------------------------------------
[ERROR] /Users/curtis/Github/Thesis/chatTester/Repos/Zappos_zappos-json/src/test/java/com/zappos/json/format/AbstractValueFormatter_ESTest.java:[7,1] class, interface, or enum expected
[ERROR] /Users/curtis/Github/Thesis/chatTester/Repos/Zappos_zappos-json/src/test/java/com/zappos/json/format/AbstractValueFormatter_ESTest.java:[7,34] <identifier> expected
[ERROR] /Users/curtis/Github/Thesis/chatTester/Repos/Zappos_zappos-json/src/test/java/com/zappos/json/format/AbstractValueFormatter_ESTest.java:[9,8] class, interface, or enum expected
[INFO] 3 errors 
####################

original test path: /Users/curtis/Github/Thesis/chatTester/Repos/Zappos_zappos-json/src/test/java/com/zappos/json/format/AbstractValueFormatter_ESTest.java
[GENERATED PATH] AbstractValueFormatter_ESTest#toJsonValue(ZapposJson zapposJson, String value).java
[ERROR] COMPILATION ERROR : 
[INFO] -------------------------------------------------------------
[ERROR] /Users/curtis/Github/Thesis/chatTester/Repos/Zappos_zappos-json/src/test/java/com/zappos/json/format/AbstractValueFormatter_ESTest.java:[7,1] class, interface, or enum expected
[ERROR] /Users/curtis/Github/Thesis/chatTester/Repos/Zappos_zappos-json/src/test/java/com/zappos/json/format/AbstractValueFormatter_ESTest.java:[7,34] <identifier> expected
[ERROR] /Users/curtis/Github/Thesis/chatTester/Repos/Zappos_zappos-json/src/test/java/com/zappos/json/format/AbstractValueFormatter_ESTest.java:[9,8] class, interface, or enum expected
[INFO] 3 errors 
####################

original test path: /Users/curtis/Github/Thesis/chatTester/Repos/Zappos_zappos-json/src/test/java/com/zappos/json/format/AbstractValueFormatter_ESTest.java
[GENERATED PATH] AbstractValueFormatter_ESTest#toJsonValue(ZapposJson zapposJson, String value).java
[ERROR] COMPILATION ERROR : 
[INFO] -------------------------------------------------------------
[ERROR] /Users/curtis/Github/Thesis/chatTester/Repos/Zappos_zappos-json/src/test/java/com/zappos/json/format/AbstractValueFormatter_ESTest.java:[7,1] class, interface, or enum expected
[ERROR] /Users/curtis/Github/Thesis/chatTester/Repos/Zappos_zappos-json/src/test/java/com/zappos/json/format/AbstractValueFormatter_ESTest.java:[7,34] <identifier> expected
[ERROR] /Users/curtis/Github/Thesis/chatTester/Repos/Zappos_zappos-json/src/test/java/com/zappos/json/format/AbstractValueFormatter_ESTest.java:[10,8] class, interface, or enum expected
[INFO] 3 errors 
####################

