original test path: /Users/curtis/Github/Thesis/chatTester/Repos/Zappos_zappos-json/src/test/java/com/zappos/json/format/JavaTimestampFormatter_ESTest.java
[GENERATED PATH] JavaTimestampFormatter_ESTest#format(ZapposJson zapposJson, Timestamp object).java
[ERROR] COMPILATION ERROR : 
[INFO] -------------------------------------------------------------
[ERROR] /Users/curtis/Github/Thesis/chatTester/Repos/Zappos_zappos-json/src/test/java/com/zappos/json/format/JavaTimestampFormatter_ESTest.java:[30,33] constructor ZapposJson in class com.zappos.json.ZapposJson cannot be applied to given types;
  required: boolean
  found: no arguments
  reason: actual and formal argument lists differ in length
[INFO] 1 error
####################

original test path: /Users/curtis/Github/Thesis/chatTester/Repos/Zappos_zappos-json/src/test/java/com/zappos/json/format/JavaTimestampFormatter_ESTest.java
[GENERATED PATH] JavaTimestampFormatter_ESTest#format(ZapposJson zapposJson, Timestamp object).java
[ERROR] COMPILATION ERROR : 
[INFO] -------------------------------------------------------------
[ERROR] /Users/curtis/Github/Thesis/chatTester/Repos/Zappos_zappos-json/src/test/java/com/zappos/json/format/JavaTimestampFormatter_ESTest.java:[7,33] package com.zappos.json.formatter does not exist
[ERROR] /Users/curtis/Github/Thesis/chatTester/Repos/Zappos_zappos-json/src/test/java/com/zappos/json/format/JavaTimestampFormatter_ESTest.java:[37,42] method format in class com.zappos.json.format.JavaTimestampFormatter cannot be applied to given types;
  required: com.zappos.json.ZapposJson,java.sql.Timestamp
  found: java.sql.Timestamp
  reason: actual and formal argument lists differ in length
[INFO] 2 errors 
####################

original test path: /Users/curtis/Github/Thesis/chatTester/Repos/Zappos_zappos-json/src/test/java/com/zappos/json/format/JavaTimestampFormatter_ESTest.java
[GENERATED PATH] JavaTimestampFormatter_ESTest#format(ZapposJson zapposJson, Timestamp object).java
[ERROR] COMPILATION ERROR : 
[INFO] -------------------------------------------------------------
[ERROR] /Users/curtis/Github/Thesis/chatTester/Repos/Zappos_zappos-json/src/test/java/com/zappos/json/format/JavaTimestampFormatter_ESTest.java:[7,26] package org.mockito does not exist
[ERROR] /Users/curtis/Github/Thesis/chatTester/Repos/Zappos_zappos-json/src/test/java/com/zappos/json/format/JavaTimestampFormatter_ESTest.java:[7,1] static import only from classes and interfaces
[ERROR] /Users/curtis/Github/Thesis/chatTester/Repos/Zappos_zappos-json/src/test/java/com/zappos/json/format/JavaTimestampFormatter_ESTest.java:[8,26] package org.mockito does not exist
[ERROR] /Users/curtis/Github/Thesis/chatTester/Repos/Zappos_zappos-json/src/test/java/com/zappos/json/format/JavaTimestampFormatter_ESTest.java:[8,1] static import only from classes and interfaces
[ERROR] /Users/curtis/Github/Thesis/chatTester/Repos/Zappos_zappos-json/src/test/java/com/zappos/json/format/JavaTimestampFormatter_ESTest.java:[9,33] package com.zappos.json.formatter does not exist
[ERROR] /Users/curtis/Github/Thesis/chatTester/Repos/Zappos_zappos-json/src/test/java/com/zappos/json/format/JavaTimestampFormatter_ESTest.java:[36,29] cannot find symbol
  symbol:   method mock(java.lang.Class<com.zappos.json.ZapposJson>)
  location: class com.zappos.json.format.JavaTimestampFormatter_ESTest
[ERROR] /Users/curtis/Github/Thesis/chatTester/Repos/Zappos_zappos-json/src/test/java/com/zappos/json/format/JavaTimestampFormatter_ESTest.java:[43,5] cannot find symbol
  symbol:   method when(java.lang.String)
  location: class com.zappos.json.format.JavaTimestampFormatter_ESTest
[ERROR] /Users/curtis/Github/Thesis/chatTester/Repos/Zappos_zappos-json/src/test/java/com/zappos/json/format/JavaTimestampFormatter_ESTest.java:[47,22] cannot find symbol
  symbol:   class SimpleDateFormat
  location: class com.zappos.json.format.JavaTimestampFormatter_ESTest
[INFO] 8 errors 
####################

original test path: /Users/curtis/Github/Thesis/chatTester/Repos/Zappos_zappos-json/src/test/java/com/zappos/json/format/JavaTimestampFormatter_ESTest.java
[GENERATED PATH] JavaTimestampFormatter_ESTest#format(ZapposJson zapposJson, Timestamp object).java
[ERROR] COMPILATION ERROR : 
[INFO] -------------------------------------------------------------
[ERROR] /Users/curtis/Github/Thesis/chatTester/Repos/Zappos_zappos-json/src/test/java/com/zappos/json/format/JavaTimestampFormatter_ESTest.java:[8,26] package org.mockito does not exist
[ERROR] /Users/curtis/Github/Thesis/chatTester/Repos/Zappos_zappos-json/src/test/java/com/zappos/json/format/JavaTimestampFormatter_ESTest.java:[8,1] static import only from classes and interfaces
[ERROR] /Users/curtis/Github/Thesis/chatTester/Repos/Zappos_zappos-json/src/test/java/com/zappos/json/format/JavaTimestampFormatter_ESTest.java:[9,26] package org.mockito does not exist
[ERROR] /Users/curtis/Github/Thesis/chatTester/Repos/Zappos_zappos-json/src/test/java/com/zappos/json/format/JavaTimestampFormatter_ESTest.java:[9,1] static import only from classes and interfaces
[ERROR] /Users/curtis/Github/Thesis/chatTester/Repos/Zappos_zappos-json/src/test/java/com/zappos/json/format/JavaTimestampFormatter_ESTest.java:[10,33] package com.zappos.json.formatter does not exist
[ERROR] /Users/curtis/Github/Thesis/chatTester/Repos/Zappos_zappos-json/src/test/java/com/zappos/json/format/JavaTimestampFormatter_ESTest.java:[38,29] constructor ZapposJson in class com.zappos.json.ZapposJson cannot be applied to given types;
  required: boolean
  found: no arguments
  reason: actual and formal argument lists differ in length
[INFO] 6 errors 
####################

original test path: /Users/curtis/Github/Thesis/chatTester/Repos/Zappos_zappos-json/src/test/java/com/zappos/json/format/JavaTimestampFormatter_ESTest.java
[GENERATED PATH] JavaTimestampFormatter_ESTest#format(ZapposJson zapposJson, Timestamp object).java
[ERROR] COMPILATION ERROR : 
[INFO] -------------------------------------------------------------
[ERROR] /Users/curtis/Github/Thesis/chatTester/Repos/Zappos_zappos-json/src/test/java/com/zappos/json/format/JavaTimestampFormatter_ESTest.java:[9,26] package org.mockito does not exist
[ERROR] /Users/curtis/Github/Thesis/chatTester/Repos/Zappos_zappos-json/src/test/java/com/zappos/json/format/JavaTimestampFormatter_ESTest.java:[9,1] static import only from classes and interfaces
[ERROR] /Users/curtis/Github/Thesis/chatTester/Repos/Zappos_zappos-json/src/test/java/com/zappos/json/format/JavaTimestampFormatter_ESTest.java:[10,26] package org.mockito does not exist
[ERROR] /Users/curtis/Github/Thesis/chatTester/Repos/Zappos_zappos-json/src/test/java/com/zappos/json/format/JavaTimestampFormatter_ESTest.java:[10,1] static import only from classes and interfaces
[ERROR] /Users/curtis/Github/Thesis/chatTester/Repos/Zappos_zappos-json/src/test/java/com/zappos/json/format/JavaTimestampFormatter_ESTest.java:[11,33] package com.zappos.json.formatter does not exist
[ERROR] /Users/curtis/Github/Thesis/chatTester/Repos/Zappos_zappos-json/src/test/java/com/zappos/json/format/JavaTimestampFormatter_ESTest.java:[42,29] constructor ZapposJson in class com.zappos.json.ZapposJson cannot be applied to given types;
  required: boolean
  found: no arguments
  reason: actual and formal argument lists differ in length
[INFO] 6 errors 
####################

original test path: /Users/curtis/Github/Thesis/chatTester/Repos/Zappos_zappos-json/src/test/java/com/zappos/json/format/JavaTimestampFormatter_ESTest.java
[GENERATED PATH] JavaTimestampFormatter_ESTest#format(ZapposJson zapposJson, Timestamp object).java
[ERROR] COMPILATION ERROR : 
[INFO] -------------------------------------------------------------
[ERROR] /Users/curtis/Github/Thesis/chatTester/Repos/Zappos_zappos-json/src/test/java/com/zappos/json/format/JavaTimestampFormatter_ESTest.java:[45,41] integer number too large: 1632038400000
[INFO] 1 error
####################

original test path: /Users/curtis/Github/Thesis/chatTester/Repos/Zappos_zappos-json/src/test/java/com/zappos/json/format/JavaTimestampFormatter_ESTest.java
[GENERATED PATH] JavaTimestampFormatter_ESTest#format(ZapposJson zapposJson, Timestamp object).java
[ERROR] COMPILATION ERROR : 
[INFO] -------------------------------------------------------------
[ERROR] /Users/curtis/Github/Thesis/chatTester/Repos/Zappos_zappos-json/src/test/java/com/zappos/json/format/JavaTimestampFormatter_ESTest.java:[11,26] package org.mockito does not exist
[ERROR] /Users/curtis/Github/Thesis/chatTester/Repos/Zappos_zappos-json/src/test/java/com/zappos/json/format/JavaTimestampFormatter_ESTest.java:[11,1] static import only from classes and interfaces
[ERROR] /Users/curtis/Github/Thesis/chatTester/Repos/Zappos_zappos-json/src/test/java/com/zappos/json/format/JavaTimestampFormatter_ESTest.java:[12,26] package org.mockito does not exist
[ERROR] /Users/curtis/Github/Thesis/chatTester/Repos/Zappos_zappos-json/src/test/java/com/zappos/json/format/JavaTimestampFormatter_ESTest.java:[12,1] static import only from classes and interfaces
[ERROR] /Users/curtis/Github/Thesis/chatTester/Repos/Zappos_zappos-json/src/test/java/com/zappos/json/format/JavaTimestampFormatter_ESTest.java:[13,33] package com.zappos.json.formatter does not exist
[ERROR] /Users/curtis/Github/Thesis/chatTester/Repos/Zappos_zappos-json/src/test/java/com/zappos/json/format/JavaTimestampFormatter_ESTest.java:[44,29] constructor ZapposJson in class com.zappos.json.ZapposJson cannot be applied to given types;
  required: boolean
  found: no arguments
  reason: actual and formal argument lists differ in length
[INFO] 6 errors 
####################

original test path: /Users/curtis/Github/Thesis/chatTester/Repos/Zappos_zappos-json/src/test/java/com/zappos/json/format/JavaTimestampFormatter_ESTest.java
[GENERATED PATH] JavaTimestampFormatter_ESTest#format(ZapposJson zapposJson, Timestamp object).java
[ERROR] COMPILATION ERROR : 
[INFO] -------------------------------------------------------------
[ERROR] /Users/curtis/Github/Thesis/chatTester/Repos/Zappos_zappos-json/src/test/java/com/zappos/json/format/JavaTimestampFormatter_ESTest.java:[12,26] package org.mockito does not exist
[ERROR] /Users/curtis/Github/Thesis/chatTester/Repos/Zappos_zappos-json/src/test/java/com/zappos/json/format/JavaTimestampFormatter_ESTest.java:[12,1] static import only from classes and interfaces
[ERROR] /Users/curtis/Github/Thesis/chatTester/Repos/Zappos_zappos-json/src/test/java/com/zappos/json/format/JavaTimestampFormatter_ESTest.java:[13,26] package org.mockito does not exist
[ERROR] /Users/curtis/Github/Thesis/chatTester/Repos/Zappos_zappos-json/src/test/java/com/zappos/json/format/JavaTimestampFormatter_ESTest.java:[13,1] static import only from classes and interfaces
[ERROR] /Users/curtis/Github/Thesis/chatTester/Repos/Zappos_zappos-json/src/test/java/com/zappos/json/format/JavaTimestampFormatter_ESTest.java:[14,33] package com.zappos.json.formatter does not exist
[INFO] 5 errors 
####################

