original test path: /Users/curtis/Github/Thesis/chatTester/Repos/Zappos_zappos-json/src/test/java/com/zappos/json/format/JavaTimestampFormatter_ESTest.java
[GENERATED PATH] JavaTimestampFormatter_ESTest#parse(ZapposJson zapposJson, String string).java
[ERROR] COMPILATION ERROR : 
[INFO] -------------------------------------------------------------
[ERROR] /Users/curtis/Github/Thesis/chatTester/Repos/Zappos_zappos-json/src/test/java/com/zappos/json/format/JavaTimestampFormatter_ESTest.java:[29,33] constructor ZapposJson in class com.zappos.json.ZapposJson cannot be applied to given types;
  required: boolean
  found: no arguments
  reason: actual and formal argument lists differ in length
[INFO] 1 error
####################

original test path: /Users/curtis/Github/Thesis/chatTester/Repos/Zappos_zappos-json/src/test/java/com/zappos/json/format/JavaTimestampFormatter_ESTest.java
[GENERATED PATH] JavaTimestampFormatter_ESTest#parse(ZapposJson zapposJson, String string).java
[ERROR] COMPILATION ERROR : 
[INFO] -------------------------------------------------------------
[ERROR] /Users/curtis/Github/Thesis/chatTester/Repos/Zappos_zappos-json/src/test/java/com/zappos/json/format/JavaTimestampFormatter_ESTest.java:[32,29] constructor ZapposJson in class com.zappos.json.ZapposJson cannot be applied to given types;
  required: boolean
  found: no arguments
  reason: actual and formal argument lists differ in length
[INFO] 1 error
####################

original test path: /Users/curtis/Github/Thesis/chatTester/Repos/Zappos_zappos-json/src/test/java/com/zappos/json/format/JavaTimestampFormatter_ESTest.java
[GENERATED PATH] JavaTimestampFormatter_ESTest#parse(ZapposJson zapposJson, String string).java
[ERROR] COMPILATION ERROR : 
[INFO] -------------------------------------------------------------
[ERROR] /Users/curtis/Github/Thesis/chatTester/Repos/Zappos_zappos-json/src/test/java/com/zappos/json/format/JavaTimestampFormatter_ESTest.java:[35,46] method parse in class com.zappos.json.format.JavaTimestampFormatter cannot be applied to given types;
  required: com.zappos.json.ZapposJson,java.lang.String
  found: java.lang.String
  reason: actual and formal argument lists differ in length
[INFO] 1 error
####################

original test path: /Users/curtis/Github/Thesis/chatTester/Repos/Zappos_zappos-json/src/test/java/com/zappos/json/format/JavaTimestampFormatter_ESTest.java
[GENERATED PATH] JavaTimestampFormatter_ESTest#parse(ZapposJson zapposJson, String string).java
[ERROR] COMPILATION ERROR : 
[INFO] -------------------------------------------------------------
[ERROR] /Users/curtis/Github/Thesis/chatTester/Repos/Zappos_zappos-json/src/test/java/com/zappos/json/format/JavaTimestampFormatter_ESTest.java:[39,53] constructor ZapposJson in class com.zappos.json.ZapposJson cannot be applied to given types;
  required: boolean
  found: no arguments
  reason: actual and formal argument lists differ in length
[INFO] 1 error
####################

original test path: /Users/curtis/Github/Thesis/chatTester/Repos/Zappos_zappos-json/src/test/java/com/zappos/json/format/JavaTimestampFormatter_ESTest.java
[GENERATED PATH] JavaTimestampFormatter_ESTest#parse(ZapposJson zapposJson, String string).java
[ERROR] COMPILATION ERROR : 
[INFO] -------------------------------------------------------------
[ERROR] /Users/curtis/Github/Thesis/chatTester/Repos/Zappos_zappos-json/src/test/java/com/zappos/json/format/JavaTimestampFormatter_ESTest.java:[39,29] constructor ZapposJson in class com.zappos.json.ZapposJson cannot be applied to given types;
  required: boolean
  found: no arguments
  reason: actual and formal argument lists differ in length
[INFO] 1 error
####################

