original test path: /Users/curtis/Github/Thesis/chatTester/Repos/Zappos_zappos-json/src/test/java/com/zappos/json/util/JsonUtils_ESTest.java
[GENERATED PATH] JsonUtils_ESTest#unescape(ZapposJson zapposJson, CharSequence value).java
[ERROR] COMPILATION ERROR : 
[INFO] -------------------------------------------------------------
[ERROR] /Users/curtis/Github/Thesis/chatTester/Repos/Zappos_zappos-json/src/test/java/com/zappos/json/JsonReaderCodeGenerator_ESTest.java:[31,105] constructor JsonBeanIntrospector in class com.zappos.json.JsonBeanIntrospector cannot be applied to given types;
  required: com.zappos.json.ZapposJson
  found: no arguments
  reason: actual and formal argument lists differ in length
[ERROR] /Users/curtis/Github/Thesis/chatTester/Repos/Zappos_zappos-json/src/test/java/com/zappos/json/JsonReaderCodeGenerator_ESTest.java:[33,44] constructor JsonReaderInvoker in class com.zappos.json.JsonReaderInvoker cannot be applied to given types;
  required: com.zappos.json.ZapposJson,java.lang.Class<?>
  found: no arguments
  reason: actual and formal argument lists differ in length
[ERROR] /Users/curtis/Github/Thesis/chatTester/Repos/Zappos_zappos-json/src/test/java/com/zappos/json/util/JsonUtils_ESTest.java:[31,33] constructor ZapposJson in class com.zappos.json.ZapposJson cannot be applied to given types;
  required: boolean
  found: no arguments
  reason: actual and formal argument lists differ in length
[INFO] 3 errors 
####################

original test path: /Users/curtis/Github/Thesis/chatTester/Repos/Zappos_zappos-json/src/test/java/com/zappos/json/util/JsonUtils_ESTest.java
[GENERATED PATH] JsonUtils_ESTest#unescape(ZapposJson zapposJson, CharSequence value).java
[ERROR] COMPILATION ERROR : 
[INFO] -------------------------------------------------------------
[ERROR] /Users/curtis/Github/Thesis/chatTester/Repos/Zappos_zappos-json/src/test/java/com/zappos/json/util/JsonUtils_ESTest.java:[7,23] cannot find symbol
  symbol:   class JsonUtils
  location: package com.zappos.json
[ERROR] /Users/curtis/Github/Thesis/chatTester/Repos/Zappos_zappos-json/src/test/java/com/zappos/json/util/JsonUtils_ESTest.java:[36,29] constructor ZapposJson in class com.zappos.json.ZapposJson cannot be applied to given types;
  required: boolean
  found: no arguments
  reason: actual and formal argument lists differ in length
[INFO] 2 errors 
####################

original test path: /Users/curtis/Github/Thesis/chatTester/Repos/Zappos_zappos-json/src/test/java/com/zappos/json/util/JsonUtils_ESTest.java
[GENERATED PATH] JsonUtils_ESTest#unescape(ZapposJson zapposJson, CharSequence value).java
[ERROR] COMPILATION ERROR : 
[INFO] -------------------------------------------------------------
[ERROR] /Users/curtis/Github/Thesis/chatTester/Repos/Zappos_zappos-json/src/test/java/com/zappos/json/util/JsonUtils_ESTest.java:[8,23] cannot find symbol
  symbol:   class JsonUtils
  location: package com.zappos.json
[INFO] 1 error
####################

original test path: /Users/curtis/Github/Thesis/chatTester/Repos/Zappos_zappos-json/src/test/java/com/zappos/json/util/JsonUtils_ESTest.java
[GENERATED PATH] JsonUtils_ESTest#unescape(ZapposJson zapposJson, CharSequence value).java
[ERROR] COMPILATION ERROR : 
[INFO] -------------------------------------------------------------
[ERROR] /Users/curtis/Github/Thesis/chatTester/Repos/Zappos_zappos-json/src/test/java/com/zappos/json/util/JsonUtils_ESTest.java:[9,23] cannot find symbol
  symbol:   class JsonUtils
  location: package com.zappos.json
[INFO] 1 error
####################

original test path: /Users/curtis/Github/Thesis/chatTester/Repos/Zappos_zappos-json/src/test/java/com/zappos/json/util/JsonUtils_ESTest.java
[GENERATED PATH] JsonUtils_ESTest#unescape(ZapposJson zapposJson, CharSequence value).java
[ERROR] COMPILATION ERROR : 
[INFO] -------------------------------------------------------------
[ERROR] /Users/curtis/Github/Thesis/chatTester/Repos/Zappos_zappos-json/src/test/java/com/zappos/json/util/JsonUtils_ESTest.java:[10,23] cannot find symbol
  symbol:   class JsonUtils
  location: package com.zappos.json
[INFO] 1 error
####################

original test path: /Users/curtis/Github/Thesis/chatTester/Repos/Zappos_zappos-json/src/test/java/com/zappos/json/util/JsonUtils_ESTest.java
[GENERATED PATH] JsonUtils_ESTest#unescape(ZapposJson zapposJson, CharSequence value).java
[ERROR] COMPILATION ERROR : 
[INFO] -------------------------------------------------------------
[ERROR] /Users/curtis/Github/Thesis/chatTester/Repos/Zappos_zappos-json/src/test/java/com/zappos/json/util/JsonUtils_ESTest.java:[11,23] cannot find symbol
  symbol:   class JsonUtils
  location: package com.zappos.json
[INFO] 1 error
####################

