original test path: /Users/curtis/Github/Thesis/chatTester/Repos/Zappos_zappos-json/src/test/java/com/zappos/json/JsonBeanAttribute_ESTest.java
[GENERATED PATH] JsonBeanAttribute_ESTest#getFormatterClass().java
[ERROR] COMPILATION ERROR : 
[INFO] -------------------------------------------------------------
[ERROR] /Users/curtis/Github/Thesis/chatTester/Repos/Zappos_zappos-json/src/test/java/com/zappos/json/JsonBeanAttribute_ESTest.java:[34,9] cannot find symbol
  symbol:   variable Assert
  location: class com.zappos.json.JsonBeanAttribute_ESTest
[INFO] 1 error
####################

original test path: /Users/curtis/Github/Thesis/chatTester/Repos/Zappos_zappos-json/src/test/java/com/zappos/json/JsonBeanAttribute_ESTest.java
[GENERATED PATH] JsonBeanAttribute_ESTest#getFormatterClass().java
[ERROR] COMPILATION ERROR : 
[INFO] -------------------------------------------------------------
[ERROR] /Users/curtis/Github/Thesis/chatTester/Repos/Zappos_zappos-json/src/test/java/com/zappos/json/JsonBeanAttribute_ESTest.java:[34,5] cannot find symbol
  symbol:   variable Assert
  location: class com.zappos.json.JsonBeanAttribute_ESTest
[INFO] 1 error
####################

original test path: /Users/curtis/Github/Thesis/chatTester/Repos/Zappos_zappos-json/src/test/java/com/zappos/json/JsonBeanAttribute_ESTest.java
[GENERATED PATH] JsonBeanAttribute_ESTest#getFormatterClass().java
[ERROR] COMPILATION ERROR : 
[INFO] -------------------------------------------------------------
[ERROR] /Users/curtis/Github/Thesis/chatTester/Repos/Zappos_zappos-json/src/test/java/com/zappos/json/JsonBeanAttribute_ESTest.java:[7,29] package com.zappos.formatters does not exist
[ERROR] /Users/curtis/Github/Thesis/chatTester/Repos/Zappos_zappos-json/src/test/java/com/zappos/json/JsonBeanAttribute_ESTest.java:[8,29] package com.zappos.formatters does not exist
[INFO] 2 errors 
####################

original test path: /Users/curtis/Github/Thesis/chatTester/Repos/Zappos_zappos-json/src/test/java/com/zappos/json/JsonBeanAttribute_ESTest.java
[GENERATED PATH] JsonBeanAttribute_ESTest#getFormatterClass().java
[ERROR] COMPILATION ERROR : 
[INFO] -------------------------------------------------------------
[ERROR] /Users/curtis/Github/Thesis/chatTester/Repos/Zappos_zappos-json/src/test/java/com/zappos/json/JsonBeanAttribute_ESTest.java:[7,26] package org.mockito does not exist
[ERROR] /Users/curtis/Github/Thesis/chatTester/Repos/Zappos_zappos-json/src/test/java/com/zappos/json/JsonBeanAttribute_ESTest.java:[7,1] static import only from classes and interfaces
[ERROR] /Users/curtis/Github/Thesis/chatTester/Repos/Zappos_zappos-json/src/test/java/com/zappos/json/JsonBeanAttribute_ESTest.java:[8,26] package org.mockito does not exist
[ERROR] /Users/curtis/Github/Thesis/chatTester/Repos/Zappos_zappos-json/src/test/java/com/zappos/json/JsonBeanAttribute_ESTest.java:[8,1] static import only from classes and interfaces
[ERROR] /Users/curtis/Github/Thesis/chatTester/Repos/Zappos_zappos-json/src/test/java/com/zappos/json/JsonBeanAttribute_ESTest.java:[33,21] cannot find symbol
  symbol:   method mock(java.lang.Class<java.lang.reflect.Method>)
  location: class com.zappos.json.JsonBeanAttribute_ESTest
[ERROR] /Users/curtis/Github/Thesis/chatTester/Repos/Zappos_zappos-json/src/test/java/com/zappos/json/JsonBeanAttribute_ESTest.java:[34,5] cannot find symbol
  symbol:   method when(java.lang.String)
  location: class com.zappos.json.JsonBeanAttribute_ESTest
[ERROR] /Users/curtis/Github/Thesis/chatTester/Repos/Zappos_zappos-json/src/test/java/com/zappos/json/JsonBeanAttribute_ESTest.java:[35,19] cannot find symbol
  symbol:   method mock(java.lang.Class<java.lang.reflect.Field>)
  location: class com.zappos.json.JsonBeanAttribute_ESTest
[ERROR] /Users/curtis/Github/Thesis/chatTester/Repos/Zappos_zappos-json/src/test/java/com/zappos/json/JsonBeanAttribute_ESTest.java:[36,5] cannot find symbol
  symbol:   method when(java.lang.String)
  location: class com.zappos.json.JsonBeanAttribute_ESTest
[INFO] 8 errors 
####################

