original test path: /Users/curtis/Github/Thesis/chatTester/Repos/Zappos_zappos-json/src/test/java/com/zappos/json/JsonWriter_ESTest.java
[GENERATED PATH] JsonWriter_ESTest#writeMap(ZapposJson zapposJson, Map<?, ?> map, Writer writer).java
[ERROR] COMPILATION ERROR : 
[INFO] -------------------------------------------------------------
[ERROR] /Users/curtis/Github/Thesis/chatTester/Repos/Zappos_zappos-json/src/test/java/com/zappos/json/JsonWriter_ESTest.java:[7,16] package org.json does not exist
[ERROR] /Users/curtis/Github/Thesis/chatTester/Repos/Zappos_zappos-json/src/test/java/com/zappos/json/JsonWriter_ESTest.java:[59,5] cannot find symbol
  symbol:   class JSONObject
  location: class com.zappos.json.JsonWriter_ESTest
[ERROR] /Users/curtis/Github/Thesis/chatTester/Repos/Zappos_zappos-json/src/test/java/com/zappos/json/JsonWriter_ESTest.java:[59,34] cannot find symbol
  symbol:   class JSONObject
  location: class com.zappos.json.JsonWriter_ESTest
[ERROR] /Users/curtis/Github/Thesis/chatTester/Repos/Zappos_zappos-json/src/test/java/com/zappos/json/JsonWriter_ESTest.java:[60,5] cannot find symbol
  symbol:   class JSONObject
  location: class com.zappos.json.JsonWriter_ESTest
[ERROR] /Users/curtis/Github/Thesis/chatTester/Repos/Zappos_zappos-json/src/test/java/com/zappos/json/JsonWriter_ESTest.java:[60,32] cannot find symbol
  symbol:   class JSONObject
  location: class com.zappos.json.JsonWriter_ESTest
[INFO] 5 errors 
####################

original test path: /Users/curtis/Github/Thesis/chatTester/Repos/Zappos_zappos-json/src/test/java/com/zappos/json/JsonWriter_ESTest.java
[GENERATED PATH] JsonWriter_ESTest#writeMap(ZapposJson zapposJson, Map<?, ?> map, Writer writer).java
[ERROR] COMPILATION ERROR : 
[INFO] -------------------------------------------------------------
[ERROR] /Users/curtis/Github/Thesis/chatTester/Repos/Zappos_zappos-json/src/test/java/com/zappos/json/JsonWriter_ESTest.java:[7,19] package org.mockito does not exist
[ERROR] /Users/curtis/Github/Thesis/chatTester/Repos/Zappos_zappos-json/src/test/java/com/zappos/json/JsonWriter_ESTest.java:[52,29] cannot find symbol
  symbol:   variable Mockito
  location: class com.zappos.json.JsonWriter_ESTest
[INFO] 2 errors 
####################

