original test path: /Users/curtis/Github/Thesis/chatTester/Repos/tabulapdf_tabula-java/src/test/java/technology/tabula/CohenSutherlandClipping_ESTest.java
[GENERATED PATH] CohenSutherlandClipping_ESTest#setPositionAndRegion(double x, double y).java
[ERROR] COMPILATION ERROR : 
[INFO] -------------------------------------------------------------
[ERROR] /Users/curtis/Github/Thesis/chatTester/Repos/tabulapdf_tabula-java/src/test/java/technology/tabula/CohenSutherlandClipping_ESTest.java:[28,5] cannot find symbol
  symbol:   method setClip(java.awt.geom.Rectangle2D)
  location: class technology.tabula.CohenSutherlandClipping_ESTest
[ERROR] /Users/curtis/Github/Thesis/chatTester/Repos/tabulapdf_tabula-java/src/test/java/technology/tabula/CohenSutherlandClipping_ESTest.java:[29,22] cannot find symbol
  symbol:   variable xMin
  location: class technology.tabula.CohenSutherlandClipping_ESTest
[ERROR] /Users/curtis/Github/Thesis/chatTester/Repos/tabulapdf_tabula-java/src/test/java/technology/tabula/CohenSutherlandClipping_ESTest.java:[30,22] cannot find symbol
  symbol:   variable xMax
  location: class technology.tabula.CohenSutherlandClipping_ESTest
[ERROR] /Users/curtis/Github/Thesis/chatTester/Repos/tabulapdf_tabula-java/src/test/java/technology/tabula/CohenSutherlandClipping_ESTest.java:[31,22] cannot find symbol
  symbol:   variable yMin
  location: class technology.tabula.CohenSutherlandClipping_ESTest
[ERROR] /Users/curtis/Github/Thesis/chatTester/Repos/tabulapdf_tabula-java/src/test/java/technology/tabula/CohenSutherlandClipping_ESTest.java:[32,22] cannot find symbol
  symbol:   variable yMax
  location: class technology.tabula.CohenSutherlandClipping_ESTest
[INFO] 5 errors 
####################

original test path: /Users/curtis/Github/Thesis/chatTester/Repos/tabulapdf_tabula-java/src/test/java/technology/tabula/CohenSutherlandClipping_ESTest.java
[GENERATED PATH] CohenSutherlandClipping_ESTest#setPositionAndRegion(double x, double y).java
[ERROR] COMPILATION ERROR : 
[INFO] -------------------------------------------------------------
[ERROR] /Users/curtis/Github/Thesis/chatTester/Repos/tabulapdf_tabula-java/src/test/java/technology/tabula/CohenSutherlandClipping_ESTest.java:[27,5] cannot find symbol
  symbol:   class Point
  location: class technology.tabula.CohenSutherlandClipping_ESTest
[ERROR] /Users/curtis/Github/Thesis/chatTester/Repos/tabulapdf_tabula-java/src/test/java/technology/tabula/CohenSutherlandClipping_ESTest.java:[27,23] cannot find symbol
  symbol:   class Point
  location: class technology.tabula.CohenSutherlandClipping_ESTest
[ERROR] /Users/curtis/Github/Thesis/chatTester/Repos/tabulapdf_tabula-java/src/test/java/technology/tabula/CohenSutherlandClipping_ESTest.java:[31,18] cannot find symbol
  symbol:   variable Point
  location: class technology.tabula.CohenSutherlandClipping_ESTest
[ERROR] /Users/curtis/Github/Thesis/chatTester/Repos/tabulapdf_tabula-java/src/test/java/technology/tabula/CohenSutherlandClipping_ESTest.java:[36,18] cannot find symbol
  symbol:   variable Point
  location: class technology.tabula.CohenSutherlandClipping_ESTest
[ERROR] /Users/curtis/Github/Thesis/chatTester/Repos/tabulapdf_tabula-java/src/test/java/technology/tabula/CohenSutherlandClipping_ESTest.java:[36,31] cannot find symbol
  symbol:   variable Point
  location: class technology.tabula.CohenSutherlandClipping_ESTest
[ERROR] /Users/curtis/Github/Thesis/chatTester/Repos/tabulapdf_tabula-java/src/test/java/technology/tabula/CohenSutherlandClipping_ESTest.java:[40,18] cannot find symbol
  symbol:   variable Point
  location: class technology.tabula.CohenSutherlandClipping_ESTest
[ERROR] /Users/curtis/Github/Thesis/chatTester/Repos/tabulapdf_tabula-java/src/test/java/technology/tabula/CohenSutherlandClipping_ESTest.java:[40,32] cannot find symbol
  symbol:   variable Point
  location: class technology.tabula.CohenSutherlandClipping_ESTest
[ERROR] /Users/curtis/Github/Thesis/chatTester/Repos/tabulapdf_tabula-java/src/test/java/technology/tabula/CohenSutherlandClipping_ESTest.java:[44,18] cannot find symbol
  symbol:   variable Point
  location: class technology.tabula.CohenSutherlandClipping_ESTest
[INFO] 8 errors 
####################

original test path: /Users/curtis/Github/Thesis/chatTester/Repos/tabulapdf_tabula-java/src/test/java/technology/tabula/CohenSutherlandClipping_ESTest.java
[GENERATED PATH] CohenSutherlandClipping_ESTest#setPositionAndRegion(double x, double y).java
[ERROR] COMPILATION ERROR : 
[INFO] -------------------------------------------------------------
[ERROR] /Users/curtis/Github/Thesis/chatTester/Repos/tabulapdf_tabula-java/src/test/java/technology/tabula/CohenSutherlandClipping_ESTest.java:[27,43] an enclosing instance that contains technology.tabula.CohenSutherlandClipping.Point is required
[ERROR] /Users/curtis/Github/Thesis/chatTester/Repos/tabulapdf_tabula-java/src/test/java/technology/tabula/CohenSutherlandClipping_ESTest.java:[31,47] cannot find symbol
  symbol:   variable INSIDE
  location: class technology.tabula.CohenSutherlandClipping.Point
[ERROR] /Users/curtis/Github/Thesis/chatTester/Repos/tabulapdf_tabula-java/src/test/java/technology/tabula/CohenSutherlandClipping_ESTest.java:[35,47] cannot find symbol
  symbol:   variable LEFT
  location: class technology.tabula.CohenSutherlandClipping.Point
[ERROR] /Users/curtis/Github/Thesis/chatTester/Repos/tabulapdf_tabula-java/src/test/java/technology/tabula/CohenSutherlandClipping_ESTest.java:[35,84] cannot find symbol
  symbol:   variable TOP
  location: class technology.tabula.CohenSutherlandClipping.Point
[ERROR] /Users/curtis/Github/Thesis/chatTester/Repos/tabulapdf_tabula-java/src/test/java/technology/tabula/CohenSutherlandClipping_ESTest.java:[39,47] cannot find symbol
  symbol:   variable RIGHT
  location: class technology.tabula.CohenSutherlandClipping.Point
[ERROR] /Users/curtis/Github/Thesis/chatTester/Repos/tabulapdf_tabula-java/src/test/java/technology/tabula/CohenSutherlandClipping_ESTest.java:[39,85] cannot find symbol
  symbol:   variable BOTTOM
  location: class technology.tabula.CohenSutherlandClipping.Point
[ERROR] /Users/curtis/Github/Thesis/chatTester/Repos/tabulapdf_tabula-java/src/test/java/technology/tabula/CohenSutherlandClipping_ESTest.java:[43,47] cannot find symbol
  symbol:   variable INSIDE
  location: class technology.tabula.CohenSutherlandClipping.Point
[INFO] 7 errors 
####################

original test path: /Users/curtis/Github/Thesis/chatTester/Repos/tabulapdf_tabula-java/src/test/java/technology/tabula/CohenSutherlandClipping_ESTest.java
[GENERATED PATH] CohenSutherlandClipping_ESTest#setPositionAndRegion(double x, double y).java
[ERROR] COMPILATION ERROR : 
[INFO] -------------------------------------------------------------
[ERROR] /Users/curtis/Github/Thesis/chatTester/Repos/tabulapdf_tabula-java/src/test/java/technology/tabula/CohenSutherlandClipping_ESTest.java:[27,43] an enclosing instance that contains technology.tabula.CohenSutherlandClipping.Point is required
[ERROR] /Users/curtis/Github/Thesis/chatTester/Repos/tabulapdf_tabula-java/src/test/java/technology/tabula/CohenSutherlandClipping_ESTest.java:[31,47] cannot find symbol
  symbol:   variable INSIDE
  location: class technology.tabula.CohenSutherlandClipping.Point
[ERROR] /Users/curtis/Github/Thesis/chatTester/Repos/tabulapdf_tabula-java/src/test/java/technology/tabula/CohenSutherlandClipping_ESTest.java:[35,47] cannot find symbol
  symbol:   variable LEFT
  location: class technology.tabula.CohenSutherlandClipping.Point
[ERROR] /Users/curtis/Github/Thesis/chatTester/Repos/tabulapdf_tabula-java/src/test/java/technology/tabula/CohenSutherlandClipping_ESTest.java:[35,84] cannot find symbol
  symbol:   variable TOP
  location: class technology.tabula.CohenSutherlandClipping.Point
[ERROR] /Users/curtis/Github/Thesis/chatTester/Repos/tabulapdf_tabula-java/src/test/java/technology/tabula/CohenSutherlandClipping_ESTest.java:[39,47] cannot find symbol
  symbol:   variable RIGHT
  location: class technology.tabula.CohenSutherlandClipping.Point
[ERROR] /Users/curtis/Github/Thesis/chatTester/Repos/tabulapdf_tabula-java/src/test/java/technology/tabula/CohenSutherlandClipping_ESTest.java:[39,85] cannot find symbol
  symbol:   variable BOTTOM
  location: class technology.tabula.CohenSutherlandClipping.Point
[ERROR] /Users/curtis/Github/Thesis/chatTester/Repos/tabulapdf_tabula-java/src/test/java/technology/tabula/CohenSutherlandClipping_ESTest.java:[43,47] cannot find symbol
  symbol:   variable INSIDE
  location: class technology.tabula.CohenSutherlandClipping.Point
[INFO] 7 errors 
####################

original test path: /Users/curtis/Github/Thesis/chatTester/Repos/tabulapdf_tabula-java/src/test/java/technology/tabula/CohenSutherlandClipping_ESTest.java
[GENERATED PATH] CohenSutherlandClipping_ESTest#setPositionAndRegion(double x, double y).java
[ERROR] COMPILATION ERROR : 
[INFO] -------------------------------------------------------------
[ERROR] /Users/curtis/Github/Thesis/chatTester/Repos/tabulapdf_tabula-java/src/test/java/technology/tabula/CohenSutherlandClipping_ESTest.java:[27,43] an enclosing instance that contains technology.tabula.CohenSutherlandClipping.Point is required
[ERROR] /Users/curtis/Github/Thesis/chatTester/Repos/tabulapdf_tabula-java/src/test/java/technology/tabula/CohenSutherlandClipping_ESTest.java:[31,47] cannot find symbol
  symbol:   variable INSIDE
  location: class technology.tabula.CohenSutherlandClipping.Point
[ERROR] /Users/curtis/Github/Thesis/chatTester/Repos/tabulapdf_tabula-java/src/test/java/technology/tabula/CohenSutherlandClipping_ESTest.java:[35,47] cannot find symbol
  symbol:   variable LEFT
  location: class technology.tabula.CohenSutherlandClipping.Point
[ERROR] /Users/curtis/Github/Thesis/chatTester/Repos/tabulapdf_tabula-java/src/test/java/technology/tabula/CohenSutherlandClipping_ESTest.java:[35,84] cannot find symbol
  symbol:   variable TOP
  location: class technology.tabula.CohenSutherlandClipping.Point
[ERROR] /Users/curtis/Github/Thesis/chatTester/Repos/tabulapdf_tabula-java/src/test/java/technology/tabula/CohenSutherlandClipping_ESTest.java:[39,47] cannot find symbol
  symbol:   variable RIGHT
  location: class technology.tabula.CohenSutherlandClipping.Point
[ERROR] /Users/curtis/Github/Thesis/chatTester/Repos/tabulapdf_tabula-java/src/test/java/technology/tabula/CohenSutherlandClipping_ESTest.java:[39,85] cannot find symbol
  symbol:   variable BOTTOM
  location: class technology.tabula.CohenSutherlandClipping.Point
[ERROR] /Users/curtis/Github/Thesis/chatTester/Repos/tabulapdf_tabula-java/src/test/java/technology/tabula/CohenSutherlandClipping_ESTest.java:[43,47] cannot find symbol
  symbol:   variable INSIDE
  location: class technology.tabula.CohenSutherlandClipping.Point
[INFO] 7 errors 
####################

