original test path: /Users/curtis/Github/Thesis/chatTester/Repos/Zappos_zappos-json/src/test/java/com/zappos/json/format/AbstractValueFormatter_ESTest.java
[GENERATED PATH] AbstractValueFormatter_ESTest#getPattern().java
[ERROR] COMPILATION ERROR : 
[INFO] -------------------------------------------------------------
[ERROR] /Users/curtis/Github/Thesis/chatTester/Repos/Zappos_zappos-json/src/test/java/com/zappos/json/JsonWriterCodeGenerator_ESTest.java:[88,68] cannot find symbol
  symbol:   variable clazz
  location: class com.zappos.json.JsonWriterCodeGenerator_ESTest
[ERROR] /Users/curtis/Github/Thesis/chatTester/Repos/Zappos_zappos-json/src/test/java/com/zappos/json/JsonWriterCodeGenerator_ESTest.java:[89,65] cannot find symbol
  symbol:   variable clazz
  location: class com.zappos.json.JsonWriterCodeGenerator_ESTest
[ERROR] /Users/curtis/Github/Thesis/chatTester/Repos/Zappos_zappos-json/src/test/java/com/zappos/json/JsonWriterCodeGenerator_ESTest.java:[94,64] cannot find symbol
  symbol:   variable clazz
  location: class com.zappos.json.JsonWriterCodeGenerator_ESTest
[ERROR] /Users/curtis/Github/Thesis/chatTester/Repos/Zappos_zappos-json/src/test/java/com/zappos/json/format/AbstractValueFormatter_ESTest.java:[38,47] no interface expected here
[ERROR] /Users/curtis/Github/Thesis/chatTester/Repos/Zappos_zappos-json/src/test/java/com/zappos/json/format/AbstractValueFormatter_ESTest.java:[41,24] cannot find symbol
  symbol: variable pattern
[ERROR] /Users/curtis/Github/Thesis/chatTester/Repos/Zappos_zappos-json/src/test/java/com/zappos/json/format/AbstractValueFormatter_ESTest.java:[48,57] cannot find symbol
  symbol:   method setPattern(java.lang.String)
  location: variable formatter of type TestFormatter
[ERROR] /Users/curtis/Github/Thesis/chatTester/Repos/Zappos_zappos-json/src/test/java/com/zappos/json/format/AbstractValueFormatter_ESTest.java:[51,16] incompatible types: TestFormatter cannot be converted to java.lang.String
[INFO] 7 errors 
####################

original test path: /Users/curtis/Github/Thesis/chatTester/Repos/Zappos_zappos-json/src/test/java/com/zappos/json/format/AbstractValueFormatter_ESTest.java
[GENERATED PATH] AbstractValueFormatter_ESTest#getPattern().java
[ERROR] COMPILATION ERROR : 
[INFO] -------------------------------------------------------------
[ERROR] /Users/curtis/Github/Thesis/chatTester/Repos/Zappos_zappos-json/src/test/java/com/zappos/json/JsonWriterCodeGenerator_ESTest.java:[88,68] cannot find symbol
  symbol:   variable clazz
  location: class com.zappos.json.JsonWriterCodeGenerator_ESTest
[ERROR] /Users/curtis/Github/Thesis/chatTester/Repos/Zappos_zappos-json/src/test/java/com/zappos/json/JsonWriterCodeGenerator_ESTest.java:[89,65] cannot find symbol
  symbol:   variable clazz
  location: class com.zappos.json.JsonWriterCodeGenerator_ESTest
[ERROR] /Users/curtis/Github/Thesis/chatTester/Repos/Zappos_zappos-json/src/test/java/com/zappos/json/JsonWriterCodeGenerator_ESTest.java:[94,64] cannot find symbol
  symbol:   variable clazz
  location: class com.zappos.json.JsonWriterCodeGenerator_ESTest
[ERROR] /Users/curtis/Github/Thesis/chatTester/Repos/Zappos_zappos-json/src/test/java/com/zappos/json/format/AbstractValueFormatter_ESTest.java:[36,9] cannot find symbol
  symbol:   class ConcreteValueFormatter
  location: class com.zappos.json.format.AbstractValueFormatter_ESTest
[ERROR] /Users/curtis/Github/Thesis/chatTester/Repos/Zappos_zappos-json/src/test/java/com/zappos/json/format/AbstractValueFormatter_ESTest.java:[36,48] cannot find symbol
  symbol:   class ConcreteValueFormatter
  location: class com.zappos.json.format.AbstractValueFormatter_ESTest
[INFO] 5 errors 
####################

original test path: /Users/curtis/Github/Thesis/chatTester/Repos/Zappos_zappos-json/src/test/java/com/zappos/json/format/AbstractValueFormatter_ESTest.java
[GENERATED PATH] AbstractValueFormatter_ESTest#getPattern().java
[ERROR] COMPILATION ERROR : 
[INFO] -------------------------------------------------------------
[ERROR] /Users/curtis/Github/Thesis/chatTester/Repos/Zappos_zappos-json/src/test/java/com/zappos/json/JsonWriterCodeGenerator_ESTest.java:[88,68] cannot find symbol
  symbol:   variable clazz
  location: class com.zappos.json.JsonWriterCodeGenerator_ESTest
[ERROR] /Users/curtis/Github/Thesis/chatTester/Repos/Zappos_zappos-json/src/test/java/com/zappos/json/JsonWriterCodeGenerator_ESTest.java:[89,65] cannot find symbol
  symbol:   variable clazz
  location: class com.zappos.json.JsonWriterCodeGenerator_ESTest
[ERROR] /Users/curtis/Github/Thesis/chatTester/Repos/Zappos_zappos-json/src/test/java/com/zappos/json/JsonWriterCodeGenerator_ESTest.java:[94,64] cannot find symbol
  symbol:   variable clazz
  location: class com.zappos.json.JsonWriterCodeGenerator_ESTest
[ERROR] /Users/curtis/Github/Thesis/chatTester/Repos/Zappos_zappos-json/src/test/java/com/zappos/json/format/AbstractValueFormatter_ESTest.java:[36,9] cannot find symbol
  symbol:   class ConcreteValueFormatter
  location: class com.zappos.json.format.AbstractValueFormatter_ESTest
[ERROR] /Users/curtis/Github/Thesis/chatTester/Repos/Zappos_zappos-json/src/test/java/com/zappos/json/format/AbstractValueFormatter_ESTest.java:[36,48] cannot find symbol
  symbol:   class ConcreteValueFormatter
  location: class com.zappos.json.format.AbstractValueFormatter_ESTest
[INFO] 5 errors 
####################

original test path: /Users/curtis/Github/Thesis/chatTester/Repos/Zappos_zappos-json/src/test/java/com/zappos/json/format/AbstractValueFormatter_ESTest.java
[GENERATED PATH] AbstractValueFormatter_ESTest#getPattern().java
[ERROR] COMPILATION ERROR : 
[INFO] -------------------------------------------------------------
[ERROR] /Users/curtis/Github/Thesis/chatTester/Repos/Zappos_zappos-json/src/test/java/com/zappos/json/JsonWriterCodeGenerator_ESTest.java:[88,68] cannot find symbol
  symbol:   variable clazz
  location: class com.zappos.json.JsonWriterCodeGenerator_ESTest
[ERROR] /Users/curtis/Github/Thesis/chatTester/Repos/Zappos_zappos-json/src/test/java/com/zappos/json/JsonWriterCodeGenerator_ESTest.java:[89,65] cannot find symbol
  symbol:   variable clazz
  location: class com.zappos.json.JsonWriterCodeGenerator_ESTest
[ERROR] /Users/curtis/Github/Thesis/chatTester/Repos/Zappos_zappos-json/src/test/java/com/zappos/json/JsonWriterCodeGenerator_ESTest.java:[94,64] cannot find symbol
  symbol:   variable clazz
  location: class com.zappos.json.JsonWriterCodeGenerator_ESTest
[ERROR] /Users/curtis/Github/Thesis/chatTester/Repos/Zappos_zappos-json/src/test/java/com/zappos/json/format/AbstractValueFormatter_ESTest.java:[36,5] cannot find symbol
  symbol:   class TestValueFormatter
  location: class com.zappos.json.format.AbstractValueFormatter_ESTest
[ERROR] /Users/curtis/Github/Thesis/chatTester/Repos/Zappos_zappos-json/src/test/java/com/zappos/json/format/AbstractValueFormatter_ESTest.java:[36,40] cannot find symbol
  symbol:   class TestValueFormatter
  location: class com.zappos.json.format.AbstractValueFormatter_ESTest
[INFO] 5 errors 
####################

original test path: /Users/curtis/Github/Thesis/chatTester/Repos/Zappos_zappos-json/src/test/java/com/zappos/json/format/AbstractValueFormatter_ESTest.java
[GENERATED PATH] AbstractValueFormatter_ESTest#getPattern().java
[ERROR] COMPILATION ERROR : 
[INFO] -------------------------------------------------------------
[ERROR] /Users/curtis/Github/Thesis/chatTester/Repos/Zappos_zappos-json/src/test/java/com/zappos/json/JsonWriterCodeGenerator_ESTest.java:[88,68] cannot find symbol
  symbol:   variable clazz
  location: class com.zappos.json.JsonWriterCodeGenerator_ESTest
[ERROR] /Users/curtis/Github/Thesis/chatTester/Repos/Zappos_zappos-json/src/test/java/com/zappos/json/JsonWriterCodeGenerator_ESTest.java:[89,65] cannot find symbol
  symbol:   variable clazz
  location: class com.zappos.json.JsonWriterCodeGenerator_ESTest
[ERROR] /Users/curtis/Github/Thesis/chatTester/Repos/Zappos_zappos-json/src/test/java/com/zappos/json/JsonWriterCodeGenerator_ESTest.java:[94,64] cannot find symbol
  symbol:   variable clazz
  location: class com.zappos.json.JsonWriterCodeGenerator_ESTest
[ERROR] /Users/curtis/Github/Thesis/chatTester/Repos/Zappos_zappos-json/src/test/java/com/zappos/json/format/AbstractValueFormatter_ESTest.java:[36,9] cannot find symbol
  symbol:   class ConcreteValueFormatter
  location: class com.zappos.json.format.AbstractValueFormatter_ESTest
[ERROR] /Users/curtis/Github/Thesis/chatTester/Repos/Zappos_zappos-json/src/test/java/com/zappos/json/format/AbstractValueFormatter_ESTest.java:[36,56] cannot find symbol
  symbol:   class ConcreteValueFormatter
  location: class com.zappos.json.format.AbstractValueFormatter_ESTest
[INFO] 5 errors 
####################

