original test path: /Users/curtis/Github/Thesis/chatTester/Repos/Zappos_zappos-json/src/test/java/com/zappos/json/format/JavaDateFormatter_ESTest.java
[GENERATED PATH] JavaDateFormatter_ESTest#parse(ZapposJson zapposJson, String string).java
[ERROR] COMPILATION ERROR : 
[INFO] -------------------------------------------------------------
[ERROR] /Users/curtis/Github/Thesis/chatTester/Repos/Zappos_zappos-json/src/test/java/com/zappos/json/format/JavaDateFormatter_ESTest.java:[33,21] setPattern(java.lang.String) in <anonymous com.zappos.json.format.JavaDateFormatter_ESTest$1> cannot implement setPattern(java.lang.String) in com.zappos.json.format.ValueFormatter
  return type void is not compatible with com.zappos.json.format.ValueFormatter<java.util.Date>
[ERROR] /Users/curtis/Github/Thesis/chatTester/Repos/Zappos_zappos-json/src/test/java/com/zappos/json/format/JavaDateFormatter_ESTest.java:[46,5] cannot find symbol
  symbol:   class SimpleDateFormat
  location: class com.zappos.json.format.JavaDateFormatter_ESTest
[ERROR] /Users/curtis/Github/Thesis/chatTester/Repos/Zappos_zappos-json/src/test/java/com/zappos/json/format/JavaDateFormatter_ESTest.java:[46,32] cannot find symbol
  symbol:   class SimpleDateFormat
  location: class com.zappos.json.format.JavaDateFormatter_ESTest
[INFO] 3 errors 
####################

original test path: /Users/curtis/Github/Thesis/chatTester/Repos/Zappos_zappos-json/src/test/java/com/zappos/json/format/JavaDateFormatter_ESTest.java
[GENERATED PATH] JavaDateFormatter_ESTest#parse(ZapposJson zapposJson, String string).java
[ERROR] COMPILATION ERROR : 
[INFO] -------------------------------------------------------------
[ERROR] /Users/curtis/Github/Thesis/chatTester/Repos/Zappos_zappos-json/src/test/java/com/zappos/json/JsonWriterCodeGenerator_ESTest.java:[88,68] cannot find symbol
  symbol:   variable clazz
  location: class com.zappos.json.JsonWriterCodeGenerator_ESTest
[ERROR] /Users/curtis/Github/Thesis/chatTester/Repos/Zappos_zappos-json/src/test/java/com/zappos/json/JsonWriterCodeGenerator_ESTest.java:[89,65] cannot find symbol
  symbol:   variable clazz
  location: class com.zappos.json.JsonWriterCodeGenerator_ESTest
[ERROR] /Users/curtis/Github/Thesis/chatTester/Repos/Zappos_zappos-json/src/test/java/com/zappos/json/JsonWriterCodeGenerator_ESTest.java:[94,64] cannot find symbol
  symbol:   variable clazz
  location: class com.zappos.json.JsonWriterCodeGenerator_ESTest
[ERROR] /Users/curtis/Github/Thesis/chatTester/Repos/Zappos_zappos-json/src/test/java/com/zappos/json/format/JavaDateFormatter_ESTest.java:[38,25] setPattern(java.lang.String) in TestJavaDateFormatter cannot implement setPattern(java.lang.String) in com.zappos.json.format.ValueFormatter
  return type void is not compatible with com.zappos.json.format.ValueFormatter<java.util.Date>
[INFO] 4 errors 
####################

original test path: /Users/curtis/Github/Thesis/chatTester/Repos/Zappos_zappos-json/src/test/java/com/zappos/json/format/JavaDateFormatter_ESTest.java
[GENERATED PATH] JavaDateFormatter_ESTest#parse(ZapposJson zapposJson, String string).java
[ERROR] COMPILATION ERROR : 
[INFO] -------------------------------------------------------------
[ERROR] /Users/curtis/Github/Thesis/chatTester/Repos/Zappos_zappos-json/src/test/java/com/zappos/json/JsonWriterCodeGenerator_ESTest.java:[88,68] cannot find symbol
  symbol:   variable clazz
  location: class com.zappos.json.JsonWriterCodeGenerator_ESTest
[ERROR] /Users/curtis/Github/Thesis/chatTester/Repos/Zappos_zappos-json/src/test/java/com/zappos/json/JsonWriterCodeGenerator_ESTest.java:[89,65] cannot find symbol
  symbol:   variable clazz
  location: class com.zappos.json.JsonWriterCodeGenerator_ESTest
[ERROR] /Users/curtis/Github/Thesis/chatTester/Repos/Zappos_zappos-json/src/test/java/com/zappos/json/JsonWriterCodeGenerator_ESTest.java:[94,64] cannot find symbol
  symbol:   variable clazz
  location: class com.zappos.json.JsonWriterCodeGenerator_ESTest
[ERROR] /Users/curtis/Github/Thesis/chatTester/Repos/Zappos_zappos-json/src/test/java/com/zappos/json/format/JavaDateFormatter_ESTest.java:[41,25] setPattern(java.lang.String) in TestJavaDateFormatter cannot implement setPattern(java.lang.String) in com.zappos.json.format.ValueFormatter
  return type void is not compatible with com.zappos.json.format.ValueFormatter<java.util.Date>
[ERROR] /Users/curtis/Github/Thesis/chatTester/Repos/Zappos_zappos-json/src/test/java/com/zappos/json/format/JavaDateFormatter_ESTest.java:[40,13] method does not override or implement a method from a supertype
[INFO] 5 errors 
####################

