original test path: /Users/curtis/Github/Thesis/chatTester/Repos/Zappos_zappos-json/src/test/java/com/zappos/json/JsonBeanIntrospector_ESTest.java
[GENERATED PATH] JsonBeanIntrospector_ESTest#getMutators(Class<?> clazz).java
[ERROR] COMPILATION ERROR : 
[INFO] -------------------------------------------------------------
[ERROR] /Users/curtis/Github/Thesis/chatTester/Repos/Zappos_zappos-json/src/test/java/com/zappos/json/JsonBeanIntrospector_ESTest.java:[28,8] class, interface, or enum expected
[ERROR] /Users/curtis/Github/Thesis/chatTester/Repos/Zappos_zappos-json/src/test/java/com/zappos/json/JsonBeanIntrospector_ESTest.java:[57,5] class, interface, or enum expected
[ERROR] /Users/curtis/Github/Thesis/chatTester/Repos/Zappos_zappos-json/src/test/java/com/zappos/json/JsonBeanIntrospector_ESTest.java:[57,67] <identifier> expected
[ERROR] /Users/curtis/Github/Thesis/chatTester/Repos/Zappos_zappos-json/src/test/java/com/zappos/json/JsonBeanIntrospector_ESTest.java:[60,5] invalid method declaration; return type required
[ERROR] /Users/curtis/Github/Thesis/chatTester/Repos/Zappos_zappos-json/src/test/java/com/zappos/json/JsonBeanIntrospector_ESTest.java:[60,27] <identifier> expected
[ERROR] /Users/curtis/Github/Thesis/chatTester/Repos/Zappos_zappos-json/src/test/java/com/zappos/json/JsonBeanIntrospector_ESTest.java:[60,29] illegal start of type
[ERROR] /Users/curtis/Github/Thesis/chatTester/Repos/Zappos_zappos-json/src/test/java/com/zappos/json/JsonBeanIntrospector_ESTest.java:[62,5] invalid method declaration; return type required
[ERROR] /Users/curtis/Github/Thesis/chatTester/Repos/Zappos_zappos-json/src/test/java/com/zappos/json/JsonBeanIntrospector_ESTest.java:[62,18] illegal start of type
[ERROR] /Users/curtis/Github/Thesis/chatTester/Repos/Zappos_zappos-json/src/test/java/com/zappos/json/JsonBeanIntrospector_ESTest.java:[62,34] <identifier> expected
[ERROR] /Users/curtis/Github/Thesis/chatTester/Repos/Zappos_zappos-json/src/test/java/com/zappos/json/JsonBeanIntrospector_ESTest.java:[62,35] ';' expected
[ERROR] /Users/curtis/Github/Thesis/chatTester/Repos/Zappos_zappos-json/src/test/java/com/zappos/json/JsonBeanIntrospector_ESTest.java:[62,36] illegal start of type
[ERROR] /Users/curtis/Github/Thesis/chatTester/Repos/Zappos_zappos-json/src/test/java/com/zappos/json/JsonBeanIntrospector_ESTest.java:[62,37] <identifier> expected
[ERROR] /Users/curtis/Github/Thesis/chatTester/Repos/Zappos_zappos-json/src/test/java/com/zappos/json/JsonBeanIntrospector_ESTest.java:[62,81] ';' expected
[ERROR] /Users/curtis/Github/Thesis/chatTester/Repos/Zappos_zappos-json/src/test/java/com/zappos/json/JsonBeanIntrospector_ESTest.java:[66,28] lambda expressions are not supported in -source 1.7
  (use -source 8 or higher to enable lambda expressions)
[ERROR] /Users/curtis/Github/Thesis/chatTester/Repos/Zappos_zappos-json/src/test/java/com/zappos/json/JsonBeanIntrospector_ESTest.java:[70,5] invalid method declaration; return type required
[ERROR] /Users/curtis/Github/Thesis/chatTester/Repos/Zappos_zappos-json/src/test/java/com/zappos/json/JsonBeanIntrospector_ESTest.java:[70,26] <identifier> expected
[ERROR] /Users/curtis/Github/Thesis/chatTester/Repos/Zappos_zappos-json/src/test/java/com/zappos/json/JsonBeanIntrospector_ESTest.java:[70,28] illegal start of type
[ERROR] /Users/curtis/Github/Thesis/chatTester/Repos/Zappos_zappos-json/src/test/java/com/zappos/json/JsonBeanIntrospector_ESTest.java:[71,5] invalid method declaration; return type required
[ERROR] /Users/curtis/Github/Thesis/chatTester/Repos/Zappos_zappos-json/src/test/java/com/zappos/json/JsonBeanIntrospector_ESTest.java:[71,25] <identifier> expected
[ERROR] /Users/curtis/Github/Thesis/chatTester/Repos/Zappos_zappos-json/src/test/java/com/zappos/json/JsonBeanIntrospector_ESTest.java:[71,27] illegal start of type
[ERROR] /Users/curtis/Github/Thesis/chatTester/Repos/Zappos_zappos-json/src/test/java/com/zappos/json/JsonBeanIntrospector_ESTest.java:[73,1] class, interface, or enum expected
[INFO] 21 errors 
####################

original test path: /Users/curtis/Github/Thesis/chatTester/Repos/Zappos_zappos-json/src/test/java/com/zappos/json/JsonBeanIntrospector_ESTest.java
[GENERATED PATH] JsonBeanIntrospector_ESTest#getMutators(Class<?> clazz).java
[ERROR] COMPILATION ERROR : 
[INFO] -------------------------------------------------------------
[ERROR] /Users/curtis/Github/Thesis/chatTester/Repos/Zappos_zappos-json/src/test/java/com/zappos/json/JsonBeanIntrospector_ESTest.java:[28,8] class, interface, or enum expected
[ERROR] /Users/curtis/Github/Thesis/chatTester/Repos/Zappos_zappos-json/src/test/java/com/zappos/json/JsonBeanIntrospector_ESTest.java:[34,5] class, interface, or enum expected
[ERROR] /Users/curtis/Github/Thesis/chatTester/Repos/Zappos_zappos-json/src/test/java/com/zappos/json/JsonBeanIntrospector_ESTest.java:[35,5] class, interface, or enum expected
[ERROR] /Users/curtis/Github/Thesis/chatTester/Repos/Zappos_zappos-json/src/test/java/com/zappos/json/JsonBeanIntrospector_ESTest.java:[45,5] class, interface, or enum expected
[ERROR] /Users/curtis/Github/Thesis/chatTester/Repos/Zappos_zappos-json/src/test/java/com/zappos/json/JsonBeanIntrospector_ESTest.java:[45,80] <identifier> expected
[ERROR] /Users/curtis/Github/Thesis/chatTester/Repos/Zappos_zappos-json/src/test/java/com/zappos/json/JsonBeanIntrospector_ESTest.java:[48,5] invalid method declaration; return type required
[ERROR] /Users/curtis/Github/Thesis/chatTester/Repos/Zappos_zappos-json/src/test/java/com/zappos/json/JsonBeanIntrospector_ESTest.java:[48,27] <identifier> expected
[ERROR] /Users/curtis/Github/Thesis/chatTester/Repos/Zappos_zappos-json/src/test/java/com/zappos/json/JsonBeanIntrospector_ESTest.java:[48,29] illegal start of type
[ERROR] /Users/curtis/Github/Thesis/chatTester/Repos/Zappos_zappos-json/src/test/java/com/zappos/json/JsonBeanIntrospector_ESTest.java:[49,5] invalid method declaration; return type required
[ERROR] /Users/curtis/Github/Thesis/chatTester/Repos/Zappos_zappos-json/src/test/java/com/zappos/json/JsonBeanIntrospector_ESTest.java:[49,33] <identifier> expected
[ERROR] /Users/curtis/Github/Thesis/chatTester/Repos/Zappos_zappos-json/src/test/java/com/zappos/json/JsonBeanIntrospector_ESTest.java:[49,34] ';' expected
[ERROR] /Users/curtis/Github/Thesis/chatTester/Repos/Zappos_zappos-json/src/test/java/com/zappos/json/JsonBeanIntrospector_ESTest.java:[49,35] illegal start of type
[ERROR] /Users/curtis/Github/Thesis/chatTester/Repos/Zappos_zappos-json/src/test/java/com/zappos/json/JsonBeanIntrospector_ESTest.java:[49,36] <identifier> expected
[ERROR] /Users/curtis/Github/Thesis/chatTester/Repos/Zappos_zappos-json/src/test/java/com/zappos/json/JsonBeanIntrospector_ESTest.java:[49,80] ';' expected
[ERROR] /Users/curtis/Github/Thesis/chatTester/Repos/Zappos_zappos-json/src/test/java/com/zappos/json/JsonBeanIntrospector_ESTest.java:[52,28] lambda expressions are not supported in -source 1.7
  (use -source 8 or higher to enable lambda expressions)
[ERROR] /Users/curtis/Github/Thesis/chatTester/Repos/Zappos_zappos-json/src/test/java/com/zappos/json/JsonBeanIntrospector_ESTest.java:[53,5] invalid method declaration; return type required
[ERROR] /Users/curtis/Github/Thesis/chatTester/Repos/Zappos_zappos-json/src/test/java/com/zappos/json/JsonBeanIntrospector_ESTest.java:[53,27] <identifier> expected
[ERROR] /Users/curtis/Github/Thesis/chatTester/Repos/Zappos_zappos-json/src/test/java/com/zappos/json/JsonBeanIntrospector_ESTest.java:[53,29] illegal start of type
[ERROR] /Users/curtis/Github/Thesis/chatTester/Repos/Zappos_zappos-json/src/test/java/com/zappos/json/JsonBeanIntrospector_ESTest.java:[55,1] class, interface, or enum expected
[INFO] 19 errors 
####################

original test path: /Users/curtis/Github/Thesis/chatTester/Repos/Zappos_zappos-json/src/test/java/com/zappos/json/JsonBeanIntrospector_ESTest.java
[GENERATED PATH] JsonBeanIntrospector_ESTest#getMutators(Class<?> clazz).java
[ERROR] COMPILATION ERROR : 
[INFO] -------------------------------------------------------------
[ERROR] /Users/curtis/Github/Thesis/chatTester/Repos/Zappos_zappos-json/src/test/java/com/zappos/json/JsonBeanIntrospector_ESTest.java:[28,8] class, interface, or enum expected
[ERROR] /Users/curtis/Github/Thesis/chatTester/Repos/Zappos_zappos-json/src/test/java/com/zappos/json/JsonBeanIntrospector_ESTest.java:[50,5] class, interface, or enum expected
[ERROR] /Users/curtis/Github/Thesis/chatTester/Repos/Zappos_zappos-json/src/test/java/com/zappos/json/JsonBeanIntrospector_ESTest.java:[53,5] class, interface, or enum expected
[ERROR] /Users/curtis/Github/Thesis/chatTester/Repos/Zappos_zappos-json/src/test/java/com/zappos/json/JsonBeanIntrospector_ESTest.java:[53,80] <identifier> expected
[ERROR] /Users/curtis/Github/Thesis/chatTester/Repos/Zappos_zappos-json/src/test/java/com/zappos/json/JsonBeanIntrospector_ESTest.java:[56,5] invalid method declaration; return type required
[ERROR] /Users/curtis/Github/Thesis/chatTester/Repos/Zappos_zappos-json/src/test/java/com/zappos/json/JsonBeanIntrospector_ESTest.java:[56,27] <identifier> expected
[ERROR] /Users/curtis/Github/Thesis/chatTester/Repos/Zappos_zappos-json/src/test/java/com/zappos/json/JsonBeanIntrospector_ESTest.java:[56,29] illegal start of type
[ERROR] /Users/curtis/Github/Thesis/chatTester/Repos/Zappos_zappos-json/src/test/java/com/zappos/json/JsonBeanIntrospector_ESTest.java:[57,5] invalid method declaration; return type required
[ERROR] /Users/curtis/Github/Thesis/chatTester/Repos/Zappos_zappos-json/src/test/java/com/zappos/json/JsonBeanIntrospector_ESTest.java:[57,33] <identifier> expected
[ERROR] /Users/curtis/Github/Thesis/chatTester/Repos/Zappos_zappos-json/src/test/java/com/zappos/json/JsonBeanIntrospector_ESTest.java:[57,34] ';' expected
[ERROR] /Users/curtis/Github/Thesis/chatTester/Repos/Zappos_zappos-json/src/test/java/com/zappos/json/JsonBeanIntrospector_ESTest.java:[57,35] illegal start of type
[ERROR] /Users/curtis/Github/Thesis/chatTester/Repos/Zappos_zappos-json/src/test/java/com/zappos/json/JsonBeanIntrospector_ESTest.java:[57,36] <identifier> expected
[ERROR] /Users/curtis/Github/Thesis/chatTester/Repos/Zappos_zappos-json/src/test/java/com/zappos/json/JsonBeanIntrospector_ESTest.java:[57,81] ';' expected
[ERROR] /Users/curtis/Github/Thesis/chatTester/Repos/Zappos_zappos-json/src/test/java/com/zappos/json/JsonBeanIntrospector_ESTest.java:[60,59] lambda expressions are not supported in -source 1.7
  (use -source 8 or higher to enable lambda expressions)
[ERROR] /Users/curtis/Github/Thesis/chatTester/Repos/Zappos_zappos-json/src/test/java/com/zappos/json/JsonBeanIntrospector_ESTest.java:[63,5] invalid method declaration; return type required
[ERROR] /Users/curtis/Github/Thesis/chatTester/Repos/Zappos_zappos-json/src/test/java/com/zappos/json/JsonBeanIntrospector_ESTest.java:[63,27] <identifier> expected
[ERROR] /Users/curtis/Github/Thesis/chatTester/Repos/Zappos_zappos-json/src/test/java/com/zappos/json/JsonBeanIntrospector_ESTest.java:[63,29] illegal start of type
[ERROR] /Users/curtis/Github/Thesis/chatTester/Repos/Zappos_zappos-json/src/test/java/com/zappos/json/JsonBeanIntrospector_ESTest.java:[64,5] invalid method declaration; return type required
[ERROR] /Users/curtis/Github/Thesis/chatTester/Repos/Zappos_zappos-json/src/test/java/com/zappos/json/JsonBeanIntrospector_ESTest.java:[64,34] <identifier> expected
[ERROR] /Users/curtis/Github/Thesis/chatTester/Repos/Zappos_zappos-json/src/test/java/com/zappos/json/JsonBeanIntrospector_ESTest.java:[64,36] illegal start of type
[ERROR] /Users/curtis/Github/Thesis/chatTester/Repos/Zappos_zappos-json/src/test/java/com/zappos/json/JsonBeanIntrospector_ESTest.java:[69,5] invalid method declaration; return type required
[ERROR] /Users/curtis/Github/Thesis/chatTester/Repos/Zappos_zappos-json/src/test/java/com/zappos/json/JsonBeanIntrospector_ESTest.java:[69,31] <identifier> expected
[ERROR] /Users/curtis/Github/Thesis/chatTester/Repos/Zappos_zappos-json/src/test/java/com/zappos/json/JsonBeanIntrospector_ESTest.java:[69,33] illegal start of type
[ERROR] /Users/curtis/Github/Thesis/chatTester/Repos/Zappos_zappos-json/src/test/java/com/zappos/json/JsonBeanIntrospector_ESTest.java:[71,1] class, interface, or enum expected
[INFO] 24 errors 
####################

original test path: /Users/curtis/Github/Thesis/chatTester/Repos/Zappos_zappos-json/src/test/java/com/zappos/json/JsonBeanIntrospector_ESTest.java
[GENERATED PATH] JsonBeanIntrospector_ESTest#getMutators(Class<?> clazz).java
[ERROR] COMPILATION ERROR : 
[INFO] -------------------------------------------------------------
[ERROR] /Users/curtis/Github/Thesis/chatTester/Repos/Zappos_zappos-json/src/test/java/com/zappos/json/JsonBeanIntrospector_ESTest.java:[28,8] class, interface, or enum expected
[ERROR] /Users/curtis/Github/Thesis/chatTester/Repos/Zappos_zappos-json/src/test/java/com/zappos/json/JsonBeanIntrospector_ESTest.java:[32,5] class, interface, or enum expected
[ERROR] /Users/curtis/Github/Thesis/chatTester/Repos/Zappos_zappos-json/src/test/java/com/zappos/json/JsonBeanIntrospector_ESTest.java:[48,5] class, interface, or enum expected
[ERROR] /Users/curtis/Github/Thesis/chatTester/Repos/Zappos_zappos-json/src/test/java/com/zappos/json/JsonBeanIntrospector_ESTest.java:[48,77] <identifier> expected
[ERROR] /Users/curtis/Github/Thesis/chatTester/Repos/Zappos_zappos-json/src/test/java/com/zappos/json/JsonBeanIntrospector_ESTest.java:[52,5] invalid method declaration; return type required
[ERROR] /Users/curtis/Github/Thesis/chatTester/Repos/Zappos_zappos-json/src/test/java/com/zappos/json/JsonBeanIntrospector_ESTest.java:[52,27] <identifier> expected
[ERROR] /Users/curtis/Github/Thesis/chatTester/Repos/Zappos_zappos-json/src/test/java/com/zappos/json/JsonBeanIntrospector_ESTest.java:[52,29] illegal start of type
[ERROR] /Users/curtis/Github/Thesis/chatTester/Repos/Zappos_zappos-json/src/test/java/com/zappos/json/JsonBeanIntrospector_ESTest.java:[53,5] invalid method declaration; return type required
[ERROR] /Users/curtis/Github/Thesis/chatTester/Repos/Zappos_zappos-json/src/test/java/com/zappos/json/JsonBeanIntrospector_ESTest.java:[53,33] <identifier> expected
[ERROR] /Users/curtis/Github/Thesis/chatTester/Repos/Zappos_zappos-json/src/test/java/com/zappos/json/JsonBeanIntrospector_ESTest.java:[53,34] ';' expected
[ERROR] /Users/curtis/Github/Thesis/chatTester/Repos/Zappos_zappos-json/src/test/java/com/zappos/json/JsonBeanIntrospector_ESTest.java:[53,35] illegal start of type
[ERROR] /Users/curtis/Github/Thesis/chatTester/Repos/Zappos_zappos-json/src/test/java/com/zappos/json/JsonBeanIntrospector_ESTest.java:[53,36] <identifier> expected
[ERROR] /Users/curtis/Github/Thesis/chatTester/Repos/Zappos_zappos-json/src/test/java/com/zappos/json/JsonBeanIntrospector_ESTest.java:[53,76] ';' expected
[ERROR] /Users/curtis/Github/Thesis/chatTester/Repos/Zappos_zappos-json/src/test/java/com/zappos/json/JsonBeanIntrospector_ESTest.java:[57,28] lambda expressions are not supported in -source 1.7
  (use -source 8 or higher to enable lambda expressions)
[ERROR] /Users/curtis/Github/Thesis/chatTester/Repos/Zappos_zappos-json/src/test/java/com/zappos/json/JsonBeanIntrospector_ESTest.java:[61,5] invalid method declaration; return type required
[ERROR] /Users/curtis/Github/Thesis/chatTester/Repos/Zappos_zappos-json/src/test/java/com/zappos/json/JsonBeanIntrospector_ESTest.java:[61,26] <identifier> expected
[ERROR] /Users/curtis/Github/Thesis/chatTester/Repos/Zappos_zappos-json/src/test/java/com/zappos/json/JsonBeanIntrospector_ESTest.java:[61,28] illegal start of type
[ERROR] /Users/curtis/Github/Thesis/chatTester/Repos/Zappos_zappos-json/src/test/java/com/zappos/json/JsonBeanIntrospector_ESTest.java:[62,5] invalid method declaration; return type required
[ERROR] /Users/curtis/Github/Thesis/chatTester/Repos/Zappos_zappos-json/src/test/java/com/zappos/json/JsonBeanIntrospector_ESTest.java:[62,25] <identifier> expected
[ERROR] /Users/curtis/Github/Thesis/chatTester/Repos/Zappos_zappos-json/src/test/java/com/zappos/json/JsonBeanIntrospector_ESTest.java:[62,27] illegal start of type
[ERROR] /Users/curtis/Github/Thesis/chatTester/Repos/Zappos_zappos-json/src/test/java/com/zappos/json/JsonBeanIntrospector_ESTest.java:[72,5] invalid method declaration; return type required
[ERROR] /Users/curtis/Github/Thesis/chatTester/Repos/Zappos_zappos-json/src/test/java/com/zappos/json/JsonBeanIntrospector_ESTest.java:[72,27] <identifier> expected
[ERROR] /Users/curtis/Github/Thesis/chatTester/Repos/Zappos_zappos-json/src/test/java/com/zappos/json/JsonBeanIntrospector_ESTest.java:[72,29] illegal start of type
[ERROR] /Users/curtis/Github/Thesis/chatTester/Repos/Zappos_zappos-json/src/test/java/com/zappos/json/JsonBeanIntrospector_ESTest.java:[73,5] invalid method declaration; return type required
[ERROR] /Users/curtis/Github/Thesis/chatTester/Repos/Zappos_zappos-json/src/test/java/com/zappos/json/JsonBeanIntrospector_ESTest.java:[73,26] <identifier> expected
[ERROR] /Users/curtis/Github/Thesis/chatTester/Repos/Zappos_zappos-json/src/test/java/com/zappos/json/JsonBeanIntrospector_ESTest.java:[73,28] illegal start of type
[ERROR] /Users/curtis/Github/Thesis/chatTester/Repos/Zappos_zappos-json/src/test/java/com/zappos/json/JsonBeanIntrospector_ESTest.java:[74,5] invalid method declaration; return type required
[ERROR] /Users/curtis/Github/Thesis/chatTester/Repos/Zappos_zappos-json/src/test/java/com/zappos/json/JsonBeanIntrospector_ESTest.java:[74,30] <identifier> expected
[ERROR] /Users/curtis/Github/Thesis/chatTester/Repos/Zappos_zappos-json/src/test/java/com/zappos/json/JsonBeanIntrospector_ESTest.java:[74,32] illegal start of type
[ERROR] /Users/curtis/Github/Thesis/chatTester/Repos/Zappos_zappos-json/src/test/java/com/zappos/json/JsonBeanIntrospector_ESTest.java:[76,1] class, interface, or enum expected
[INFO] 30 errors 
####################

original test path: /Users/curtis/Github/Thesis/chatTester/Repos/Zappos_zappos-json/src/test/java/com/zappos/json/JsonBeanIntrospector_ESTest.java
[GENERATED PATH] JsonBeanIntrospector_ESTest#getMutators(Class<?> clazz).java
[ERROR] COMPILATION ERROR : 
[INFO] -------------------------------------------------------------
[ERROR] /Users/curtis/Github/Thesis/chatTester/Repos/Zappos_zappos-json/src/test/java/com/zappos/json/JsonBeanIntrospector_ESTest.java:[28,8] class, interface, or enum expected
[ERROR] /Users/curtis/Github/Thesis/chatTester/Repos/Zappos_zappos-json/src/test/java/com/zappos/json/JsonBeanIntrospector_ESTest.java:[59,5] class, interface, or enum expected
[ERROR] /Users/curtis/Github/Thesis/chatTester/Repos/Zappos_zappos-json/src/test/java/com/zappos/json/JsonBeanIntrospector_ESTest.java:[61,5] class, interface, or enum expected
[ERROR] /Users/curtis/Github/Thesis/chatTester/Repos/Zappos_zappos-json/src/test/java/com/zappos/json/JsonBeanIntrospector_ESTest.java:[64,5] class, interface, or enum expected
[ERROR] /Users/curtis/Github/Thesis/chatTester/Repos/Zappos_zappos-json/src/test/java/com/zappos/json/JsonBeanIntrospector_ESTest.java:[64,76] <identifier> expected
[ERROR] /Users/curtis/Github/Thesis/chatTester/Repos/Zappos_zappos-json/src/test/java/com/zappos/json/JsonBeanIntrospector_ESTest.java:[67,5] invalid method declaration; return type required
[ERROR] /Users/curtis/Github/Thesis/chatTester/Repos/Zappos_zappos-json/src/test/java/com/zappos/json/JsonBeanIntrospector_ESTest.java:[67,27] <identifier> expected
[ERROR] /Users/curtis/Github/Thesis/chatTester/Repos/Zappos_zappos-json/src/test/java/com/zappos/json/JsonBeanIntrospector_ESTest.java:[67,29] illegal start of type
[ERROR] /Users/curtis/Github/Thesis/chatTester/Repos/Zappos_zappos-json/src/test/java/com/zappos/json/JsonBeanIntrospector_ESTest.java:[68,5] invalid method declaration; return type required
[ERROR] /Users/curtis/Github/Thesis/chatTester/Repos/Zappos_zappos-json/src/test/java/com/zappos/json/JsonBeanIntrospector_ESTest.java:[68,18] illegal start of type
[ERROR] /Users/curtis/Github/Thesis/chatTester/Repos/Zappos_zappos-json/src/test/java/com/zappos/json/JsonBeanIntrospector_ESTest.java:[68,34] <identifier> expected
[ERROR] /Users/curtis/Github/Thesis/chatTester/Repos/Zappos_zappos-json/src/test/java/com/zappos/json/JsonBeanIntrospector_ESTest.java:[68,35] ';' expected
[ERROR] /Users/curtis/Github/Thesis/chatTester/Repos/Zappos_zappos-json/src/test/java/com/zappos/json/JsonBeanIntrospector_ESTest.java:[68,36] illegal start of type
[ERROR] /Users/curtis/Github/Thesis/chatTester/Repos/Zappos_zappos-json/src/test/java/com/zappos/json/JsonBeanIntrospector_ESTest.java:[68,37] <identifier> expected
[ERROR] /Users/curtis/Github/Thesis/chatTester/Repos/Zappos_zappos-json/src/test/java/com/zappos/json/JsonBeanIntrospector_ESTest.java:[68,84] ';' expected
[ERROR] /Users/curtis/Github/Thesis/chatTester/Repos/Zappos_zappos-json/src/test/java/com/zappos/json/JsonBeanIntrospector_ESTest.java:[71,5] invalid method declaration; return type required
[ERROR] /Users/curtis/Github/Thesis/chatTester/Repos/Zappos_zappos-json/src/test/java/com/zappos/json/JsonBeanIntrospector_ESTest.java:[71,18] illegal start of type
[ERROR] /Users/curtis/Github/Thesis/chatTester/Repos/Zappos_zappos-json/src/test/java/com/zappos/json/JsonBeanIntrospector_ESTest.java:[71,45] <identifier> expected
[ERROR] /Users/curtis/Github/Thesis/chatTester/Repos/Zappos_zappos-json/src/test/java/com/zappos/json/JsonBeanIntrospector_ESTest.java:[71,46] ';' expected
[ERROR] /Users/curtis/Github/Thesis/chatTester/Repos/Zappos_zappos-json/src/test/java/com/zappos/json/JsonBeanIntrospector_ESTest.java:[71,47] illegal start of type
[ERROR] /Users/curtis/Github/Thesis/chatTester/Repos/Zappos_zappos-json/src/test/java/com/zappos/json/JsonBeanIntrospector_ESTest.java:[71,48] <identifier> expected
[ERROR] /Users/curtis/Github/Thesis/chatTester/Repos/Zappos_zappos-json/src/test/java/com/zappos/json/JsonBeanIntrospector_ESTest.java:[71,88] ';' expected
[ERROR] /Users/curtis/Github/Thesis/chatTester/Repos/Zappos_zappos-json/src/test/java/com/zappos/json/JsonBeanIntrospector_ESTest.java:[72,5] invalid method declaration; return type required
[ERROR] /Users/curtis/Github/Thesis/chatTester/Repos/Zappos_zappos-json/src/test/java/com/zappos/json/JsonBeanIntrospector_ESTest.java:[72,24] <identifier> expected
[ERROR] /Users/curtis/Github/Thesis/chatTester/Repos/Zappos_zappos-json/src/test/java/com/zappos/json/JsonBeanIntrospector_ESTest.java:[72,56] <identifier> expected
[ERROR] /Users/curtis/Github/Thesis/chatTester/Repos/Zappos_zappos-json/src/test/java/com/zappos/json/JsonBeanIntrospector_ESTest.java:[72,57] ';' expected
[ERROR] /Users/curtis/Github/Thesis/chatTester/Repos/Zappos_zappos-json/src/test/java/com/zappos/json/JsonBeanIntrospector_ESTest.java:[72,58] illegal start of type
[ERROR] /Users/curtis/Github/Thesis/chatTester/Repos/Zappos_zappos-json/src/test/java/com/zappos/json/JsonBeanIntrospector_ESTest.java:[72,59] <identifier> expected
[ERROR] /Users/curtis/Github/Thesis/chatTester/Repos/Zappos_zappos-json/src/test/java/com/zappos/json/JsonBeanIntrospector_ESTest.java:[72,102] ';' expected
[ERROR] /Users/curtis/Github/Thesis/chatTester/Repos/Zappos_zappos-json/src/test/java/com/zappos/json/JsonBeanIntrospector_ESTest.java:[74,1] class, interface, or enum expected
[INFO] 30 errors 
####################

