original test path: /Users/curtis/Github/Thesis/chatTester/Repos/Zappos_zappos-json/src/test/java/com/zappos/json/util/ObjectArray_ESTest.java
[GENERATED PATH] ObjectArray_ESTest#size().java
[ERROR] COMPILATION ERROR : 
[INFO] -------------------------------------------------------------
[ERROR] /Users/curtis/Github/Thesis/chatTester/Repos/Zappos_zappos-json/src/test/java/com/zappos/json/JsonWriterCodeGenerator_ESTest.java:[88,68] cannot find symbol
  symbol:   variable clazz
  location: class com.zappos.json.JsonWriterCodeGenerator_ESTest
[ERROR] /Users/curtis/Github/Thesis/chatTester/Repos/Zappos_zappos-json/src/test/java/com/zappos/json/JsonWriterCodeGenerator_ESTest.java:[89,65] cannot find symbol
  symbol:   variable clazz
  location: class com.zappos.json.JsonWriterCodeGenerator_ESTest
[ERROR] /Users/curtis/Github/Thesis/chatTester/Repos/Zappos_zappos-json/src/test/java/com/zappos/json/JsonWriterCodeGenerator_ESTest.java:[94,64] cannot find symbol
  symbol:   variable clazz
  location: class com.zappos.json.JsonWriterCodeGenerator_ESTest
[INFO] 3 errors 
####################

original test path: /Users/curtis/Github/Thesis/chatTester/Repos/Zappos_zappos-json/src/test/java/com/zappos/json/util/ObjectArray_ESTest.java
[GENERATED PATH] ObjectArray_ESTest#size().java
[ERROR] COMPILATION ERROR : 
[INFO] -------------------------------------------------------------
[ERROR] /Users/curtis/Github/Thesis/chatTester/Repos/Zappos_zappos-json/src/test/java/com/zappos/json/JsonWriterCodeGenerator_ESTest.java:[88,68] cannot find symbol
  symbol:   variable clazz
  location: class com.zappos.json.JsonWriterCodeGenerator_ESTest
[ERROR] /Users/curtis/Github/Thesis/chatTester/Repos/Zappos_zappos-json/src/test/java/com/zappos/json/JsonWriterCodeGenerator_ESTest.java:[89,65] cannot find symbol
  symbol:   variable clazz
  location: class com.zappos.json.JsonWriterCodeGenerator_ESTest
[ERROR] /Users/curtis/Github/Thesis/chatTester/Repos/Zappos_zappos-json/src/test/java/com/zappos/json/JsonWriterCodeGenerator_ESTest.java:[94,64] cannot find symbol
  symbol:   variable clazz
  location: class com.zappos.json.JsonWriterCodeGenerator_ESTest
[INFO] 3 errors 
####################

original test path: /Users/curtis/Github/Thesis/chatTester/Repos/Zappos_zappos-json/src/test/java/com/zappos/json/util/ObjectArray_ESTest.java
[GENERATED PATH] ObjectArray_ESTest#size().java
[ERROR] COMPILATION ERROR : 
[INFO] -------------------------------------------------------------
[ERROR] /Users/curtis/Github/Thesis/chatTester/Repos/Zappos_zappos-json/src/test/java/com/zappos/json/JsonWriterCodeGenerator_ESTest.java:[88,68] cannot find symbol
  symbol:   variable clazz
  location: class com.zappos.json.JsonWriterCodeGenerator_ESTest
[ERROR] /Users/curtis/Github/Thesis/chatTester/Repos/Zappos_zappos-json/src/test/java/com/zappos/json/JsonWriterCodeGenerator_ESTest.java:[89,65] cannot find symbol
  symbol:   variable clazz
  location: class com.zappos.json.JsonWriterCodeGenerator_ESTest
[ERROR] /Users/curtis/Github/Thesis/chatTester/Repos/Zappos_zappos-json/src/test/java/com/zappos/json/JsonWriterCodeGenerator_ESTest.java:[94,64] cannot find symbol
  symbol:   variable clazz
  location: class com.zappos.json.JsonWriterCodeGenerator_ESTest
[ERROR] /Users/curtis/Github/Thesis/chatTester/Repos/Zappos_zappos-json/src/test/java/com/zappos/json/util/ObjectArray_ESTest.java:[31,5] no suitable method found for assertEquals(int,int,java.lang.String)
    method org.junit.Assert.assertEquals(java.lang.String,java.lang.Object[],java.lang.Object[]) is not applicable
      (argument mismatch; int cannot be converted to java.lang.String)
    method org.junit.Assert.assertEquals(float,float,float) is not applicable
      (argument mismatch; java.lang.String cannot be converted to float)
    method org.junit.Assert.assertEquals(double,double,double) is not applicable
      (argument mismatch; java.lang.String cannot be converted to double)
    method org.junit.Assert.assertEquals(java.lang.String,double,double) is not applicable
      (argument mismatch; int cannot be converted to java.lang.String)
    method org.junit.Assert.assertEquals(java.lang.String,long,long) is not applicable
      (argument mismatch; int cannot be converted to java.lang.String)
    method org.junit.Assert.assertEquals(java.lang.String,java.lang.Object,java.lang.Object) is not applicable
      (argument mismatch; int cannot be converted to java.lang.String)
[INFO] 4 errors 
####################

original test path: /Users/curtis/Github/Thesis/chatTester/Repos/Zappos_zappos-json/src/test/java/com/zappos/json/util/ObjectArray_ESTest.java
[GENERATED PATH] ObjectArray_ESTest#size().java
[ERROR] COMPILATION ERROR : 
[INFO] -------------------------------------------------------------
[ERROR] /Users/curtis/Github/Thesis/chatTester/Repos/Zappos_zappos-json/src/test/java/com/zappos/json/JsonWriterCodeGenerator_ESTest.java:[88,68] cannot find symbol
  symbol:   variable clazz
  location: class com.zappos.json.JsonWriterCodeGenerator_ESTest
[ERROR] /Users/curtis/Github/Thesis/chatTester/Repos/Zappos_zappos-json/src/test/java/com/zappos/json/JsonWriterCodeGenerator_ESTest.java:[89,65] cannot find symbol
  symbol:   variable clazz
  location: class com.zappos.json.JsonWriterCodeGenerator_ESTest
[ERROR] /Users/curtis/Github/Thesis/chatTester/Repos/Zappos_zappos-json/src/test/java/com/zappos/json/JsonWriterCodeGenerator_ESTest.java:[94,64] cannot find symbol
  symbol:   variable clazz
  location: class com.zappos.json.JsonWriterCodeGenerator_ESTest
[INFO] 3 errors 
####################

original test path: /Users/curtis/Github/Thesis/chatTester/Repos/Zappos_zappos-json/src/test/java/com/zappos/json/util/ObjectArray_ESTest.java
[GENERATED PATH] ObjectArray_ESTest#size().java
[ERROR] COMPILATION ERROR : 
[INFO] -------------------------------------------------------------
[ERROR] /Users/curtis/Github/Thesis/chatTester/Repos/Zappos_zappos-json/src/test/java/com/zappos/json/JsonWriterCodeGenerator_ESTest.java:[88,68] cannot find symbol
  symbol:   variable clazz
  location: class com.zappos.json.JsonWriterCodeGenerator_ESTest
[ERROR] /Users/curtis/Github/Thesis/chatTester/Repos/Zappos_zappos-json/src/test/java/com/zappos/json/JsonWriterCodeGenerator_ESTest.java:[89,65] cannot find symbol
  symbol:   variable clazz
  location: class com.zappos.json.JsonWriterCodeGenerator_ESTest
[ERROR] /Users/curtis/Github/Thesis/chatTester/Repos/Zappos_zappos-json/src/test/java/com/zappos/json/JsonWriterCodeGenerator_ESTest.java:[94,64] cannot find symbol
  symbol:   variable clazz
  location: class com.zappos.json.JsonWriterCodeGenerator_ESTest
[ERROR] /Users/curtis/Github/Thesis/chatTester/Repos/Zappos_zappos-json/src/test/java/com/zappos/json/util/ObjectArray_ESTest.java:[31,5] no suitable method found for assertEquals(int,int,java.lang.String)
    method org.junit.Assert.assertEquals(java.lang.String,java.lang.Object[],java.lang.Object[]) is not applicable
      (argument mismatch; int cannot be converted to java.lang.String)
    method org.junit.Assert.assertEquals(float,float,float) is not applicable
      (argument mismatch; java.lang.String cannot be converted to float)
    method org.junit.Assert.assertEquals(double,double,double) is not applicable
      (argument mismatch; java.lang.String cannot be converted to double)
    method org.junit.Assert.assertEquals(java.lang.String,double,double) is not applicable
      (argument mismatch; int cannot be converted to java.lang.String)
    method org.junit.Assert.assertEquals(java.lang.String,long,long) is not applicable
      (argument mismatch; int cannot be converted to java.lang.String)
    method org.junit.Assert.assertEquals(java.lang.String,java.lang.Object,java.lang.Object) is not applicable
      (argument mismatch; int cannot be converted to java.lang.String)
[INFO] 4 errors 
####################

