original test path: /Users/curtis/Github/Thesis/chatTester/Repos/Zappos_zappos-json/src/test/java/com/zappos/json/util/Reflections_ESTest.java
[GENERATED PATH] Reflections_ESTest#getFirstGenericParameterType(Method method).java
[ERROR] COMPILATION ERROR : 
[INFO] -------------------------------------------------------------
[ERROR] /Users/curtis/Github/Thesis/chatTester/Repos/Zappos_zappos-json/src/test/java/com/zappos/json/JsonWriterCodeGenerator_ESTest.java:[88,68] cannot find symbol
  symbol:   variable clazz
  location: class com.zappos.json.JsonWriterCodeGenerator_ESTest
[ERROR] /Users/curtis/Github/Thesis/chatTester/Repos/Zappos_zappos-json/src/test/java/com/zappos/json/JsonWriterCodeGenerator_ESTest.java:[89,65] cannot find symbol
  symbol:   variable clazz
  location: class com.zappos.json.JsonWriterCodeGenerator_ESTest
[ERROR] /Users/curtis/Github/Thesis/chatTester/Repos/Zappos_zappos-json/src/test/java/com/zappos/json/JsonWriterCodeGenerator_ESTest.java:[94,64] cannot find symbol
  symbol:   variable clazz
  location: class com.zappos.json.JsonWriterCodeGenerator_ESTest
[INFO] 3 errors 
####################

original test path: /Users/curtis/Github/Thesis/chatTester/Repos/Zappos_zappos-json/src/test/java/com/zappos/json/util/Reflections_ESTest.java
[GENERATED PATH] Reflections_ESTest#getFirstGenericParameterType(Method method).java
[ERROR] COMPILATION ERROR : 
[INFO] -------------------------------------------------------------
[ERROR] /Users/curtis/Github/Thesis/chatTester/Repos/Zappos_zappos-json/src/test/java/com/zappos/json/JsonWriterCodeGenerator_ESTest.java:[88,68] cannot find symbol
  symbol:   variable clazz
  location: class com.zappos.json.JsonWriterCodeGenerator_ESTest
[ERROR] /Users/curtis/Github/Thesis/chatTester/Repos/Zappos_zappos-json/src/test/java/com/zappos/json/JsonWriterCodeGenerator_ESTest.java:[89,65] cannot find symbol
  symbol:   variable clazz
  location: class com.zappos.json.JsonWriterCodeGenerator_ESTest
[ERROR] /Users/curtis/Github/Thesis/chatTester/Repos/Zappos_zappos-json/src/test/java/com/zappos/json/JsonWriterCodeGenerator_ESTest.java:[94,64] cannot find symbol
  symbol:   variable clazz
  location: class com.zappos.json.JsonWriterCodeGenerator_ESTest
[INFO] 3 errors 
####################

original test path: /Users/curtis/Github/Thesis/chatTester/Repos/Zappos_zappos-json/src/test/java/com/zappos/json/util/Reflections_ESTest.java
[GENERATED PATH] Reflections_ESTest#getFirstGenericParameterType(Method method).java
[ERROR] COMPILATION ERROR : 
[INFO] -------------------------------------------------------------
[ERROR] /Users/curtis/Github/Thesis/chatTester/Repos/Zappos_zappos-json/src/test/java/com/zappos/json/JsonWriterCodeGenerator_ESTest.java:[88,68] cannot find symbol
  symbol:   variable clazz
  location: class com.zappos.json.JsonWriterCodeGenerator_ESTest
[ERROR] /Users/curtis/Github/Thesis/chatTester/Repos/Zappos_zappos-json/src/test/java/com/zappos/json/JsonWriterCodeGenerator_ESTest.java:[89,65] cannot find symbol
  symbol:   variable clazz
  location: class com.zappos.json.JsonWriterCodeGenerator_ESTest
[ERROR] /Users/curtis/Github/Thesis/chatTester/Repos/Zappos_zappos-json/src/test/java/com/zappos/json/JsonWriterCodeGenerator_ESTest.java:[94,64] cannot find symbol
  symbol:   variable clazz
  location: class com.zappos.json.JsonWriterCodeGenerator_ESTest
[INFO] 3 errors 
####################

original test path: /Users/curtis/Github/Thesis/chatTester/Repos/Zappos_zappos-json/src/test/java/com/zappos/json/util/Reflections_ESTest.java
[GENERATED PATH] Reflections_ESTest#getFirstGenericParameterType(Method method).java
[ERROR] COMPILATION ERROR : 
[INFO] -------------------------------------------------------------
[ERROR] /Users/curtis/Github/Thesis/chatTester/Repos/Zappos_zappos-json/src/test/java/com/zappos/json/JsonWriterCodeGenerator_ESTest.java:[88,68] cannot find symbol
  symbol:   variable clazz
  location: class com.zappos.json.JsonWriterCodeGenerator_ESTest
[ERROR] /Users/curtis/Github/Thesis/chatTester/Repos/Zappos_zappos-json/src/test/java/com/zappos/json/JsonWriterCodeGenerator_ESTest.java:[89,65] cannot find symbol
  symbol:   variable clazz
  location: class com.zappos.json.JsonWriterCodeGenerator_ESTest
[ERROR] /Users/curtis/Github/Thesis/chatTester/Repos/Zappos_zappos-json/src/test/java/com/zappos/json/JsonWriterCodeGenerator_ESTest.java:[94,64] cannot find symbol
  symbol:   variable clazz
  location: class com.zappos.json.JsonWriterCodeGenerator_ESTest
[INFO] 3 errors 
####################

original test path: /Users/curtis/Github/Thesis/chatTester/Repos/Zappos_zappos-json/src/test/java/com/zappos/json/util/Reflections_ESTest.java
[GENERATED PATH] Reflections_ESTest#getFirstGenericParameterType(Method method).java
[ERROR] COMPILATION ERROR : 
[INFO] -------------------------------------------------------------
[ERROR] /Users/curtis/Github/Thesis/chatTester/Repos/Zappos_zappos-json/src/test/java/com/zappos/json/JsonWriterCodeGenerator_ESTest.java:[88,68] cannot find symbol
  symbol:   variable clazz
  location: class com.zappos.json.JsonWriterCodeGenerator_ESTest
[ERROR] /Users/curtis/Github/Thesis/chatTester/Repos/Zappos_zappos-json/src/test/java/com/zappos/json/JsonWriterCodeGenerator_ESTest.java:[89,65] cannot find symbol
  symbol:   variable clazz
  location: class com.zappos.json.JsonWriterCodeGenerator_ESTest
[ERROR] /Users/curtis/Github/Thesis/chatTester/Repos/Zappos_zappos-json/src/test/java/com/zappos/json/JsonWriterCodeGenerator_ESTest.java:[94,64] cannot find symbol
  symbol:   variable clazz
  location: class com.zappos.json.JsonWriterCodeGenerator_ESTest
[INFO] 3 errors 
####################

