original test path: /Users/curtis/Github/Thesis/chatTester/Repos/Zappos_zappos-json/src/test/java/com/zappos/json/util/Strings_ESTest.java
[GENERATED PATH] Strings_ESTest#isNumber(String s).java
[ERROR] COMPILATION ERROR : 
[INFO] -------------------------------------------------------------
[ERROR] /Users/curtis/Github/Thesis/chatTester/Repos/Zappos_zappos-json/src/test/java/com/zappos/json/JsonWriterCodeGenerator_ESTest.java:[88,68] cannot find symbol
  symbol:   variable clazz
  location: class com.zappos.json.JsonWriterCodeGenerator_ESTest
[ERROR] /Users/curtis/Github/Thesis/chatTester/Repos/Zappos_zappos-json/src/test/java/com/zappos/json/JsonWriterCodeGenerator_ESTest.java:[89,65] cannot find symbol
  symbol:   variable clazz
  location: class com.zappos.json.JsonWriterCodeGenerator_ESTest
[ERROR] /Users/curtis/Github/Thesis/chatTester/Repos/Zappos_zappos-json/src/test/java/com/zappos/json/JsonWriterCodeGenerator_ESTest.java:[94,64] cannot find symbol
  symbol:   variable clazz
  location: class com.zappos.json.JsonWriterCodeGenerator_ESTest
[INFO] 3 errors 
####################

original test path: /Users/curtis/Github/Thesis/chatTester/Repos/Zappos_zappos-json/src/test/java/com/zappos/json/util/Strings_ESTest.java
[GENERATED PATH] Strings_ESTest#isNumber(String s).java
[ERROR] COMPILATION ERROR : 
[INFO] -------------------------------------------------------------
[ERROR] /Users/curtis/Github/Thesis/chatTester/Repos/Zappos_zappos-json/src/test/java/com/zappos/json/JsonWriterCodeGenerator_ESTest.java:[88,68] cannot find symbol
  symbol:   variable clazz
  location: class com.zappos.json.JsonWriterCodeGenerator_ESTest
[ERROR] /Users/curtis/Github/Thesis/chatTester/Repos/Zappos_zappos-json/src/test/java/com/zappos/json/JsonWriterCodeGenerator_ESTest.java:[89,65] cannot find symbol
  symbol:   variable clazz
  location: class com.zappos.json.JsonWriterCodeGenerator_ESTest
[ERROR] /Users/curtis/Github/Thesis/chatTester/Repos/Zappos_zappos-json/src/test/java/com/zappos/json/JsonWriterCodeGenerator_ESTest.java:[94,64] cannot find symbol
  symbol:   variable clazz
  location: class com.zappos.json.JsonWriterCodeGenerator_ESTest
[ERROR] /Users/curtis/Github/Thesis/chatTester/Repos/Zappos_zappos-json/src/test/java/com/zappos/json/util/Strings_ESTest.java:[64,36] incompatible types: boolean cannot be converted to java.lang.String
[ERROR] /Users/curtis/Github/Thesis/chatTester/Repos/Zappos_zappos-json/src/test/java/com/zappos/json/util/Strings_ESTest.java:[67,37] incompatible types: boolean cannot be converted to java.lang.String
[INFO] 5 errors 
####################

original test path: /Users/curtis/Github/Thesis/chatTester/Repos/Zappos_zappos-json/src/test/java/com/zappos/json/util/Strings_ESTest.java
[GENERATED PATH] Strings_ESTest#isNumber(String s).java
[ERROR] COMPILATION ERROR : 
[INFO] -------------------------------------------------------------
[ERROR] /Users/curtis/Github/Thesis/chatTester/Repos/Zappos_zappos-json/src/test/java/com/zappos/json/JsonWriterCodeGenerator_ESTest.java:[88,68] cannot find symbol
  symbol:   variable clazz
  location: class com.zappos.json.JsonWriterCodeGenerator_ESTest
[ERROR] /Users/curtis/Github/Thesis/chatTester/Repos/Zappos_zappos-json/src/test/java/com/zappos/json/JsonWriterCodeGenerator_ESTest.java:[89,65] cannot find symbol
  symbol:   variable clazz
  location: class com.zappos.json.JsonWriterCodeGenerator_ESTest
[ERROR] /Users/curtis/Github/Thesis/chatTester/Repos/Zappos_zappos-json/src/test/java/com/zappos/json/JsonWriterCodeGenerator_ESTest.java:[94,64] cannot find symbol
  symbol:   variable clazz
  location: class com.zappos.json.JsonWriterCodeGenerator_ESTest
[INFO] 3 errors 
####################

original test path: /Users/curtis/Github/Thesis/chatTester/Repos/Zappos_zappos-json/src/test/java/com/zappos/json/util/Strings_ESTest.java
[GENERATED PATH] Strings_ESTest#isNumber(String s).java
[ERROR] COMPILATION ERROR : 
[INFO] -------------------------------------------------------------
[ERROR] /Users/curtis/Github/Thesis/chatTester/Repos/Zappos_zappos-json/src/test/java/com/zappos/json/JsonWriterCodeGenerator_ESTest.java:[88,68] cannot find symbol
  symbol:   variable clazz
  location: class com.zappos.json.JsonWriterCodeGenerator_ESTest
[ERROR] /Users/curtis/Github/Thesis/chatTester/Repos/Zappos_zappos-json/src/test/java/com/zappos/json/JsonWriterCodeGenerator_ESTest.java:[89,65] cannot find symbol
  symbol:   variable clazz
  location: class com.zappos.json.JsonWriterCodeGenerator_ESTest
[ERROR] /Users/curtis/Github/Thesis/chatTester/Repos/Zappos_zappos-json/src/test/java/com/zappos/json/JsonWriterCodeGenerator_ESTest.java:[94,64] cannot find symbol
  symbol:   variable clazz
  location: class com.zappos.json.JsonWriterCodeGenerator_ESTest
[ERROR] /Users/curtis/Github/Thesis/chatTester/Repos/Zappos_zappos-json/src/test/java/com/zappos/json/util/Strings_ESTest.java:[37,36] incompatible types: boolean cannot be converted to java.lang.String
[ERROR] /Users/curtis/Github/Thesis/chatTester/Repos/Zappos_zappos-json/src/test/java/com/zappos/json/util/Strings_ESTest.java:[40,37] incompatible types: boolean cannot be converted to java.lang.String
[INFO] 5 errors 
####################

original test path: /Users/curtis/Github/Thesis/chatTester/Repos/Zappos_zappos-json/src/test/java/com/zappos/json/util/Strings_ESTest.java
[GENERATED PATH] Strings_ESTest#isNumber(String s).java
[ERROR] COMPILATION ERROR : 
[INFO] -------------------------------------------------------------
[ERROR] /Users/curtis/Github/Thesis/chatTester/Repos/Zappos_zappos-json/src/test/java/com/zappos/json/JsonWriterCodeGenerator_ESTest.java:[88,68] cannot find symbol
  symbol:   variable clazz
  location: class com.zappos.json.JsonWriterCodeGenerator_ESTest
[ERROR] /Users/curtis/Github/Thesis/chatTester/Repos/Zappos_zappos-json/src/test/java/com/zappos/json/JsonWriterCodeGenerator_ESTest.java:[89,65] cannot find symbol
  symbol:   variable clazz
  location: class com.zappos.json.JsonWriterCodeGenerator_ESTest
[ERROR] /Users/curtis/Github/Thesis/chatTester/Repos/Zappos_zappos-json/src/test/java/com/zappos/json/JsonWriterCodeGenerator_ESTest.java:[94,64] cannot find symbol
  symbol:   variable clazz
  location: class com.zappos.json.JsonWriterCodeGenerator_ESTest
[INFO] 3 errors 
####################

