original test path: /Users/curtis/Github/Thesis/chatTester/Repos/Zappos_zappos-json/src/test/java/com/zappos/json/format/BigDecimalFormatter_ESTest.java
[GENERATED PATH] BigDecimalFormatter_ESTest#parse(ZapposJson zapposJson, String string).java
[ERROR] COMPILATION ERROR : 
[INFO] -------------------------------------------------------------
[ERROR] /Users/curtis/Github/Thesis/chatTester/Repos/Zappos_zappos-json/src/test/java/com/zappos/json/format/BigDecimalFormatter_ESTest.java:[31,21] setPattern(java.lang.String) in <anonymous com.zappos.json.format.BigDecimalFormatter_ESTest$1> cannot implement setPattern(java.lang.String) in com.zappos.json.format.ValueFormatter
  return type void is not compatible with com.zappos.json.format.ValueFormatter<java.math.BigDecimal>
[ERROR] /Users/curtis/Github/Thesis/chatTester/Repos/Zappos_zappos-json/src/test/java/com/zappos/json/format/BigDecimalFormatter_ESTest.java:[28,26] getPattern() in <anonymous com.zappos.json.format.BigDecimalFormatter_ESTest$1> cannot override getPattern() in com.zappos.json.format.AbstractValueFormatter
  attempting to assign weaker access privileges; was public
[INFO] 2 errors 
####################

original test path: /Users/curtis/Github/Thesis/chatTester/Repos/Zappos_zappos-json/src/test/java/com/zappos/json/format/BigDecimalFormatter_ESTest.java
[GENERATED PATH] BigDecimalFormatter_ESTest#parse(ZapposJson zapposJson, String string).java
[ERROR] COMPILATION ERROR : 
[INFO] -------------------------------------------------------------
[ERROR] /Users/curtis/Github/Thesis/chatTester/Repos/Zappos_zappos-json/src/test/java/com/zappos/json/format/BigDecimalFormatter_ESTest.java:[36,25] setPattern(java.lang.String) in <anonymous com.zappos.json.format.BigDecimalFormatter_ESTest$1> cannot implement setPattern(java.lang.String) in com.zappos.json.format.ValueFormatter
  return type void is not compatible with com.zappos.json.format.ValueFormatter<java.math.BigDecimal>
[ERROR] /Users/curtis/Github/Thesis/chatTester/Repos/Zappos_zappos-json/src/test/java/com/zappos/json/format/BigDecimalFormatter_ESTest.java:[31,30] getPattern() in <anonymous com.zappos.json.format.BigDecimalFormatter_ESTest$1> cannot override getPattern() in com.zappos.json.format.AbstractValueFormatter
  attempting to assign weaker access privileges; was public
[ERROR] /Users/curtis/Github/Thesis/chatTester/Repos/Zappos_zappos-json/src/test/java/com/zappos/json/format/BigDecimalFormatter_ESTest.java:[35,13] method does not override or implement a method from a supertype
[INFO] 3 errors 
####################

original test path: /Users/curtis/Github/Thesis/chatTester/Repos/Zappos_zappos-json/src/test/java/com/zappos/json/format/BigDecimalFormatter_ESTest.java
[GENERATED PATH] BigDecimalFormatter_ESTest#parse(ZapposJson zapposJson, String string).java
[ERROR] COMPILATION ERROR : 
[INFO] -------------------------------------------------------------
[ERROR] /Users/curtis/Github/Thesis/chatTester/Repos/Zappos_zappos-json/src/test/java/com/zappos/json/format/BigDecimalFormatter_ESTest.java:[38,25] setPattern(java.lang.String) in <anonymous com.zappos.json.format.BigDecimalFormatter_ESTest$1> cannot implement setPattern(java.lang.String) in com.zappos.json.format.ValueFormatter
  return type void is not compatible with com.zappos.json.format.ValueFormatter<java.math.BigDecimal>
[ERROR] /Users/curtis/Github/Thesis/chatTester/Repos/Zappos_zappos-json/src/test/java/com/zappos/json/format/BigDecimalFormatter_ESTest.java:[33,30] getPattern() in <anonymous com.zappos.json.format.BigDecimalFormatter_ESTest$1> cannot override getPattern() in com.zappos.json.format.AbstractValueFormatter
  attempting to assign weaker access privileges; was public
[ERROR] /Users/curtis/Github/Thesis/chatTester/Repos/Zappos_zappos-json/src/test/java/com/zappos/json/format/BigDecimalFormatter_ESTest.java:[37,13] method does not override or implement a method from a supertype
[INFO] 3 errors 
####################

original test path: /Users/curtis/Github/Thesis/chatTester/Repos/Zappos_zappos-json/src/test/java/com/zappos/json/format/BigDecimalFormatter_ESTest.java
[GENERATED PATH] BigDecimalFormatter_ESTest#parse(ZapposJson zapposJson, String string).java
[ERROR] COMPILATION ERROR : 
[INFO] -------------------------------------------------------------
[ERROR] /Users/curtis/Github/Thesis/chatTester/Repos/Zappos_zappos-json/src/test/java/com/zappos/json/format/BigDecimalFormatter_ESTest.java:[33,9] cannot find symbol
  symbol:   class TestBigDecimalFormatter
  location: class com.zappos.json.format.BigDecimalFormatter_ESTest
[ERROR] /Users/curtis/Github/Thesis/chatTester/Repos/Zappos_zappos-json/src/test/java/com/zappos/json/format/BigDecimalFormatter_ESTest.java:[33,49] cannot find symbol
  symbol:   class TestBigDecimalFormatter
  location: class com.zappos.json.format.BigDecimalFormatter_ESTest
[ERROR] /Users/curtis/Github/Thesis/chatTester/Repos/Zappos_zappos-json/src/test/java/com/zappos/json/format/BigDecimalFormatter_ESTest.java:[34,38] constructor ZapposJson in class com.zappos.json.ZapposJson cannot be applied to given types;
  required: boolean
  found: no arguments
  reason: actual and formal argument lists differ in length
[INFO] 3 errors 
####################

original test path: /Users/curtis/Github/Thesis/chatTester/Repos/Zappos_zappos-json/src/test/java/com/zappos/json/format/BigDecimalFormatter_ESTest.java
[GENERATED PATH] BigDecimalFormatter_ESTest#parse(ZapposJson zapposJson, String string).java
[ERROR] COMPILATION ERROR : 
[INFO] -------------------------------------------------------------
[ERROR] /Users/curtis/Github/Thesis/chatTester/Repos/Zappos_zappos-json/src/test/java/com/zappos/json/format/BigDecimalFormatter_ESTest.java:[35,9] cannot find symbol
  symbol:   class TestBigDecimalFormatter
  location: class com.zappos.json.format.BigDecimalFormatter_ESTest
[ERROR] /Users/curtis/Github/Thesis/chatTester/Repos/Zappos_zappos-json/src/test/java/com/zappos/json/format/BigDecimalFormatter_ESTest.java:[35,49] cannot find symbol
  symbol:   class TestBigDecimalFormatter
  location: class com.zappos.json.format.BigDecimalFormatter_ESTest
[ERROR] /Users/curtis/Github/Thesis/chatTester/Repos/Zappos_zappos-json/src/test/java/com/zappos/json/format/BigDecimalFormatter_ESTest.java:[36,27] constructor ZapposJson in class com.zappos.json.ZapposJson cannot be applied to given types;
  required: boolean
  found: no arguments
  reason: actual and formal argument lists differ in length
[INFO] 3 errors 
####################

original test path: /Users/curtis/Github/Thesis/chatTester/Repos/Zappos_zappos-json/src/test/java/com/zappos/json/format/BigDecimalFormatter_ESTest.java
[GENERATED PATH] BigDecimalFormatter_ESTest#parse(ZapposJson zapposJson, String string).java
[ERROR] COMPILATION ERROR : 
[INFO] -------------------------------------------------------------
[ERROR] /Users/curtis/Github/Thesis/chatTester/Repos/Zappos_zappos-json/src/test/java/com/zappos/json/format/BigDecimalFormatter_ESTest.java:[35,13] cannot find symbol
  symbol: variable pattern
[INFO] 1 error
####################

