original test path: /Users/curtis/Github/Thesis/chatTester/Repos/Zappos_zappos-json/src/test/java/com/zappos/json/JsonReaderCodeGenerator_ESTest.java
[GENERATED PATH] JsonReaderCodeGenerator_ESTest#getAttributeInfos().java
[ERROR] COMPILATION ERROR : 
[INFO] -------------------------------------------------------------
[ERROR] /Users/curtis/Github/Thesis/chatTester/Repos/Zappos_zappos-json/src/test/java/com/zappos/json/JsonReaderCodeGenerator_ESTest.java:[29,5] cannot find symbol
  symbol:   class TypeInfo
  location: class com.zappos.json.JsonReaderCodeGenerator_ESTest
[ERROR] /Users/curtis/Github/Thesis/chatTester/Repos/Zappos_zappos-json/src/test/java/com/zappos/json/JsonReaderCodeGenerator_ESTest.java:[29,29] cannot find symbol
  symbol:   class TypeInfo
  location: class com.zappos.json.JsonReaderCodeGenerator_ESTest
[ERROR] /Users/curtis/Github/Thesis/chatTester/Repos/Zappos_zappos-json/src/test/java/com/zappos/json/JsonReaderCodeGenerator_ESTest.java:[32,10] cannot find symbol
  symbol:   class AttributeInfo
  location: class com.zappos.json.JsonReaderCodeGenerator_ESTest
[INFO] 3 errors 
####################

original test path: /Users/curtis/Github/Thesis/chatTester/Repos/Zappos_zappos-json/src/test/java/com/zappos/json/JsonReaderCodeGenerator_ESTest.java
[GENERATED PATH] JsonReaderCodeGenerator_ESTest#getAttributeInfos().java
[ERROR] COMPILATION ERROR : 
[INFO] -------------------------------------------------------------
[ERROR] /Users/curtis/Github/Thesis/chatTester/Repos/Zappos_zappos-json/src/test/java/com/zappos/json/JsonReaderCodeGenerator_ESTest.java:[32,9] cannot find symbol
  symbol:   class TypeInfo
  location: class com.zappos.json.JsonReaderCodeGenerator_ESTest
[ERROR] /Users/curtis/Github/Thesis/chatTester/Repos/Zappos_zappos-json/src/test/java/com/zappos/json/JsonReaderCodeGenerator_ESTest.java:[32,33] cannot find symbol
  symbol:   class TypeInfo
  location: class com.zappos.json.JsonReaderCodeGenerator_ESTest
[ERROR] /Users/curtis/Github/Thesis/chatTester/Repos/Zappos_zappos-json/src/test/java/com/zappos/json/JsonReaderCodeGenerator_ESTest.java:[34,14] cannot find symbol
  symbol:   class AttributeInfo
  location: class com.zappos.json.JsonReaderCodeGenerator_ESTest
[ERROR] /Users/curtis/Github/Thesis/chatTester/Repos/Zappos_zappos-json/src/test/java/com/zappos/json/JsonReaderCodeGenerator_ESTest.java:[35,9] cannot find symbol
  symbol:   variable Assert
  location: class com.zappos.json.JsonReaderCodeGenerator_ESTest
[ERROR] /Users/curtis/Github/Thesis/chatTester/Repos/Zappos_zappos-json/src/test/java/com/zappos/json/JsonReaderCodeGenerator_ESTest.java:[36,9] cannot find symbol
  symbol:   variable Assert
  location: class com.zappos.json.JsonReaderCodeGenerator_ESTest
[INFO] 5 errors 
####################

original test path: /Users/curtis/Github/Thesis/chatTester/Repos/Zappos_zappos-json/src/test/java/com/zappos/json/JsonReaderCodeGenerator_ESTest.java
[GENERATED PATH] JsonReaderCodeGenerator_ESTest#getAttributeInfos().java
[ERROR] COMPILATION ERROR : 
[INFO] -------------------------------------------------------------
[ERROR] /Users/curtis/Github/Thesis/chatTester/Repos/Zappos_zappos-json/src/test/java/com/zappos/json/JsonReaderCodeGenerator_ESTest.java:[32,31] cannot find symbol
  symbol:   class EmptyClass
  location: class com.zappos.json.JsonReaderCodeGenerator_ESTest
[ERROR] /Users/curtis/Github/Thesis/chatTester/Repos/Zappos_zappos-json/src/test/java/com/zappos/json/JsonReaderCodeGenerator_ESTest.java:[34,9] cannot find symbol
  symbol:   class Field
  location: class com.zappos.json.JsonReaderCodeGenerator_ESTest
[ERROR] /Users/curtis/Github/Thesis/chatTester/Repos/Zappos_zappos-json/src/test/java/com/zappos/json/JsonReaderCodeGenerator_ESTest.java:[35,14] cannot find symbol
  symbol:   class Field
  location: class com.zappos.json.JsonReaderCodeGenerator_ESTest
[ERROR] /Users/curtis/Github/Thesis/chatTester/Repos/Zappos_zappos-json/src/test/java/com/zappos/json/JsonReaderCodeGenerator_ESTest.java:[37,9] cannot find symbol
  symbol:   variable Assert
  location: class com.zappos.json.JsonReaderCodeGenerator_ESTest
[ERROR] /Users/curtis/Github/Thesis/chatTester/Repos/Zappos_zappos-json/src/test/java/com/zappos/json/JsonReaderCodeGenerator_ESTest.java:[38,9] cannot find symbol
  symbol:   variable Assert
  location: class com.zappos.json.JsonReaderCodeGenerator_ESTest
[INFO] 5 errors 
####################

original test path: /Users/curtis/Github/Thesis/chatTester/Repos/Zappos_zappos-json/src/test/java/com/zappos/json/JsonReaderCodeGenerator_ESTest.java
[GENERATED PATH] JsonReaderCodeGenerator_ESTest#getAttributeInfos().java
[ERROR] COMPILATION ERROR : 
[INFO] -------------------------------------------------------------
[ERROR] /Users/curtis/Github/Thesis/chatTester/Repos/Zappos_zappos-json/src/test/java/com/zappos/json/JsonReaderCodeGenerator_ESTest.java:[35,5] cannot find symbol
  symbol:   class TypeInfo
  location: class com.zappos.json.JsonReaderCodeGenerator_ESTest
[ERROR] /Users/curtis/Github/Thesis/chatTester/Repos/Zappos_zappos-json/src/test/java/com/zappos/json/JsonReaderCodeGenerator_ESTest.java:[35,29] cannot find symbol
  symbol:   class TypeInfo
  location: class com.zappos.json.JsonReaderCodeGenerator_ESTest
[ERROR] /Users/curtis/Github/Thesis/chatTester/Repos/Zappos_zappos-json/src/test/java/com/zappos/json/JsonReaderCodeGenerator_ESTest.java:[38,10] cannot find symbol
  symbol:   class AttributeInfo
  location: class com.zappos.json.JsonReaderCodeGenerator_ESTest
[ERROR] /Users/curtis/Github/Thesis/chatTester/Repos/Zappos_zappos-json/src/test/java/com/zappos/json/JsonReaderCodeGenerator_ESTest.java:[42,38] incompatible types: boolean cannot be converted to java.lang.String
[ERROR] /Users/curtis/Github/Thesis/chatTester/Repos/Zappos_zappos-json/src/test/java/com/zappos/json/JsonReaderCodeGenerator_ESTest.java:[45,5] cannot find symbol
  symbol:   class AttributeInfo
  location: class com.zappos.json.JsonReaderCodeGenerator_ESTest
[ERROR] /Users/curtis/Github/Thesis/chatTester/Repos/Zappos_zappos-json/src/test/java/com/zappos/json/JsonReaderCodeGenerator_ESTest.java:[45,34] cannot find symbol
  symbol:   class AttributeInfo
  location: class com.zappos.json.JsonReaderCodeGenerator_ESTest
[ERROR] /Users/curtis/Github/Thesis/chatTester/Repos/Zappos_zappos-json/src/test/java/com/zappos/json/JsonReaderCodeGenerator_ESTest.java:[49,10] cannot find symbol
  symbol:   class AttributeInfo
  location: class com.zappos.json.JsonReaderCodeGenerator_ESTest
[ERROR] /Users/curtis/Github/Thesis/chatTester/Repos/Zappos_zappos-json/src/test/java/com/zappos/json/JsonReaderCodeGenerator_ESTest.java:[55,5] no suitable method found for assertEquals(int,int,java.lang.String)
    method org.junit.Assert.assertEquals(java.lang.String,java.lang.Object[],java.lang.Object[]) is not applicable
      (argument mismatch; int cannot be converted to java.lang.String)
    method org.junit.Assert.assertEquals(float,float,float) is not applicable
      (argument mismatch; java.lang.String cannot be converted to float)
    method org.junit.Assert.assertEquals(double,double,double) is not applicable
      (argument mismatch; java.lang.String cannot be converted to double)
    method org.junit.Assert.assertEquals(java.lang.String,double,double) is not applicable
      (argument mismatch; int cannot be converted to java.lang.String)
    method org.junit.Assert.assertEquals(java.lang.String,long,long) is not applicable
      (argument mismatch; int cannot be converted to java.lang.String)
    method org.junit.Assert.assertEquals(java.lang.String,java.lang.Object,java.lang.Object) is not applicable
      (argument mismatch; int cannot be converted to java.lang.String)
[INFO] 8 errors 
####################

original test path: /Users/curtis/Github/Thesis/chatTester/Repos/Zappos_zappos-json/src/test/java/com/zappos/json/JsonReaderCodeGenerator_ESTest.java
[GENERATED PATH] JsonReaderCodeGenerator_ESTest#getAttributeInfos().java
[ERROR] COMPILATION ERROR : 
[INFO] -------------------------------------------------------------
[ERROR] /Users/curtis/Github/Thesis/chatTester/Repos/Zappos_zappos-json/src/test/java/com/zappos/json/JsonReaderCodeGenerator_ESTest.java:[37,5] cannot find symbol
  symbol:   class TypeInfo
  location: class com.zappos.json.JsonReaderCodeGenerator_ESTest
[ERROR] /Users/curtis/Github/Thesis/chatTester/Repos/Zappos_zappos-json/src/test/java/com/zappos/json/JsonReaderCodeGenerator_ESTest.java:[37,29] cannot find symbol
  symbol:   class TypeInfo
  location: class com.zappos.json.JsonReaderCodeGenerator_ESTest
[ERROR] /Users/curtis/Github/Thesis/chatTester/Repos/Zappos_zappos-json/src/test/java/com/zappos/json/JsonReaderCodeGenerator_ESTest.java:[40,10] cannot find symbol
  symbol:   class AttributeInfo
  location: class com.zappos.json.JsonReaderCodeGenerator_ESTest
[ERROR] /Users/curtis/Github/Thesis/chatTester/Repos/Zappos_zappos-json/src/test/java/com/zappos/json/JsonReaderCodeGenerator_ESTest.java:[44,38] incompatible types: boolean cannot be converted to java.lang.String
[INFO] 4 errors 
####################

original test path: /Users/curtis/Github/Thesis/chatTester/Repos/Zappos_zappos-json/src/test/java/com/zappos/json/JsonReaderCodeGenerator_ESTest.java
[GENERATED PATH] JsonReaderCodeGenerator_ESTest#getAttributeInfos().java
[ERROR] COMPILATION ERROR : 
[INFO] -------------------------------------------------------------
[ERROR] /Users/curtis/Github/Thesis/chatTester/Repos/Zappos_zappos-json/src/test/java/com/zappos/json/JsonReaderCodeGenerator_ESTest.java:[39,5] cannot find symbol
  symbol:   class TypeInfo
  location: class com.zappos.json.JsonReaderCodeGenerator_ESTest
[ERROR] /Users/curtis/Github/Thesis/chatTester/Repos/Zappos_zappos-json/src/test/java/com/zappos/json/JsonReaderCodeGenerator_ESTest.java:[39,29] cannot find symbol
  symbol:   class TypeInfo
  location: class com.zappos.json.JsonReaderCodeGenerator_ESTest
[ERROR] /Users/curtis/Github/Thesis/chatTester/Repos/Zappos_zappos-json/src/test/java/com/zappos/json/JsonReaderCodeGenerator_ESTest.java:[42,37] cannot find symbol
  symbol:   class TypeInfo
  location: class com.zappos.json.JsonReaderCodeGenerator_ESTest
[ERROR] /Users/curtis/Github/Thesis/chatTester/Repos/Zappos_zappos-json/src/test/java/com/zappos/json/JsonReaderCodeGenerator_ESTest.java:[45,10] cannot find symbol
  symbol:   class AttributeInfo
  location: class com.zappos.json.JsonReaderCodeGenerator_ESTest
[ERROR] /Users/curtis/Github/Thesis/chatTester/Repos/Zappos_zappos-json/src/test/java/com/zappos/json/JsonReaderCodeGenerator_ESTest.java:[45,43] cannot find symbol
  symbol:   class AttributeInfo
  location: class com.zappos.json.JsonReaderCodeGenerator_ESTest
[ERROR] /Users/curtis/Github/Thesis/chatTester/Repos/Zappos_zappos-json/src/test/java/com/zappos/json/JsonReaderCodeGenerator_ESTest.java:[47,5] cannot find symbol
  symbol:   class AttributeInfo
  location: class com.zappos.json.JsonReaderCodeGenerator_ESTest
[ERROR] /Users/curtis/Github/Thesis/chatTester/Repos/Zappos_zappos-json/src/test/java/com/zappos/json/JsonReaderCodeGenerator_ESTest.java:[47,31] cannot find symbol
  symbol:   class AttributeInfo
  location: class com.zappos.json.JsonReaderCodeGenerator_ESTest
[ERROR] /Users/curtis/Github/Thesis/chatTester/Repos/Zappos_zappos-json/src/test/java/com/zappos/json/JsonReaderCodeGenerator_ESTest.java:[48,5] cannot find symbol
  symbol:   class AttributeInfo
  location: class com.zappos.json.JsonReaderCodeGenerator_ESTest
[ERROR] /Users/curtis/Github/Thesis/chatTester/Repos/Zappos_zappos-json/src/test/java/com/zappos/json/JsonReaderCodeGenerator_ESTest.java:[48,31] cannot find symbol
  symbol:   class AttributeInfo
  location: class com.zappos.json.JsonReaderCodeGenerator_ESTest
[ERROR] /Users/curtis/Github/Thesis/chatTester/Repos/Zappos_zappos-json/src/test/java/com/zappos/json/JsonReaderCodeGenerator_ESTest.java:[53,10] cannot find symbol
  symbol:   class AttributeInfo
  location: class com.zappos.json.JsonReaderCodeGenerator_ESTest
[ERROR] /Users/curtis/Github/Thesis/chatTester/Repos/Zappos_zappos-json/src/test/java/com/zappos/json/JsonReaderCodeGenerator_ESTest.java:[57,5] no suitable method found for assertEquals(int,int,java.lang.String)
    method org.junit.Assert.assertEquals(java.lang.String,java.lang.Object[],java.lang.Object[]) is not applicable
      (argument mismatch; int cannot be converted to java.lang.String)
    method org.junit.Assert.assertEquals(float,float,float) is not applicable
      (argument mismatch; java.lang.String cannot be converted to float)
    method org.junit.Assert.assertEquals(double,double,double) is not applicable
      (argument mismatch; java.lang.String cannot be converted to double)
    method org.junit.Assert.assertEquals(java.lang.String,double,double) is not applicable
      (argument mismatch; int cannot be converted to java.lang.String)
    method org.junit.Assert.assertEquals(java.lang.String,long,long) is not applicable
      (argument mismatch; int cannot be converted to java.lang.String)
    method org.junit.Assert.assertEquals(java.lang.String,java.lang.Object,java.lang.Object) is not applicable
      (argument mismatch; int cannot be converted to java.lang.String)
[INFO] 11 errors 
####################

original test path: /Users/curtis/Github/Thesis/chatTester/Repos/Zappos_zappos-json/src/test/java/com/zappos/json/JsonReaderCodeGenerator_ESTest.java
[GENERATED PATH] JsonReaderCodeGenerator_ESTest#getAttributeInfos().java
[ERROR] COMPILATION ERROR : 
[INFO] -------------------------------------------------------------
[ERROR] /Users/curtis/Github/Thesis/chatTester/Repos/Zappos_zappos-json/src/test/java/com/zappos/json/JsonReaderCodeGenerator_ESTest.java:[41,5] cannot find symbol
  symbol:   class TypeInfo
  location: class com.zappos.json.JsonReaderCodeGenerator_ESTest
[ERROR] /Users/curtis/Github/Thesis/chatTester/Repos/Zappos_zappos-json/src/test/java/com/zappos/json/JsonReaderCodeGenerator_ESTest.java:[41,29] cannot find symbol
  symbol:   class TypeInfo
  location: class com.zappos.json.JsonReaderCodeGenerator_ESTest
[ERROR] /Users/curtis/Github/Thesis/chatTester/Repos/Zappos_zappos-json/src/test/java/com/zappos/json/JsonReaderCodeGenerator_ESTest.java:[44,10] cannot find symbol
  symbol:   class AttributeInfo
  location: class com.zappos.json.JsonReaderCodeGenerator_ESTest
[ERROR] /Users/curtis/Github/Thesis/chatTester/Repos/Zappos_zappos-json/src/test/java/com/zappos/json/JsonReaderCodeGenerator_ESTest.java:[48,33] incompatible types: boolean cannot be converted to java.lang.String
[INFO] 4 errors 
####################

