original test path: /Users/curtis/Github/Thesis/chatTester/Repos/Zappos_zappos-json/src/test/java/com/zappos/json/JsonReaderCodeGenerator_ESTest.java
[GENERATED PATH] JsonReaderCodeGenerator_ESTest#deregister(Class<?> clazz).java
[ERROR] COMPILATION ERROR : 
[INFO] -------------------------------------------------------------
[ERROR] /Users/curtis/Github/Thesis/chatTester/Repos/Zappos_zappos-json/src/test/java/com/zappos/json/JsonReaderCodeGenerator_ESTest.java:[38,9] cannot find symbol
  symbol:   class Field
  location: class com.zappos.json.JsonReaderCodeGenerator_ESTest
[INFO] 1 error
####################

original test path: /Users/curtis/Github/Thesis/chatTester/Repos/Zappos_zappos-json/src/test/java/com/zappos/json/JsonReaderCodeGenerator_ESTest.java
[GENERATED PATH] JsonReaderCodeGenerator_ESTest#deregister(Class<?> clazz).java
[ERROR] COMPILATION ERROR : 
[INFO] -------------------------------------------------------------
[ERROR] /Users/curtis/Github/Thesis/chatTester/Repos/Zappos_zappos-json/src/test/java/com/zappos/json/JsonReaderCodeGenerator_ESTest.java:[42,9] cannot find symbol
  symbol:   variable Assert
  location: class com.zappos.json.JsonReaderCodeGenerator_ESTest
[ERROR] /Users/curtis/Github/Thesis/chatTester/Repos/Zappos_zappos-json/src/test/java/com/zappos/json/JsonReaderCodeGenerator_ESTest.java:[50,9] cannot find symbol
  symbol:   variable Assert
  location: class com.zappos.json.JsonReaderCodeGenerator_ESTest
[INFO] 2 errors 
####################

original test path: /Users/curtis/Github/Thesis/chatTester/Repos/Zappos_zappos-json/src/test/java/com/zappos/json/JsonReaderCodeGenerator_ESTest.java
[GENERATED PATH] JsonReaderCodeGenerator_ESTest#deregister(Class<?> clazz).java
[ERROR] COMPILATION ERROR : 
[INFO] -------------------------------------------------------------
[ERROR] /Users/curtis/Github/Thesis/chatTester/Repos/Zappos_zappos-json/src/test/java/com/zappos/json/JsonReaderCodeGenerator_ESTest.java:[35,32] JSON_READER_INVOKERS has private access in com.zappos.json.JsonReaderCodeGenerator
[ERROR] /Users/curtis/Github/Thesis/chatTester/Repos/Zappos_zappos-json/src/test/java/com/zappos/json/JsonReaderCodeGenerator_ESTest.java:[35,69] incompatible types: java.lang.Object cannot be converted to com.zappos.json.JsonReaderInvoker
[ERROR] /Users/curtis/Github/Thesis/chatTester/Repos/Zappos_zappos-json/src/test/java/com/zappos/json/JsonReaderCodeGenerator_ESTest.java:[38,32] non-static method deregister(java.lang.Class<?>) cannot be referenced from a static context
[ERROR] /Users/curtis/Github/Thesis/chatTester/Repos/Zappos_zappos-json/src/test/java/com/zappos/json/JsonReaderCodeGenerator_ESTest.java:[41,44] JSON_READER_INVOKERS has private access in com.zappos.json.JsonReaderCodeGenerator
[INFO] 4 errors 
####################

