original test path: /Users/curtis/Github/Thesis/chatTester/Repos/Zappos_zappos-json/src/test/java/com/zappos/json/JsonBeanIntrospector_ESTest.java
[GENERATED PATH] JsonBeanIntrospector_ESTest#getMutators(Class<?> clazz).java
[ERROR] COMPILATION ERROR : 
[INFO] -------------------------------------------------------------
[ERROR] /Users/curtis/Github/Thesis/chatTester/Repos/Zappos_zappos-json/src/test/java/com/zappos/json/JsonBeanIntrospector_ESTest.java:[28,8] class, interface, or enum expected
[ERROR] /Users/curtis/Github/Thesis/chatTester/Repos/Zappos_zappos-json/src/test/java/com/zappos/json/JsonBeanIntrospector_ESTest.java:[56,5] class, interface, or enum expected
[ERROR] /Users/curtis/Github/Thesis/chatTester/Repos/Zappos_zappos-json/src/test/java/com/zappos/json/JsonBeanIntrospector_ESTest.java:[56,67] <identifier> expected
[ERROR] /Users/curtis/Github/Thesis/chatTester/Repos/Zappos_zappos-json/src/test/java/com/zappos/json/JsonBeanIntrospector_ESTest.java:[59,5] invalid method declaration; return type required
[ERROR] /Users/curtis/Github/Thesis/chatTester/Repos/Zappos_zappos-json/src/test/java/com/zappos/json/JsonBeanIntrospector_ESTest.java:[59,27] <identifier> expected
[ERROR] /Users/curtis/Github/Thesis/chatTester/Repos/Zappos_zappos-json/src/test/java/com/zappos/json/JsonBeanIntrospector_ESTest.java:[59,29] illegal start of type
[ERROR] /Users/curtis/Github/Thesis/chatTester/Repos/Zappos_zappos-json/src/test/java/com/zappos/json/JsonBeanIntrospector_ESTest.java:[60,5] invalid method declaration; return type required
[ERROR] /Users/curtis/Github/Thesis/chatTester/Repos/Zappos_zappos-json/src/test/java/com/zappos/json/JsonBeanIntrospector_ESTest.java:[60,33] <identifier> expected
[ERROR] /Users/curtis/Github/Thesis/chatTester/Repos/Zappos_zappos-json/src/test/java/com/zappos/json/JsonBeanIntrospector_ESTest.java:[60,34] ';' expected
[ERROR] /Users/curtis/Github/Thesis/chatTester/Repos/Zappos_zappos-json/src/test/java/com/zappos/json/JsonBeanIntrospector_ESTest.java:[60,35] illegal start of type
[ERROR] /Users/curtis/Github/Thesis/chatTester/Repos/Zappos_zappos-json/src/test/java/com/zappos/json/JsonBeanIntrospector_ESTest.java:[60,36] <identifier> expected
[ERROR] /Users/curtis/Github/Thesis/chatTester/Repos/Zappos_zappos-json/src/test/java/com/zappos/json/JsonBeanIntrospector_ESTest.java:[60,72] ';' expected
[ERROR] /Users/curtis/Github/Thesis/chatTester/Repos/Zappos_zappos-json/src/test/java/com/zappos/json/JsonBeanIntrospector_ESTest.java:[64,28] lambda expressions are not supported in -source 1.7
  (use -source 8 or higher to enable lambda expressions)
[ERROR] /Users/curtis/Github/Thesis/chatTester/Repos/Zappos_zappos-json/src/test/java/com/zappos/json/JsonBeanIntrospector_ESTest.java:[69,5] invalid method declaration; return type required
[ERROR] /Users/curtis/Github/Thesis/chatTester/Repos/Zappos_zappos-json/src/test/java/com/zappos/json/JsonBeanIntrospector_ESTest.java:[69,28] <identifier> expected
[ERROR] /Users/curtis/Github/Thesis/chatTester/Repos/Zappos_zappos-json/src/test/java/com/zappos/json/JsonBeanIntrospector_ESTest.java:[69,30] illegal start of type
[ERROR] /Users/curtis/Github/Thesis/chatTester/Repos/Zappos_zappos-json/src/test/java/com/zappos/json/JsonBeanIntrospector_ESTest.java:[70,5] invalid method declaration; return type required
[ERROR] /Users/curtis/Github/Thesis/chatTester/Repos/Zappos_zappos-json/src/test/java/com/zappos/json/JsonBeanIntrospector_ESTest.java:[70,27] <identifier> expected
[ERROR] /Users/curtis/Github/Thesis/chatTester/Repos/Zappos_zappos-json/src/test/java/com/zappos/json/JsonBeanIntrospector_ESTest.java:[70,29] illegal start of type
[ERROR] /Users/curtis/Github/Thesis/chatTester/Repos/Zappos_zappos-json/src/test/java/com/zappos/json/JsonBeanIntrospector_ESTest.java:[75,5] invalid method declaration; return type required
[ERROR] /Users/curtis/Github/Thesis/chatTester/Repos/Zappos_zappos-json/src/test/java/com/zappos/json/JsonBeanIntrospector_ESTest.java:[75,35] <identifier> expected
[ERROR] /Users/curtis/Github/Thesis/chatTester/Repos/Zappos_zappos-json/src/test/java/com/zappos/json/JsonBeanIntrospector_ESTest.java:[75,37] illegal start of type
[ERROR] /Users/curtis/Github/Thesis/chatTester/Repos/Zappos_zappos-json/src/test/java/com/zappos/json/JsonBeanIntrospector_ESTest.java:[77,1] class, interface, or enum expected
[INFO] 23 errors 
####################

original test path: /Users/curtis/Github/Thesis/chatTester/Repos/Zappos_zappos-json/src/test/java/com/zappos/json/JsonBeanIntrospector_ESTest.java
[GENERATED PATH] JsonBeanIntrospector_ESTest#getMutators(Class<?> clazz).java
[ERROR] COMPILATION ERROR : 
[INFO] -------------------------------------------------------------
[ERROR] /Users/curtis/Github/Thesis/chatTester/Repos/Zappos_zappos-json/src/test/java/com/zappos/json/JsonBeanIntrospector_ESTest.java:[28,12] class, interface, or enum expected
[ERROR] /Users/curtis/Github/Thesis/chatTester/Repos/Zappos_zappos-json/src/test/java/com/zappos/json/JsonBeanIntrospector_ESTest.java:[55,9] class, interface, or enum expected
[ERROR] /Users/curtis/Github/Thesis/chatTester/Repos/Zappos_zappos-json/src/test/java/com/zappos/json/JsonBeanIntrospector_ESTest.java:[56,9] class, interface, or enum expected
[ERROR] /Users/curtis/Github/Thesis/chatTester/Repos/Zappos_zappos-json/src/test/java/com/zappos/json/JsonBeanIntrospector_ESTest.java:[56,42] <identifier> expected
[ERROR] /Users/curtis/Github/Thesis/chatTester/Repos/Zappos_zappos-json/src/test/java/com/zappos/json/JsonBeanIntrospector_ESTest.java:[62,9] invalid method declaration; return type required
[ERROR] /Users/curtis/Github/Thesis/chatTester/Repos/Zappos_zappos-json/src/test/java/com/zappos/json/JsonBeanIntrospector_ESTest.java:[62,39] <identifier> expected
[ERROR] /Users/curtis/Github/Thesis/chatTester/Repos/Zappos_zappos-json/src/test/java/com/zappos/json/JsonBeanIntrospector_ESTest.java:[62,41] illegal start of type
[ERROR] /Users/curtis/Github/Thesis/chatTester/Repos/Zappos_zappos-json/src/test/java/com/zappos/json/JsonBeanIntrospector_ESTest.java:[63,9] invalid method declaration; return type required
[ERROR] /Users/curtis/Github/Thesis/chatTester/Repos/Zappos_zappos-json/src/test/java/com/zappos/json/JsonBeanIntrospector_ESTest.java:[63,31] <identifier> expected
[ERROR] /Users/curtis/Github/Thesis/chatTester/Repos/Zappos_zappos-json/src/test/java/com/zappos/json/JsonBeanIntrospector_ESTest.java:[63,59] <identifier> expected
[ERROR] /Users/curtis/Github/Thesis/chatTester/Repos/Zappos_zappos-json/src/test/java/com/zappos/json/JsonBeanIntrospector_ESTest.java:[63,61] illegal start of type
[ERROR] /Users/curtis/Github/Thesis/chatTester/Repos/Zappos_zappos-json/src/test/java/com/zappos/json/JsonBeanIntrospector_ESTest.java:[64,9] invalid method declaration; return type required
[ERROR] /Users/curtis/Github/Thesis/chatTester/Repos/Zappos_zappos-json/src/test/java/com/zappos/json/JsonBeanIntrospector_ESTest.java:[64,46] <identifier> expected
[ERROR] /Users/curtis/Github/Thesis/chatTester/Repos/Zappos_zappos-json/src/test/java/com/zappos/json/JsonBeanIntrospector_ESTest.java:[64,48] illegal start of type
[ERROR] /Users/curtis/Github/Thesis/chatTester/Repos/Zappos_zappos-json/src/test/java/com/zappos/json/JsonBeanIntrospector_ESTest.java:[65,9] invalid method declaration; return type required
[ERROR] /Users/curtis/Github/Thesis/chatTester/Repos/Zappos_zappos-json/src/test/java/com/zappos/json/JsonBeanIntrospector_ESTest.java:[65,29] <identifier> expected
[ERROR] /Users/curtis/Github/Thesis/chatTester/Repos/Zappos_zappos-json/src/test/java/com/zappos/json/JsonBeanIntrospector_ESTest.java:[65,31] illegal start of type
[ERROR] /Users/curtis/Github/Thesis/chatTester/Repos/Zappos_zappos-json/src/test/java/com/zappos/json/JsonBeanIntrospector_ESTest.java:[66,9] invalid method declaration; return type required
[ERROR] /Users/curtis/Github/Thesis/chatTester/Repos/Zappos_zappos-json/src/test/java/com/zappos/json/JsonBeanIntrospector_ESTest.java:[66,22] illegal start of type
[ERROR] /Users/curtis/Github/Thesis/chatTester/Repos/Zappos_zappos-json/src/test/java/com/zappos/json/JsonBeanIntrospector_ESTest.java:[66,36] <identifier> expected
[ERROR] /Users/curtis/Github/Thesis/chatTester/Repos/Zappos_zappos-json/src/test/java/com/zappos/json/JsonBeanIntrospector_ESTest.java:[66,37] ';' expected
[ERROR] /Users/curtis/Github/Thesis/chatTester/Repos/Zappos_zappos-json/src/test/java/com/zappos/json/JsonBeanIntrospector_ESTest.java:[66,38] illegal start of type
[ERROR] /Users/curtis/Github/Thesis/chatTester/Repos/Zappos_zappos-json/src/test/java/com/zappos/json/JsonBeanIntrospector_ESTest.java:[66,39] <identifier> expected
[ERROR] /Users/curtis/Github/Thesis/chatTester/Repos/Zappos_zappos-json/src/test/java/com/zappos/json/JsonBeanIntrospector_ESTest.java:[66,84] ';' expected
[ERROR] /Users/curtis/Github/Thesis/chatTester/Repos/Zappos_zappos-json/src/test/java/com/zappos/json/JsonBeanIntrospector_ESTest.java:[67,9] invalid method declaration; return type required
[ERROR] /Users/curtis/Github/Thesis/chatTester/Repos/Zappos_zappos-json/src/test/java/com/zappos/json/JsonBeanIntrospector_ESTest.java:[67,30] <identifier> expected
[ERROR] /Users/curtis/Github/Thesis/chatTester/Repos/Zappos_zappos-json/src/test/java/com/zappos/json/JsonBeanIntrospector_ESTest.java:[67,31] ';' expected
[ERROR] /Users/curtis/Github/Thesis/chatTester/Repos/Zappos_zappos-json/src/test/java/com/zappos/json/JsonBeanIntrospector_ESTest.java:[67,32] illegal start of type
[ERROR] /Users/curtis/Github/Thesis/chatTester/Repos/Zappos_zappos-json/src/test/java/com/zappos/json/JsonBeanIntrospector_ESTest.java:[67,33] <identifier> expected
[ERROR] /Users/curtis/Github/Thesis/chatTester/Repos/Zappos_zappos-json/src/test/java/com/zappos/json/JsonBeanIntrospector_ESTest.java:[67,44] ';' expected
[ERROR] /Users/curtis/Github/Thesis/chatTester/Repos/Zappos_zappos-json/src/test/java/com/zappos/json/JsonBeanIntrospector_ESTest.java:[67,62] illegal start of type
[ERROR] /Users/curtis/Github/Thesis/chatTester/Repos/Zappos_zappos-json/src/test/java/com/zappos/json/JsonBeanIntrospector_ESTest.java:[67,63] <identifier> expected
[ERROR] /Users/curtis/Github/Thesis/chatTester/Repos/Zappos_zappos-json/src/test/java/com/zappos/json/JsonBeanIntrospector_ESTest.java:[67,106] ';' expected
[ERROR] /Users/curtis/Github/Thesis/chatTester/Repos/Zappos_zappos-json/src/test/java/com/zappos/json/JsonBeanIntrospector_ESTest.java:[69,1] class, interface, or enum expected
[INFO] 34 errors 
####################

original test path: /Users/curtis/Github/Thesis/chatTester/Repos/Zappos_zappos-json/src/test/java/com/zappos/json/JsonBeanIntrospector_ESTest.java
[GENERATED PATH] JsonBeanIntrospector_ESTest#getMutators(Class<?> clazz).java
[ERROR] COMPILATION ERROR : 
[INFO] -------------------------------------------------------------
[ERROR] /Users/curtis/Github/Thesis/chatTester/Repos/Zappos_zappos-json/src/test/java/com/zappos/json/JsonBeanIntrospector_ESTest.java:[28,12] class, interface, or enum expected
[ERROR] /Users/curtis/Github/Thesis/chatTester/Repos/Zappos_zappos-json/src/test/java/com/zappos/json/JsonBeanIntrospector_ESTest.java:[34,9] class, interface, or enum expected
[ERROR] /Users/curtis/Github/Thesis/chatTester/Repos/Zappos_zappos-json/src/test/java/com/zappos/json/JsonBeanIntrospector_ESTest.java:[50,9] class, interface, or enum expected
[ERROR] /Users/curtis/Github/Thesis/chatTester/Repos/Zappos_zappos-json/src/test/java/com/zappos/json/JsonBeanIntrospector_ESTest.java:[50,81] <identifier> expected
[ERROR] /Users/curtis/Github/Thesis/chatTester/Repos/Zappos_zappos-json/src/test/java/com/zappos/json/JsonBeanIntrospector_ESTest.java:[53,9] invalid method declaration; return type required
[ERROR] /Users/curtis/Github/Thesis/chatTester/Repos/Zappos_zappos-json/src/test/java/com/zappos/json/JsonBeanIntrospector_ESTest.java:[53,31] <identifier> expected
[ERROR] /Users/curtis/Github/Thesis/chatTester/Repos/Zappos_zappos-json/src/test/java/com/zappos/json/JsonBeanIntrospector_ESTest.java:[53,33] illegal start of type
[ERROR] /Users/curtis/Github/Thesis/chatTester/Repos/Zappos_zappos-json/src/test/java/com/zappos/json/JsonBeanIntrospector_ESTest.java:[55,9] invalid method declaration; return type required
[ERROR] /Users/curtis/Github/Thesis/chatTester/Repos/Zappos_zappos-json/src/test/java/com/zappos/json/JsonBeanIntrospector_ESTest.java:[55,22] illegal start of type
[ERROR] /Users/curtis/Github/Thesis/chatTester/Repos/Zappos_zappos-json/src/test/java/com/zappos/json/JsonBeanIntrospector_ESTest.java:[55,38] <identifier> expected
[ERROR] /Users/curtis/Github/Thesis/chatTester/Repos/Zappos_zappos-json/src/test/java/com/zappos/json/JsonBeanIntrospector_ESTest.java:[55,39] ';' expected
[ERROR] /Users/curtis/Github/Thesis/chatTester/Repos/Zappos_zappos-json/src/test/java/com/zappos/json/JsonBeanIntrospector_ESTest.java:[55,40] illegal start of type
[ERROR] /Users/curtis/Github/Thesis/chatTester/Repos/Zappos_zappos-json/src/test/java/com/zappos/json/JsonBeanIntrospector_ESTest.java:[55,41] <identifier> expected
[ERROR] /Users/curtis/Github/Thesis/chatTester/Repos/Zappos_zappos-json/src/test/java/com/zappos/json/JsonBeanIntrospector_ESTest.java:[55,78] ';' expected
[ERROR] /Users/curtis/Github/Thesis/chatTester/Repos/Zappos_zappos-json/src/test/java/com/zappos/json/JsonBeanIntrospector_ESTest.java:[58,32] lambda expressions are not supported in -source 1.7
  (use -source 8 or higher to enable lambda expressions)
[ERROR] /Users/curtis/Github/Thesis/chatTester/Repos/Zappos_zappos-json/src/test/java/com/zappos/json/JsonBeanIntrospector_ESTest.java:[62,9] invalid method declaration; return type required
[ERROR] /Users/curtis/Github/Thesis/chatTester/Repos/Zappos_zappos-json/src/test/java/com/zappos/json/JsonBeanIntrospector_ESTest.java:[62,30] <identifier> expected
[ERROR] /Users/curtis/Github/Thesis/chatTester/Repos/Zappos_zappos-json/src/test/java/com/zappos/json/JsonBeanIntrospector_ESTest.java:[62,32] illegal start of type
[ERROR] /Users/curtis/Github/Thesis/chatTester/Repos/Zappos_zappos-json/src/test/java/com/zappos/json/JsonBeanIntrospector_ESTest.java:[63,9] invalid method declaration; return type required
[ERROR] /Users/curtis/Github/Thesis/chatTester/Repos/Zappos_zappos-json/src/test/java/com/zappos/json/JsonBeanIntrospector_ESTest.java:[63,29] <identifier> expected
[ERROR] /Users/curtis/Github/Thesis/chatTester/Repos/Zappos_zappos-json/src/test/java/com/zappos/json/JsonBeanIntrospector_ESTest.java:[63,31] illegal start of type
[ERROR] /Users/curtis/Github/Thesis/chatTester/Repos/Zappos_zappos-json/src/test/java/com/zappos/json/JsonBeanIntrospector_ESTest.java:[65,1] class, interface, or enum expected
[INFO] 22 errors 
####################

original test path: /Users/curtis/Github/Thesis/chatTester/Repos/Zappos_zappos-json/src/test/java/com/zappos/json/JsonBeanIntrospector_ESTest.java
[GENERATED PATH] JsonBeanIntrospector_ESTest#getMutators(Class<?> clazz).java
[ERROR] COMPILATION ERROR : 
[INFO] -------------------------------------------------------------
[ERROR] /Users/curtis/Github/Thesis/chatTester/Repos/Zappos_zappos-json/src/test/java/com/zappos/json/JsonBeanIntrospector_ESTest.java:[28,12] class, interface, or enum expected
[ERROR] /Users/curtis/Github/Thesis/chatTester/Repos/Zappos_zappos-json/src/test/java/com/zappos/json/JsonBeanIntrospector_ESTest.java:[31,9] class, interface, or enum expected
[ERROR] /Users/curtis/Github/Thesis/chatTester/Repos/Zappos_zappos-json/src/test/java/com/zappos/json/JsonBeanIntrospector_ESTest.java:[34,9] class, interface, or enum expected
[ERROR] /Users/curtis/Github/Thesis/chatTester/Repos/Zappos_zappos-json/src/test/java/com/zappos/json/JsonBeanIntrospector_ESTest.java:[34,81] <identifier> expected
[ERROR] /Users/curtis/Github/Thesis/chatTester/Repos/Zappos_zappos-json/src/test/java/com/zappos/json/JsonBeanIntrospector_ESTest.java:[37,9] invalid method declaration; return type required
[ERROR] /Users/curtis/Github/Thesis/chatTester/Repos/Zappos_zappos-json/src/test/java/com/zappos/json/JsonBeanIntrospector_ESTest.java:[37,31] <identifier> expected
[ERROR] /Users/curtis/Github/Thesis/chatTester/Repos/Zappos_zappos-json/src/test/java/com/zappos/json/JsonBeanIntrospector_ESTest.java:[37,33] illegal start of type
[ERROR] /Users/curtis/Github/Thesis/chatTester/Repos/Zappos_zappos-json/src/test/java/com/zappos/json/JsonBeanIntrospector_ESTest.java:[38,9] invalid method declaration; return type required
[ERROR] /Users/curtis/Github/Thesis/chatTester/Repos/Zappos_zappos-json/src/test/java/com/zappos/json/JsonBeanIntrospector_ESTest.java:[38,37] <identifier> expected
[ERROR] /Users/curtis/Github/Thesis/chatTester/Repos/Zappos_zappos-json/src/test/java/com/zappos/json/JsonBeanIntrospector_ESTest.java:[38,38] ';' expected
[ERROR] /Users/curtis/Github/Thesis/chatTester/Repos/Zappos_zappos-json/src/test/java/com/zappos/json/JsonBeanIntrospector_ESTest.java:[38,39] illegal start of type
[ERROR] /Users/curtis/Github/Thesis/chatTester/Repos/Zappos_zappos-json/src/test/java/com/zappos/json/JsonBeanIntrospector_ESTest.java:[38,40] <identifier> expected
[ERROR] /Users/curtis/Github/Thesis/chatTester/Repos/Zappos_zappos-json/src/test/java/com/zappos/json/JsonBeanIntrospector_ESTest.java:[38,85] ';' expected
[ERROR] /Users/curtis/Github/Thesis/chatTester/Repos/Zappos_zappos-json/src/test/java/com/zappos/json/JsonBeanIntrospector_ESTest.java:[39,9] invalid method declaration; return type required
[ERROR] /Users/curtis/Github/Thesis/chatTester/Repos/Zappos_zappos-json/src/test/java/com/zappos/json/JsonBeanIntrospector_ESTest.java:[39,32] <identifier> expected
[ERROR] /Users/curtis/Github/Thesis/chatTester/Repos/Zappos_zappos-json/src/test/java/com/zappos/json/JsonBeanIntrospector_ESTest.java:[39,33] ';' expected
[ERROR] /Users/curtis/Github/Thesis/chatTester/Repos/Zappos_zappos-json/src/test/java/com/zappos/json/JsonBeanIntrospector_ESTest.java:[39,34] illegal start of type
[ERROR] /Users/curtis/Github/Thesis/chatTester/Repos/Zappos_zappos-json/src/test/java/com/zappos/json/JsonBeanIntrospector_ESTest.java:[39,35] <identifier> expected
[ERROR] /Users/curtis/Github/Thesis/chatTester/Repos/Zappos_zappos-json/src/test/java/com/zappos/json/JsonBeanIntrospector_ESTest.java:[39,46] ';' expected
[ERROR] /Users/curtis/Github/Thesis/chatTester/Repos/Zappos_zappos-json/src/test/java/com/zappos/json/JsonBeanIntrospector_ESTest.java:[39,64] illegal start of type
[ERROR] /Users/curtis/Github/Thesis/chatTester/Repos/Zappos_zappos-json/src/test/java/com/zappos/json/JsonBeanIntrospector_ESTest.java:[39,65] <identifier> expected
[ERROR] /Users/curtis/Github/Thesis/chatTester/Repos/Zappos_zappos-json/src/test/java/com/zappos/json/JsonBeanIntrospector_ESTest.java:[39,117] ';' expected
[ERROR] /Users/curtis/Github/Thesis/chatTester/Repos/Zappos_zappos-json/src/test/java/com/zappos/json/JsonBeanIntrospector_ESTest.java:[41,1] class, interface, or enum expected
[INFO] 23 errors 
####################

original test path: /Users/curtis/Github/Thesis/chatTester/Repos/Zappos_zappos-json/src/test/java/com/zappos/json/JsonBeanIntrospector_ESTest.java
[GENERATED PATH] JsonBeanIntrospector_ESTest#getMutators(Class<?> clazz).java
[ERROR] COMPILATION ERROR : 
[INFO] -------------------------------------------------------------
[ERROR] /Users/curtis/Github/Thesis/chatTester/Repos/Zappos_zappos-json/src/test/java/com/zappos/json/JsonBeanIntrospector_ESTest.java:[30,9] class, interface, or enum expected
[ERROR] /Users/curtis/Github/Thesis/chatTester/Repos/Zappos_zappos-json/src/test/java/com/zappos/json/JsonBeanIntrospector_ESTest.java:[33,60] <identifier> expected
[ERROR] /Users/curtis/Github/Thesis/chatTester/Repos/Zappos_zappos-json/src/test/java/com/zappos/json/JsonBeanIntrospector_ESTest.java:[37,1] class, interface, or enum expected
[INFO] 3 errors 
####################

