original test path: /Users/curtis/Github/Thesis/chatTester/Repos/Zappos_zappos-json/src/test/java/com/zappos/json/util/Reflections_ESTest.java
[GENERATED PATH] Reflections_ESTest#getGenericTypes(Field field).java
[ERROR] COMPILATION ERROR : 
[INFO] -------------------------------------------------------------
[ERROR] /Users/curtis/Github/Thesis/chatTester/Repos/Zappos_zappos-json/src/test/java/com/zappos/json/util/Reflections_ESTest.java:[29,33] cannot find symbol
  symbol:   class TestClass
  location: class com.zappos.json.util.Reflections_ESTest
[ERROR] /Users/curtis/Github/Thesis/chatTester/Repos/Zappos_zappos-json/src/test/java/com/zappos/json/util/Reflections_ESTest.java:[36,26] cannot find symbol
  symbol:   class TestClass
  location: class com.zappos.json.util.Reflections_ESTest
[ERROR] /Users/curtis/Github/Thesis/chatTester/Repos/Zappos_zappos-json/src/test/java/com/zappos/json/util/Reflections_ESTest.java:[44,32] cannot find symbol
  symbol:   class TestClass
  location: class com.zappos.json.util.Reflections_ESTest
[ERROR] /Users/curtis/Github/Thesis/chatTester/Repos/Zappos_zappos-json/src/test/java/com/zappos/json/util/Reflections_ESTest.java:[49,30] cannot find symbol
  symbol:   class TestClass
  location: class com.zappos.json.util.Reflections_ESTest
[ERROR] /Users/curtis/Github/Thesis/chatTester/Repos/Zappos_zappos-json/src/test/java/com/zappos/json/util/Reflections_ESTest.java:[54,35] cannot find symbol
  symbol:   class TestClass
  location: class com.zappos.json.util.Reflections_ESTest
[INFO] 5 errors 
####################

original test path: /Users/curtis/Github/Thesis/chatTester/Repos/Zappos_zappos-json/src/test/java/com/zappos/json/util/Reflections_ESTest.java
[GENERATED PATH] Reflections_ESTest#getGenericTypes(Field field).java
[ERROR] COMPILATION ERROR : 
[INFO] -------------------------------------------------------------
[ERROR] /Users/curtis/Github/Thesis/chatTester/Repos/Zappos_zappos-json/src/test/java/com/zappos/json/util/Reflections_ESTest.java:[31,33] cannot find symbol
  symbol:   class TestClass
  location: class com.zappos.json.util.Reflections_ESTest
[ERROR] /Users/curtis/Github/Thesis/chatTester/Repos/Zappos_zappos-json/src/test/java/com/zappos/json/util/Reflections_ESTest.java:[38,26] cannot find symbol
  symbol:   class TestClass
  location: class com.zappos.json.util.Reflections_ESTest
[ERROR] /Users/curtis/Github/Thesis/chatTester/Repos/Zappos_zappos-json/src/test/java/com/zappos/json/util/Reflections_ESTest.java:[45,32] cannot find symbol
  symbol:   class TestClass
  location: class com.zappos.json.util.Reflections_ESTest
[ERROR] /Users/curtis/Github/Thesis/chatTester/Repos/Zappos_zappos-json/src/test/java/com/zappos/json/util/Reflections_ESTest.java:[49,30] cannot find symbol
  symbol:   class TestClass
  location: class com.zappos.json.util.Reflections_ESTest
[ERROR] /Users/curtis/Github/Thesis/chatTester/Repos/Zappos_zappos-json/src/test/java/com/zappos/json/util/Reflections_ESTest.java:[53,35] cannot find symbol
  symbol:   class TestClass
  location: class com.zappos.json.util.Reflections_ESTest
[INFO] 5 errors 
####################

original test path: /Users/curtis/Github/Thesis/chatTester/Repos/Zappos_zappos-json/src/test/java/com/zappos/json/util/Reflections_ESTest.java
[GENERATED PATH] Reflections_ESTest#getGenericTypes(Field field).java
[ERROR] COMPILATION ERROR : 
[INFO] -------------------------------------------------------------
[ERROR] /Users/curtis/Github/Thesis/chatTester/Repos/Zappos_zappos-json/src/test/java/com/zappos/json/util/Reflections_ESTest.java:[33,33] cannot find symbol
  symbol:   class TestClass
  location: class com.zappos.json.util.Reflections_ESTest
[ERROR] /Users/curtis/Github/Thesis/chatTester/Repos/Zappos_zappos-json/src/test/java/com/zappos/json/util/Reflections_ESTest.java:[40,26] cannot find symbol
  symbol:   class TestClass
  location: class com.zappos.json.util.Reflections_ESTest
[ERROR] /Users/curtis/Github/Thesis/chatTester/Repos/Zappos_zappos-json/src/test/java/com/zappos/json/util/Reflections_ESTest.java:[47,32] cannot find symbol
  symbol:   class TestClass
  location: class com.zappos.json.util.Reflections_ESTest
[ERROR] /Users/curtis/Github/Thesis/chatTester/Repos/Zappos_zappos-json/src/test/java/com/zappos/json/util/Reflections_ESTest.java:[51,30] cannot find symbol
  symbol:   class TestClass
  location: class com.zappos.json.util.Reflections_ESTest
[ERROR] /Users/curtis/Github/Thesis/chatTester/Repos/Zappos_zappos-json/src/test/java/com/zappos/json/util/Reflections_ESTest.java:[55,35] cannot find symbol
  symbol:   class TestClass
  location: class com.zappos.json.util.Reflections_ESTest
[INFO] 5 errors 
####################

original test path: /Users/curtis/Github/Thesis/chatTester/Repos/Zappos_zappos-json/src/test/java/com/zappos/json/util/Reflections_ESTest.java
[GENERATED PATH] Reflections_ESTest#getGenericTypes(Field field).java
[ERROR] COMPILATION ERROR : 
[INFO] -------------------------------------------------------------
[ERROR] /Users/curtis/Github/Thesis/chatTester/Repos/Zappos_zappos-json/src/test/java/com/zappos/json/util/Reflections_ESTest.java:[56,19] incompatible types: java.lang.Class<?>[] cannot be converted to java.lang.String
[ERROR] /Users/curtis/Github/Thesis/chatTester/Repos/Zappos_zappos-json/src/test/java/com/zappos/json/util/Reflections_ESTest.java:[57,5] no suitable method found for assertEquals(int,int,java.lang.String)
    method org.junit.Assert.assertEquals(java.lang.String,java.lang.Object[],java.lang.Object[]) is not applicable
      (argument mismatch; int cannot be converted to java.lang.String)
    method org.junit.Assert.assertEquals(float,float,float) is not applicable
      (argument mismatch; java.lang.String cannot be converted to float)
    method org.junit.Assert.assertEquals(double,double,double) is not applicable
      (argument mismatch; java.lang.String cannot be converted to double)
    method org.junit.Assert.assertEquals(java.lang.String,double,double) is not applicable
      (argument mismatch; int cannot be converted to java.lang.String)
    method org.junit.Assert.assertEquals(java.lang.String,long,long) is not applicable
      (argument mismatch; int cannot be converted to java.lang.String)
    method org.junit.Assert.assertEquals(java.lang.String,java.lang.Object,java.lang.Object) is not applicable
      (argument mismatch; int cannot be converted to java.lang.String)
[ERROR] /Users/curtis/Github/Thesis/chatTester/Repos/Zappos_zappos-json/src/test/java/com/zappos/json/util/Reflections_ESTest.java:[61,19] incompatible types: java.lang.Class<?>[] cannot be converted to java.lang.String
[ERROR] /Users/curtis/Github/Thesis/chatTester/Repos/Zappos_zappos-json/src/test/java/com/zappos/json/util/Reflections_ESTest.java:[62,5] no suitable method found for assertEquals(int,int,java.lang.String)
    method org.junit.Assert.assertEquals(java.lang.String,java.lang.Object[],java.lang.Object[]) is not applicable
      (argument mismatch; int cannot be converted to java.lang.String)
    method org.junit.Assert.assertEquals(float,float,float) is not applicable
      (argument mismatch; java.lang.String cannot be converted to float)
    method org.junit.Assert.assertEquals(double,double,double) is not applicable
      (argument mismatch; java.lang.String cannot be converted to double)
    method org.junit.Assert.assertEquals(java.lang.String,double,double) is not applicable
      (argument mismatch; int cannot be converted to java.lang.String)
    method org.junit.Assert.assertEquals(java.lang.String,long,long) is not applicable
      (argument mismatch; int cannot be converted to java.lang.String)
    method org.junit.Assert.assertEquals(java.lang.String,java.lang.Object,java.lang.Object) is not applicable
      (argument mismatch; int cannot be converted to java.lang.String)
[ERROR] /Users/curtis/Github/Thesis/chatTester/Repos/Zappos_zappos-json/src/test/java/com/zappos/json/util/Reflections_ESTest.java:[67,16] incompatible types: java.lang.Class<?>[] cannot be converted to java.lang.String
[ERROR] /Users/curtis/Github/Thesis/chatTester/Repos/Zappos_zappos-json/src/test/java/com/zappos/json/util/Reflections_ESTest.java:[70,16] incompatible types: java.lang.Class<?>[] cannot be converted to java.lang.String
[INFO] 6 errors 
####################

original test path: /Users/curtis/Github/Thesis/chatTester/Repos/Zappos_zappos-json/src/test/java/com/zappos/json/util/Reflections_ESTest.java
[GENERATED PATH] Reflections_ESTest#getGenericTypes(Field field).java
[ERROR] COMPILATION ERROR : 
[INFO] -------------------------------------------------------------
[ERROR] /Users/curtis/Github/Thesis/chatTester/Repos/Zappos_zappos-json/src/test/java/com/zappos/json/util/Reflections_ESTest.java:[38,23] cannot find symbol
  symbol:   class TestClass
  location: class com.zappos.json.util.Reflections_ESTest
[ERROR] /Users/curtis/Github/Thesis/chatTester/Repos/Zappos_zappos-json/src/test/java/com/zappos/json/util/Reflections_ESTest.java:[39,22] cannot find symbol
  symbol:   class TestClass
  location: class com.zappos.json.util.Reflections_ESTest
[ERROR] /Users/curtis/Github/Thesis/chatTester/Repos/Zappos_zappos-json/src/test/java/com/zappos/json/util/Reflections_ESTest.java:[40,25] cannot find symbol
  symbol:   class TestClass
  location: class com.zappos.json.util.Reflections_ESTest
[ERROR] /Users/curtis/Github/Thesis/chatTester/Repos/Zappos_zappos-json/src/test/java/com/zappos/json/util/Reflections_ESTest.java:[41,28] cannot find symbol
  symbol:   class TestClass
  location: class com.zappos.json.util.Reflections_ESTest
[ERROR] /Users/curtis/Github/Thesis/chatTester/Repos/Zappos_zappos-json/src/test/java/com/zappos/json/util/Reflections_ESTest.java:[42,31] cannot find symbol
  symbol:   class TestClass
  location: class com.zappos.json.util.Reflections_ESTest
[INFO] 5 errors 
####################

original test path: /Users/curtis/Github/Thesis/chatTester/Repos/Zappos_zappos-json/src/test/java/com/zappos/json/util/Reflections_ESTest.java
[GENERATED PATH] Reflections_ESTest#getGenericTypes(Field field).java
[ERROR] COMPILATION ERROR : 
[INFO] -------------------------------------------------------------
[ERROR] /Users/curtis/Github/Thesis/chatTester/Repos/Zappos_zappos-json/src/test/java/com/zappos/json/util/Reflections_ESTest.java:[58,19] incompatible types: java.lang.Class<?>[] cannot be converted to java.lang.String
[ERROR] /Users/curtis/Github/Thesis/chatTester/Repos/Zappos_zappos-json/src/test/java/com/zappos/json/util/Reflections_ESTest.java:[64,19] incompatible types: java.lang.Class<?>[] cannot be converted to java.lang.String
[ERROR] /Users/curtis/Github/Thesis/chatTester/Repos/Zappos_zappos-json/src/test/java/com/zappos/json/util/Reflections_ESTest.java:[70,43] incompatible types: java.lang.Class<?>[] cannot be converted to java.lang.String
[ERROR] /Users/curtis/Github/Thesis/chatTester/Repos/Zappos_zappos-json/src/test/java/com/zappos/json/util/Reflections_ESTest.java:[73,43] incompatible types: java.lang.Class<?>[] cannot be converted to java.lang.String
[ERROR] /Users/curtis/Github/Thesis/chatTester/Repos/Zappos_zappos-json/src/test/java/com/zappos/json/util/Reflections_ESTest.java:[78,16] incompatible types: java.lang.Class<?>[] cannot be converted to java.lang.String
[INFO] 5 errors 
####################

original test path: /Users/curtis/Github/Thesis/chatTester/Repos/Zappos_zappos-json/src/test/java/com/zappos/json/util/Reflections_ESTest.java
[GENERATED PATH] Reflections_ESTest#getGenericTypes(Field field).java
[ERROR] COMPILATION ERROR : 
[INFO] -------------------------------------------------------------
[ERROR] /Users/curtis/Github/Thesis/chatTester/Repos/Zappos_zappos-json/src/test/java/com/zappos/json/util/Reflections_ESTest.java:[53,23] incompatible types: java.lang.Class<?>[] cannot be converted to java.lang.String
[ERROR] /Users/curtis/Github/Thesis/chatTester/Repos/Zappos_zappos-json/src/test/java/com/zappos/json/util/Reflections_ESTest.java:[54,9] no suitable method found for assertEquals(int,int,java.lang.String)
    method org.junit.Assert.assertEquals(java.lang.String,java.lang.Object[],java.lang.Object[]) is not applicable
      (argument mismatch; int cannot be converted to java.lang.String)
    method org.junit.Assert.assertEquals(float,float,float) is not applicable
      (argument mismatch; java.lang.String cannot be converted to float)
    method org.junit.Assert.assertEquals(double,double,double) is not applicable
      (argument mismatch; java.lang.String cannot be converted to double)
    method org.junit.Assert.assertEquals(java.lang.String,double,double) is not applicable
      (argument mismatch; int cannot be converted to java.lang.String)
    method org.junit.Assert.assertEquals(java.lang.String,long,long) is not applicable
      (argument mismatch; int cannot be converted to java.lang.String)
    method org.junit.Assert.assertEquals(java.lang.String,java.lang.Object,java.lang.Object) is not applicable
      (argument mismatch; int cannot be converted to java.lang.String)
[ERROR] /Users/curtis/Github/Thesis/chatTester/Repos/Zappos_zappos-json/src/test/java/com/zappos/json/util/Reflections_ESTest.java:[55,9] no suitable method found for assertEquals(java.lang.Class<java.lang.String>,java.lang.Class<?>,java.lang.String)
    method org.junit.Assert.assertEquals(java.lang.String,java.lang.Object[],java.lang.Object[]) is not applicable
      (argument mismatch; java.lang.Class<java.lang.String> cannot be converted to java.lang.String)
    method org.junit.Assert.assertEquals(float,float,float) is not applicable
      (argument mismatch; java.lang.Class<java.lang.String> cannot be converted to float)
    method org.junit.Assert.assertEquals(double,double,double) is not applicable
      (argument mismatch; java.lang.Class<java.lang.String> cannot be converted to double)
    method org.junit.Assert.assertEquals(java.lang.String,double,double) is not applicable
      (argument mismatch; java.lang.Class<java.lang.String> cannot be converted to java.lang.String)
    method org.junit.Assert.assertEquals(java.lang.String,long,long) is not applicable
      (argument mismatch; java.lang.Class<java.lang.String> cannot be converted to java.lang.String)
    method org.junit.Assert.assertEquals(java.lang.String,java.lang.Object,java.lang.Object) is not applicable
      (argument mismatch; java.lang.Class<java.lang.String> cannot be converted to java.lang.String)
[INFO] 3 errors 
####################

