original test path: /Users/curtis/Github/Thesis/chatTester/Repos/Zappos_zappos-json/src/test/java/com/zappos/json/ZapposJson_ESTest.java
[GENERATED PATH] ZapposJson_ESTest#toJson(Object object, Writer writer).java
[ERROR] COMPILATION ERROR : 
[INFO] -------------------------------------------------------------
[ERROR] /Users/curtis/Github/Thesis/chatTester/Repos/Zappos_zappos-json/src/test/java/com/zappos/json/ZapposJson_ESTest.java:[72,5] enum types must not be local
[INFO] 1 error
####################

original test path: /Users/curtis/Github/Thesis/chatTester/Repos/Zappos_zappos-json/src/test/java/com/zappos/json/ZapposJson_ESTest.java
[GENERATED PATH] ZapposJson_ESTest#toJson(Object object, Writer writer).java
[ERROR] COMPILATION ERROR : 
[INFO] -------------------------------------------------------------
[ERROR] /Users/curtis/Github/Thesis/chatTester/Repos/Zappos_zappos-json/src/test/java/com/zappos/json/ZapposJson_ESTest.java:[63,23] cannot find symbol
  symbol:   variable TestEnum
  location: class com.zappos.json.ZapposJson_ESTest
[INFO] 1 error
####################

original test path: /Users/curtis/Github/Thesis/chatTester/Repos/Zappos_zappos-json/src/test/java/com/zappos/json/ZapposJson_ESTest.java
[GENERATED PATH] ZapposJson_ESTest#toJson(Object object, Writer writer).java
[ERROR] COMPILATION ERROR : 
[INFO] -------------------------------------------------------------
[ERROR] /Users/curtis/Github/Thesis/chatTester/Repos/Zappos_zappos-json/src/test/java/com/zappos/json/ZapposJson_ESTest.java:[73,9] enum types must not be local
[INFO] 1 error
####################

original test path: /Users/curtis/Github/Thesis/chatTester/Repos/Zappos_zappos-json/src/test/java/com/zappos/json/ZapposJson_ESTest.java
[GENERATED PATH] ZapposJson_ESTest#toJson(Object object, Writer writer).java
[ERROR] COMPILATION ERROR : 
[INFO] -------------------------------------------------------------
[ERROR] /Users/curtis/Github/Thesis/chatTester/Repos/Zappos_zappos-json/src/test/java/com/zappos/json/ZapposJson_ESTest.java:[50,9] cannot find symbol
  symbol:   variable zapposJson
  location: class com.zappos.json.ZapposJson_ESTest
[INFO] 1 error
####################

original test path: /Users/curtis/Github/Thesis/chatTester/Repos/Zappos_zappos-json/src/test/java/com/zappos/json/ZapposJson_ESTest.java
[GENERATED PATH] ZapposJson_ESTest#toJson(Object object, Writer writer).java
[ERROR] COMPILATION ERROR : 
[INFO] -------------------------------------------------------------
[ERROR] /Users/curtis/Github/Thesis/chatTester/Repos/Zappos_zappos-json/src/test/java/com/zappos/json/ZapposJson_ESTest.java:[51,9] cannot find symbol
  symbol:   variable zapposJson
  location: class com.zappos.json.ZapposJson_ESTest
[INFO] 1 error
####################

