original test path: /Users/curtis/Github/Thesis/chatTester/Repos/Zappos_zappos-json/src/test/java/com/zappos/json/JsonBeanAttribute_ESTest.java
[GENERATED PATH] JsonBeanAttribute_ESTest#getMethod().java
[ERROR] COMPILATION ERROR : 
[INFO] -------------------------------------------------------------
[ERROR] /Users/curtis/Github/Thesis/chatTester/Repos/Zappos_zappos-json/src/test/java/com/zappos/json/JsonBeanAttribute_ESTest.java:[28,33] cannot find symbol
  symbol:   class SomeClass
  location: class com.zappos.json.JsonBeanAttribute_ESTest
[INFO] 1 error
####################

original test path: /Users/curtis/Github/Thesis/chatTester/Repos/Zappos_zappos-json/src/test/java/com/zappos/json/JsonBeanAttribute_ESTest.java
[GENERATED PATH] JsonBeanAttribute_ESTest#getMethod().java
[ERROR] COMPILATION ERROR : 
[INFO] -------------------------------------------------------------
[ERROR] /Users/curtis/Github/Thesis/chatTester/Repos/Zappos_zappos-json/src/test/java/com/zappos/json/JsonBeanAttribute_ESTest.java:[7,19] package com.example does not exist
[ERROR] /Users/curtis/Github/Thesis/chatTester/Repos/Zappos_zappos-json/src/test/java/com/zappos/json/JsonBeanAttribute_ESTest.java:[31,29] cannot find symbol
  symbol:   class SomeClass
  location: class com.zappos.json.JsonBeanAttribute_ESTest
[INFO] 2 errors 
####################

original test path: /Users/curtis/Github/Thesis/chatTester/Repos/Zappos_zappos-json/src/test/java/com/zappos/json/JsonBeanAttribute_ESTest.java
[GENERATED PATH] JsonBeanAttribute_ESTest#getMethod().java
[ERROR] COMPILATION ERROR : 
[INFO] -------------------------------------------------------------
[ERROR] /Users/curtis/Github/Thesis/chatTester/Repos/Zappos_zappos-json/src/test/java/com/zappos/json/JsonBeanAttribute_ESTest.java:[8,19] package com.example does not exist
[INFO] 1 error
####################

original test path: /Users/curtis/Github/Thesis/chatTester/Repos/Zappos_zappos-json/src/test/java/com/zappos/json/JsonBeanAttribute_ESTest.java
[GENERATED PATH] JsonBeanAttribute_ESTest#getMethod().java
[ERROR] COMPILATION ERROR : 
[INFO] -------------------------------------------------------------
[ERROR] /Users/curtis/Github/Thesis/chatTester/Repos/Zappos_zappos-json/src/test/java/com/zappos/json/JsonBeanAttribute_ESTest.java:[9,19] package com.example does not exist
[ERROR] /Users/curtis/Github/Thesis/chatTester/Repos/Zappos_zappos-json/src/test/java/com/zappos/json/JsonBeanAttribute_ESTest.java:[36,33] cannot find symbol
  symbol:   class SomeClass
  location: class com.zappos.json.JsonBeanAttribute_ESTest
[INFO] 2 errors 
####################

original test path: /Users/curtis/Github/Thesis/chatTester/Repos/Zappos_zappos-json/src/test/java/com/zappos/json/JsonBeanAttribute_ESTest.java
[GENERATED PATH] JsonBeanAttribute_ESTest#getMethod().java
[ERROR] COMPILATION ERROR : 
[INFO] -------------------------------------------------------------
[ERROR] /Users/curtis/Github/Thesis/chatTester/Repos/Zappos_zappos-json/src/test/java/com/zappos/json/JsonBeanAttribute_ESTest.java:[10,19] package com.example does not exist
[ERROR] /Users/curtis/Github/Thesis/chatTester/Repos/Zappos_zappos-json/src/test/java/com/zappos/json/JsonBeanAttribute_ESTest.java:[38,29] cannot find symbol
  symbol:   class SomeClass
  location: class com.zappos.json.JsonBeanAttribute_ESTest
[ERROR] /Users/curtis/Github/Thesis/chatTester/Repos/Zappos_zappos-json/src/test/java/com/zappos/json/JsonBeanAttribute_ESTest.java:[40,81] cannot find symbol
  symbol:   variable someField
  location: class com.zappos.json.JsonBeanAttribute_ESTest
[INFO] 3 errors 
####################

original test path: /Users/curtis/Github/Thesis/chatTester/Repos/Zappos_zappos-json/src/test/java/com/zappos/json/JsonBeanAttribute_ESTest.java
[GENERATED PATH] JsonBeanAttribute_ESTest#getMethod().java
[ERROR] COMPILATION ERROR : 
[INFO] -------------------------------------------------------------
[ERROR] /Users/curtis/Github/Thesis/chatTester/Repos/Zappos_zappos-json/src/test/java/com/zappos/json/JsonBeanAttribute_ESTest.java:[11,19] package com.example does not exist
[ERROR] /Users/curtis/Github/Thesis/chatTester/Repos/Zappos_zappos-json/src/test/java/com/zappos/json/JsonBeanAttribute_ESTest.java:[40,29] cannot find symbol
  symbol:   class SomeClass
  location: class com.zappos.json.JsonBeanAttribute_ESTest
[INFO] 2 errors 
####################

original test path: /Users/curtis/Github/Thesis/chatTester/Repos/Zappos_zappos-json/src/test/java/com/zappos/json/JsonBeanAttribute_ESTest.java
[GENERATED PATH] JsonBeanAttribute_ESTest#getMethod().java
[ERROR] COMPILATION ERROR : 
[INFO] -------------------------------------------------------------
[ERROR] /Users/curtis/Github/Thesis/chatTester/Repos/Zappos_zappos-json/src/test/java/com/zappos/json/JsonBeanAttribute_ESTest.java:[12,19] package com.example does not exist
[ERROR] /Users/curtis/Github/Thesis/chatTester/Repos/Zappos_zappos-json/src/test/java/com/zappos/json/JsonBeanAttribute_ESTest.java:[42,21] cannot find symbol
  symbol:   class SomeClass
  location: class com.zappos.json.JsonBeanAttribute_ESTest
[INFO] 2 errors 
####################

original test path: /Users/curtis/Github/Thesis/chatTester/Repos/Zappos_zappos-json/src/test/java/com/zappos/json/JsonBeanAttribute_ESTest.java
[GENERATED PATH] JsonBeanAttribute_ESTest#getMethod().java
[ERROR] COMPILATION ERROR : 
[INFO] -------------------------------------------------------------
[ERROR] /Users/curtis/Github/Thesis/chatTester/Repos/Zappos_zappos-json/src/test/java/com/zappos/json/JsonBeanAttribute_ESTest.java:[13,19] package com.example does not exist
[INFO] 1 error
####################

