original test path: /Users/curtis/Github/Thesis/chatTester/Repos/Zappos_zappos-json/src/test/java/com/zappos/json/JsonReaderCodeGenerator_ESTest.java
[GENERATED PATH] JsonReaderCodeGenerator_ESTest#getCollectionType().java
[ERROR] COMPILATION ERROR : 
[INFO] -------------------------------------------------------------
[ERROR] /Users/curtis/Github/Thesis/chatTester/Repos/Zappos_zappos-json/src/test/java/com/zappos/json/JsonReaderCodeGenerator_ESTest.java:[31,9] cannot find symbol
  symbol:   class AttributeInfo
  location: class com.zappos.json.JsonReaderCodeGenerator_ESTest
[ERROR] /Users/curtis/Github/Thesis/chatTester/Repos/Zappos_zappos-json/src/test/java/com/zappos/json/JsonReaderCodeGenerator_ESTest.java:[31,43] cannot find symbol
  symbol:   class AttributeInfo
  location: class com.zappos.json.JsonReaderCodeGenerator_ESTest
[INFO] 2 errors 
####################

original test path: /Users/curtis/Github/Thesis/chatTester/Repos/Zappos_zappos-json/src/test/java/com/zappos/json/JsonReaderCodeGenerator_ESTest.java
[GENERATED PATH] JsonReaderCodeGenerator_ESTest#getCollectionType().java
[ERROR] COMPILATION ERROR : 
[INFO] -------------------------------------------------------------
[ERROR] /Users/curtis/Github/Thesis/chatTester/Repos/Zappos_zappos-json/src/test/java/com/zappos/json/JsonReaderCodeGenerator_ESTest.java:[34,9] cannot find symbol
  symbol:   class AttributeInfo
  location: class com.zappos.json.JsonReaderCodeGenerator_ESTest
[ERROR] /Users/curtis/Github/Thesis/chatTester/Repos/Zappos_zappos-json/src/test/java/com/zappos/json/JsonReaderCodeGenerator_ESTest.java:[34,43] cannot find symbol
  symbol:   class AttributeInfo
  location: class com.zappos.json.JsonReaderCodeGenerator_ESTest
[INFO] 2 errors 
####################

original test path: /Users/curtis/Github/Thesis/chatTester/Repos/Zappos_zappos-json/src/test/java/com/zappos/json/JsonReaderCodeGenerator_ESTest.java
[GENERATED PATH] JsonReaderCodeGenerator_ESTest#getCollectionType().java
[ERROR] COMPILATION ERROR : 
[INFO] -------------------------------------------------------------
[ERROR] /Users/curtis/Github/Thesis/chatTester/Repos/Zappos_zappos-json/src/test/java/com/zappos/json/JsonReaderCodeGenerator_ESTest.java:[36,9] cannot find symbol
  symbol:   class AttributeInfo
  location: class com.zappos.json.JsonReaderCodeGenerator_ESTest
[ERROR] /Users/curtis/Github/Thesis/chatTester/Repos/Zappos_zappos-json/src/test/java/com/zappos/json/JsonReaderCodeGenerator_ESTest.java:[36,43] cannot find symbol
  symbol:   class AttributeInfo
  location: class com.zappos.json.JsonReaderCodeGenerator_ESTest
[INFO] 2 errors 
####################

original test path: /Users/curtis/Github/Thesis/chatTester/Repos/Zappos_zappos-json/src/test/java/com/zappos/json/JsonReaderCodeGenerator_ESTest.java
[GENERATED PATH] JsonReaderCodeGenerator_ESTest#getCollectionType().java
[ERROR] COMPILATION ERROR : 
[INFO] -------------------------------------------------------------
[ERROR] /Users/curtis/Github/Thesis/chatTester/Repos/Zappos_zappos-json/src/test/java/com/zappos/json/JsonReaderCodeGenerator_ESTest.java:[39,5] cannot find symbol
  symbol:   class AttributeInfo
  location: class com.zappos.json.JsonReaderCodeGenerator_ESTest
[ERROR] /Users/curtis/Github/Thesis/chatTester/Repos/Zappos_zappos-json/src/test/java/com/zappos/json/JsonReaderCodeGenerator_ESTest.java:[39,39] cannot find symbol
  symbol:   class AttributeInfo
  location: class com.zappos.json.JsonReaderCodeGenerator_ESTest
[INFO] 2 errors 
####################

original test path: /Users/curtis/Github/Thesis/chatTester/Repos/Zappos_zappos-json/src/test/java/com/zappos/json/JsonReaderCodeGenerator_ESTest.java
[GENERATED PATH] JsonReaderCodeGenerator_ESTest#getCollectionType().java
[ERROR] COMPILATION ERROR : 
[INFO] -------------------------------------------------------------
[ERROR] /Users/curtis/Github/Thesis/chatTester/Repos/Zappos_zappos-json/src/test/java/com/zappos/json/JsonReaderCodeGenerator_ESTest.java:[39,32] no suitable constructor found for JsonBeanAttribute(java.lang.String,java.lang.String)
    constructor com.zappos.json.JsonBeanAttribute.JsonBeanAttribute() is not applicable
      (actual and formal argument lists differ in length)
    constructor com.zappos.json.JsonBeanAttribute.JsonBeanAttribute(java.lang.reflect.Method,java.lang.reflect.Field,java.lang.String) is not applicable
      (actual and formal argument lists differ in length)
[ERROR] /Users/curtis/Github/Thesis/chatTester/Repos/Zappos_zappos-json/src/test/java/com/zappos/json/JsonReaderCodeGenerator_ESTest.java:[40,5] cannot find symbol
  symbol:   class AttributeInfo
  location: class com.zappos.json.JsonReaderCodeGenerator_ESTest
[ERROR] /Users/curtis/Github/Thesis/chatTester/Repos/Zappos_zappos-json/src/test/java/com/zappos/json/JsonReaderCodeGenerator_ESTest.java:[40,39] cannot find symbol
  symbol:   class AttributeInfo
  location: class com.zappos.json.JsonReaderCodeGenerator_ESTest
[INFO] 3 errors 
####################

original test path: /Users/curtis/Github/Thesis/chatTester/Repos/Zappos_zappos-json/src/test/java/com/zappos/json/JsonReaderCodeGenerator_ESTest.java
[GENERATED PATH] JsonReaderCodeGenerator_ESTest#getCollectionType().java
[ERROR] COMPILATION ERROR : 
[INFO] -------------------------------------------------------------
[ERROR] /Users/curtis/Github/Thesis/chatTester/Repos/Zappos_zappos-json/src/test/java/com/zappos/json/JsonReaderCodeGenerator_ESTest.java:[41,5] cannot find symbol
  symbol:   class AttributeInfo
  location: class com.zappos.json.JsonReaderCodeGenerator_ESTest
[ERROR] /Users/curtis/Github/Thesis/chatTester/Repos/Zappos_zappos-json/src/test/java/com/zappos/json/JsonReaderCodeGenerator_ESTest.java:[41,39] cannot find symbol
  symbol:   class AttributeInfo
  location: class com.zappos.json.JsonReaderCodeGenerator_ESTest
[INFO] 2 errors 
####################

