original test path: /Users/curtis/Github/Thesis/chatTester/Repos/Zappos_zappos-json/src/test/java/com/zappos/json/util/Reflections_ESTest.java
[GENERATED PATH] Reflections_ESTest#getAnnotation(Method method, Field field, Class<T> annotationClass).java
[ERROR] COMPILATION ERROR : 
[INFO] -------------------------------------------------------------
[ERROR] /Users/curtis/Github/Thesis/chatTester/Repos/Zappos_zappos-json/src/test/java/com/zappos/json/JsonReaderCodeGenerator_ESTest.java:[31,105] constructor JsonBeanIntrospector in class com.zappos.json.JsonBeanIntrospector cannot be applied to given types;
  required: com.zappos.json.ZapposJson
  found: no arguments
  reason: actual and formal argument lists differ in length
[ERROR] /Users/curtis/Github/Thesis/chatTester/Repos/Zappos_zappos-json/src/test/java/com/zappos/json/JsonReaderCodeGenerator_ESTest.java:[33,44] constructor JsonReaderInvoker in class com.zappos.json.JsonReaderInvoker cannot be applied to given types;
  required: com.zappos.json.ZapposJson,java.lang.Class<?>
  found: no arguments
  reason: actual and formal argument lists differ in length
[ERROR] /Users/curtis/Github/Thesis/chatTester/Repos/Zappos_zappos-json/src/test/java/com/zappos/json/util/Reflections_ESTest.java:[31,14] cannot find symbol
  symbol:   class TestAnnotation
  location: class TestClass
[ERROR] /Users/curtis/Github/Thesis/chatTester/Repos/Zappos_zappos-json/src/test/java/com/zappos/json/util/Reflections_ESTest.java:[35,14] cannot find symbol
  symbol:   class TestAnnotation
  location: class TestClass
[ERROR] /Users/curtis/Github/Thesis/chatTester/Repos/Zappos_zappos-json/src/test/java/com/zappos/json/util/Reflections_ESTest.java:[44,9] cannot find symbol
  symbol:   class TestAnnotation
  location: class com.zappos.json.util.Reflections_ESTest
[ERROR] /Users/curtis/Github/Thesis/chatTester/Repos/Zappos_zappos-json/src/test/java/com/zappos/json/util/Reflections_ESTest.java:[44,92] cannot find symbol
  symbol:   class TestAnnotation
  location: class com.zappos.json.util.Reflections_ESTest
[ERROR] /Users/curtis/Github/Thesis/chatTester/Repos/Zappos_zappos-json/src/test/java/com/zappos/json/util/Reflections_ESTest.java:[47,9] cannot find symbol
  symbol:   class TestAnnotation
  location: class com.zappos.json.util.Reflections_ESTest
[ERROR] /Users/curtis/Github/Thesis/chatTester/Repos/Zappos_zappos-json/src/test/java/com/zappos/json/util/Reflections_ESTest.java:[47,85] cannot find symbol
  symbol:   class TestAnnotation
  location: class com.zappos.json.util.Reflections_ESTest
[ERROR] /Users/curtis/Github/Thesis/chatTester/Repos/Zappos_zappos-json/src/test/java/com/zappos/json/util/Reflections_ESTest.java:[50,9] cannot find symbol
  symbol:   class TestAnnotation
  location: class com.zappos.json.util.Reflections_ESTest
[ERROR] /Users/curtis/Github/Thesis/chatTester/Repos/Zappos_zappos-json/src/test/java/com/zappos/json/util/Reflections_ESTest.java:[50,85] cannot find symbol
  symbol:   class TestAnnotation
  location: class com.zappos.json.util.Reflections_ESTest
[INFO] 10 errors 
####################

original test path: /Users/curtis/Github/Thesis/chatTester/Repos/Zappos_zappos-json/src/test/java/com/zappos/json/util/Reflections_ESTest.java
[GENERATED PATH] Reflections_ESTest#getAnnotation(Method method, Field field, Class<T> annotationClass).java
[ERROR] COMPILATION ERROR : 
[INFO] -------------------------------------------------------------
[ERROR] /Users/curtis/Github/Thesis/chatTester/Repos/Zappos_zappos-json/src/test/java/com/zappos/json/util/Reflections_ESTest.java:[34,14] cannot find symbol
  symbol:   class TestAnnotation
  location: class TestClass
[ERROR] /Users/curtis/Github/Thesis/chatTester/Repos/Zappos_zappos-json/src/test/java/com/zappos/json/util/Reflections_ESTest.java:[38,14] cannot find symbol
  symbol:   class TestAnnotation
  location: class TestClass
[ERROR] /Users/curtis/Github/Thesis/chatTester/Repos/Zappos_zappos-json/src/test/java/com/zappos/json/util/Reflections_ESTest.java:[43,9] cannot find symbol
  symbol:   class TestAnnotation
  location: class com.zappos.json.util.Reflections_ESTest
[ERROR] /Users/curtis/Github/Thesis/chatTester/Repos/Zappos_zappos-json/src/test/java/com/zappos/json/util/Reflections_ESTest.java:[43,92] cannot find symbol
  symbol:   class TestAnnotation
  location: class com.zappos.json.util.Reflections_ESTest
[ERROR] /Users/curtis/Github/Thesis/chatTester/Repos/Zappos_zappos-json/src/test/java/com/zappos/json/util/Reflections_ESTest.java:[45,9] cannot find symbol
  symbol:   class TestAnnotation
  location: class com.zappos.json.util.Reflections_ESTest
[ERROR] /Users/curtis/Github/Thesis/chatTester/Repos/Zappos_zappos-json/src/test/java/com/zappos/json/util/Reflections_ESTest.java:[45,85] cannot find symbol
  symbol:   class TestAnnotation
  location: class com.zappos.json.util.Reflections_ESTest
[ERROR] /Users/curtis/Github/Thesis/chatTester/Repos/Zappos_zappos-json/src/test/java/com/zappos/json/util/Reflections_ESTest.java:[47,9] cannot find symbol
  symbol:   class TestAnnotation
  location: class com.zappos.json.util.Reflections_ESTest
[ERROR] /Users/curtis/Github/Thesis/chatTester/Repos/Zappos_zappos-json/src/test/java/com/zappos/json/util/Reflections_ESTest.java:[47,85] cannot find symbol
  symbol:   class TestAnnotation
  location: class com.zappos.json.util.Reflections_ESTest
[INFO] 8 errors 
####################

original test path: /Users/curtis/Github/Thesis/chatTester/Repos/Zappos_zappos-json/src/test/java/com/zappos/json/util/Reflections_ESTest.java
[GENERATED PATH] Reflections_ESTest#getAnnotation(Method method, Field field, Class<T> annotationClass).java
[ERROR] COMPILATION ERROR : 
[INFO] -------------------------------------------------------------
[ERROR] /Users/curtis/Github/Thesis/chatTester/Repos/Zappos_zappos-json/src/test/java/com/zappos/json/util/Reflections_ESTest.java:[32,2] cannot find symbol
  symbol:   class TestInstance
  location: class com.zappos.json.util.Reflections_ESTest
[ERROR] /Users/curtis/Github/Thesis/chatTester/Repos/Zappos_zappos-json/src/test/java/com/zappos/json/util/Reflections_ESTest.java:[38,14] cannot find symbol
  symbol:   class TestAnnotation
  location: class TestClass
[ERROR] /Users/curtis/Github/Thesis/chatTester/Repos/Zappos_zappos-json/src/test/java/com/zappos/json/util/Reflections_ESTest.java:[41,14] cannot find symbol
  symbol:   class TestAnnotation
  location: class TestClass
[ERROR] /Users/curtis/Github/Thesis/chatTester/Repos/Zappos_zappos-json/src/test/java/com/zappos/json/util/Reflections_ESTest.java:[46,9] cannot find symbol
  symbol:   class TestAnnotation
  location: class com.zappos.json.util.Reflections_ESTest.AnnotationTest
[ERROR] /Users/curtis/Github/Thesis/chatTester/Repos/Zappos_zappos-json/src/test/java/com/zappos/json/util/Reflections_ESTest.java:[46,92] cannot find symbol
  symbol:   class TestAnnotation
  location: class com.zappos.json.util.Reflections_ESTest.AnnotationTest
[ERROR] /Users/curtis/Github/Thesis/chatTester/Repos/Zappos_zappos-json/src/test/java/com/zappos/json/util/Reflections_ESTest.java:[48,9] cannot find symbol
  symbol:   class TestAnnotation
  location: class com.zappos.json.util.Reflections_ESTest.AnnotationTest
[ERROR] /Users/curtis/Github/Thesis/chatTester/Repos/Zappos_zappos-json/src/test/java/com/zappos/json/util/Reflections_ESTest.java:[48,85] cannot find symbol
  symbol:   class TestAnnotation
  location: class com.zappos.json.util.Reflections_ESTest.AnnotationTest
[ERROR] /Users/curtis/Github/Thesis/chatTester/Repos/Zappos_zappos-json/src/test/java/com/zappos/json/util/Reflections_ESTest.java:[50,9] cannot find symbol
  symbol:   class TestAnnotation
  location: class com.zappos.json.util.Reflections_ESTest.AnnotationTest
[ERROR] /Users/curtis/Github/Thesis/chatTester/Repos/Zappos_zappos-json/src/test/java/com/zappos/json/util/Reflections_ESTest.java:[50,85] cannot find symbol
  symbol:   class TestAnnotation
  location: class com.zappos.json.util.Reflections_ESTest.AnnotationTest
[INFO] 9 errors 
####################

original test path: /Users/curtis/Github/Thesis/chatTester/Repos/Zappos_zappos-json/src/test/java/com/zappos/json/util/Reflections_ESTest.java
[GENERATED PATH] Reflections_ESTest#getAnnotation(Method method, Field field, Class<T> annotationClass).java
[ERROR] COMPILATION ERROR : 
[INFO] -------------------------------------------------------------
[ERROR] /Users/curtis/Github/Thesis/chatTester/Repos/Zappos_zappos-json/src/test/java/com/zappos/json/util/Reflections_ESTest.java:[54,2] reached end of file while parsing
[INFO] 1 error
####################

original test path: /Users/curtis/Github/Thesis/chatTester/Repos/Zappos_zappos-json/src/test/java/com/zappos/json/util/Reflections_ESTest.java
[GENERATED PATH] Reflections_ESTest#getAnnotation(Method method, Field field, Class<T> annotationClass).java
[ERROR] COMPILATION ERROR : 
[INFO] -------------------------------------------------------------
[ERROR] /Users/curtis/Github/Thesis/chatTester/Repos/Zappos_zappos-json/src/test/java/com/zappos/json/util/Reflections_ESTest.java:[53,2] reached end of file while parsing
[INFO] 1 error
####################

original test path: /Users/curtis/Github/Thesis/chatTester/Repos/Zappos_zappos-json/src/test/java/com/zappos/json/util/Reflections_ESTest.java
[GENERATED PATH] Reflections_ESTest#getAnnotation(Method method, Field field, Class<T> annotationClass).java
[ERROR] COMPILATION ERROR : 
[INFO] -------------------------------------------------------------
[ERROR] /Users/curtis/Github/Thesis/chatTester/Repos/Zappos_zappos-json/src/test/java/com/zappos/json/util/Reflections_ESTest.java:[55,2] reached end of file while parsing
[INFO] 1 error
####################

