original test path: /Users/curtis/Github/Thesis/chatTester/Repos/tabulapdf_tabula-java/src/test/java/technology/tabula/CohenSutherlandClipping_ESTest.java
[GENERATED PATH] CohenSutherlandClipping_ESTest#setPositionAndRegion(double x, double y).java
[ERROR] COMPILATION ERROR : 
[INFO] -------------------------------------------------------------
[ERROR] /Users/curtis/Github/Thesis/chatTester/Repos/tabulapdf_tabula-java/src/test/java/technology/tabula/CohenSutherlandClipping_ESTest.java:[32,36] xMin has private access in technology.tabula.CohenSutherlandClipping
[ERROR] /Users/curtis/Github/Thesis/chatTester/Repos/tabulapdf_tabula-java/src/test/java/technology/tabula/CohenSutherlandClipping_ESTest.java:[33,36] xMax has private access in technology.tabula.CohenSutherlandClipping
[ERROR] /Users/curtis/Github/Thesis/chatTester/Repos/tabulapdf_tabula-java/src/test/java/technology/tabula/CohenSutherlandClipping_ESTest.java:[34,36] yMin has private access in technology.tabula.CohenSutherlandClipping
[ERROR] /Users/curtis/Github/Thesis/chatTester/Repos/tabulapdf_tabula-java/src/test/java/technology/tabula/CohenSutherlandClipping_ESTest.java:[35,36] yMax has private access in technology.tabula.CohenSutherlandClipping
[INFO] 4 errors 
####################

original test path: /Users/curtis/Github/Thesis/chatTester/Repos/tabulapdf_tabula-java/src/test/java/technology/tabula/CohenSutherlandClipping_ESTest.java
[GENERATED PATH] CohenSutherlandClipping_ESTest#setPositionAndRegion(double x, double y).java
[ERROR] COMPILATION ERROR : 
[INFO] -------------------------------------------------------------
[ERROR] /Users/curtis/Github/Thesis/chatTester/Repos/tabulapdf_tabula-java/src/test/java/technology/tabula/CohenSutherlandClipping_ESTest.java:[27,9] cannot find symbol
  symbol:   class Point
  location: class technology.tabula.CohenSutherlandClipping_ESTest
[ERROR] /Users/curtis/Github/Thesis/chatTester/Repos/tabulapdf_tabula-java/src/test/java/technology/tabula/CohenSutherlandClipping_ESTest.java:[27,27] cannot find symbol
  symbol:   class Point
  location: class technology.tabula.CohenSutherlandClipping_ESTest
[ERROR] /Users/curtis/Github/Thesis/chatTester/Repos/tabulapdf_tabula-java/src/test/java/technology/tabula/CohenSutherlandClipping_ESTest.java:[30,22] cannot find symbol
  symbol:   variable Point
  location: class technology.tabula.CohenSutherlandClipping_ESTest
[ERROR] /Users/curtis/Github/Thesis/chatTester/Repos/tabulapdf_tabula-java/src/test/java/technology/tabula/CohenSutherlandClipping_ESTest.java:[35,22] cannot find symbol
  symbol:   variable Point
  location: class technology.tabula.CohenSutherlandClipping_ESTest
[ERROR] /Users/curtis/Github/Thesis/chatTester/Repos/tabulapdf_tabula-java/src/test/java/technology/tabula/CohenSutherlandClipping_ESTest.java:[35,35] cannot find symbol
  symbol:   variable Point
  location: class technology.tabula.CohenSutherlandClipping_ESTest
[ERROR] /Users/curtis/Github/Thesis/chatTester/Repos/tabulapdf_tabula-java/src/test/java/technology/tabula/CohenSutherlandClipping_ESTest.java:[39,22] cannot find symbol
  symbol:   variable Point
  location: class technology.tabula.CohenSutherlandClipping_ESTest
[ERROR] /Users/curtis/Github/Thesis/chatTester/Repos/tabulapdf_tabula-java/src/test/java/technology/tabula/CohenSutherlandClipping_ESTest.java:[39,36] cannot find symbol
  symbol:   variable Point
  location: class technology.tabula.CohenSutherlandClipping_ESTest
[ERROR] /Users/curtis/Github/Thesis/chatTester/Repos/tabulapdf_tabula-java/src/test/java/technology/tabula/CohenSutherlandClipping_ESTest.java:[43,22] cannot find symbol
  symbol:   variable Point
  location: class technology.tabula.CohenSutherlandClipping_ESTest
[INFO] 8 errors 
####################

original test path: /Users/curtis/Github/Thesis/chatTester/Repos/tabulapdf_tabula-java/src/test/java/technology/tabula/CohenSutherlandClipping_ESTest.java
[GENERATED PATH] CohenSutherlandClipping_ESTest#setPositionAndRegion(double x, double y).java
[ERROR] COMPILATION ERROR : 
[INFO] -------------------------------------------------------------
[ERROR] /Users/curtis/Github/Thesis/chatTester/Repos/tabulapdf_tabula-java/src/test/java/technology/tabula/CohenSutherlandClipping_ESTest.java:[32,36] cannot find symbol
  symbol:   variable INSIDE
  location: class java.awt.geom.Point2D.Double
[ERROR] /Users/curtis/Github/Thesis/chatTester/Repos/tabulapdf_tabula-java/src/test/java/technology/tabula/CohenSutherlandClipping_ESTest.java:[32,50] cannot find symbol
  symbol:   variable region
  location: variable point of type java.awt.geom.Point2D
[ERROR] /Users/curtis/Github/Thesis/chatTester/Repos/tabulapdf_tabula-java/src/test/java/technology/tabula/CohenSutherlandClipping_ESTest.java:[33,14] cannot find symbol
  symbol:   method setPositionAndRegion(double,double)
  location: variable point of type java.awt.geom.Point2D
[ERROR] /Users/curtis/Github/Thesis/chatTester/Repos/tabulapdf_tabula-java/src/test/java/technology/tabula/CohenSutherlandClipping_ESTest.java:[36,36] cannot find symbol
  symbol:   variable LEFT
  location: class java.awt.geom.Point2D.Double
[ERROR] /Users/curtis/Github/Thesis/chatTester/Repos/tabulapdf_tabula-java/src/test/java/technology/tabula/CohenSutherlandClipping_ESTest.java:[36,58] cannot find symbol
  symbol:   variable TOP
  location: class java.awt.geom.Point2D.Double
[ERROR] /Users/curtis/Github/Thesis/chatTester/Repos/tabulapdf_tabula-java/src/test/java/technology/tabula/CohenSutherlandClipping_ESTest.java:[36,69] cannot find symbol
  symbol:   variable region
  location: variable point of type java.awt.geom.Point2D
[ERROR] /Users/curtis/Github/Thesis/chatTester/Repos/tabulapdf_tabula-java/src/test/java/technology/tabula/CohenSutherlandClipping_ESTest.java:[37,14] cannot find symbol
  symbol:   method setPositionAndRegion(double,double)
  location: variable point of type java.awt.geom.Point2D
[ERROR] /Users/curtis/Github/Thesis/chatTester/Repos/tabulapdf_tabula-java/src/test/java/technology/tabula/CohenSutherlandClipping_ESTest.java:[40,36] cannot find symbol
  symbol:   variable RIGHT
  location: class java.awt.geom.Point2D.Double
[ERROR] /Users/curtis/Github/Thesis/chatTester/Repos/tabulapdf_tabula-java/src/test/java/technology/tabula/CohenSutherlandClipping_ESTest.java:[40,59] cannot find symbol
  symbol:   variable BOTTOM
  location: class java.awt.geom.Point2D.Double
[ERROR] /Users/curtis/Github/Thesis/chatTester/Repos/tabulapdf_tabula-java/src/test/java/technology/tabula/CohenSutherlandClipping_ESTest.java:[40,73] cannot find symbol
  symbol:   variable region
  location: variable point of type java.awt.geom.Point2D
[ERROR] /Users/curtis/Github/Thesis/chatTester/Repos/tabulapdf_tabula-java/src/test/java/technology/tabula/CohenSutherlandClipping_ESTest.java:[41,14] cannot find symbol
  symbol:   method setPositionAndRegion(double,double)
  location: variable point of type java.awt.geom.Point2D
[ERROR] /Users/curtis/Github/Thesis/chatTester/Repos/tabulapdf_tabula-java/src/test/java/technology/tabula/CohenSutherlandClipping_ESTest.java:[44,36] cannot find symbol
  symbol:   variable INSIDE
  location: class java.awt.geom.Point2D.Double
[ERROR] /Users/curtis/Github/Thesis/chatTester/Repos/tabulapdf_tabula-java/src/test/java/technology/tabula/CohenSutherlandClipping_ESTest.java:[44,50] cannot find symbol
  symbol:   variable region
  location: variable point of type java.awt.geom.Point2D
[INFO] 13 errors 
####################

original test path: /Users/curtis/Github/Thesis/chatTester/Repos/tabulapdf_tabula-java/src/test/java/technology/tabula/CohenSutherlandClipping_ESTest.java
[GENERATED PATH] CohenSutherlandClipping_ESTest#setPositionAndRegion(double x, double y).java
[ERROR] COMPILATION ERROR : 
[INFO] -------------------------------------------------------------
[ERROR] /Users/curtis/Github/Thesis/chatTester/Repos/tabulapdf_tabula-java/src/test/java/technology/tabula/CohenSutherlandClipping_ESTest.java:[27,9] cannot find symbol
  symbol:   class Point
  location: class technology.tabula.CohenSutherlandClipping_ESTest
[ERROR] /Users/curtis/Github/Thesis/chatTester/Repos/tabulapdf_tabula-java/src/test/java/technology/tabula/CohenSutherlandClipping_ESTest.java:[27,27] cannot find symbol
  symbol:   class Point
  location: class technology.tabula.CohenSutherlandClipping_ESTest
[ERROR] /Users/curtis/Github/Thesis/chatTester/Repos/tabulapdf_tabula-java/src/test/java/technology/tabula/CohenSutherlandClipping_ESTest.java:[30,22] cannot find symbol
  symbol:   variable Point
  location: class technology.tabula.CohenSutherlandClipping_ESTest
[ERROR] /Users/curtis/Github/Thesis/chatTester/Repos/tabulapdf_tabula-java/src/test/java/technology/tabula/CohenSutherlandClipping_ESTest.java:[34,22] cannot find symbol
  symbol:   variable Point
  location: class technology.tabula.CohenSutherlandClipping_ESTest
[ERROR] /Users/curtis/Github/Thesis/chatTester/Repos/tabulapdf_tabula-java/src/test/java/technology/tabula/CohenSutherlandClipping_ESTest.java:[34,35] cannot find symbol
  symbol:   variable Point
  location: class technology.tabula.CohenSutherlandClipping_ESTest
[ERROR] /Users/curtis/Github/Thesis/chatTester/Repos/tabulapdf_tabula-java/src/test/java/technology/tabula/CohenSutherlandClipping_ESTest.java:[38,22] cannot find symbol
  symbol:   variable Point
  location: class technology.tabula.CohenSutherlandClipping_ESTest
[ERROR] /Users/curtis/Github/Thesis/chatTester/Repos/tabulapdf_tabula-java/src/test/java/technology/tabula/CohenSutherlandClipping_ESTest.java:[38,36] cannot find symbol
  symbol:   variable Point
  location: class technology.tabula.CohenSutherlandClipping_ESTest
[ERROR] /Users/curtis/Github/Thesis/chatTester/Repos/tabulapdf_tabula-java/src/test/java/technology/tabula/CohenSutherlandClipping_ESTest.java:[42,22] cannot find symbol
  symbol:   variable Point
  location: class technology.tabula.CohenSutherlandClipping_ESTest
[INFO] 8 errors 
####################

original test path: /Users/curtis/Github/Thesis/chatTester/Repos/tabulapdf_tabula-java/src/test/java/technology/tabula/CohenSutherlandClipping_ESTest.java
[GENERATED PATH] CohenSutherlandClipping_ESTest#setPositionAndRegion(double x, double y).java
[ERROR] COMPILATION ERROR : 
[INFO] -------------------------------------------------------------
[ERROR] /Users/curtis/Github/Thesis/chatTester/Repos/tabulapdf_tabula-java/src/test/java/technology/tabula/CohenSutherlandClipping_ESTest.java:[32,32] cannot find symbol
  symbol:   variable INSIDE
  location: class java.awt.geom.Point2D.Double
[ERROR] /Users/curtis/Github/Thesis/chatTester/Repos/tabulapdf_tabula-java/src/test/java/technology/tabula/CohenSutherlandClipping_ESTest.java:[32,46] cannot find symbol
  symbol:   variable region
  location: variable point of type java.awt.geom.Point2D
[ERROR] /Users/curtis/Github/Thesis/chatTester/Repos/tabulapdf_tabula-java/src/test/java/technology/tabula/CohenSutherlandClipping_ESTest.java:[36,32] cannot find symbol
  symbol:   variable LEFT
  location: class java.awt.geom.Point2D.Double
[ERROR] /Users/curtis/Github/Thesis/chatTester/Repos/tabulapdf_tabula-java/src/test/java/technology/tabula/CohenSutherlandClipping_ESTest.java:[36,54] cannot find symbol
  symbol:   variable TOP
  location: class java.awt.geom.Point2D.Double
[ERROR] /Users/curtis/Github/Thesis/chatTester/Repos/tabulapdf_tabula-java/src/test/java/technology/tabula/CohenSutherlandClipping_ESTest.java:[36,65] cannot find symbol
  symbol:   variable region
  location: variable point of type java.awt.geom.Point2D
[ERROR] /Users/curtis/Github/Thesis/chatTester/Repos/tabulapdf_tabula-java/src/test/java/technology/tabula/CohenSutherlandClipping_ESTest.java:[41,32] cannot find symbol
  symbol:   variable RIGHT
  location: class java.awt.geom.Point2D.Double
[ERROR] /Users/curtis/Github/Thesis/chatTester/Repos/tabulapdf_tabula-java/src/test/java/technology/tabula/CohenSutherlandClipping_ESTest.java:[41,55] cannot find symbol
  symbol:   variable BOTTOM
  location: class java.awt.geom.Point2D.Double
[ERROR] /Users/curtis/Github/Thesis/chatTester/Repos/tabulapdf_tabula-java/src/test/java/technology/tabula/CohenSutherlandClipping_ESTest.java:[41,69] cannot find symbol
  symbol:   variable region
  location: variable point of type java.awt.geom.Point2D
[ERROR] /Users/curtis/Github/Thesis/chatTester/Repos/tabulapdf_tabula-java/src/test/java/technology/tabula/CohenSutherlandClipping_ESTest.java:[46,32] cannot find symbol
  symbol:   variable INSIDE
  location: class java.awt.geom.Point2D.Double
[ERROR] /Users/curtis/Github/Thesis/chatTester/Repos/tabulapdf_tabula-java/src/test/java/technology/tabula/CohenSutherlandClipping_ESTest.java:[46,46] cannot find symbol
  symbol:   variable region
  location: variable point of type java.awt.geom.Point2D
[INFO] 10 errors 
####################

