original test path: /Users/curtis/Github/Thesis/chatTester/Repos/sachin-handiekar_jInstagram/src/test/java/org/jinstagram/auth/oauth/InstagramService_ESTest.java
[GENERATED PATH] InstagramService_ESTest#getAccessToken(Verifier verifier).java
[ERROR] COMPILATION ERROR : 
[INFO] -------------------------------------------------------------
[ERROR] /Users/curtis/Github/Thesis/chatTester/Repos/sachin-handiekar_jInstagram/src/test/java/org/jinstagram/auth/oauth/InstagramService_ESTest.java:[38,39] no suitable method found for thenReturn(java.lang.String)
    method org.mockito.stubbing.OngoingStubbing.thenReturn(org.jinstagram.http.Verbs) is not applicable
      (argument mismatch; java.lang.String cannot be converted to org.jinstagram.http.Verbs)
    method org.mockito.stubbing.OngoingStubbing.thenReturn(org.jinstagram.http.Verbs,org.jinstagram.http.Verbs...) is not applicable
      (argument mismatch; java.lang.String cannot be converted to org.jinstagram.http.Verbs)
[ERROR] /Users/curtis/Github/Thesis/chatTester/Repos/sachin-handiekar_jInstagram/src/test/java/org/jinstagram/auth/oauth/InstagramService_ESTest.java:[46,9] cannot find symbol
  symbol:   class Response
  location: class org.jinstagram.auth.oauth.InstagramService_ESTest
[ERROR] /Users/curtis/Github/Thesis/chatTester/Repos/sachin-handiekar_jInstagram/src/test/java/org/jinstagram/auth/oauth/InstagramService_ESTest.java:[46,33] cannot find symbol
  symbol:   class Response
  location: class org.jinstagram.auth.oauth.InstagramService_ESTest
[ERROR] /Users/curtis/Github/Thesis/chatTester/Repos/sachin-handiekar_jInstagram/src/test/java/org/jinstagram/auth/oauth/InstagramService_ESTest.java:[49,14] cannot find symbol
  symbol:   variable request
  location: class org.jinstagram.auth.oauth.InstagramService_ESTest
[ERROR] /Users/curtis/Github/Thesis/chatTester/Repos/sachin-handiekar_jInstagram/src/test/java/org/jinstagram/auth/oauth/InstagramService_ESTest.java:[55,42] cannot find symbol
  symbol:   variable OAuthConstants
  location: class org.jinstagram.auth.oauth.InstagramService_ESTest
[ERROR] /Users/curtis/Github/Thesis/chatTester/Repos/sachin-handiekar_jInstagram/src/test/java/org/jinstagram/auth/oauth/InstagramService_ESTest.java:[55,16] cannot find symbol
  symbol:   variable request
  location: class org.jinstagram.auth.oauth.InstagramService_ESTest
[ERROR] /Users/curtis/Github/Thesis/chatTester/Repos/sachin-handiekar_jInstagram/src/test/java/org/jinstagram/auth/oauth/InstagramService_ESTest.java:[56,42] cannot find symbol
  symbol:   variable OAuthConstants
  location: class org.jinstagram.auth.oauth.InstagramService_ESTest
[ERROR] /Users/curtis/Github/Thesis/chatTester/Repos/sachin-handiekar_jInstagram/src/test/java/org/jinstagram/auth/oauth/InstagramService_ESTest.java:[56,16] cannot find symbol
  symbol:   variable request
  location: class org.jinstagram.auth.oauth.InstagramService_ESTest
[ERROR] /Users/curtis/Github/Thesis/chatTester/Repos/sachin-handiekar_jInstagram/src/test/java/org/jinstagram/auth/oauth/InstagramService_ESTest.java:[57,42] cannot find symbol
  symbol:   variable OAuthConstants
  location: class org.jinstagram.auth.oauth.InstagramService_ESTest
[ERROR] /Users/curtis/Github/Thesis/chatTester/Repos/sachin-handiekar_jInstagram/src/test/java/org/jinstagram/auth/oauth/InstagramService_ESTest.java:[57,16] cannot find symbol
  symbol:   variable request
  location: class org.jinstagram.auth.oauth.InstagramService_ESTest
[ERROR] /Users/curtis/Github/Thesis/chatTester/Repos/sachin-handiekar_jInstagram/src/test/java/org/jinstagram/auth/oauth/InstagramService_ESTest.java:[58,42] cannot find symbol
  symbol:   variable OAuthConstants
  location: class org.jinstagram.auth.oauth.InstagramService_ESTest
[ERROR] /Users/curtis/Github/Thesis/chatTester/Repos/sachin-handiekar_jInstagram/src/test/java/org/jinstagram/auth/oauth/InstagramService_ESTest.java:[58,16] cannot find symbol
  symbol:   variable request
  location: class org.jinstagram.auth.oauth.InstagramService_ESTest
[ERROR] /Users/curtis/Github/Thesis/chatTester/Repos/sachin-handiekar_jInstagram/src/test/java/org/jinstagram/auth/oauth/InstagramService_ESTest.java:[59,42] cannot find symbol
  symbol:   variable OAuthConstants
  location: class org.jinstagram.auth.oauth.InstagramService_ESTest
[ERROR] /Users/curtis/Github/Thesis/chatTester/Repos/sachin-handiekar_jInstagram/src/test/java/org/jinstagram/auth/oauth/InstagramService_ESTest.java:[59,16] cannot find symbol
  symbol:   variable request
  location: class org.jinstagram.auth.oauth.InstagramService_ESTest
[INFO] 14 errors 
####################

original test path: /Users/curtis/Github/Thesis/chatTester/Repos/sachin-handiekar_jInstagram/src/test/java/org/jinstagram/auth/oauth/InstagramService_ESTest.java
[GENERATED PATH] InstagramService_ESTest#getAccessToken(Verifier verifier).java
[ERROR] COMPILATION ERROR : 
[INFO] -------------------------------------------------------------
[ERROR] /Users/curtis/Github/Thesis/chatTester/Repos/sachin-handiekar_jInstagram/src/test/java/org/jinstagram/auth/oauth/InstagramService_ESTest.java:[38,5] cannot find symbol
  symbol:   class Request
  location: class org.jinstagram.auth.oauth.InstagramService_ESTest
[ERROR] /Users/curtis/Github/Thesis/chatTester/Repos/sachin-handiekar_jInstagram/src/test/java/org/jinstagram/auth/oauth/InstagramService_ESTest.java:[38,36] cannot find symbol
  symbol:   class Request
  location: class org.jinstagram.auth.oauth.InstagramService_ESTest
[ERROR] /Users/curtis/Github/Thesis/chatTester/Repos/sachin-handiekar_jInstagram/src/test/java/org/jinstagram/auth/oauth/InstagramService_ESTest.java:[41,43] no suitable method found for thenReturn(java.lang.String)
    method org.mockito.stubbing.OngoingStubbing.thenReturn(org.jinstagram.http.Verbs) is not applicable
      (argument mismatch; java.lang.String cannot be converted to org.jinstagram.http.Verbs)
    method org.mockito.stubbing.OngoingStubbing.thenReturn(org.jinstagram.http.Verbs,org.jinstagram.http.Verbs...) is not applicable
      (argument mismatch; java.lang.String cannot be converted to org.jinstagram.http.Verbs)
[ERROR] /Users/curtis/Github/Thesis/chatTester/Repos/sachin-handiekar_jInstagram/src/test/java/org/jinstagram/auth/oauth/InstagramService_ESTest.java:[47,5] cannot find symbol
  symbol:   class Response
  location: class org.jinstagram.auth.oauth.InstagramService_ESTest
[ERROR] /Users/curtis/Github/Thesis/chatTester/Repos/sachin-handiekar_jInstagram/src/test/java/org/jinstagram/auth/oauth/InstagramService_ESTest.java:[47,29] cannot find symbol
  symbol:   class Response
  location: class org.jinstagram.auth.oauth.InstagramService_ESTest
[ERROR] /Users/curtis/Github/Thesis/chatTester/Repos/sachin-handiekar_jInstagram/src/test/java/org/jinstagram/auth/oauth/InstagramService_ESTest.java:[50,30] cannot find symbol
  symbol:   variable OAuthConstants
  location: class org.jinstagram.auth.oauth.InstagramService_ESTest
[ERROR] /Users/curtis/Github/Thesis/chatTester/Repos/sachin-handiekar_jInstagram/src/test/java/org/jinstagram/auth/oauth/InstagramService_ESTest.java:[51,30] cannot find symbol
  symbol:   variable OAuthConstants
  location: class org.jinstagram.auth.oauth.InstagramService_ESTest
[ERROR] /Users/curtis/Github/Thesis/chatTester/Repos/sachin-handiekar_jInstagram/src/test/java/org/jinstagram/auth/oauth/InstagramService_ESTest.java:[52,30] cannot find symbol
  symbol:   variable OAuthConstants
  location: class org.jinstagram.auth.oauth.InstagramService_ESTest
[ERROR] /Users/curtis/Github/Thesis/chatTester/Repos/sachin-handiekar_jInstagram/src/test/java/org/jinstagram/auth/oauth/InstagramService_ESTest.java:[53,30] cannot find symbol
  symbol:   variable OAuthConstants
  location: class org.jinstagram.auth.oauth.InstagramService_ESTest
[ERROR] /Users/curtis/Github/Thesis/chatTester/Repos/sachin-handiekar_jInstagram/src/test/java/org/jinstagram/auth/oauth/InstagramService_ESTest.java:[54,30] cannot find symbol
  symbol:   variable OAuthConstants
  location: class org.jinstagram.auth.oauth.InstagramService_ESTest
[ERROR] /Users/curtis/Github/Thesis/chatTester/Repos/sachin-handiekar_jInstagram/src/test/java/org/jinstagram/auth/oauth/InstagramService_ESTest.java:[57,46] cannot find symbol
  symbol:   variable OAuthConstants
  location: class org.jinstagram.auth.oauth.InstagramService_ESTest
[ERROR] /Users/curtis/Github/Thesis/chatTester/Repos/sachin-handiekar_jInstagram/src/test/java/org/jinstagram/auth/oauth/InstagramService_ESTest.java:[58,46] cannot find symbol
  symbol:   variable OAuthConstants
  location: class org.jinstagram.auth.oauth.InstagramService_ESTest
[ERROR] /Users/curtis/Github/Thesis/chatTester/Repos/sachin-handiekar_jInstagram/src/test/java/org/jinstagram/auth/oauth/InstagramService_ESTest.java:[59,46] cannot find symbol
  symbol:   variable OAuthConstants
  location: class org.jinstagram.auth.oauth.InstagramService_ESTest
[ERROR] /Users/curtis/Github/Thesis/chatTester/Repos/sachin-handiekar_jInstagram/src/test/java/org/jinstagram/auth/oauth/InstagramService_ESTest.java:[60,46] cannot find symbol
  symbol:   variable OAuthConstants
  location: class org.jinstagram.auth.oauth.InstagramService_ESTest
[ERROR] /Users/curtis/Github/Thesis/chatTester/Repos/sachin-handiekar_jInstagram/src/test/java/org/jinstagram/auth/oauth/InstagramService_ESTest.java:[61,46] cannot find symbol
  symbol:   variable OAuthConstants
  location: class org.jinstagram.auth.oauth.InstagramService_ESTest
[INFO] 15 errors 
####################

original test path: /Users/curtis/Github/Thesis/chatTester/Repos/sachin-handiekar_jInstagram/src/test/java/org/jinstagram/auth/oauth/InstagramService_ESTest.java
[GENERATED PATH] InstagramService_ESTest#getAccessToken(Verifier verifier).java
[ERROR] COMPILATION ERROR : 
[INFO] -------------------------------------------------------------
[ERROR] /Users/curtis/Github/Thesis/chatTester/Repos/sachin-handiekar_jInstagram/src/test/java/org/jinstagram/auth/oauth/InstagramService_ESTest.java:[7,24] package org.scribe.model does not exist
[ERROR] /Users/curtis/Github/Thesis/chatTester/Repos/sachin-handiekar_jInstagram/src/test/java/org/jinstagram/auth/oauth/InstagramService_ESTest.java:[8,24] package org.scribe.model does not exist
[ERROR] /Users/curtis/Github/Thesis/chatTester/Repos/sachin-handiekar_jInstagram/src/test/java/org/jinstagram/auth/oauth/InstagramService_ESTest.java:[9,24] package org.scribe.model does not exist
[ERROR] /Users/curtis/Github/Thesis/chatTester/Repos/sachin-handiekar_jInstagram/src/test/java/org/jinstagram/auth/oauth/InstagramService_ESTest.java:[10,24] package org.scribe.model does not exist
[ERROR] /Users/curtis/Github/Thesis/chatTester/Repos/sachin-handiekar_jInstagram/src/test/java/org/jinstagram/auth/oauth/InstagramService_ESTest.java:[11,24] package org.scribe.model does not exist
[ERROR] /Users/curtis/Github/Thesis/chatTester/Repos/sachin-handiekar_jInstagram/src/test/java/org/jinstagram/auth/oauth/InstagramService_ESTest.java:[12,24] package org.scribe.model does not exist
[ERROR] /Users/curtis/Github/Thesis/chatTester/Repos/sachin-handiekar_jInstagram/src/test/java/org/jinstagram/auth/oauth/InstagramService_ESTest.java:[45,5] cannot find symbol
  symbol:   class Request
  location: class org.jinstagram.auth.oauth.InstagramService_ESTest
[ERROR] /Users/curtis/Github/Thesis/chatTester/Repos/sachin-handiekar_jInstagram/src/test/java/org/jinstagram/auth/oauth/InstagramService_ESTest.java:[45,36] cannot find symbol
  symbol:   class Request
  location: class org.jinstagram.auth.oauth.InstagramService_ESTest
[ERROR] /Users/curtis/Github/Thesis/chatTester/Repos/sachin-handiekar_jInstagram/src/test/java/org/jinstagram/auth/oauth/InstagramService_ESTest.java:[47,43] no suitable method found for thenReturn(java.lang.String)
    method org.mockito.stubbing.OngoingStubbing.thenReturn(org.jinstagram.http.Verbs) is not applicable
      (argument mismatch; java.lang.String cannot be converted to org.jinstagram.http.Verbs)
    method org.mockito.stubbing.OngoingStubbing.thenReturn(org.jinstagram.http.Verbs,org.jinstagram.http.Verbs...) is not applicable
      (argument mismatch; java.lang.String cannot be converted to org.jinstagram.http.Verbs)
[ERROR] /Users/curtis/Github/Thesis/chatTester/Repos/sachin-handiekar_jInstagram/src/test/java/org/jinstagram/auth/oauth/InstagramService_ESTest.java:[53,5] cannot find symbol
  symbol:   class Response
  location: class org.jinstagram.auth.oauth.InstagramService_ESTest
[ERROR] /Users/curtis/Github/Thesis/chatTester/Repos/sachin-handiekar_jInstagram/src/test/java/org/jinstagram/auth/oauth/InstagramService_ESTest.java:[53,29] cannot find symbol
  symbol:   class Response
  location: class org.jinstagram.auth.oauth.InstagramService_ESTest
[ERROR] /Users/curtis/Github/Thesis/chatTester/Repos/sachin-handiekar_jInstagram/src/test/java/org/jinstagram/auth/oauth/InstagramService_ESTest.java:[58,30] cannot find symbol
  symbol:   variable OAuthConstants
  location: class org.jinstagram.auth.oauth.InstagramService_ESTest
[ERROR] /Users/curtis/Github/Thesis/chatTester/Repos/sachin-handiekar_jInstagram/src/test/java/org/jinstagram/auth/oauth/InstagramService_ESTest.java:[59,30] cannot find symbol
  symbol:   variable OAuthConstants
  location: class org.jinstagram.auth.oauth.InstagramService_ESTest
[ERROR] /Users/curtis/Github/Thesis/chatTester/Repos/sachin-handiekar_jInstagram/src/test/java/org/jinstagram/auth/oauth/InstagramService_ESTest.java:[60,30] cannot find symbol
  symbol:   variable OAuthConstants
  location: class org.jinstagram.auth.oauth.InstagramService_ESTest
[ERROR] /Users/curtis/Github/Thesis/chatTester/Repos/sachin-handiekar_jInstagram/src/test/java/org/jinstagram/auth/oauth/InstagramService_ESTest.java:[61,30] cannot find symbol
  symbol:   variable OAuthConstants
  location: class org.jinstagram.auth.oauth.InstagramService_ESTest
[ERROR] /Users/curtis/Github/Thesis/chatTester/Repos/sachin-handiekar_jInstagram/src/test/java/org/jinstagram/auth/oauth/InstagramService_ESTest.java:[62,30] cannot find symbol
  symbol:   variable OAuthConstants
  location: class org.jinstagram.auth.oauth.InstagramService_ESTest
[ERROR] /Users/curtis/Github/Thesis/chatTester/Repos/sachin-handiekar_jInstagram/src/test/java/org/jinstagram/auth/oauth/InstagramService_ESTest.java:[65,46] cannot find symbol
  symbol:   variable OAuthConstants
  location: class org.jinstagram.auth.oauth.InstagramService_ESTest
[ERROR] /Users/curtis/Github/Thesis/chatTester/Repos/sachin-handiekar_jInstagram/src/test/java/org/jinstagram/auth/oauth/InstagramService_ESTest.java:[66,46] cannot find symbol
  symbol:   variable OAuthConstants
  location: class org.jinstagram.auth.oauth.InstagramService_ESTest
[ERROR] /Users/curtis/Github/Thesis/chatTester/Repos/sachin-handiekar_jInstagram/src/test/java/org/jinstagram/auth/oauth/InstagramService_ESTest.java:[67,46] cannot find symbol
  symbol:   variable OAuthConstants
  location: class org.jinstagram.auth.oauth.InstagramService_ESTest
[ERROR] /Users/curtis/Github/Thesis/chatTester/Repos/sachin-handiekar_jInstagram/src/test/java/org/jinstagram/auth/oauth/InstagramService_ESTest.java:[68,46] cannot find symbol
  symbol:   variable OAuthConstants
  location: class org.jinstagram.auth.oauth.InstagramService_ESTest
[ERROR] /Users/curtis/Github/Thesis/chatTester/Repos/sachin-handiekar_jInstagram/src/test/java/org/jinstagram/auth/oauth/InstagramService_ESTest.java:[69,46] cannot find symbol
  symbol:   variable OAuthConstants
  location: class org.jinstagram.auth.oauth.InstagramService_ESTest
[INFO] 21 errors 
####################

original test path: /Users/curtis/Github/Thesis/chatTester/Repos/sachin-handiekar_jInstagram/src/test/java/org/jinstagram/auth/oauth/InstagramService_ESTest.java
[GENERATED PATH] InstagramService_ESTest#getAccessToken(Verifier verifier).java
[ERROR] COMPILATION ERROR : 
[INFO] -------------------------------------------------------------
[ERROR] /Users/curtis/Github/Thesis/chatTester/Repos/sachin-handiekar_jInstagram/src/test/java/org/jinstagram/auth/oauth/InstagramService_ESTest.java:[7,24] package org.scribe.model does not exist
[ERROR] /Users/curtis/Github/Thesis/chatTester/Repos/sachin-handiekar_jInstagram/src/test/java/org/jinstagram/auth/oauth/InstagramService_ESTest.java:[8,24] package org.scribe.model does not exist
[ERROR] /Users/curtis/Github/Thesis/chatTester/Repos/sachin-handiekar_jInstagram/src/test/java/org/jinstagram/auth/oauth/InstagramService_ESTest.java:[9,24] package org.scribe.model does not exist
[ERROR] /Users/curtis/Github/Thesis/chatTester/Repos/sachin-handiekar_jInstagram/src/test/java/org/jinstagram/auth/oauth/InstagramService_ESTest.java:[10,24] package org.scribe.model does not exist
[ERROR] /Users/curtis/Github/Thesis/chatTester/Repos/sachin-handiekar_jInstagram/src/test/java/org/jinstagram/auth/oauth/InstagramService_ESTest.java:[11,24] package org.scribe.model does not exist
[ERROR] /Users/curtis/Github/Thesis/chatTester/Repos/sachin-handiekar_jInstagram/src/test/java/org/jinstagram/auth/oauth/InstagramService_ESTest.java:[12,24] package org.scribe.model does not exist
[ERROR] /Users/curtis/Github/Thesis/chatTester/Repos/sachin-handiekar_jInstagram/src/test/java/org/jinstagram/auth/oauth/InstagramService_ESTest.java:[13,24] package org.scribe.model does not exist
[ERROR] /Users/curtis/Github/Thesis/chatTester/Repos/sachin-handiekar_jInstagram/src/test/java/org/jinstagram/auth/oauth/InstagramService_ESTest.java:[45,5] cannot find symbol
  symbol:   class Response
  location: class org.jinstagram.auth.oauth.InstagramService_ESTest
[ERROR] /Users/curtis/Github/Thesis/chatTester/Repos/sachin-handiekar_jInstagram/src/test/java/org/jinstagram/auth/oauth/InstagramService_ESTest.java:[45,42] cannot find symbol
  symbol:   class Response
  location: class org.jinstagram.auth.oauth.InstagramService_ESTest
[ERROR] /Users/curtis/Github/Thesis/chatTester/Repos/sachin-handiekar_jInstagram/src/test/java/org/jinstagram/auth/oauth/InstagramService_ESTest.java:[48,47] no suitable method found for thenReturn(java.lang.String)
    method org.mockito.stubbing.OngoingStubbing.thenReturn(org.jinstagram.http.Verbs) is not applicable
      (argument mismatch; java.lang.String cannot be converted to org.jinstagram.http.Verbs)
    method org.mockito.stubbing.OngoingStubbing.thenReturn(org.jinstagram.http.Verbs,org.jinstagram.http.Verbs...) is not applicable
      (argument mismatch; java.lang.String cannot be converted to org.jinstagram.http.Verbs)
[INFO] 10 errors 
####################

original test path: /Users/curtis/Github/Thesis/chatTester/Repos/sachin-handiekar_jInstagram/src/test/java/org/jinstagram/auth/oauth/InstagramService_ESTest.java
[GENERATED PATH] InstagramService_ESTest#getAccessToken(Verifier verifier).java
[ERROR] COMPILATION ERROR : 
[INFO] -------------------------------------------------------------
[ERROR] /Users/curtis/Github/Thesis/chatTester/Repos/sachin-handiekar_jInstagram/src/test/java/org/jinstagram/auth/oauth/InstagramService_ESTest.java:[8,24] package org.scribe.model does not exist
[ERROR] /Users/curtis/Github/Thesis/chatTester/Repos/sachin-handiekar_jInstagram/src/test/java/org/jinstagram/auth/oauth/InstagramService_ESTest.java:[9,24] package org.scribe.model does not exist
[ERROR] /Users/curtis/Github/Thesis/chatTester/Repos/sachin-handiekar_jInstagram/src/test/java/org/jinstagram/auth/oauth/InstagramService_ESTest.java:[10,24] package org.scribe.model does not exist
[ERROR] /Users/curtis/Github/Thesis/chatTester/Repos/sachin-handiekar_jInstagram/src/test/java/org/jinstagram/auth/oauth/InstagramService_ESTest.java:[11,24] package org.scribe.model does not exist
[ERROR] /Users/curtis/Github/Thesis/chatTester/Repos/sachin-handiekar_jInstagram/src/test/java/org/jinstagram/auth/oauth/InstagramService_ESTest.java:[12,24] package org.scribe.model does not exist
[ERROR] /Users/curtis/Github/Thesis/chatTester/Repos/sachin-handiekar_jInstagram/src/test/java/org/jinstagram/auth/oauth/InstagramService_ESTest.java:[13,24] package org.scribe.model does not exist
[ERROR] /Users/curtis/Github/Thesis/chatTester/Repos/sachin-handiekar_jInstagram/src/test/java/org/jinstagram/auth/oauth/InstagramService_ESTest.java:[14,24] package org.scribe.model does not exist
[INFO] 7 errors 
####################

original test path: /Users/curtis/Github/Thesis/chatTester/Repos/sachin-handiekar_jInstagram/src/test/java/org/jinstagram/auth/oauth/InstagramService_ESTest.java
[GENERATED PATH] InstagramService_ESTest#getAccessToken(Verifier verifier).java
[ERROR] COMPILATION ERROR : 
[INFO] -------------------------------------------------------------
[ERROR] /Users/curtis/Github/Thesis/chatTester/Repos/sachin-handiekar_jInstagram/src/test/java/org/jinstagram/auth/oauth/InstagramService_ESTest.java:[9,24] package org.scribe.model does not exist
[ERROR] /Users/curtis/Github/Thesis/chatTester/Repos/sachin-handiekar_jInstagram/src/test/java/org/jinstagram/auth/oauth/InstagramService_ESTest.java:[10,24] package org.scribe.model does not exist
[ERROR] /Users/curtis/Github/Thesis/chatTester/Repos/sachin-handiekar_jInstagram/src/test/java/org/jinstagram/auth/oauth/InstagramService_ESTest.java:[11,24] package org.scribe.model does not exist
[ERROR] /Users/curtis/Github/Thesis/chatTester/Repos/sachin-handiekar_jInstagram/src/test/java/org/jinstagram/auth/oauth/InstagramService_ESTest.java:[12,24] package org.scribe.model does not exist
[ERROR] /Users/curtis/Github/Thesis/chatTester/Repos/sachin-handiekar_jInstagram/src/test/java/org/jinstagram/auth/oauth/InstagramService_ESTest.java:[13,24] package org.scribe.model does not exist
[ERROR] /Users/curtis/Github/Thesis/chatTester/Repos/sachin-handiekar_jInstagram/src/test/java/org/jinstagram/auth/oauth/InstagramService_ESTest.java:[14,24] package org.scribe.model does not exist
[ERROR] /Users/curtis/Github/Thesis/chatTester/Repos/sachin-handiekar_jInstagram/src/test/java/org/jinstagram/auth/oauth/InstagramService_ESTest.java:[15,24] package org.scribe.model does not exist
[ERROR] /Users/curtis/Github/Thesis/chatTester/Repos/sachin-handiekar_jInstagram/src/test/java/org/jinstagram/auth/oauth/InstagramService_ESTest.java:[47,30] no suitable constructor found for OAuthConfig(no arguments)
    constructor org.jinstagram.auth.model.OAuthConfig.OAuthConfig(java.lang.String,java.lang.String) is not applicable
      (actual and formal argument lists differ in length)
    constructor org.jinstagram.auth.model.OAuthConfig.OAuthConfig(java.lang.String,java.lang.String,java.lang.String,java.lang.String) is not applicable
      (actual and formal argument lists differ in length)
    constructor org.jinstagram.auth.model.OAuthConfig.OAuthConfig(java.lang.String,java.lang.String,java.lang.String,java.lang.String,java.lang.String) is not applicable
      (actual and formal argument lists differ in length)
[INFO] 8 errors 
####################

original test path: /Users/curtis/Github/Thesis/chatTester/Repos/sachin-handiekar_jInstagram/src/test/java/org/jinstagram/auth/oauth/InstagramService_ESTest.java
[GENERATED PATH] InstagramService_ESTest#getAccessToken(Verifier verifier).java
[ERROR] COMPILATION ERROR : 
[INFO] -------------------------------------------------------------
[ERROR] /Users/curtis/Github/Thesis/chatTester/Repos/sachin-handiekar_jInstagram/src/test/java/org/jinstagram/auth/oauth/InstagramService_ESTest.java:[10,24] package org.scribe.model does not exist
[ERROR] /Users/curtis/Github/Thesis/chatTester/Repos/sachin-handiekar_jInstagram/src/test/java/org/jinstagram/auth/oauth/InstagramService_ESTest.java:[11,24] package org.scribe.model does not exist
[ERROR] /Users/curtis/Github/Thesis/chatTester/Repos/sachin-handiekar_jInstagram/src/test/java/org/jinstagram/auth/oauth/InstagramService_ESTest.java:[12,24] package org.scribe.model does not exist
[ERROR] /Users/curtis/Github/Thesis/chatTester/Repos/sachin-handiekar_jInstagram/src/test/java/org/jinstagram/auth/oauth/InstagramService_ESTest.java:[13,24] package org.scribe.model does not exist
[ERROR] /Users/curtis/Github/Thesis/chatTester/Repos/sachin-handiekar_jInstagram/src/test/java/org/jinstagram/auth/oauth/InstagramService_ESTest.java:[14,24] package org.scribe.model does not exist
[ERROR] /Users/curtis/Github/Thesis/chatTester/Repos/sachin-handiekar_jInstagram/src/test/java/org/jinstagram/auth/oauth/InstagramService_ESTest.java:[15,24] package org.scribe.model does not exist
[ERROR] /Users/curtis/Github/Thesis/chatTester/Repos/sachin-handiekar_jInstagram/src/test/java/org/jinstagram/auth/oauth/InstagramService_ESTest.java:[16,24] package org.scribe.model does not exist
[ERROR] /Users/curtis/Github/Thesis/chatTester/Repos/sachin-handiekar_jInstagram/src/test/java/org/jinstagram/auth/oauth/InstagramService_ESTest.java:[49,26] no suitable constructor found for OAuthConfig(java.lang.String,java.lang.String,java.lang.String,java.lang.String,java.lang.String,java.lang.String)
    constructor org.jinstagram.auth.model.OAuthConfig.OAuthConfig(java.lang.String,java.lang.String) is not applicable
      (actual and formal argument lists differ in length)
    constructor org.jinstagram.auth.model.OAuthConfig.OAuthConfig(java.lang.String,java.lang.String,java.lang.String,java.lang.String) is not applicable
      (actual and formal argument lists differ in length)
    constructor org.jinstagram.auth.model.OAuthConfig.OAuthConfig(java.lang.String,java.lang.String,java.lang.String,java.lang.String,java.lang.String) is not applicable
      (actual and formal argument lists differ in length)
[ERROR] /Users/curtis/Github/Thesis/chatTester/Repos/sachin-handiekar_jInstagram/src/test/java/org/jinstagram/auth/oauth/InstagramService_ESTest.java:[57,5] cannot find symbol
  symbol:   variable Assert
  location: class org.jinstagram.auth.oauth.InstagramService_ESTest
[INFO] 9 errors 
####################

