original test path: /Users/curtis/Github/Thesis/chatTester/Repos/sachin-handiekar_jInstagram/src/test/java/org/jinstagram/http/Request_ESTest.java
[GENERATED PATH] Request_ESTest#getReadTimeoutInMillis().java
[ERROR] COMPILATION ERROR : 
[INFO] -------------------------------------------------------------
[ERROR] /Users/curtis/Github/Thesis/chatTester/Repos/sachin-handiekar_jInstagram/src/test/java/org/jinstagram/InstagramConfig_ESTest.java:[22,34] cannot find symbol
  symbol:   variable Constants
  location: class org.jinstagram.InstagramConfig_ESTest
[INFO] 1 error
####################

original test path: /Users/curtis/Github/Thesis/chatTester/Repos/sachin-handiekar_jInstagram/src/test/java/org/jinstagram/http/Request_ESTest.java
[GENERATED PATH] Request_ESTest#getReadTimeoutInMillis().java
[ERROR] COMPILATION ERROR : 
[INFO] -------------------------------------------------------------
[ERROR] /Users/curtis/Github/Thesis/chatTester/Repos/sachin-handiekar_jInstagram/src/test/java/org/jinstagram/http/Request_ESTest.java:[44,31] readTimeout has private access in org.jinstagram.http.Request
[INFO] 1 error
####################

