original test path: /Users/curtis/Github/Thesis/chatTester/Repos/Zappos_zappos-json/src/test/java/com/zappos/json/format/JavaTimeLocalDateFormatter_ESTest.java
[GENERATED PATH] JavaTimeLocalDateFormatter_ESTest#cast(Object obj).java
[ERROR] COMPILATION ERROR : 
[INFO] -------------------------------------------------------------
[ERROR] /Users/curtis/Github/Thesis/chatTester/Repos/Zappos_zappos-json/src/test/java/com/zappos/json/format/JavaTimeLocalDateFormatter_ESTest.java:[38,28] cannot find symbol
  symbol:   variable yourClass
  location: class com.zappos.json.format.JavaTimeLocalDateFormatter_ESTest
[INFO] 1 error
####################

