original test path: /Users/curtis/Github/Thesis/chatTester/Repos/Zappos_zappos-json/src/test/java/com/zappos/json/JsonReaderCodeGenerator_ESTest.java
[GENERATED PATH] JsonReaderCodeGenerator_ESTest#getDetail().java
[ERROR] COMPILATION ERROR : 
[INFO] -------------------------------------------------------------
[ERROR] /Users/curtis/Github/Thesis/chatTester/Repos/Zappos_zappos-json/src/test/java/com/zappos/json/JsonReaderCodeGenerator_ESTest.java:[30,44] no suitable constructor found for JsonBeanAttribute(java.lang.String,java.lang.Class<java.lang.String>)
    constructor com.zappos.json.JsonBeanAttribute.JsonBeanAttribute() is not applicable
      (actual and formal argument lists differ in length)
    constructor com.zappos.json.JsonBeanAttribute.JsonBeanAttribute(java.lang.reflect.Method,java.lang.reflect.Field,java.lang.String) is not applicable
      (actual and formal argument lists differ in length)
[ERROR] /Users/curtis/Github/Thesis/chatTester/Repos/Zappos_zappos-json/src/test/java/com/zappos/json/JsonReaderCodeGenerator_ESTest.java:[33,9] cannot find symbol
  symbol:   class AttributeInfo
  location: class com.zappos.json.JsonReaderCodeGenerator_ESTest
[ERROR] /Users/curtis/Github/Thesis/chatTester/Repos/Zappos_zappos-json/src/test/java/com/zappos/json/JsonReaderCodeGenerator_ESTest.java:[33,43] cannot find symbol
  symbol:   class AttributeInfo
  location: class com.zappos.json.JsonReaderCodeGenerator_ESTest
[INFO] 3 errors 
####################

original test path: /Users/curtis/Github/Thesis/chatTester/Repos/Zappos_zappos-json/src/test/java/com/zappos/json/JsonReaderCodeGenerator_ESTest.java
[GENERATED PATH] JsonReaderCodeGenerator_ESTest#getDetail().java
[ERROR] COMPILATION ERROR : 
[INFO] -------------------------------------------------------------
[ERROR] /Users/curtis/Github/Thesis/chatTester/Repos/Zappos_zappos-json/src/test/java/com/zappos/json/JsonReaderCodeGenerator_ESTest.java:[33,40] no suitable constructor found for JsonBeanAttribute(java.lang.String)
    constructor com.zappos.json.JsonBeanAttribute.JsonBeanAttribute() is not applicable
      (actual and formal argument lists differ in length)
    constructor com.zappos.json.JsonBeanAttribute.JsonBeanAttribute(java.lang.reflect.Method,java.lang.reflect.Field,java.lang.String) is not applicable
      (actual and formal argument lists differ in length)
[ERROR] /Users/curtis/Github/Thesis/chatTester/Repos/Zappos_zappos-json/src/test/java/com/zappos/json/JsonReaderCodeGenerator_ESTest.java:[35,5] cannot find symbol
  symbol:   class AttributeInfo
  location: class com.zappos.json.JsonReaderCodeGenerator_ESTest
[ERROR] /Users/curtis/Github/Thesis/chatTester/Repos/Zappos_zappos-json/src/test/java/com/zappos/json/JsonReaderCodeGenerator_ESTest.java:[35,39] cannot find symbol
  symbol:   class AttributeInfo
  location: class com.zappos.json.JsonReaderCodeGenerator_ESTest
[INFO] 3 errors 
####################

original test path: /Users/curtis/Github/Thesis/chatTester/Repos/Zappos_zappos-json/src/test/java/com/zappos/json/JsonReaderCodeGenerator_ESTest.java
[GENERATED PATH] JsonReaderCodeGenerator_ESTest#getDetail().java
[ERROR] COMPILATION ERROR : 
[INFO] -------------------------------------------------------------
[ERROR] /Users/curtis/Github/Thesis/chatTester/Repos/Zappos_zappos-json/src/test/java/com/zappos/json/JsonReaderCodeGenerator_ESTest.java:[36,19] cannot find symbol
  symbol:   method setName(java.lang.String)
  location: variable expectedDetail of type com.zappos.json.JsonBeanAttribute
[ERROR] /Users/curtis/Github/Thesis/chatTester/Repos/Zappos_zappos-json/src/test/java/com/zappos/json/JsonReaderCodeGenerator_ESTest.java:[38,5] cannot find symbol
  symbol:   class AttributeInfo
  location: class com.zappos.json.JsonReaderCodeGenerator_ESTest
[ERROR] /Users/curtis/Github/Thesis/chatTester/Repos/Zappos_zappos-json/src/test/java/com/zappos/json/JsonReaderCodeGenerator_ESTest.java:[38,39] cannot find symbol
  symbol:   class AttributeInfo
  location: class com.zappos.json.JsonReaderCodeGenerator_ESTest
[INFO] 3 errors 
####################

original test path: /Users/curtis/Github/Thesis/chatTester/Repos/Zappos_zappos-json/src/test/java/com/zappos/json/JsonReaderCodeGenerator_ESTest.java
[GENERATED PATH] JsonReaderCodeGenerator_ESTest#getDetail().java
[ERROR] COMPILATION ERROR : 
[INFO] -------------------------------------------------------------
[ERROR] /Users/curtis/Github/Thesis/chatTester/Repos/Zappos_zappos-json/src/test/java/com/zappos/json/JsonReaderCodeGenerator_ESTest.java:[40,5] cannot find symbol
  symbol:   class AttributeInfo
  location: class com.zappos.json.JsonReaderCodeGenerator_ESTest
[ERROR] /Users/curtis/Github/Thesis/chatTester/Repos/Zappos_zappos-json/src/test/java/com/zappos/json/JsonReaderCodeGenerator_ESTest.java:[40,39] cannot find symbol
  symbol:   class AttributeInfo
  location: class com.zappos.json.JsonReaderCodeGenerator_ESTest
[INFO] 2 errors 
####################

original test path: /Users/curtis/Github/Thesis/chatTester/Repos/Zappos_zappos-json/src/test/java/com/zappos/json/JsonReaderCodeGenerator_ESTest.java
[GENERATED PATH] JsonReaderCodeGenerator_ESTest#getDetail().java
[ERROR] COMPILATION ERROR : 
[INFO] -------------------------------------------------------------
[ERROR] /Users/curtis/Github/Thesis/chatTester/Repos/Zappos_zappos-json/src/test/java/com/zappos/json/JsonReaderCodeGenerator_ESTest.java:[40,9] cannot find symbol
  symbol:   class TypeInfo
  location: class com.zappos.json.JsonReaderCodeGenerator_ESTest
[ERROR] /Users/curtis/Github/Thesis/chatTester/Repos/Zappos_zappos-json/src/test/java/com/zappos/json/JsonReaderCodeGenerator_ESTest.java:[40,33] cannot find symbol
  symbol:   class TypeInfo
  location: class com.zappos.json.JsonReaderCodeGenerator_ESTest
[ERROR] /Users/curtis/Github/Thesis/chatTester/Repos/Zappos_zappos-json/src/test/java/com/zappos/json/JsonReaderCodeGenerator_ESTest.java:[49,9] cannot find symbol
  symbol:   class AttributeInfo
  location: class com.zappos.json.JsonReaderCodeGenerator_ESTest
[ERROR] /Users/curtis/Github/Thesis/chatTester/Repos/Zappos_zappos-json/src/test/java/com/zappos/json/JsonReaderCodeGenerator_ESTest.java:[57,14] cannot find symbol
  symbol:   class AttributeInfo
  location: class com.zappos.json.JsonReaderCodeGenerator_ESTest
[ERROR] /Users/curtis/Github/Thesis/chatTester/Repos/Zappos_zappos-json/src/test/java/com/zappos/json/JsonReaderCodeGenerator_ESTest.java:[58,9] no suitable method found for assertEquals(int,int,java.lang.String)
    method org.junit.Assert.assertEquals(java.lang.String,java.lang.Object[],java.lang.Object[]) is not applicable
      (argument mismatch; int cannot be converted to java.lang.String)
    method org.junit.Assert.assertEquals(float,float,float) is not applicable
      (argument mismatch; java.lang.String cannot be converted to float)
    method org.junit.Assert.assertEquals(double,double,double) is not applicable
      (argument mismatch; java.lang.String cannot be converted to double)
    method org.junit.Assert.assertEquals(java.lang.String,double,double) is not applicable
      (argument mismatch; int cannot be converted to java.lang.String)
    method org.junit.Assert.assertEquals(java.lang.String,long,long) is not applicable
      (argument mismatch; int cannot be converted to java.lang.String)
    method org.junit.Assert.assertEquals(java.lang.String,java.lang.Object,java.lang.Object) is not applicable
      (argument mismatch; int cannot be converted to java.lang.String)
[INFO] 5 errors 
####################

original test path: /Users/curtis/Github/Thesis/chatTester/Repos/Zappos_zappos-json/src/test/java/com/zappos/json/JsonReaderCodeGenerator_ESTest.java
[GENERATED PATH] JsonReaderCodeGenerator_ESTest#getDetail().java
[ERROR] COMPILATION ERROR : 
[INFO] -------------------------------------------------------------
[ERROR] /Users/curtis/Github/Thesis/chatTester/Repos/Zappos_zappos-json/src/test/java/com/zappos/json/JsonReaderCodeGenerator_ESTest.java:[42,9] cannot find symbol
  symbol:   class TypeInfo
  location: class com.zappos.json.JsonReaderCodeGenerator_ESTest
[ERROR] /Users/curtis/Github/Thesis/chatTester/Repos/Zappos_zappos-json/src/test/java/com/zappos/json/JsonReaderCodeGenerator_ESTest.java:[42,33] cannot find symbol
  symbol:   class TypeInfo
  location: class com.zappos.json.JsonReaderCodeGenerator_ESTest
[ERROR] /Users/curtis/Github/Thesis/chatTester/Repos/Zappos_zappos-json/src/test/java/com/zappos/json/JsonReaderCodeGenerator_ESTest.java:[51,9] cannot find symbol
  symbol:   class AttributeInfo
  location: class com.zappos.json.JsonReaderCodeGenerator_ESTest
[ERROR] /Users/curtis/Github/Thesis/chatTester/Repos/Zappos_zappos-json/src/test/java/com/zappos/json/JsonReaderCodeGenerator_ESTest.java:[58,14] cannot find symbol
  symbol:   class AttributeInfo
  location: class com.zappos.json.JsonReaderCodeGenerator_ESTest
[ERROR] /Users/curtis/Github/Thesis/chatTester/Repos/Zappos_zappos-json/src/test/java/com/zappos/json/JsonReaderCodeGenerator_ESTest.java:[59,9] no suitable method found for assertEquals(int,int,java.lang.String)
    method org.junit.Assert.assertEquals(java.lang.String,java.lang.Object[],java.lang.Object[]) is not applicable
      (argument mismatch; int cannot be converted to java.lang.String)
    method org.junit.Assert.assertEquals(float,float,float) is not applicable
      (argument mismatch; java.lang.String cannot be converted to float)
    method org.junit.Assert.assertEquals(double,double,double) is not applicable
      (argument mismatch; java.lang.String cannot be converted to double)
    method org.junit.Assert.assertEquals(java.lang.String,double,double) is not applicable
      (argument mismatch; int cannot be converted to java.lang.String)
    method org.junit.Assert.assertEquals(java.lang.String,long,long) is not applicable
      (argument mismatch; int cannot be converted to java.lang.String)
    method org.junit.Assert.assertEquals(java.lang.String,java.lang.Object,java.lang.Object) is not applicable
      (argument mismatch; int cannot be converted to java.lang.String)
[INFO] 5 errors 
####################

