original test path: /Users/curtis/Github/Thesis/chatTester/Repos/Zappos_zappos-json/src/test/java/com/zappos/json/JsonBeanAttribute_ESTest.java
[GENERATED PATH] JsonBeanAttribute_ESTest#getFormatterClass().java
[ERROR] COMPILATION ERROR : 
[INFO] -------------------------------------------------------------
[ERROR] /Users/curtis/Github/Thesis/chatTester/Repos/Zappos_zappos-json/src/test/java/com/zappos/json/JsonBeanAttribute_ESTest.java:[33,19] cannot find symbol
  symbol:   class SomeClass
  location: class com.zappos.json.JsonBeanAttribute_ESTest
[ERROR] /Users/curtis/Github/Thesis/chatTester/Repos/Zappos_zappos-json/src/test/java/com/zappos/json/JsonBeanAttribute_ESTest.java:[34,22] field has private access in com.zappos.json.JsonBeanAttribute
[ERROR] /Users/curtis/Github/Thesis/chatTester/Repos/Zappos_zappos-json/src/test/java/com/zappos/json/JsonBeanAttribute_ESTest.java:[38,22] field has private access in com.zappos.json.JsonBeanAttribute
[ERROR] /Users/curtis/Github/Thesis/chatTester/Repos/Zappos_zappos-json/src/test/java/com/zappos/json/JsonBeanAttribute_ESTest.java:[39,21] cannot find symbol
  symbol:   class SomeClass
  location: class com.zappos.json.JsonBeanAttribute_ESTest
[ERROR] /Users/curtis/Github/Thesis/chatTester/Repos/Zappos_zappos-json/src/test/java/com/zappos/json/JsonBeanAttribute_ESTest.java:[40,22] method has private access in com.zappos.json.JsonBeanAttribute
[INFO] 5 errors 
####################

