original test path: /Users/curtis/Github/Thesis/chatTester/Repos/Zappos_zappos-json/src/test/java/com/zappos/json/JsonReaderCodeGenerator_ESTest.java
[GENERATED PATH] JsonReaderCodeGenerator_ESTest#setCollectionType(Class<?> collectionType).java
[ERROR] COMPILATION ERROR : 
[INFO] -------------------------------------------------------------
[ERROR] /Users/curtis/Github/Thesis/chatTester/Repos/Zappos_zappos-json/src/test/java/com/zappos/json/JsonReaderCodeGenerator_ESTest.java:[30,9] cannot find symbol
  symbol:   class AttributeInfo
  location: class com.zappos.json.JsonReaderCodeGenerator_ESTest
[ERROR] /Users/curtis/Github/Thesis/chatTester/Repos/Zappos_zappos-json/src/test/java/com/zappos/json/JsonReaderCodeGenerator_ESTest.java:[30,43] cannot find symbol
  symbol:   class AttributeInfo
  location: class com.zappos.json.JsonReaderCodeGenerator_ESTest
[ERROR] /Users/curtis/Github/Thesis/chatTester/Repos/Zappos_zappos-json/src/test/java/com/zappos/json/JsonReaderCodeGenerator_ESTest.java:[33,9] cannot find symbol
  symbol:   class AttributeInfo
  location: class com.zappos.json.JsonReaderCodeGenerator_ESTest
[INFO] 3 errors 
####################

original test path: /Users/curtis/Github/Thesis/chatTester/Repos/Zappos_zappos-json/src/test/java/com/zappos/json/JsonReaderCodeGenerator_ESTest.java
[GENERATED PATH] JsonReaderCodeGenerator_ESTest#setCollectionType(Class<?> collectionType).java
[ERROR] COMPILATION ERROR : 
[INFO] -------------------------------------------------------------
[ERROR] /Users/curtis/Github/Thesis/chatTester/Repos/Zappos_zappos-json/src/test/java/com/zappos/json/JsonReaderCodeGenerator_ESTest.java:[33,39] no suitable constructor found for JsonBeanAttribute(java.lang.Class<java.lang.String>,com.zappos.json.JsonBeanAttribute)
    constructor com.zappos.json.JsonBeanAttribute.JsonBeanAttribute() is not applicable
      (actual and formal argument lists differ in length)
    constructor com.zappos.json.JsonBeanAttribute.JsonBeanAttribute(java.lang.reflect.Method,java.lang.reflect.Field,java.lang.String) is not applicable
      (actual and formal argument lists differ in length)
[ERROR] /Users/curtis/Github/Thesis/chatTester/Repos/Zappos_zappos-json/src/test/java/com/zappos/json/JsonReaderCodeGenerator_ESTest.java:[35,45] cannot find symbol
  symbol:   method setCollectionType(java.lang.Class<capture#1 of ?>)
  location: variable attributeInfo of type com.zappos.json.JsonBeanAttribute
[ERROR] /Users/curtis/Github/Thesis/chatTester/Repos/Zappos_zappos-json/src/test/java/com/zappos/json/JsonReaderCodeGenerator_ESTest.java:[36,48] cannot find symbol
  symbol:   method getCollectionType()
  location: variable result of type com.zappos.json.JsonBeanAttribute
[INFO] 3 errors 
####################

original test path: /Users/curtis/Github/Thesis/chatTester/Repos/Zappos_zappos-json/src/test/java/com/zappos/json/JsonReaderCodeGenerator_ESTest.java
[GENERATED PATH] JsonReaderCodeGenerator_ESTest#setCollectionType(Class<?> collectionType).java
[ERROR] COMPILATION ERROR : 
[INFO] -------------------------------------------------------------
[ERROR] /Users/curtis/Github/Thesis/chatTester/Repos/Zappos_zappos-json/src/test/java/com/zappos/json/JsonReaderCodeGenerator_ESTest.java:[35,39] no suitable constructor found for JsonBeanAttribute(java.lang.Class<java.lang.String>)
    constructor com.zappos.json.JsonBeanAttribute.JsonBeanAttribute() is not applicable
      (actual and formal argument lists differ in length)
    constructor com.zappos.json.JsonBeanAttribute.JsonBeanAttribute(java.lang.reflect.Method,java.lang.reflect.Field,java.lang.String) is not applicable
      (actual and formal argument lists differ in length)
[ERROR] /Users/curtis/Github/Thesis/chatTester/Repos/Zappos_zappos-json/src/test/java/com/zappos/json/JsonReaderCodeGenerator_ESTest.java:[37,45] cannot find symbol
  symbol:   method setCollectionType(java.lang.Class<capture#1 of ?>)
  location: variable attributeInfo of type com.zappos.json.JsonBeanAttribute
[ERROR] /Users/curtis/Github/Thesis/chatTester/Repos/Zappos_zappos-json/src/test/java/com/zappos/json/JsonReaderCodeGenerator_ESTest.java:[38,48] cannot find symbol
  symbol:   method getCollectionType()
  location: variable result of type com.zappos.json.JsonBeanAttribute
[INFO] 3 errors 
####################

original test path: /Users/curtis/Github/Thesis/chatTester/Repos/Zappos_zappos-json/src/test/java/com/zappos/json/JsonReaderCodeGenerator_ESTest.java
[GENERATED PATH] JsonReaderCodeGenerator_ESTest#setCollectionType(Class<?> collectionType).java
[ERROR] COMPILATION ERROR : 
[INFO] -------------------------------------------------------------
[ERROR] /Users/curtis/Github/Thesis/chatTester/Repos/Zappos_zappos-json/src/test/java/com/zappos/json/JsonReaderCodeGenerator_ESTest.java:[37,9] cannot find symbol
  symbol:   class AttributeInfo
  location: class com.zappos.json.JsonReaderCodeGenerator_ESTest
[ERROR] /Users/curtis/Github/Thesis/chatTester/Repos/Zappos_zappos-json/src/test/java/com/zappos/json/JsonReaderCodeGenerator_ESTest.java:[37,43] cannot find symbol
  symbol:   class AttributeInfo
  location: class com.zappos.json.JsonReaderCodeGenerator_ESTest
[ERROR] /Users/curtis/Github/Thesis/chatTester/Repos/Zappos_zappos-json/src/test/java/com/zappos/json/JsonReaderCodeGenerator_ESTest.java:[40,9] cannot find symbol
  symbol:   class AttributeInfo
  location: class com.zappos.json.JsonReaderCodeGenerator_ESTest
[ERROR] /Users/curtis/Github/Thesis/chatTester/Repos/Zappos_zappos-json/src/test/java/com/zappos/json/JsonReaderCodeGenerator_ESTest.java:[47,45] cannot find symbol
  symbol:   class AttributeInfo
  location: class com.zappos.json.JsonReaderCodeGenerator_ESTest
[ERROR] /Users/curtis/Github/Thesis/chatTester/Repos/Zappos_zappos-json/src/test/java/com/zappos/json/JsonReaderCodeGenerator_ESTest.java:[50,24] incompatible types: java.lang.Class<capture#1 of ?> cannot be converted to java.lang.String
[INFO] 5 errors 
####################

original test path: /Users/curtis/Github/Thesis/chatTester/Repos/Zappos_zappos-json/src/test/java/com/zappos/json/JsonReaderCodeGenerator_ESTest.java
[GENERATED PATH] JsonReaderCodeGenerator_ESTest#setCollectionType(Class<?> collectionType).java
[ERROR] COMPILATION ERROR : 
[INFO] -------------------------------------------------------------
[ERROR] /Users/curtis/Github/Thesis/chatTester/Repos/Zappos_zappos-json/src/test/java/com/zappos/json/JsonReaderCodeGenerator_ESTest.java:[39,9] cannot find symbol
  symbol:   class AttributeInfo
  location: class com.zappos.json.JsonReaderCodeGenerator_ESTest
[ERROR] /Users/curtis/Github/Thesis/chatTester/Repos/Zappos_zappos-json/src/test/java/com/zappos/json/JsonReaderCodeGenerator_ESTest.java:[39,43] cannot find symbol
  symbol:   class AttributeInfo
  location: class com.zappos.json.JsonReaderCodeGenerator_ESTest
[ERROR] /Users/curtis/Github/Thesis/chatTester/Repos/Zappos_zappos-json/src/test/java/com/zappos/json/JsonReaderCodeGenerator_ESTest.java:[42,9] cannot find symbol
  symbol:   class AttributeInfo
  location: class com.zappos.json.JsonReaderCodeGenerator_ESTest
[ERROR] /Users/curtis/Github/Thesis/chatTester/Repos/Zappos_zappos-json/src/test/java/com/zappos/json/JsonReaderCodeGenerator_ESTest.java:[49,45] cannot find symbol
  symbol:   class AttributeInfo
  location: class com.zappos.json.JsonReaderCodeGenerator_ESTest
[ERROR] /Users/curtis/Github/Thesis/chatTester/Repos/Zappos_zappos-json/src/test/java/com/zappos/json/JsonReaderCodeGenerator_ESTest.java:[52,24] incompatible types: java.lang.Class<capture#1 of ?> cannot be converted to java.lang.String
[INFO] 5 errors 
####################

