original test path: /Users/curtis/Github/Thesis/chatTester/Repos/Zappos_zappos-json/src/test/java/com/zappos/json/ZapposJson_ESTest.java
[GENERATED PATH] ZapposJson_ESTest#getValueFormatter(Class<?> objectType).java
[ERROR] COMPILATION ERROR : 
[INFO] -------------------------------------------------------------
[ERROR] /Users/curtis/Github/Thesis/chatTester/Repos/Zappos_zappos-json/src/test/java/com/zappos/json/ZapposJson_ESTest.java:[42,54] cannot find symbol
  symbol:   class SampleValueFormatter
  location: class com.zappos.json.ZapposJson_ESTest
[INFO] 1 error
####################

original test path: /Users/curtis/Github/Thesis/chatTester/Repos/Zappos_zappos-json/src/test/java/com/zappos/json/ZapposJson_ESTest.java
[GENERATED PATH] ZapposJson_ESTest#getValueFormatter(Class<?> objectType).java
[ERROR] COMPILATION ERROR : 
[INFO] -------------------------------------------------------------
[ERROR] /Users/curtis/Github/Thesis/chatTester/Repos/Zappos_zappos-json/src/test/java/com/zappos/json/ZapposJson_ESTest.java:[44,75] <anonymous com.zappos.json.ZapposJson_ESTest$1> is not abstract and does not override abstract method newInstance() in com.zappos.json.format.ValueFormatter
[ERROR] /Users/curtis/Github/Thesis/chatTester/Repos/Zappos_zappos-json/src/test/java/com/zappos/json/ZapposJson_ESTest.java:[45,9] method does not override or implement a method from a supertype
[INFO] 2 errors 
####################

original test path: /Users/curtis/Github/Thesis/chatTester/Repos/Zappos_zappos-json/src/test/java/com/zappos/json/ZapposJson_ESTest.java
[GENERATED PATH] ZapposJson_ESTest#getValueFormatter(Class<?> objectType).java
[ERROR] COMPILATION ERROR : 
[INFO] -------------------------------------------------------------
[ERROR] /Users/curtis/Github/Thesis/chatTester/Repos/Zappos_zappos-json/src/test/java/com/zappos/json/ZapposJson_ESTest.java:[46,75] <anonymous com.zappos.json.ZapposJson_ESTest$1> is not abstract and does not override abstract method setPattern(java.lang.String) in com.zappos.json.format.ValueFormatter
[ERROR] /Users/curtis/Github/Thesis/chatTester/Repos/Zappos_zappos-json/src/test/java/com/zappos/json/ZapposJson_ESTest.java:[48,9] method does not override or implement a method from a supertype
[INFO] 2 errors 
####################

original test path: /Users/curtis/Github/Thesis/chatTester/Repos/Zappos_zappos-json/src/test/java/com/zappos/json/ZapposJson_ESTest.java
[GENERATED PATH] ZapposJson_ESTest#getValueFormatter(Class<?> objectType).java
[ERROR] COMPILATION ERROR : 
[INFO] -------------------------------------------------------------
[ERROR] /Users/curtis/Github/Thesis/chatTester/Repos/Zappos_zappos-json/src/test/java/com/zappos/json/ZapposJson_ESTest.java:[32,1] a type with the same simple name is already defined by the single-type-import of java.sql.Date
[ERROR] /Users/curtis/Github/Thesis/chatTester/Repos/Zappos_zappos-json/src/test/java/com/zappos/json/ZapposJson_ESTest.java:[52,51] incompatible types: com.zappos.json.format.ValueFormatter<java.lang.Object> cannot be converted to java.lang.String
[ERROR] /Users/curtis/Github/Thesis/chatTester/Repos/Zappos_zappos-json/src/test/java/com/zappos/json/ZapposJson_ESTest.java:[53,51] incompatible types: com.zappos.json.format.ValueFormatter<java.lang.Object> cannot be converted to java.lang.String
[ERROR] /Users/curtis/Github/Thesis/chatTester/Repos/Zappos_zappos-json/src/test/java/com/zappos/json/ZapposJson_ESTest.java:[54,51] incompatible types: com.zappos.json.format.ValueFormatter<java.lang.Object> cannot be converted to java.lang.String
[ERROR] /Users/curtis/Github/Thesis/chatTester/Repos/Zappos_zappos-json/src/test/java/com/zappos/json/ZapposJson_ESTest.java:[55,51] incompatible types: com.zappos.json.format.ValueFormatter<java.lang.Object> cannot be converted to java.lang.String
[ERROR] /Users/curtis/Github/Thesis/chatTester/Repos/Zappos_zappos-json/src/test/java/com/zappos/json/ZapposJson_ESTest.java:[56,51] incompatible types: com.zappos.json.format.ValueFormatter<java.lang.Object> cannot be converted to java.lang.String
[ERROR] /Users/curtis/Github/Thesis/chatTester/Repos/Zappos_zappos-json/src/test/java/com/zappos/json/ZapposJson_ESTest.java:[59,13] cannot find symbol
  symbol:   variable Reflections
  location: class com.zappos.json.ZapposJson_ESTest
[ERROR] /Users/curtis/Github/Thesis/chatTester/Repos/Zappos_zappos-json/src/test/java/com/zappos/json/ZapposJson_ESTest.java:[60,55] incompatible types: com.zappos.json.format.ValueFormatter<java.lang.Object> cannot be converted to java.lang.String
[ERROR] /Users/curtis/Github/Thesis/chatTester/Repos/Zappos_zappos-json/src/test/java/com/zappos/json/ZapposJson_ESTest.java:[61,55] incompatible types: com.zappos.json.format.ValueFormatter<java.lang.Object> cannot be converted to java.lang.String
[ERROR] /Users/curtis/Github/Thesis/chatTester/Repos/Zappos_zappos-json/src/test/java/com/zappos/json/ZapposJson_ESTest.java:[66,48] incompatible types: com.zappos.json.format.ValueFormatter<java.lang.Object> cannot be converted to java.lang.String
[INFO] 10 errors 
####################

original test path: /Users/curtis/Github/Thesis/chatTester/Repos/Zappos_zappos-json/src/test/java/com/zappos/json/ZapposJson_ESTest.java
[GENERATED PATH] ZapposJson_ESTest#getValueFormatter(Class<?> objectType).java
[ERROR] COMPILATION ERROR : 
[INFO] -------------------------------------------------------------
[ERROR] /Users/curtis/Github/Thesis/chatTester/Repos/Zappos_zappos-json/src/test/java/com/zappos/json/ZapposJson_ESTest.java:[34,1] a type with the same simple name is already defined by the single-type-import of java.sql.Date
[ERROR] /Users/curtis/Github/Thesis/chatTester/Repos/Zappos_zappos-json/src/test/java/com/zappos/json/ZapposJson_ESTest.java:[52,9] cannot find symbol
  symbol:   class TestZapposJson
  location: class com.zappos.json.ZapposJson_ESTest
[ERROR] /Users/curtis/Github/Thesis/chatTester/Repos/Zappos_zappos-json/src/test/java/com/zappos/json/ZapposJson_ESTest.java:[52,41] cannot find symbol
  symbol:   class TestZapposJson
  location: class com.zappos.json.ZapposJson_ESTest
[ERROR] /Users/curtis/Github/Thesis/chatTester/Repos/Zappos_zappos-json/src/test/java/com/zappos/json/ZapposJson_ESTest.java:[55,61] incompatible types: boolean cannot be converted to java.lang.String
[ERROR] /Users/curtis/Github/Thesis/chatTester/Repos/Zappos_zappos-json/src/test/java/com/zappos/json/ZapposJson_ESTest.java:[58,81] cannot find symbol
  symbol:   class JavaSqlDateFormatter
  location: class com.zappos.json.ZapposJson_ESTest
[ERROR] /Users/curtis/Github/Thesis/chatTester/Repos/Zappos_zappos-json/src/test/java/com/zappos/json/ZapposJson_ESTest.java:[58,70] incompatible types: boolean cannot be converted to java.lang.String
[ERROR] /Users/curtis/Github/Thesis/chatTester/Repos/Zappos_zappos-json/src/test/java/com/zappos/json/ZapposJson_ESTest.java:[61,77] cannot find symbol
  symbol:   class JavaTimestampFormatter
  location: class com.zappos.json.ZapposJson_ESTest
[ERROR] /Users/curtis/Github/Thesis/chatTester/Repos/Zappos_zappos-json/src/test/java/com/zappos/json/ZapposJson_ESTest.java:[61,66] incompatible types: boolean cannot be converted to java.lang.String
[ERROR] /Users/curtis/Github/Thesis/chatTester/Repos/Zappos_zappos-json/src/test/java/com/zappos/json/ZapposJson_ESTest.java:[64,78] cannot find symbol
  symbol:   class BigIntegerFormatter
  location: class com.zappos.json.ZapposJson_ESTest
[ERROR] /Users/curtis/Github/Thesis/chatTester/Repos/Zappos_zappos-json/src/test/java/com/zappos/json/ZapposJson_ESTest.java:[64,67] incompatible types: boolean cannot be converted to java.lang.String
[ERROR] /Users/curtis/Github/Thesis/chatTester/Repos/Zappos_zappos-json/src/test/java/com/zappos/json/ZapposJson_ESTest.java:[67,78] cannot find symbol
  symbol:   class BigDecimalFormatter
  location: class com.zappos.json.ZapposJson_ESTest
[ERROR] /Users/curtis/Github/Thesis/chatTester/Repos/Zappos_zappos-json/src/test/java/com/zappos/json/ZapposJson_ESTest.java:[67,67] incompatible types: boolean cannot be converted to java.lang.String
[ERROR] /Users/curtis/Github/Thesis/chatTester/Repos/Zappos_zappos-json/src/test/java/com/zappos/json/ZapposJson_ESTest.java:[71,13] cannot find symbol
  symbol:   variable Reflections
  location: class com.zappos.json.ZapposJson_ESTest
[ERROR] /Users/curtis/Github/Thesis/chatTester/Repos/Zappos_zappos-json/src/test/java/com/zappos/json/ZapposJson_ESTest.java:[72,81] cannot find symbol
  symbol:   class JavaTimeLocalDateFormatter
  location: class com.zappos.json.ZapposJson_ESTest
[ERROR] /Users/curtis/Github/Thesis/chatTester/Repos/Zappos_zappos-json/src/test/java/com/zappos/json/ZapposJson_ESTest.java:[72,70] incompatible types: boolean cannot be converted to java.lang.String
[ERROR] /Users/curtis/Github/Thesis/chatTester/Repos/Zappos_zappos-json/src/test/java/com/zappos/json/ZapposJson_ESTest.java:[75,79] cannot find symbol
  symbol:   class JavaTimeInstantFormatter
  location: class com.zappos.json.ZapposJson_ESTest
[ERROR] /Users/curtis/Github/Thesis/chatTester/Repos/Zappos_zappos-json/src/test/java/com/zappos/json/ZapposJson_ESTest.java:[75,68] incompatible types: boolean cannot be converted to java.lang.String
[INFO] 17 errors 
####################

original test path: /Users/curtis/Github/Thesis/chatTester/Repos/Zappos_zappos-json/src/test/java/com/zappos/json/ZapposJson_ESTest.java
[GENERATED PATH] ZapposJson_ESTest#getValueFormatter(Class<?> objectType).java
[ERROR] COMPILATION ERROR : 
[INFO] -------------------------------------------------------------
[ERROR] /Users/curtis/Github/Thesis/chatTester/Repos/Zappos_zappos-json/src/test/java/com/zappos/json/ZapposJson_ESTest.java:[35,1] a type with the same simple name is already defined by the single-type-import of java.sql.Date
[ERROR] /Users/curtis/Github/Thesis/chatTester/Repos/Zappos_zappos-json/src/test/java/com/zappos/json/ZapposJson_ESTest.java:[57,51] incompatible types: com.zappos.json.format.ValueFormatter<java.lang.Object> cannot be converted to java.lang.String
[ERROR] /Users/curtis/Github/Thesis/chatTester/Repos/Zappos_zappos-json/src/test/java/com/zappos/json/ZapposJson_ESTest.java:[58,51] incompatible types: com.zappos.json.format.ValueFormatter<java.lang.Object> cannot be converted to java.lang.String
[ERROR] /Users/curtis/Github/Thesis/chatTester/Repos/Zappos_zappos-json/src/test/java/com/zappos/json/ZapposJson_ESTest.java:[59,51] incompatible types: com.zappos.json.format.ValueFormatter<java.lang.Object> cannot be converted to java.lang.String
[ERROR] /Users/curtis/Github/Thesis/chatTester/Repos/Zappos_zappos-json/src/test/java/com/zappos/json/ZapposJson_ESTest.java:[60,51] incompatible types: com.zappos.json.format.ValueFormatter<java.lang.Object> cannot be converted to java.lang.String
[ERROR] /Users/curtis/Github/Thesis/chatTester/Repos/Zappos_zappos-json/src/test/java/com/zappos/json/ZapposJson_ESTest.java:[61,51] incompatible types: com.zappos.json.format.ValueFormatter<java.lang.Object> cannot be converted to java.lang.String
[ERROR] /Users/curtis/Github/Thesis/chatTester/Repos/Zappos_zappos-json/src/test/java/com/zappos/json/ZapposJson_ESTest.java:[83,48] incompatible types: com.zappos.json.format.ValueFormatter<java.lang.Object> cannot be converted to java.lang.String
[INFO] 7 errors 
####################

