original test path: /Users/curtis/Github/Thesis/chatTester/Repos/tabulapdf_tabula-java/src/test/java/technology/tabula/extractors/SpreadsheetExtractionAlgorithm_ESTest.java
[GENERATED PATH] SpreadsheetExtractionAlgorithm_ESTest#isTabular(Page page).java
[ERROR] COMPILATION ERROR : 
[INFO] -------------------------------------------------------------
[ERROR] /Users/curtis/Github/Thesis/chatTester/Repos/tabulapdf_tabula-java/src/test/java/technology/tabula/extractors/SpreadsheetExtractionAlgorithm_ESTest.java:[39,34] cannot find symbol
  symbol:   class StubTable
  location: class technology.tabula.extractors.SpreadsheetExtractionAlgorithm_ESTest
[ERROR] /Users/curtis/Github/Thesis/chatTester/Repos/tabulapdf_tabula-java/src/test/java/technology/tabula/extractors/SpreadsheetExtractionAlgorithm_ESTest.java:[41,30] cannot find symbol
  symbol:   class StubTable
  location: class technology.tabula.extractors.SpreadsheetExtractionAlgorithm_ESTest
[ERROR] /Users/curtis/Github/Thesis/chatTester/Repos/tabulapdf_tabula-java/src/test/java/technology/tabula/extractors/SpreadsheetExtractionAlgorithm_ESTest.java:[42,9] cannot find symbol
  symbol:   class StubPage
  location: class technology.tabula.extractors.SpreadsheetExtractionAlgorithm_ESTest
[ERROR] /Users/curtis/Github/Thesis/chatTester/Repos/tabulapdf_tabula-java/src/test/java/technology/tabula/extractors/SpreadsheetExtractionAlgorithm_ESTest.java:[42,30] cannot find symbol
  symbol:   class StubPage
  location: class technology.tabula.extractors.SpreadsheetExtractionAlgorithm_ESTest
[ERROR] /Users/curtis/Github/Thesis/chatTester/Repos/tabulapdf_tabula-java/src/test/java/technology/tabula/extractors/SpreadsheetExtractionAlgorithm_ESTest.java:[44,9] cannot find symbol
  symbol:   class TestableSpreadsheetExtractionAlgorithm
  location: class technology.tabula.extractors.SpreadsheetExtractionAlgorithm_ESTest
[ERROR] /Users/curtis/Github/Thesis/chatTester/Repos/tabulapdf_tabula-java/src/test/java/technology/tabula/extractors/SpreadsheetExtractionAlgorithm_ESTest.java:[44,60] cannot find symbol
  symbol:   class TestableSpreadsheetExtractionAlgorithm
  location: class technology.tabula.extractors.SpreadsheetExtractionAlgorithm_ESTest
[ERROR] /Users/curtis/Github/Thesis/chatTester/Repos/tabulapdf_tabula-java/src/test/java/technology/tabula/extractors/SpreadsheetExtractionAlgorithm_ESTest.java:[45,21] cannot find symbol
  symbol:   class TestSpreadsheetExtractionAlgorithm
  location: class technology.tabula.extractors.SpreadsheetExtractionAlgorithm_ESTest
[ERROR] /Users/curtis/Github/Thesis/chatTester/Repos/tabulapdf_tabula-java/src/test/java/technology/tabula/extractors/SpreadsheetExtractionAlgorithm_ESTest.java:[46,21] cannot find symbol
  symbol:   class TestBasicExtractionAlgorithm
  location: class technology.tabula.extractors.SpreadsheetExtractionAlgorithm_ESTest
[ERROR] /Users/curtis/Github/Thesis/chatTester/Repos/tabulapdf_tabula-java/src/test/java/technology/tabula/extractors/SpreadsheetExtractionAlgorithm_ESTest.java:[52,34] cannot find symbol
  symbol:   class StubTable
  location: class technology.tabula.extractors.SpreadsheetExtractionAlgorithm_ESTest
[ERROR] /Users/curtis/Github/Thesis/chatTester/Repos/tabulapdf_tabula-java/src/test/java/technology/tabula/extractors/SpreadsheetExtractionAlgorithm_ESTest.java:[54,30] cannot find symbol
  symbol:   class StubTable
  location: class technology.tabula.extractors.SpreadsheetExtractionAlgorithm_ESTest
[ERROR] /Users/curtis/Github/Thesis/chatTester/Repos/tabulapdf_tabula-java/src/test/java/technology/tabula/extractors/SpreadsheetExtractionAlgorithm_ESTest.java:[55,9] cannot find symbol
  symbol:   class StubPage
  location: class technology.tabula.extractors.SpreadsheetExtractionAlgorithm_ESTest
[ERROR] /Users/curtis/Github/Thesis/chatTester/Repos/tabulapdf_tabula-java/src/test/java/technology/tabula/extractors/SpreadsheetExtractionAlgorithm_ESTest.java:[55,30] cannot find symbol
  symbol:   class StubPage
  location: class technology.tabula.extractors.SpreadsheetExtractionAlgorithm_ESTest
[ERROR] /Users/curtis/Github/Thesis/chatTester/Repos/tabulapdf_tabula-java/src/test/java/technology/tabula/extractors/SpreadsheetExtractionAlgorithm_ESTest.java:[57,9] cannot find symbol
  symbol:   class TestableSpreadsheetExtractionAlgorithm
  location: class technology.tabula.extractors.SpreadsheetExtractionAlgorithm_ESTest
[ERROR] /Users/curtis/Github/Thesis/chatTester/Repos/tabulapdf_tabula-java/src/test/java/technology/tabula/extractors/SpreadsheetExtractionAlgorithm_ESTest.java:[57,60] cannot find symbol
  symbol:   class TestableSpreadsheetExtractionAlgorithm
  location: class technology.tabula.extractors.SpreadsheetExtractionAlgorithm_ESTest
[ERROR] /Users/curtis/Github/Thesis/chatTester/Repos/tabulapdf_tabula-java/src/test/java/technology/tabula/extractors/SpreadsheetExtractionAlgorithm_ESTest.java:[58,21] cannot find symbol
  symbol:   class TestSpreadsheetExtractionAlgorithm
  location: class technology.tabula.extractors.SpreadsheetExtractionAlgorithm_ESTest
[ERROR] /Users/curtis/Github/Thesis/chatTester/Repos/tabulapdf_tabula-java/src/test/java/technology/tabula/extractors/SpreadsheetExtractionAlgorithm_ESTest.java:[59,21] cannot find symbol
  symbol:   class TestBasicExtractionAlgorithm
  location: class technology.tabula.extractors.SpreadsheetExtractionAlgorithm_ESTest
[ERROR] /Users/curtis/Github/Thesis/chatTester/Repos/tabulapdf_tabula-java/src/test/java/technology/tabula/extractors/SpreadsheetExtractionAlgorithm_ESTest.java:[66,9] cannot find symbol
  symbol:   class StubPage
  location: class technology.tabula.extractors.SpreadsheetExtractionAlgorithm_ESTest
[ERROR] /Users/curtis/Github/Thesis/chatTester/Repos/tabulapdf_tabula-java/src/test/java/technology/tabula/extractors/SpreadsheetExtractionAlgorithm_ESTest.java:[66,30] cannot find symbol
  symbol:   class StubPage
  location: class technology.tabula.extractors.SpreadsheetExtractionAlgorithm_ESTest
[ERROR] /Users/curtis/Github/Thesis/chatTester/Repos/tabulapdf_tabula-java/src/test/java/technology/tabula/extractors/SpreadsheetExtractionAlgorithm_ESTest.java:[68,9] cannot find symbol
  symbol:   class TestableSpreadsheetExtractionAlgorithm
  location: class technology.tabula.extractors.SpreadsheetExtractionAlgorithm_ESTest
[ERROR] /Users/curtis/Github/Thesis/chatTester/Repos/tabulapdf_tabula-java/src/test/java/technology/tabula/extractors/SpreadsheetExtractionAlgorithm_ESTest.java:[68,60] cannot find symbol
  symbol:   class TestableSpreadsheetExtractionAlgorithm
  location: class technology.tabula.extractors.SpreadsheetExtractionAlgorithm_ESTest
[ERROR] /Users/curtis/Github/Thesis/chatTester/Repos/tabulapdf_tabula-java/src/test/java/technology/tabula/extractors/SpreadsheetExtractionAlgorithm_ESTest.java:[69,21] cannot find symbol
  symbol:   class TestSpreadsheetExtractionAlgorithm
  location: class technology.tabula.extractors.SpreadsheetExtractionAlgorithm_ESTest
[ERROR] /Users/curtis/Github/Thesis/chatTester/Repos/tabulapdf_tabula-java/src/test/java/technology/tabula/extractors/SpreadsheetExtractionAlgorithm_ESTest.java:[70,21] cannot find symbol
  symbol:   class TestBasicExtractionAlgorithm
  location: class technology.tabula.extractors.SpreadsheetExtractionAlgorithm_ESTest
[ERROR] /Users/curtis/Github/Thesis/chatTester/Repos/tabulapdf_tabula-java/src/test/java/technology/tabula/extractors/SpreadsheetExtractionAlgorithm_ESTest.java:[77,9] cannot find symbol
  symbol:   class StubPage
  location: class technology.tabula.extractors.SpreadsheetExtractionAlgorithm_ESTest
[ERROR] /Users/curtis/Github/Thesis/chatTester/Repos/tabulapdf_tabula-java/src/test/java/technology/tabula/extractors/SpreadsheetExtractionAlgorithm_ESTest.java:[77,30] cannot find symbol
  symbol:   class StubPage
  location: class technology.tabula.extractors.SpreadsheetExtractionAlgorithm_ESTest
[ERROR] /Users/curtis/Github/Thesis/chatTester/Repos/tabulapdf_tabula-java/src/test/java/technology/tabula/extractors/SpreadsheetExtractionAlgorithm_ESTest.java:[79,9] cannot find symbol
  symbol:   class TestableSpreadsheetExtractionAlgorithm
  location: class technology.tabula.extractors.SpreadsheetExtractionAlgorithm_ESTest
[ERROR] /Users/curtis/Github/Thesis/chatTester/Repos/tabulapdf_tabula-java/src/test/java/technology/tabula/extractors/SpreadsheetExtractionAlgorithm_ESTest.java:[79,60] cannot find symbol
  symbol:   class TestableSpreadsheetExtractionAlgorithm
  location: class technology.tabula.extractors.SpreadsheetExtractionAlgorithm_ESTest
[ERROR] /Users/curtis/Github/Thesis/chatTester/Repos/tabulapdf_tabula-java/src/test/java/technology/tabula/extractors/SpreadsheetExtractionAlgorithm_ESTest.java:[80,21] cannot find symbol
  symbol:   class TestSpreadsheetExtractionAlgorithm
  location: class technology.tabula.extractors.SpreadsheetExtractionAlgorithm_ESTest
[ERROR] /Users/curtis/Github/Thesis/chatTester/Repos/tabulapdf_tabula-java/src/test/java/technology/tabula/extractors/SpreadsheetExtractionAlgorithm_ESTest.java:[81,21] cannot find symbol
  symbol:   class TestBasicExtractionAlgorithm
  location: class technology.tabula.extractors.SpreadsheetExtractionAlgorithm_ESTest
[INFO] 28 errors 
####################

original test path: /Users/curtis/Github/Thesis/chatTester/Repos/tabulapdf_tabula-java/src/test/java/technology/tabula/extractors/SpreadsheetExtractionAlgorithm_ESTest.java
[GENERATED PATH] SpreadsheetExtractionAlgorithm_ESTest#isTabular(Page page).java
[ERROR] COMPILATION ERROR : 
[INFO] -------------------------------------------------------------
[ERROR] /Users/curtis/Github/Thesis/chatTester/Repos/tabulapdf_tabula-java/src/test/java/technology/tabula/extractors/SpreadsheetExtractionAlgorithm_ESTest.java:[41,26] no suitable constructor found for Table(int,int)
    constructor technology.tabula.Table.Table(java.lang.String) is not applicable
      (actual and formal argument lists differ in length)
    constructor technology.tabula.Table.Table(technology.tabula.extractors.ExtractionAlgorithm) is not applicable
      (actual and formal argument lists differ in length)
[ERROR] /Users/curtis/Github/Thesis/chatTester/Repos/tabulapdf_tabula-java/src/test/java/technology/tabula/extractors/SpreadsheetExtractionAlgorithm_ESTest.java:[44,22] no suitable constructor found for Table(int,int)
    constructor technology.tabula.Table.Table(java.lang.String) is not applicable
      (actual and formal argument lists differ in length)
    constructor technology.tabula.Table.Table(technology.tabula.extractors.ExtractionAlgorithm) is not applicable
      (actual and formal argument lists differ in length)
[ERROR] /Users/curtis/Github/Thesis/chatTester/Repos/tabulapdf_tabula-java/src/test/java/technology/tabula/extractors/SpreadsheetExtractionAlgorithm_ESTest.java:[45,5] cannot find symbol
  symbol:   class StubPage
  location: class technology.tabula.extractors.SpreadsheetExtractionAlgorithm_ESTest
[ERROR] /Users/curtis/Github/Thesis/chatTester/Repos/tabulapdf_tabula-java/src/test/java/technology/tabula/extractors/SpreadsheetExtractionAlgorithm_ESTest.java:[45,26] cannot find symbol
  symbol:   class StubPage
  location: class technology.tabula.extractors.SpreadsheetExtractionAlgorithm_ESTest
[ERROR] /Users/curtis/Github/Thesis/chatTester/Repos/tabulapdf_tabula-java/src/test/java/technology/tabula/extractors/SpreadsheetExtractionAlgorithm_ESTest.java:[46,5] cannot find symbol
  symbol:   class TestableSpreadsheetExtractionAlgorithm
  location: class technology.tabula.extractors.SpreadsheetExtractionAlgorithm_ESTest
[ERROR] /Users/curtis/Github/Thesis/chatTester/Repos/tabulapdf_tabula-java/src/test/java/technology/tabula/extractors/SpreadsheetExtractionAlgorithm_ESTest.java:[46,56] cannot find symbol
  symbol:   class TestableSpreadsheetExtractionAlgorithm
  location: class technology.tabula.extractors.SpreadsheetExtractionAlgorithm_ESTest
[ERROR] /Users/curtis/Github/Thesis/chatTester/Repos/tabulapdf_tabula-java/src/test/java/technology/tabula/extractors/SpreadsheetExtractionAlgorithm_ESTest.java:[47,17] cannot find symbol
  symbol:   class TestSpreadsheetExtractionAlgorithm
  location: class technology.tabula.extractors.SpreadsheetExtractionAlgorithm_ESTest
[ERROR] /Users/curtis/Github/Thesis/chatTester/Repos/tabulapdf_tabula-java/src/test/java/technology/tabula/extractors/SpreadsheetExtractionAlgorithm_ESTest.java:[48,17] cannot find symbol
  symbol:   class TestBasicExtractionAlgorithm
  location: class technology.tabula.extractors.SpreadsheetExtractionAlgorithm_ESTest
[ERROR] /Users/curtis/Github/Thesis/chatTester/Repos/tabulapdf_tabula-java/src/test/java/technology/tabula/extractors/SpreadsheetExtractionAlgorithm_ESTest.java:[53,26] no suitable constructor found for Table(int,int)
    constructor technology.tabula.Table.Table(java.lang.String) is not applicable
      (actual and formal argument lists differ in length)
    constructor technology.tabula.Table.Table(technology.tabula.extractors.ExtractionAlgorithm) is not applicable
      (actual and formal argument lists differ in length)
[ERROR] /Users/curtis/Github/Thesis/chatTester/Repos/tabulapdf_tabula-java/src/test/java/technology/tabula/extractors/SpreadsheetExtractionAlgorithm_ESTest.java:[55,22] no suitable constructor found for Table(int,int)
    constructor technology.tabula.Table.Table(java.lang.String) is not applicable
      (actual and formal argument lists differ in length)
    constructor technology.tabula.Table.Table(technology.tabula.extractors.ExtractionAlgorithm) is not applicable
      (actual and formal argument lists differ in length)
[ERROR] /Users/curtis/Github/Thesis/chatTester/Repos/tabulapdf_tabula-java/src/test/java/technology/tabula/extractors/SpreadsheetExtractionAlgorithm_ESTest.java:[56,5] cannot find symbol
  symbol:   class StubPage
  location: class technology.tabula.extractors.SpreadsheetExtractionAlgorithm_ESTest
[ERROR] /Users/curtis/Github/Thesis/chatTester/Repos/tabulapdf_tabula-java/src/test/java/technology/tabula/extractors/SpreadsheetExtractionAlgorithm_ESTest.java:[56,26] cannot find symbol
  symbol:   class StubPage
  location: class technology.tabula.extractors.SpreadsheetExtractionAlgorithm_ESTest
[ERROR] /Users/curtis/Github/Thesis/chatTester/Repos/tabulapdf_tabula-java/src/test/java/technology/tabula/extractors/SpreadsheetExtractionAlgorithm_ESTest.java:[57,5] cannot find symbol
  symbol:   class TestableSpreadsheetExtractionAlgorithm
  location: class technology.tabula.extractors.SpreadsheetExtractionAlgorithm_ESTest
[ERROR] /Users/curtis/Github/Thesis/chatTester/Repos/tabulapdf_tabula-java/src/test/java/technology/tabula/extractors/SpreadsheetExtractionAlgorithm_ESTest.java:[57,56] cannot find symbol
  symbol:   class TestableSpreadsheetExtractionAlgorithm
  location: class technology.tabula.extractors.SpreadsheetExtractionAlgorithm_ESTest
[ERROR] /Users/curtis/Github/Thesis/chatTester/Repos/tabulapdf_tabula-java/src/test/java/technology/tabula/extractors/SpreadsheetExtractionAlgorithm_ESTest.java:[58,17] cannot find symbol
  symbol:   class TestSpreadsheetExtractionAlgorithm
  location: class technology.tabula.extractors.SpreadsheetExtractionAlgorithm_ESTest
[ERROR] /Users/curtis/Github/Thesis/chatTester/Repos/tabulapdf_tabula-java/src/test/java/technology/tabula/extractors/SpreadsheetExtractionAlgorithm_ESTest.java:[59,17] cannot find symbol
  symbol:   class TestBasicExtractionAlgorithm
  location: class technology.tabula.extractors.SpreadsheetExtractionAlgorithm_ESTest
[ERROR] /Users/curtis/Github/Thesis/chatTester/Repos/tabulapdf_tabula-java/src/test/java/technology/tabula/extractors/SpreadsheetExtractionAlgorithm_ESTest.java:[65,5] cannot find symbol
  symbol:   class StubPage
  location: class technology.tabula.extractors.SpreadsheetExtractionAlgorithm_ESTest
[ERROR] /Users/curtis/Github/Thesis/chatTester/Repos/tabulapdf_tabula-java/src/test/java/technology/tabula/extractors/SpreadsheetExtractionAlgorithm_ESTest.java:[65,26] cannot find symbol
  symbol:   class StubPage
  location: class technology.tabula.extractors.SpreadsheetExtractionAlgorithm_ESTest
[ERROR] /Users/curtis/Github/Thesis/chatTester/Repos/tabulapdf_tabula-java/src/test/java/technology/tabula/extractors/SpreadsheetExtractionAlgorithm_ESTest.java:[66,5] cannot find symbol
  symbol:   class TestableSpreadsheetExtractionAlgorithm
  location: class technology.tabula.extractors.SpreadsheetExtractionAlgorithm_ESTest
[ERROR] /Users/curtis/Github/Thesis/chatTester/Repos/tabulapdf_tabula-java/src/test/java/technology/tabula/extractors/SpreadsheetExtractionAlgorithm_ESTest.java:[66,56] cannot find symbol
  symbol:   class TestableSpreadsheetExtractionAlgorithm
  location: class technology.tabula.extractors.SpreadsheetExtractionAlgorithm_ESTest
[ERROR] /Users/curtis/Github/Thesis/chatTester/Repos/tabulapdf_tabula-java/src/test/java/technology/tabula/extractors/SpreadsheetExtractionAlgorithm_ESTest.java:[67,17] cannot find symbol
  symbol:   class TestSpreadsheetExtractionAlgorithm
  location: class technology.tabula.extractors.SpreadsheetExtractionAlgorithm_ESTest
[ERROR] /Users/curtis/Github/Thesis/chatTester/Repos/tabulapdf_tabula-java/src/test/java/technology/tabula/extractors/SpreadsheetExtractionAlgorithm_ESTest.java:[68,17] cannot find symbol
  symbol:   class TestBasicExtractionAlgorithm
  location: class technology.tabula.extractors.SpreadsheetExtractionAlgorithm_ESTest
[ERROR] /Users/curtis/Github/Thesis/chatTester/Repos/tabulapdf_tabula-java/src/test/java/technology/tabula/extractors/SpreadsheetExtractionAlgorithm_ESTest.java:[74,5] cannot find symbol
  symbol:   class StubPage
  location: class technology.tabula.extractors.SpreadsheetExtractionAlgorithm_ESTest
[ERROR] /Users/curtis/Github/Thesis/chatTester/Repos/tabulapdf_tabula-java/src/test/java/technology/tabula/extractors/SpreadsheetExtractionAlgorithm_ESTest.java:[74,26] cannot find symbol
  symbol:   class StubPage
  location: class technology.tabula.extractors.SpreadsheetExtractionAlgorithm_ESTest
[ERROR] /Users/curtis/Github/Thesis/chatTester/Repos/tabulapdf_tabula-java/src/test/java/technology/tabula/extractors/SpreadsheetExtractionAlgorithm_ESTest.java:[75,5] cannot find symbol
  symbol:   class TestableSpreadsheetExtractionAlgorithm
  location: class technology.tabula.extractors.SpreadsheetExtractionAlgorithm_ESTest
[ERROR] /Users/curtis/Github/Thesis/chatTester/Repos/tabulapdf_tabula-java/src/test/java/technology/tabula/extractors/SpreadsheetExtractionAlgorithm_ESTest.java:[75,56] cannot find symbol
  symbol:   class TestableSpreadsheetExtractionAlgorithm
  location: class technology.tabula.extractors.SpreadsheetExtractionAlgorithm_ESTest
[ERROR] /Users/curtis/Github/Thesis/chatTester/Repos/tabulapdf_tabula-java/src/test/java/technology/tabula/extractors/SpreadsheetExtractionAlgorithm_ESTest.java:[76,17] cannot find symbol
  symbol:   class TestSpreadsheetExtractionAlgorithm
  location: class technology.tabula.extractors.SpreadsheetExtractionAlgorithm_ESTest
[ERROR] /Users/curtis/Github/Thesis/chatTester/Repos/tabulapdf_tabula-java/src/test/java/technology/tabula/extractors/SpreadsheetExtractionAlgorithm_ESTest.java:[77,17] cannot find symbol
  symbol:   class TestBasicExtractionAlgorithm
  location: class technology.tabula.extractors.SpreadsheetExtractionAlgorithm_ESTest
[INFO] 28 errors 
####################

original test path: /Users/curtis/Github/Thesis/chatTester/Repos/tabulapdf_tabula-java/src/test/java/technology/tabula/extractors/SpreadsheetExtractionAlgorithm_ESTest.java
[GENERATED PATH] SpreadsheetExtractionAlgorithm_ESTest#isTabular(Page page).java
[ERROR] COMPILATION ERROR : 
[INFO] -------------------------------------------------------------
[ERROR] /Users/curtis/Github/Thesis/chatTester/Repos/tabulapdf_tabula-java/src/test/java/technology/tabula/extractors/SpreadsheetExtractionAlgorithm_ESTest.java:[43,26] no suitable constructor found for Table(int,int)
    constructor technology.tabula.Table.Table(java.lang.String) is not applicable
      (actual and formal argument lists differ in length)
    constructor technology.tabula.Table.Table(technology.tabula.extractors.ExtractionAlgorithm) is not applicable
      (actual and formal argument lists differ in length)
[ERROR] /Users/curtis/Github/Thesis/chatTester/Repos/tabulapdf_tabula-java/src/test/java/technology/tabula/extractors/SpreadsheetExtractionAlgorithm_ESTest.java:[46,22] no suitable constructor found for Table(int,int)
    constructor technology.tabula.Table.Table(java.lang.String) is not applicable
      (actual and formal argument lists differ in length)
    constructor technology.tabula.Table.Table(technology.tabula.extractors.ExtractionAlgorithm) is not applicable
      (actual and formal argument lists differ in length)
[ERROR] /Users/curtis/Github/Thesis/chatTester/Repos/tabulapdf_tabula-java/src/test/java/technology/tabula/extractors/SpreadsheetExtractionAlgorithm_ESTest.java:[47,5] cannot find symbol
  symbol:   class StubPage
  location: class technology.tabula.extractors.SpreadsheetExtractionAlgorithm_ESTest
[ERROR] /Users/curtis/Github/Thesis/chatTester/Repos/tabulapdf_tabula-java/src/test/java/technology/tabula/extractors/SpreadsheetExtractionAlgorithm_ESTest.java:[47,26] cannot find symbol
  symbol:   class StubPage
  location: class technology.tabula.extractors.SpreadsheetExtractionAlgorithm_ESTest
[ERROR] /Users/curtis/Github/Thesis/chatTester/Repos/tabulapdf_tabula-java/src/test/java/technology/tabula/extractors/SpreadsheetExtractionAlgorithm_ESTest.java:[48,5] cannot find symbol
  symbol:   class TestableSpreadsheetExtractionAlgorithm
  location: class technology.tabula.extractors.SpreadsheetExtractionAlgorithm_ESTest
[ERROR] /Users/curtis/Github/Thesis/chatTester/Repos/tabulapdf_tabula-java/src/test/java/technology/tabula/extractors/SpreadsheetExtractionAlgorithm_ESTest.java:[48,56] cannot find symbol
  symbol:   class TestableSpreadsheetExtractionAlgorithm
  location: class technology.tabula.extractors.SpreadsheetExtractionAlgorithm_ESTest
[ERROR] /Users/curtis/Github/Thesis/chatTester/Repos/tabulapdf_tabula-java/src/test/java/technology/tabula/extractors/SpreadsheetExtractionAlgorithm_ESTest.java:[49,17] cannot find symbol
  symbol:   class TestSpreadsheetExtractionAlgorithm
  location: class technology.tabula.extractors.SpreadsheetExtractionAlgorithm_ESTest
[ERROR] /Users/curtis/Github/Thesis/chatTester/Repos/tabulapdf_tabula-java/src/test/java/technology/tabula/extractors/SpreadsheetExtractionAlgorithm_ESTest.java:[50,17] cannot find symbol
  symbol:   class TestBasicExtractionAlgorithm
  location: class technology.tabula.extractors.SpreadsheetExtractionAlgorithm_ESTest
[ERROR] /Users/curtis/Github/Thesis/chatTester/Repos/tabulapdf_tabula-java/src/test/java/technology/tabula/extractors/SpreadsheetExtractionAlgorithm_ESTest.java:[55,26] no suitable constructor found for Table(int,int)
    constructor technology.tabula.Table.Table(java.lang.String) is not applicable
      (actual and formal argument lists differ in length)
    constructor technology.tabula.Table.Table(technology.tabula.extractors.ExtractionAlgorithm) is not applicable
      (actual and formal argument lists differ in length)
[ERROR] /Users/curtis/Github/Thesis/chatTester/Repos/tabulapdf_tabula-java/src/test/java/technology/tabula/extractors/SpreadsheetExtractionAlgorithm_ESTest.java:[57,22] no suitable constructor found for Table(int,int)
    constructor technology.tabula.Table.Table(java.lang.String) is not applicable
      (actual and formal argument lists differ in length)
    constructor technology.tabula.Table.Table(technology.tabula.extractors.ExtractionAlgorithm) is not applicable
      (actual and formal argument lists differ in length)
[ERROR] /Users/curtis/Github/Thesis/chatTester/Repos/tabulapdf_tabula-java/src/test/java/technology/tabula/extractors/SpreadsheetExtractionAlgorithm_ESTest.java:[58,5] cannot find symbol
  symbol:   class StubPage
  location: class technology.tabula.extractors.SpreadsheetExtractionAlgorithm_ESTest
[ERROR] /Users/curtis/Github/Thesis/chatTester/Repos/tabulapdf_tabula-java/src/test/java/technology/tabula/extractors/SpreadsheetExtractionAlgorithm_ESTest.java:[58,26] cannot find symbol
  symbol:   class StubPage
  location: class technology.tabula.extractors.SpreadsheetExtractionAlgorithm_ESTest
[ERROR] /Users/curtis/Github/Thesis/chatTester/Repos/tabulapdf_tabula-java/src/test/java/technology/tabula/extractors/SpreadsheetExtractionAlgorithm_ESTest.java:[59,5] cannot find symbol
  symbol:   class TestableSpreadsheetExtractionAlgorithm
  location: class technology.tabula.extractors.SpreadsheetExtractionAlgorithm_ESTest
[ERROR] /Users/curtis/Github/Thesis/chatTester/Repos/tabulapdf_tabula-java/src/test/java/technology/tabula/extractors/SpreadsheetExtractionAlgorithm_ESTest.java:[59,56] cannot find symbol
  symbol:   class TestableSpreadsheetExtractionAlgorithm
  location: class technology.tabula.extractors.SpreadsheetExtractionAlgorithm_ESTest
[ERROR] /Users/curtis/Github/Thesis/chatTester/Repos/tabulapdf_tabula-java/src/test/java/technology/tabula/extractors/SpreadsheetExtractionAlgorithm_ESTest.java:[60,17] cannot find symbol
  symbol:   class TestSpreadsheetExtractionAlgorithm
  location: class technology.tabula.extractors.SpreadsheetExtractionAlgorithm_ESTest
[ERROR] /Users/curtis/Github/Thesis/chatTester/Repos/tabulapdf_tabula-java/src/test/java/technology/tabula/extractors/SpreadsheetExtractionAlgorithm_ESTest.java:[61,17] cannot find symbol
  symbol:   class TestBasicExtractionAlgorithm
  location: class technology.tabula.extractors.SpreadsheetExtractionAlgorithm_ESTest
[ERROR] /Users/curtis/Github/Thesis/chatTester/Repos/tabulapdf_tabula-java/src/test/java/technology/tabula/extractors/SpreadsheetExtractionAlgorithm_ESTest.java:[67,5] cannot find symbol
  symbol:   class StubPage
  location: class technology.tabula.extractors.SpreadsheetExtractionAlgorithm_ESTest
[ERROR] /Users/curtis/Github/Thesis/chatTester/Repos/tabulapdf_tabula-java/src/test/java/technology/tabula/extractors/SpreadsheetExtractionAlgorithm_ESTest.java:[67,26] cannot find symbol
  symbol:   class StubPage
  location: class technology.tabula.extractors.SpreadsheetExtractionAlgorithm_ESTest
[ERROR] /Users/curtis/Github/Thesis/chatTester/Repos/tabulapdf_tabula-java/src/test/java/technology/tabula/extractors/SpreadsheetExtractionAlgorithm_ESTest.java:[68,5] cannot find symbol
  symbol:   class TestableSpreadsheetExtractionAlgorithm
  location: class technology.tabula.extractors.SpreadsheetExtractionAlgorithm_ESTest
[ERROR] /Users/curtis/Github/Thesis/chatTester/Repos/tabulapdf_tabula-java/src/test/java/technology/tabula/extractors/SpreadsheetExtractionAlgorithm_ESTest.java:[68,56] cannot find symbol
  symbol:   class TestableSpreadsheetExtractionAlgorithm
  location: class technology.tabula.extractors.SpreadsheetExtractionAlgorithm_ESTest
[ERROR] /Users/curtis/Github/Thesis/chatTester/Repos/tabulapdf_tabula-java/src/test/java/technology/tabula/extractors/SpreadsheetExtractionAlgorithm_ESTest.java:[69,17] cannot find symbol
  symbol:   class TestSpreadsheetExtractionAlgorithm
  location: class technology.tabula.extractors.SpreadsheetExtractionAlgorithm_ESTest
[ERROR] /Users/curtis/Github/Thesis/chatTester/Repos/tabulapdf_tabula-java/src/test/java/technology/tabula/extractors/SpreadsheetExtractionAlgorithm_ESTest.java:[70,17] cannot find symbol
  symbol:   class TestBasicExtractionAlgorithm
  location: class technology.tabula.extractors.SpreadsheetExtractionAlgorithm_ESTest
[ERROR] /Users/curtis/Github/Thesis/chatTester/Repos/tabulapdf_tabula-java/src/test/java/technology/tabula/extractors/SpreadsheetExtractionAlgorithm_ESTest.java:[76,5] cannot find symbol
  symbol:   class StubPage
  location: class technology.tabula.extractors.SpreadsheetExtractionAlgorithm_ESTest
[ERROR] /Users/curtis/Github/Thesis/chatTester/Repos/tabulapdf_tabula-java/src/test/java/technology/tabula/extractors/SpreadsheetExtractionAlgorithm_ESTest.java:[76,26] cannot find symbol
  symbol:   class StubPage
  location: class technology.tabula.extractors.SpreadsheetExtractionAlgorithm_ESTest
[ERROR] /Users/curtis/Github/Thesis/chatTester/Repos/tabulapdf_tabula-java/src/test/java/technology/tabula/extractors/SpreadsheetExtractionAlgorithm_ESTest.java:[77,5] cannot find symbol
  symbol:   class TestableSpreadsheetExtractionAlgorithm
  location: class technology.tabula.extractors.SpreadsheetExtractionAlgorithm_ESTest
[ERROR] /Users/curtis/Github/Thesis/chatTester/Repos/tabulapdf_tabula-java/src/test/java/technology/tabula/extractors/SpreadsheetExtractionAlgorithm_ESTest.java:[77,56] cannot find symbol
  symbol:   class TestableSpreadsheetExtractionAlgorithm
  location: class technology.tabula.extractors.SpreadsheetExtractionAlgorithm_ESTest
[ERROR] /Users/curtis/Github/Thesis/chatTester/Repos/tabulapdf_tabula-java/src/test/java/technology/tabula/extractors/SpreadsheetExtractionAlgorithm_ESTest.java:[78,17] cannot find symbol
  symbol:   class TestSpreadsheetExtractionAlgorithm
  location: class technology.tabula.extractors.SpreadsheetExtractionAlgorithm_ESTest
[ERROR] /Users/curtis/Github/Thesis/chatTester/Repos/tabulapdf_tabula-java/src/test/java/technology/tabula/extractors/SpreadsheetExtractionAlgorithm_ESTest.java:[79,17] cannot find symbol
  symbol:   class TestBasicExtractionAlgorithm
  location: class technology.tabula.extractors.SpreadsheetExtractionAlgorithm_ESTest
[INFO] 28 errors 
####################

original test path: /Users/curtis/Github/Thesis/chatTester/Repos/tabulapdf_tabula-java/src/test/java/technology/tabula/extractors/SpreadsheetExtractionAlgorithm_ESTest.java
[GENERATED PATH] SpreadsheetExtractionAlgorithm_ESTest#isTabular(Page page).java
[ERROR] COMPILATION ERROR : 
[INFO] -------------------------------------------------------------
[ERROR] /Users/curtis/Github/Thesis/chatTester/Repos/tabulapdf_tabula-java/src/test/java/technology/tabula/extractors/SpreadsheetExtractionAlgorithm_ESTest.java:[8,26] package org.mockito does not exist
[ERROR] /Users/curtis/Github/Thesis/chatTester/Repos/tabulapdf_tabula-java/src/test/java/technology/tabula/extractors/SpreadsheetExtractionAlgorithm_ESTest.java:[44,26] cannot find symbol
  symbol:   method mock(java.lang.Class<technology.tabula.Page>)
  location: class technology.tabula.extractors.SpreadsheetExtractionAlgorithm_ESTest
[ERROR] /Users/curtis/Github/Thesis/chatTester/Repos/tabulapdf_tabula-java/src/test/java/technology/tabula/extractors/SpreadsheetExtractionAlgorithm_ESTest.java:[45,9] cannot find symbol
  symbol:   method when(java.util.List<technology.tabula.TextElement>)
  location: class technology.tabula.extractors.SpreadsheetExtractionAlgorithm_ESTest
[INFO] 3 errors 
####################

original test path: /Users/curtis/Github/Thesis/chatTester/Repos/tabulapdf_tabula-java/src/test/java/technology/tabula/extractors/SpreadsheetExtractionAlgorithm_ESTest.java
[GENERATED PATH] SpreadsheetExtractionAlgorithm_ESTest#isTabular(Page page).java
[ERROR] COMPILATION ERROR : 
[INFO] -------------------------------------------------------------
[ERROR] /Users/curtis/Github/Thesis/chatTester/Repos/tabulapdf_tabula-java/src/test/java/technology/tabula/extractors/SpreadsheetExtractionAlgorithm_ESTest.java:[9,26] package org.mockito does not exist
[ERROR] /Users/curtis/Github/Thesis/chatTester/Repos/tabulapdf_tabula-java/src/test/java/technology/tabula/extractors/SpreadsheetExtractionAlgorithm_ESTest.java:[46,26] cannot find symbol
  symbol:   method mock(java.lang.Class<technology.tabula.Page>)
  location: class technology.tabula.extractors.SpreadsheetExtractionAlgorithm_ESTest
[ERROR] /Users/curtis/Github/Thesis/chatTester/Repos/tabulapdf_tabula-java/src/test/java/technology/tabula/extractors/SpreadsheetExtractionAlgorithm_ESTest.java:[47,9] cannot find symbol
  symbol:   method when(java.util.List<technology.tabula.TextElement>)
  location: class technology.tabula.extractors.SpreadsheetExtractionAlgorithm_ESTest
[INFO] 3 errors 
####################

original test path: /Users/curtis/Github/Thesis/chatTester/Repos/tabulapdf_tabula-java/src/test/java/technology/tabula/extractors/SpreadsheetExtractionAlgorithm_ESTest.java
[GENERATED PATH] SpreadsheetExtractionAlgorithm_ESTest#isTabular(Page page).java
[ERROR] COMPILATION ERROR : 
[INFO] -------------------------------------------------------------
[ERROR] /Users/curtis/Github/Thesis/chatTester/Repos/tabulapdf_tabula-java/src/test/java/technology/tabula/extractors/SpreadsheetExtractionAlgorithm_ESTest.java:[10,26] package org.mockito does not exist
[ERROR] /Users/curtis/Github/Thesis/chatTester/Repos/tabulapdf_tabula-java/src/test/java/technology/tabula/extractors/SpreadsheetExtractionAlgorithm_ESTest.java:[48,21] cannot find symbol
  symbol:   method mock(java.lang.Class<technology.tabula.Page>)
  location: class technology.tabula.extractors.SpreadsheetExtractionAlgorithm_ESTest
[ERROR] /Users/curtis/Github/Thesis/chatTester/Repos/tabulapdf_tabula-java/src/test/java/technology/tabula/extractors/SpreadsheetExtractionAlgorithm_ESTest.java:[49,9] cannot find symbol
  symbol:   method when(java.util.List<technology.tabula.TextElement>)
  location: class technology.tabula.extractors.SpreadsheetExtractionAlgorithm_ESTest
[INFO] 3 errors 
####################

