original test path: /Users/curtis/Github/Thesis/chatTester/Repos/Zappos_zappos-json/src/test/java/com/zappos/json/format/JavaTimeLocalDateFormatter_ESTest.java
[GENERATED PATH] JavaTimeLocalDateFormatter_ESTest#format(ZapposJson zapposJson, LocalDate object).java
[ERROR] COMPILATION ERROR : 
[INFO] -------------------------------------------------------------
[ERROR] /Users/curtis/Github/Thesis/chatTester/Repos/Zappos_zappos-json/src/test/java/com/zappos/json/format/JavaTimeLocalDateFormatter_ESTest.java:[34,29] constructor ZapposJson in class com.zappos.json.ZapposJson cannot be applied to given types;
  required: boolean
  found: no arguments
  reason: actual and formal argument lists differ in length
[INFO] 1 error
####################

original test path: /Users/curtis/Github/Thesis/chatTester/Repos/Zappos_zappos-json/src/test/java/com/zappos/json/format/JavaTimeLocalDateFormatter_ESTest.java
[GENERATED PATH] JavaTimeLocalDateFormatter_ESTest#format(ZapposJson zapposJson, LocalDate object).java
[ERROR] COMPILATION ERROR : 
[INFO] -------------------------------------------------------------
[ERROR] /Users/curtis/Github/Thesis/chatTester/Repos/Zappos_zappos-json/src/test/java/com/zappos/json/format/JavaTimeLocalDateFormatter_ESTest.java:[43,37] method format in class com.zappos.json.format.JavaTimeLocalDateFormatter cannot be applied to given types;
  required: com.zappos.json.ZapposJson,java.time.LocalDate
  found: java.time.LocalDate
  reason: actual and formal argument lists differ in length
[INFO] 1 error
####################

