original test path: /Users/curtis/Github/Thesis/chatTester/Repos/Zappos_zappos-json/src/test/java/com/zappos/json/util/JsonUtils_ESTest.java
[GENERATED PATH] JsonUtils_ESTest#escape(ZapposJson zapposJson, CharSequence value, Writer writer).java
[ERROR] COMPILATION ERROR : 
[INFO] -------------------------------------------------------------
[ERROR] /Users/curtis/Github/Thesis/chatTester/Repos/Zappos_zappos-json/src/test/java/com/zappos/json/util/JsonUtils_ESTest.java:[47,9] cannot find symbol
  symbol:   class MockZapposJson
  location: class com.zappos.json.util.JsonUtils_ESTest
[ERROR] /Users/curtis/Github/Thesis/chatTester/Repos/Zappos_zappos-json/src/test/java/com/zappos/json/util/JsonUtils_ESTest.java:[47,46] cannot find symbol
  symbol:   class MockZapposJson
  location: class com.zappos.json.util.JsonUtils_ESTest
[ERROR] /Users/curtis/Github/Thesis/chatTester/Repos/Zappos_zappos-json/src/test/java/com/zappos/json/util/JsonUtils_ESTest.java:[63,9] cannot find symbol
  symbol:   class MockZapposJson
  location: class com.zappos.json.util.JsonUtils_ESTest
[ERROR] /Users/curtis/Github/Thesis/chatTester/Repos/Zappos_zappos-json/src/test/java/com/zappos/json/util/JsonUtils_ESTest.java:[63,43] cannot find symbol
  symbol:   class MockZapposJson
  location: class com.zappos.json.util.JsonUtils_ESTest
[INFO] 4 errors 
####################

original test path: /Users/curtis/Github/Thesis/chatTester/Repos/Zappos_zappos-json/src/test/java/com/zappos/json/util/JsonUtils_ESTest.java
[GENERATED PATH] JsonUtils_ESTest#escape(ZapposJson zapposJson, CharSequence value, Writer writer).java
[ERROR] COMPILATION ERROR : 
[INFO] -------------------------------------------------------------
[ERROR] /Users/curtis/Github/Thesis/chatTester/Repos/Zappos_zappos-json/src/test/java/com/zappos/json/util/JsonUtils_ESTest.java:[47,9] cannot find symbol
  symbol:   class MockZapposJson
  location: class com.zappos.json.util.JsonUtils_ESTest
[ERROR] /Users/curtis/Github/Thesis/chatTester/Repos/Zappos_zappos-json/src/test/java/com/zappos/json/util/JsonUtils_ESTest.java:[47,46] cannot find symbol
  symbol:   class MockZapposJson
  location: class com.zappos.json.util.JsonUtils_ESTest
[ERROR] /Users/curtis/Github/Thesis/chatTester/Repos/Zappos_zappos-json/src/test/java/com/zappos/json/util/JsonUtils_ESTest.java:[62,9] cannot find symbol
  symbol:   class MockZapposJson
  location: class com.zappos.json.util.JsonUtils_ESTest
[ERROR] /Users/curtis/Github/Thesis/chatTester/Repos/Zappos_zappos-json/src/test/java/com/zappos/json/util/JsonUtils_ESTest.java:[62,43] cannot find symbol
  symbol:   class MockZapposJson
  location: class com.zappos.json.util.JsonUtils_ESTest
[INFO] 4 errors 
####################

original test path: /Users/curtis/Github/Thesis/chatTester/Repos/Zappos_zappos-json/src/test/java/com/zappos/json/util/JsonUtils_ESTest.java
[GENERATED PATH] JsonUtils_ESTest#escape(ZapposJson zapposJson, CharSequence value, Writer writer).java
[ERROR] COMPILATION ERROR : 
[INFO] -------------------------------------------------------------
[ERROR] /Users/curtis/Github/Thesis/chatTester/Repos/Zappos_zappos-json/src/test/java/com/zappos/json/util/JsonUtils_ESTest.java:[40,9] cannot find symbol
  symbol:   class MockZapposJson
  location: class com.zappos.json.util.JsonUtils_ESTest
[ERROR] /Users/curtis/Github/Thesis/chatTester/Repos/Zappos_zappos-json/src/test/java/com/zappos/json/util/JsonUtils_ESTest.java:[40,46] cannot find symbol
  symbol:   class MockZapposJson
  location: class com.zappos.json.util.JsonUtils_ESTest
[ERROR] /Users/curtis/Github/Thesis/chatTester/Repos/Zappos_zappos-json/src/test/java/com/zappos/json/util/JsonUtils_ESTest.java:[56,9] cannot find symbol
  symbol:   class MockZapposJson
  location: class com.zappos.json.util.JsonUtils_ESTest
[ERROR] /Users/curtis/Github/Thesis/chatTester/Repos/Zappos_zappos-json/src/test/java/com/zappos/json/util/JsonUtils_ESTest.java:[56,43] cannot find symbol
  symbol:   class MockZapposJson
  location: class com.zappos.json.util.JsonUtils_ESTest
[INFO] 4 errors 
####################

original test path: /Users/curtis/Github/Thesis/chatTester/Repos/Zappos_zappos-json/src/test/java/com/zappos/json/util/JsonUtils_ESTest.java
[GENERATED PATH] JsonUtils_ESTest#escape(ZapposJson zapposJson, CharSequence value, Writer writer).java
[ERROR] COMPILATION ERROR : 
[INFO] -------------------------------------------------------------
[ERROR] /Users/curtis/Github/Thesis/chatTester/Repos/Zappos_zappos-json/src/test/java/com/zappos/json/util/JsonUtils_ESTest.java:[41,52] incompatible types: int cannot be converted to boolean
[ERROR] /Users/curtis/Github/Thesis/chatTester/Repos/Zappos_zappos-json/src/test/java/com/zappos/json/util/JsonUtils_ESTest.java:[42,50] cannot find symbol
  symbol:   variable WriterConfig
  location: class com.zappos.json.util.JsonUtils_ESTest
[INFO] 2 errors 
####################

original test path: /Users/curtis/Github/Thesis/chatTester/Repos/Zappos_zappos-json/src/test/java/com/zappos/json/util/JsonUtils_ESTest.java
[GENERATED PATH] JsonUtils_ESTest#escape(ZapposJson zapposJson, CharSequence value, Writer writer).java
[ERROR] COMPILATION ERROR : 
[INFO] -------------------------------------------------------------
[ERROR] /Users/curtis/Github/Thesis/chatTester/Repos/Zappos_zappos-json/src/test/java/com/zappos/json/util/JsonUtils_ESTest.java:[73,31] Illegal static declaration in inner class TestJsonUtils
  modifier 'static' is only allowed in constant variable declarations
[ERROR] /Users/curtis/Github/Thesis/chatTester/Repos/Zappos_zappos-json/src/test/java/com/zappos/json/util/JsonUtils_ESTest.java:[74,31] Illegal static declaration in inner class TestJsonUtils
  modifier 'static' is only allowed in constant variable declarations
[ERROR] /Users/curtis/Github/Thesis/chatTester/Repos/Zappos_zappos-json/src/test/java/com/zappos/json/util/JsonUtils_ESTest.java:[76,9] Illegal static declaration in inner class TestJsonUtils
  modifier 'static' is only allowed in constant variable declarations
[ERROR] /Users/curtis/Github/Thesis/chatTester/Repos/Zappos_zappos-json/src/test/java/com/zappos/json/util/JsonUtils_ESTest.java:[98,28] Illegal static declaration in inner class TestJsonUtils
  modifier 'static' is only allowed in constant variable declarations
[INFO] 4 errors 
####################

original test path: /Users/curtis/Github/Thesis/chatTester/Repos/Zappos_zappos-json/src/test/java/com/zappos/json/util/JsonUtils_ESTest.java
[GENERATED PATH] JsonUtils_ESTest#escape(ZapposJson zapposJson, CharSequence value, Writer writer).java
[ERROR] COMPILATION ERROR : 
[INFO] -------------------------------------------------------------
[ERROR] /Users/curtis/Github/Thesis/chatTester/Repos/Zappos_zappos-json/src/test/java/com/zappos/json/util/JsonUtils_ESTest.java:[46,47] lambda expressions are not supported in -source 1.7
  (use -source 8 or higher to enable lambda expressions)
[INFO] 1 error
####################

original test path: /Users/curtis/Github/Thesis/chatTester/Repos/Zappos_zappos-json/src/test/java/com/zappos/json/util/JsonUtils_ESTest.java
[GENERATED PATH] JsonUtils_ESTest#escape(ZapposJson zapposJson, CharSequence value, Writer writer).java
[ERROR] COMPILATION ERROR : 
[INFO] -------------------------------------------------------------
[ERROR] /Users/curtis/Github/Thesis/chatTester/Repos/Zappos_zappos-json/src/test/java/com/zappos/json/util/JsonUtils_ESTest.java:[46,52] cannot find symbol
  symbol:   variable WriterConfig
  location: class com.zappos.json.util.JsonUtils_ESTest
[ERROR] /Users/curtis/Github/Thesis/chatTester/Repos/Zappos_zappos-json/src/test/java/com/zappos/json/util/JsonUtils_ESTest.java:[46,85] cannot find symbol
  symbol:   variable TEST_HTML_SAFE_REPLACEMENT_CHARS
  location: class com.zappos.json.util.JsonUtils_ESTest
[ERROR] /Users/curtis/Github/Thesis/chatTester/Repos/Zappos_zappos-json/src/test/java/com/zappos/json/util/JsonUtils_ESTest.java:[46,120] cannot find symbol
  symbol:   variable TEST_REPLACEMENT_CHARS
  location: class com.zappos.json.util.JsonUtils_ESTest
[INFO] 3 errors 
####################

original test path: /Users/curtis/Github/Thesis/chatTester/Repos/Zappos_zappos-json/src/test/java/com/zappos/json/util/JsonUtils_ESTest.java
[GENERATED PATH] JsonUtils_ESTest#escape(ZapposJson zapposJson, CharSequence value, Writer writer).java
[ERROR] COMPILATION ERROR : 
[INFO] -------------------------------------------------------------
[ERROR] /Users/curtis/Github/Thesis/chatTester/Repos/Zappos_zappos-json/src/test/java/com/zappos/json/util/JsonUtils_ESTest.java:[51,13] method does not override or implement a method from a supertype
[ERROR] /Users/curtis/Github/Thesis/chatTester/Repos/Zappos_zappos-json/src/test/java/com/zappos/json/util/JsonUtils_ESTest.java:[61,33] cannot find symbol
  symbol:   variable TEST_REPLACEMENT_CHARS
  location: class com.zappos.json.util.JsonUtils_ESTest
[INFO] 2 errors 
####################

original test path: /Users/curtis/Github/Thesis/chatTester/Repos/Zappos_zappos-json/src/test/java/com/zappos/json/util/JsonUtils_ESTest.java
[GENERATED PATH] JsonUtils_ESTest#escape(ZapposJson zapposJson, CharSequence value, Writer writer).java
[ERROR] COMPILATION ERROR : 
[INFO] -------------------------------------------------------------
[ERROR] /Users/curtis/Github/Thesis/chatTester/Repos/Zappos_zappos-json/src/test/java/com/zappos/json/util/JsonUtils_ESTest.java:[53,33] cannot find symbol
  symbol:   variable TEST_REPLACEMENT_CHARS
  location: class com.zappos.json.util.JsonUtils_ESTest
[INFO] 1 error
####################

