original test path: /Users/curtis/Github/Thesis/chatTester/Repos/sachin-handiekar_jInstagram/src/test/java/org/jinstagram/auth/oauth/InstagramService_ESTest.java
[GENERATED PATH] InstagramService_ESTest#getVersion().java
[ERROR] COMPILATION ERROR : 
[INFO] -------------------------------------------------------------
[ERROR] /Users/curtis/Github/Thesis/chatTester/Repos/sachin-handiekar_jInstagram/src/test/java/org/jinstagram/auth/oauth/InstagramService_ESTest.java:[27,36] cannot find symbol
  symbol:   method instance()
  location: class org.jinstagram.auth.InstagramApi
[ERROR] /Users/curtis/Github/Thesis/chatTester/Repos/sachin-handiekar_jInstagram/src/test/java/org/jinstagram/auth/oauth/InstagramService_ESTest.java:[28,26] no suitable constructor found for OAuthConfig(java.lang.String,java.lang.String,java.lang.String)
    constructor org.jinstagram.auth.model.OAuthConfig.OAuthConfig(java.lang.String,java.lang.String) is not applicable
      (actual and formal argument lists differ in length)
    constructor org.jinstagram.auth.model.OAuthConfig.OAuthConfig(java.lang.String,java.lang.String,java.lang.String,java.lang.String) is not applicable
      (actual and formal argument lists differ in length)
    constructor org.jinstagram.auth.model.OAuthConfig.OAuthConfig(java.lang.String,java.lang.String,java.lang.String,java.lang.String,java.lang.String) is not applicable
      (actual and formal argument lists differ in length)
[INFO] 2 errors 
####################

original test path: /Users/curtis/Github/Thesis/chatTester/Repos/sachin-handiekar_jInstagram/src/test/java/org/jinstagram/auth/oauth/InstagramService_ESTest.java
[GENERATED PATH] InstagramService_ESTest#getVersion().java
[ERROR] COMPILATION ERROR : 
[INFO] -------------------------------------------------------------
[ERROR] /Users/curtis/Github/Thesis/chatTester/Repos/sachin-handiekar_jInstagram/src/test/java/org/jinstagram/auth/oauth/InstagramService_ESTest.java:[8,27] cannot find symbol
  symbol:   class OAuthConfig
  location: package org.jinstagram.auth
[ERROR] /Users/curtis/Github/Thesis/chatTester/Repos/sachin-handiekar_jInstagram/src/test/java/org/jinstagram/auth/oauth/InstagramService_ESTest.java:[9,27] cannot find symbol
  symbol:   class InstagramService
  location: package org.jinstagram.auth
[ERROR] /Users/curtis/Github/Thesis/chatTester/Repos/sachin-handiekar_jInstagram/src/test/java/org/jinstagram/auth/oauth/InstagramService_ESTest.java:[34,30] no suitable constructor found for OAuthConfig(java.lang.String,java.lang.String,java.lang.String)
    constructor org.jinstagram.auth.model.OAuthConfig.OAuthConfig(java.lang.String,java.lang.String) is not applicable
      (actual and formal argument lists differ in length)
    constructor org.jinstagram.auth.model.OAuthConfig.OAuthConfig(java.lang.String,java.lang.String,java.lang.String,java.lang.String) is not applicable
      (actual and formal argument lists differ in length)
    constructor org.jinstagram.auth.model.OAuthConfig.OAuthConfig(java.lang.String,java.lang.String,java.lang.String,java.lang.String,java.lang.String) is not applicable
      (actual and formal argument lists differ in length)
[ERROR] /Users/curtis/Github/Thesis/chatTester/Repos/sachin-handiekar_jInstagram/src/test/java/org/jinstagram/auth/oauth/InstagramService_ESTest.java:[37,9] cannot find symbol
  symbol:   variable Assert
  location: class org.jinstagram.auth.oauth.InstagramService_ESTest
[INFO] 4 errors 
####################

original test path: /Users/curtis/Github/Thesis/chatTester/Repos/sachin-handiekar_jInstagram/src/test/java/org/jinstagram/auth/oauth/InstagramService_ESTest.java
[GENERATED PATH] InstagramService_ESTest#getVersion().java
[ERROR] COMPILATION ERROR : 
[INFO] -------------------------------------------------------------
[ERROR] /Users/curtis/Github/Thesis/chatTester/Repos/sachin-handiekar_jInstagram/src/test/java/org/jinstagram/auth/oauth/InstagramService_ESTest.java:[8,24] package org.scribe.model does not exist
[ERROR] /Users/curtis/Github/Thesis/chatTester/Repos/sachin-handiekar_jInstagram/src/test/java/org/jinstagram/auth/oauth/InstagramService_ESTest.java:[9,24] package org.scribe.model does not exist
[ERROR] /Users/curtis/Github/Thesis/chatTester/Repos/sachin-handiekar_jInstagram/src/test/java/org/jinstagram/auth/oauth/InstagramService_ESTest.java:[10,24] package org.scribe.model does not exist
[ERROR] /Users/curtis/Github/Thesis/chatTester/Repos/sachin-handiekar_jInstagram/src/test/java/org/jinstagram/auth/oauth/InstagramService_ESTest.java:[11,29] package org.scribe.extractors does not exist
[ERROR] /Users/curtis/Github/Thesis/chatTester/Repos/sachin-handiekar_jInstagram/src/test/java/org/jinstagram/auth/oauth/InstagramService_ESTest.java:[12,24] package org.scribe.oauth does not exist
[ERROR] /Users/curtis/Github/Thesis/chatTester/Repos/sachin-handiekar_jInstagram/src/test/java/org/jinstagram/auth/oauth/InstagramService_ESTest.java:[13,24] package org.scribe.model does not exist
[ERROR] /Users/curtis/Github/Thesis/chatTester/Repos/sachin-handiekar_jInstagram/src/test/java/org/jinstagram/auth/oauth/InstagramService_ESTest.java:[14,27] cannot find symbol
  symbol:   class OAuthConfig
  location: package org.jinstagram.auth
[ERROR] /Users/curtis/Github/Thesis/chatTester/Repos/sachin-handiekar_jInstagram/src/test/java/org/jinstagram/auth/oauth/InstagramService_ESTest.java:[15,27] cannot find symbol
  symbol:   class InstagramService
  location: package org.jinstagram.auth
[ERROR] /Users/curtis/Github/Thesis/chatTester/Repos/sachin-handiekar_jInstagram/src/test/java/org/jinstagram/auth/oauth/InstagramService_ESTest.java:[45,16] cannot find symbol
  symbol: class Verb
[ERROR] /Users/curtis/Github/Thesis/chatTester/Repos/sachin-handiekar_jInstagram/src/test/java/org/jinstagram/auth/oauth/InstagramService_ESTest.java:[49,16] cannot find symbol
  symbol: class AccessTokenExtractor
[ERROR] /Users/curtis/Github/Thesis/chatTester/Repos/sachin-handiekar_jInstagram/src/test/java/org/jinstagram/auth/oauth/InstagramService_ESTest.java:[62,45] cannot find symbol
  symbol:   variable Verb
  location: class org.jinstagram.auth.oauth.InstagramService_ESTest
[ERROR] /Users/curtis/Github/Thesis/chatTester/Repos/sachin-handiekar_jInstagram/src/test/java/org/jinstagram/auth/oauth/InstagramService_ESTest.java:[71,95] cannot find symbol
  symbol:   variable OAuthConstants
  location: class org.jinstagram.auth.oauth.InstagramService_ESTest
[ERROR] /Users/curtis/Github/Thesis/chatTester/Repos/sachin-handiekar_jInstagram/src/test/java/org/jinstagram/auth/oauth/InstagramService_ESTest.java:[72,103] cannot find symbol
  symbol:   variable OAuthConstants
  location: class org.jinstagram.auth.oauth.InstagramService_ESTest
[INFO] 13 errors 
####################

original test path: /Users/curtis/Github/Thesis/chatTester/Repos/sachin-handiekar_jInstagram/src/test/java/org/jinstagram/auth/oauth/InstagramService_ESTest.java
[GENERATED PATH] InstagramService_ESTest#getVersion().java
[ERROR] COMPILATION ERROR : 
[INFO] -------------------------------------------------------------
[ERROR] /Users/curtis/Github/Thesis/chatTester/Repos/sachin-handiekar_jInstagram/src/test/java/org/jinstagram/auth/oauth/InstagramService_ESTest.java:[83,47] lambda expressions are not supported in -source 1.6
  (use -source 8 or higher to enable lambda expressions)
[INFO] 1 error
####################

original test path: /Users/curtis/Github/Thesis/chatTester/Repos/sachin-handiekar_jInstagram/src/test/java/org/jinstagram/auth/oauth/InstagramService_ESTest.java
[GENERATED PATH] InstagramService_ESTest#getVersion().java
[ERROR] COMPILATION ERROR : 
[INFO] -------------------------------------------------------------
[ERROR] /Users/curtis/Github/Thesis/chatTester/Repos/sachin-handiekar_jInstagram/src/test/java/org/jinstagram/auth/oauth/InstagramService_ESTest.java:[9,24] package org.scribe.model does not exist
[ERROR] /Users/curtis/Github/Thesis/chatTester/Repos/sachin-handiekar_jInstagram/src/test/java/org/jinstagram/auth/oauth/InstagramService_ESTest.java:[10,24] package org.scribe.model does not exist
[ERROR] /Users/curtis/Github/Thesis/chatTester/Repos/sachin-handiekar_jInstagram/src/test/java/org/jinstagram/auth/oauth/InstagramService_ESTest.java:[11,24] package org.scribe.model does not exist
[ERROR] /Users/curtis/Github/Thesis/chatTester/Repos/sachin-handiekar_jInstagram/src/test/java/org/jinstagram/auth/oauth/InstagramService_ESTest.java:[12,24] package org.scribe.model does not exist
[ERROR] /Users/curtis/Github/Thesis/chatTester/Repos/sachin-handiekar_jInstagram/src/test/java/org/jinstagram/auth/oauth/InstagramService_ESTest.java:[13,24] package org.scribe.model does not exist
[ERROR] /Users/curtis/Github/Thesis/chatTester/Repos/sachin-handiekar_jInstagram/src/test/java/org/jinstagram/auth/oauth/InstagramService_ESTest.java:[14,29] package org.scribe.extractors does not exist
[ERROR] /Users/curtis/Github/Thesis/chatTester/Repos/sachin-handiekar_jInstagram/src/test/java/org/jinstagram/auth/oauth/InstagramService_ESTest.java:[15,24] package org.scribe.oauth does not exist
[ERROR] /Users/curtis/Github/Thesis/chatTester/Repos/sachin-handiekar_jInstagram/src/test/java/org/jinstagram/auth/oauth/InstagramService_ESTest.java:[16,24] package org.scribe.model does not exist
[ERROR] /Users/curtis/Github/Thesis/chatTester/Repos/sachin-handiekar_jInstagram/src/test/java/org/jinstagram/auth/oauth/InstagramService_ESTest.java:[17,27] cannot find symbol
  symbol:   class OAuthConfig
  location: package org.jinstagram.auth
[ERROR] /Users/curtis/Github/Thesis/chatTester/Repos/sachin-handiekar_jInstagram/src/test/java/org/jinstagram/auth/oauth/InstagramService_ESTest.java:[18,27] cannot find symbol
  symbol:   class InstagramService
  location: package org.jinstagram.auth
[ERROR] /Users/curtis/Github/Thesis/chatTester/Repos/sachin-handiekar_jInstagram/src/test/java/org/jinstagram/auth/oauth/InstagramService_ESTest.java:[52,20] cannot find symbol
  symbol: class Verb
[ERROR] /Users/curtis/Github/Thesis/chatTester/Repos/sachin-handiekar_jInstagram/src/test/java/org/jinstagram/auth/oauth/InstagramService_ESTest.java:[62,41] package org.scribe.extractors does not exist
[ERROR] /Users/curtis/Github/Thesis/chatTester/Repos/sachin-handiekar_jInstagram/src/test/java/org/jinstagram/auth/oauth/InstagramService_ESTest.java:[72,30] no suitable constructor found for OAuthConfig(java.lang.String)
    constructor org.jinstagram.auth.model.OAuthConfig.OAuthConfig(java.lang.String,java.lang.String) is not applicable
      (actual and formal argument lists differ in length)
    constructor org.jinstagram.auth.model.OAuthConfig.OAuthConfig(java.lang.String,java.lang.String,java.lang.String,java.lang.String) is not applicable
      (actual and formal argument lists differ in length)
    constructor org.jinstagram.auth.model.OAuthConfig.OAuthConfig(java.lang.String,java.lang.String,java.lang.String,java.lang.String,java.lang.String) is not applicable
      (actual and formal argument lists differ in length)
[ERROR] /Users/curtis/Github/Thesis/chatTester/Repos/sachin-handiekar_jInstagram/src/test/java/org/jinstagram/auth/oauth/InstagramService_ESTest.java:[78,49] cannot find symbol
  symbol:   variable Verb
  location: class org.jinstagram.auth.oauth.InstagramService_ESTest
[ERROR] /Users/curtis/Github/Thesis/chatTester/Repos/sachin-handiekar_jInstagram/src/test/java/org/jinstagram/auth/oauth/InstagramService_ESTest.java:[84,14] cannot find symbol
  symbol:   class Parameter
  location: class org.jinstagram.auth.oauth.InstagramService_ESTest
[ERROR] /Users/curtis/Github/Thesis/chatTester/Repos/sachin-handiekar_jInstagram/src/test/java/org/jinstagram/auth/oauth/InstagramService_ESTest.java:[86,14] cannot find symbol
  symbol:   class Parameter
  location: class org.jinstagram.auth.oauth.InstagramService_ESTest
[INFO] 16 errors 
####################

original test path: /Users/curtis/Github/Thesis/chatTester/Repos/sachin-handiekar_jInstagram/src/test/java/org/jinstagram/auth/oauth/InstagramService_ESTest.java
[GENERATED PATH] InstagramService_ESTest#getVersion().java
[ERROR] COMPILATION ERROR : 
[INFO] -------------------------------------------------------------
[ERROR] /Users/curtis/Github/Thesis/chatTester/Repos/sachin-handiekar_jInstagram/src/test/java/org/jinstagram/auth/oauth/InstagramService_ESTest.java:[10,24] package org.scribe.model does not exist
[ERROR] /Users/curtis/Github/Thesis/chatTester/Repos/sachin-handiekar_jInstagram/src/test/java/org/jinstagram/auth/oauth/InstagramService_ESTest.java:[11,24] package org.scribe.model does not exist
[ERROR] /Users/curtis/Github/Thesis/chatTester/Repos/sachin-handiekar_jInstagram/src/test/java/org/jinstagram/auth/oauth/InstagramService_ESTest.java:[12,24] package org.scribe.model does not exist
[ERROR] /Users/curtis/Github/Thesis/chatTester/Repos/sachin-handiekar_jInstagram/src/test/java/org/jinstagram/auth/oauth/InstagramService_ESTest.java:[13,24] package org.scribe.model does not exist
[ERROR] /Users/curtis/Github/Thesis/chatTester/Repos/sachin-handiekar_jInstagram/src/test/java/org/jinstagram/auth/oauth/InstagramService_ESTest.java:[14,24] package org.scribe.model does not exist
[ERROR] /Users/curtis/Github/Thesis/chatTester/Repos/sachin-handiekar_jInstagram/src/test/java/org/jinstagram/auth/oauth/InstagramService_ESTest.java:[15,29] package org.scribe.extractors does not exist
[ERROR] /Users/curtis/Github/Thesis/chatTester/Repos/sachin-handiekar_jInstagram/src/test/java/org/jinstagram/auth/oauth/InstagramService_ESTest.java:[16,24] package org.scribe.oauth does not exist
[ERROR] /Users/curtis/Github/Thesis/chatTester/Repos/sachin-handiekar_jInstagram/src/test/java/org/jinstagram/auth/oauth/InstagramService_ESTest.java:[17,24] package org.scribe.model does not exist
[ERROR] /Users/curtis/Github/Thesis/chatTester/Repos/sachin-handiekar_jInstagram/src/test/java/org/jinstagram/auth/oauth/InstagramService_ESTest.java:[18,27] cannot find symbol
  symbol:   class OAuthConfig
  location: package org.jinstagram.auth
[ERROR] /Users/curtis/Github/Thesis/chatTester/Repos/sachin-handiekar_jInstagram/src/test/java/org/jinstagram/auth/oauth/InstagramService_ESTest.java:[19,27] cannot find symbol
  symbol:   class InstagramService
  location: package org.jinstagram.auth
[ERROR] /Users/curtis/Github/Thesis/chatTester/Repos/sachin-handiekar_jInstagram/src/test/java/org/jinstagram/auth/oauth/InstagramService_ESTest.java:[64,37] package org.scribe.extractors does not exist
[ERROR] /Users/curtis/Github/Thesis/chatTester/Repos/sachin-handiekar_jInstagram/src/test/java/org/jinstagram/auth/oauth/InstagramService_ESTest.java:[78,45] cannot find symbol
  symbol:   variable Verb
  location: class org.jinstagram.auth.oauth.InstagramService_ESTest
[ERROR] /Users/curtis/Github/Thesis/chatTester/Repos/sachin-handiekar_jInstagram/src/test/java/org/jinstagram/auth/oauth/InstagramService_ESTest.java:[84,72] cannot find symbol
  symbol:   variable OAuthConstants
  location: class org.jinstagram.auth.oauth.InstagramService_ESTest
[INFO] 13 errors 
####################

original test path: /Users/curtis/Github/Thesis/chatTester/Repos/sachin-handiekar_jInstagram/src/test/java/org/jinstagram/auth/oauth/InstagramService_ESTest.java
[GENERATED PATH] InstagramService_ESTest#getVersion().java
[ERROR] COMPILATION ERROR : 
[INFO] -------------------------------------------------------------
[ERROR] /Users/curtis/Github/Thesis/chatTester/Repos/sachin-handiekar_jInstagram/src/test/java/org/jinstagram/auth/oauth/InstagramService_ESTest.java:[10,28] package org.scribe.constants does not exist
[ERROR] /Users/curtis/Github/Thesis/chatTester/Repos/sachin-handiekar_jInstagram/src/test/java/org/jinstagram/auth/oauth/InstagramService_ESTest.java:[11,24] package org.scribe.model does not exist
[ERROR] /Users/curtis/Github/Thesis/chatTester/Repos/sachin-handiekar_jInstagram/src/test/java/org/jinstagram/auth/oauth/InstagramService_ESTest.java:[12,24] package org.scribe.model does not exist
[ERROR] /Users/curtis/Github/Thesis/chatTester/Repos/sachin-handiekar_jInstagram/src/test/java/org/jinstagram/auth/oauth/InstagramService_ESTest.java:[13,24] package org.scribe.model does not exist
[ERROR] /Users/curtis/Github/Thesis/chatTester/Repos/sachin-handiekar_jInstagram/src/test/java/org/jinstagram/auth/oauth/InstagramService_ESTest.java:[14,24] package org.scribe.model does not exist
[ERROR] /Users/curtis/Github/Thesis/chatTester/Repos/sachin-handiekar_jInstagram/src/test/java/org/jinstagram/auth/oauth/InstagramService_ESTest.java:[15,24] package org.scribe.model does not exist
[ERROR] /Users/curtis/Github/Thesis/chatTester/Repos/sachin-handiekar_jInstagram/src/test/java/org/jinstagram/auth/oauth/InstagramService_ESTest.java:[16,29] package org.scribe.extractors does not exist
[ERROR] /Users/curtis/Github/Thesis/chatTester/Repos/sachin-handiekar_jInstagram/src/test/java/org/jinstagram/auth/oauth/InstagramService_ESTest.java:[17,24] package org.scribe.oauth does not exist
[ERROR] /Users/curtis/Github/Thesis/chatTester/Repos/sachin-handiekar_jInstagram/src/test/java/org/jinstagram/auth/oauth/InstagramService_ESTest.java:[18,24] package org.scribe.model does not exist
[ERROR] /Users/curtis/Github/Thesis/chatTester/Repos/sachin-handiekar_jInstagram/src/test/java/org/jinstagram/auth/oauth/InstagramService_ESTest.java:[19,27] cannot find symbol
  symbol:   class OAuthConfig
  location: package org.jinstagram.auth
[ERROR] /Users/curtis/Github/Thesis/chatTester/Repos/sachin-handiekar_jInstagram/src/test/java/org/jinstagram/auth/oauth/InstagramService_ESTest.java:[20,27] cannot find symbol
  symbol:   class InstagramService
  location: package org.jinstagram.auth
[ERROR] /Users/curtis/Github/Thesis/chatTester/Repos/sachin-handiekar_jInstagram/src/test/java/org/jinstagram/auth/oauth/InstagramService_ESTest.java:[58,45] cannot find symbol
  symbol:   variable Verb
  location: class org.jinstagram.auth.oauth.InstagramService_ESTest
[ERROR] /Users/curtis/Github/Thesis/chatTester/Repos/sachin-handiekar_jInstagram/src/test/java/org/jinstagram/auth/oauth/InstagramService_ESTest.java:[65,40] cannot find symbol
  symbol:   variable OAuthConstants
  location: class org.jinstagram.auth.oauth.InstagramService_ESTest
[ERROR] /Users/curtis/Github/Thesis/chatTester/Repos/sachin-handiekar_jInstagram/src/test/java/org/jinstagram/auth/oauth/InstagramService_ESTest.java:[66,46] cannot find symbol
  symbol:   variable OAuthConstants
  location: class org.jinstagram.auth.oauth.InstagramService_ESTest
[INFO] 14 errors 
####################

