original test path: /Users/curtis/Github/Thesis/chatTester/Repos/sachin-handiekar_jInstagram/src/test/java/org/jinstagram/auth/oauth/InstagramService_ESTest.java
[GENERATED PATH] InstagramService_ESTest#getAuthorizationUrl().java
[ERROR] COMPILATION ERROR : 
[INFO] -------------------------------------------------------------
[ERROR] /Users/curtis/Github/Thesis/chatTester/Repos/sachin-handiekar_jInstagram/src/test/java/org/jinstagram/auth/oauth/InstagramService_ESTest.java:[34,26] no suitable constructor found for OAuthConfig(java.lang.String,java.lang.String,java.lang.String)
    constructor org.jinstagram.auth.model.OAuthConfig.OAuthConfig(java.lang.String,java.lang.String) is not applicable
      (actual and formal argument lists differ in length)
    constructor org.jinstagram.auth.model.OAuthConfig.OAuthConfig(java.lang.String,java.lang.String,java.lang.String,java.lang.String) is not applicable
      (actual and formal argument lists differ in length)
    constructor org.jinstagram.auth.model.OAuthConfig.OAuthConfig(java.lang.String,java.lang.String,java.lang.String,java.lang.String,java.lang.String) is not applicable
      (actual and formal argument lists differ in length)
[INFO] 1 error
####################

original test path: /Users/curtis/Github/Thesis/chatTester/Repos/sachin-handiekar_jInstagram/src/test/java/org/jinstagram/auth/oauth/InstagramService_ESTest.java
[GENERATED PATH] InstagramService_ESTest#getAuthorizationUrl().java
[ERROR] COMPILATION ERROR : 
[INFO] -------------------------------------------------------------
[ERROR] /Users/curtis/Github/Thesis/chatTester/Repos/sachin-handiekar_jInstagram/src/test/java/org/jinstagram/auth/oauth/InstagramService_ESTest.java:[38,15] cannot find symbol
  symbol:   method setCallback(java.lang.String)
  location: variable config of type org.jinstagram.auth.model.OAuthConfig
[ERROR] /Users/curtis/Github/Thesis/chatTester/Repos/sachin-handiekar_jInstagram/src/test/java/org/jinstagram/auth/oauth/InstagramService_ESTest.java:[43,9] cannot find symbol
  symbol:   variable Assert
  location: class org.jinstagram.auth.oauth.InstagramService_ESTest
[INFO] 2 errors 
####################

original test path: /Users/curtis/Github/Thesis/chatTester/Repos/sachin-handiekar_jInstagram/src/test/java/org/jinstagram/auth/oauth/InstagramService_ESTest.java
[GENERATED PATH] InstagramService_ESTest#getAuthorizationUrl().java
[ERROR] COMPILATION ERROR : 
[INFO] -------------------------------------------------------------
[ERROR] /Users/curtis/Github/Thesis/chatTester/Repos/sachin-handiekar_jInstagram/src/test/java/org/jinstagram/auth/oauth/InstagramService_ESTest.java:[44,9] cannot find symbol
  symbol:   variable Assert
  location: class org.jinstagram.auth.oauth.InstagramService_ESTest
[INFO] 1 error
####################

original test path: /Users/curtis/Github/Thesis/chatTester/Repos/sachin-handiekar_jInstagram/src/test/java/org/jinstagram/auth/oauth/InstagramService_ESTest.java
[GENERATED PATH] InstagramService_ESTest#getAuthorizationUrl().java
[ERROR] COMPILATION ERROR : 
[INFO] -------------------------------------------------------------
[ERROR] /Users/curtis/Github/Thesis/chatTester/Repos/sachin-handiekar_jInstagram/src/test/java/org/jinstagram/auth/oauth/InstagramService_ESTest.java:[9,33] cannot find symbol
  symbol:   class InstagramApi
  location: package org.jinstagram.auth.oauth
[ERROR] /Users/curtis/Github/Thesis/chatTester/Repos/sachin-handiekar_jInstagram/src/test/java/org/jinstagram/auth/oauth/InstagramService_ESTest.java:[45,9] cannot find symbol
  symbol:   variable Assert
  location: class org.jinstagram.auth.oauth.InstagramService_ESTest
[INFO] 2 errors 
####################

original test path: /Users/curtis/Github/Thesis/chatTester/Repos/sachin-handiekar_jInstagram/src/test/java/org/jinstagram/auth/oauth/InstagramService_ESTest.java
[GENERATED PATH] InstagramService_ESTest#getAuthorizationUrl().java
[ERROR] COMPILATION ERROR : 
[INFO] -------------------------------------------------------------
[ERROR] /Users/curtis/Github/Thesis/chatTester/Repos/sachin-handiekar_jInstagram/src/test/java/org/jinstagram/auth/oauth/InstagramService_ESTest.java:[11,33] cannot find symbol
  symbol:   class InstagramApi
  location: package org.jinstagram.auth.oauth
[INFO] 1 error
####################

original test path: /Users/curtis/Github/Thesis/chatTester/Repos/sachin-handiekar_jInstagram/src/test/java/org/jinstagram/auth/oauth/InstagramService_ESTest.java
[GENERATED PATH] InstagramService_ESTest#getAuthorizationUrl().java
[ERROR] COMPILATION ERROR : 
[INFO] -------------------------------------------------------------
[ERROR] /Users/curtis/Github/Thesis/chatTester/Repos/sachin-handiekar_jInstagram/src/test/java/org/jinstagram/auth/oauth/InstagramService_ESTest.java:[12,33] cannot find symbol
  symbol:   class InstagramApi
  location: package org.jinstagram.auth.oauth
[INFO] 1 error
####################

original test path: /Users/curtis/Github/Thesis/chatTester/Repos/sachin-handiekar_jInstagram/src/test/java/org/jinstagram/auth/oauth/InstagramService_ESTest.java
[GENERATED PATH] InstagramService_ESTest#getAuthorizationUrl().java
[ERROR] COMPILATION ERROR : 
[INFO] -------------------------------------------------------------
[ERROR] /Users/curtis/Github/Thesis/chatTester/Repos/sachin-handiekar_jInstagram/src/test/java/org/jinstagram/auth/oauth/InstagramService_ESTest.java:[13,33] cannot find symbol
  symbol:   class InstagramApi
  location: package org.jinstagram.auth.oauth
[INFO] 1 error
####################

