original test path: /Users/curtis/Github/Thesis/chatTester/Repos/sachin-handiekar_jInstagram/src/test/java/org/jinstagram/utils/Preconditions_ESTest.java
[GENERATED PATH] Preconditions_ESTest#checkValidLatLong(String latOrLong, String errorMsg).java
[ERROR] COMPILATION ERROR : 
[INFO] -------------------------------------------------------------
[ERROR] /Users/curtis/Github/Thesis/chatTester/Repos/sachin-handiekar_jInstagram/src/test/java/org/jinstagram/utils/Preconditions_ESTest.java:[37,13] cannot find symbol
  symbol:   variable Assert
  location: class org.jinstagram.utils.Preconditions_ESTest
[ERROR] /Users/curtis/Github/Thesis/chatTester/Repos/sachin-handiekar_jInstagram/src/test/java/org/jinstagram/utils/Preconditions_ESTest.java:[39,13] cannot find symbol
  symbol:   variable Assert
  location: class org.jinstagram.utils.Preconditions_ESTest
[ERROR] /Users/curtis/Github/Thesis/chatTester/Repos/sachin-handiekar_jInstagram/src/test/java/org/jinstagram/utils/Preconditions_ESTest.java:[45,13] cannot find symbol
  symbol:   variable Assert
  location: class org.jinstagram.utils.Preconditions_ESTest
[ERROR] /Users/curtis/Github/Thesis/chatTester/Repos/sachin-handiekar_jInstagram/src/test/java/org/jinstagram/utils/Preconditions_ESTest.java:[47,13] cannot find symbol
  symbol:   variable Assert
  location: class org.jinstagram.utils.Preconditions_ESTest
[ERROR] /Users/curtis/Github/Thesis/chatTester/Repos/sachin-handiekar_jInstagram/src/test/java/org/jinstagram/utils/Preconditions_ESTest.java:[53,13] cannot find symbol
  symbol:   variable Assert
  location: class org.jinstagram.utils.Preconditions_ESTest
[ERROR] /Users/curtis/Github/Thesis/chatTester/Repos/sachin-handiekar_jInstagram/src/test/java/org/jinstagram/utils/Preconditions_ESTest.java:[55,13] cannot find symbol
  symbol:   variable Assert
  location: class org.jinstagram.utils.Preconditions_ESTest
[INFO] 6 errors 
####################

original test path: /Users/curtis/Github/Thesis/chatTester/Repos/sachin-handiekar_jInstagram/src/test/java/org/jinstagram/utils/Preconditions_ESTest.java
[GENERATED PATH] Preconditions_ESTest#checkValidLatLong(String latOrLong, String errorMsg).java
[ERROR] COMPILATION ERROR : 
[INFO] -------------------------------------------------------------
[ERROR] /Users/curtis/Github/Thesis/chatTester/Repos/sachin-handiekar_jInstagram/src/test/java/org/jinstagram/utils/Preconditions_ESTest.java:[38,13] cannot find symbol
  symbol:   variable Assert
  location: class org.jinstagram.utils.Preconditions_ESTest
[ERROR] /Users/curtis/Github/Thesis/chatTester/Repos/sachin-handiekar_jInstagram/src/test/java/org/jinstagram/utils/Preconditions_ESTest.java:[40,13] cannot find symbol
  symbol:   variable Assert
  location: class org.jinstagram.utils.Preconditions_ESTest
[ERROR] /Users/curtis/Github/Thesis/chatTester/Repos/sachin-handiekar_jInstagram/src/test/java/org/jinstagram/utils/Preconditions_ESTest.java:[45,13] cannot find symbol
  symbol:   variable Assert
  location: class org.jinstagram.utils.Preconditions_ESTest
[ERROR] /Users/curtis/Github/Thesis/chatTester/Repos/sachin-handiekar_jInstagram/src/test/java/org/jinstagram/utils/Preconditions_ESTest.java:[47,13] cannot find symbol
  symbol:   variable Assert
  location: class org.jinstagram.utils.Preconditions_ESTest
[ERROR] /Users/curtis/Github/Thesis/chatTester/Repos/sachin-handiekar_jInstagram/src/test/java/org/jinstagram/utils/Preconditions_ESTest.java:[52,13] cannot find symbol
  symbol:   variable Assert
  location: class org.jinstagram.utils.Preconditions_ESTest
[ERROR] /Users/curtis/Github/Thesis/chatTester/Repos/sachin-handiekar_jInstagram/src/test/java/org/jinstagram/utils/Preconditions_ESTest.java:[54,13] cannot find symbol
  symbol:   variable Assert
  location: class org.jinstagram.utils.Preconditions_ESTest
[INFO] 6 errors 
####################

original test path: /Users/curtis/Github/Thesis/chatTester/Repos/sachin-handiekar_jInstagram/src/test/java/org/jinstagram/utils/Preconditions_ESTest.java
[GENERATED PATH] Preconditions_ESTest#checkValidLatLong(String latOrLong, String errorMsg).java
[ERROR] COMPILATION ERROR : 
[INFO] -------------------------------------------------------------
[ERROR] /Users/curtis/Github/Thesis/chatTester/Repos/sachin-handiekar_jInstagram/src/test/java/org/jinstagram/utils/Preconditions_ESTest.java:[37,13] cannot find symbol
  symbol:   variable Assert
  location: class org.jinstagram.utils.Preconditions_ESTest
[ERROR] /Users/curtis/Github/Thesis/chatTester/Repos/sachin-handiekar_jInstagram/src/test/java/org/jinstagram/utils/Preconditions_ESTest.java:[39,13] cannot find symbol
  symbol:   variable Assert
  location: class org.jinstagram.utils.Preconditions_ESTest
[ERROR] /Users/curtis/Github/Thesis/chatTester/Repos/sachin-handiekar_jInstagram/src/test/java/org/jinstagram/utils/Preconditions_ESTest.java:[44,13] cannot find symbol
  symbol:   variable Assert
  location: class org.jinstagram.utils.Preconditions_ESTest
[ERROR] /Users/curtis/Github/Thesis/chatTester/Repos/sachin-handiekar_jInstagram/src/test/java/org/jinstagram/utils/Preconditions_ESTest.java:[46,13] cannot find symbol
  symbol:   variable Assert
  location: class org.jinstagram.utils.Preconditions_ESTest
[ERROR] /Users/curtis/Github/Thesis/chatTester/Repos/sachin-handiekar_jInstagram/src/test/java/org/jinstagram/utils/Preconditions_ESTest.java:[51,13] cannot find symbol
  symbol:   variable Assert
  location: class org.jinstagram.utils.Preconditions_ESTest
[ERROR] /Users/curtis/Github/Thesis/chatTester/Repos/sachin-handiekar_jInstagram/src/test/java/org/jinstagram/utils/Preconditions_ESTest.java:[53,13] cannot find symbol
  symbol:   variable Assert
  location: class org.jinstagram.utils.Preconditions_ESTest
[INFO] 6 errors 
####################

