original test path: /Users/curtis/Github/Thesis/chatTester/Repos/tabulapdf_tabula-java/src/test/java/technology/tabula/Table_ESTest.java
[GENERATED PATH] Table_ESTest#getExtractionMethod().java
[ERROR] COMPILATION ERROR : 
[INFO] -------------------------------------------------------------
[ERROR] /Users/curtis/Github/Thesis/chatTester/Repos/tabulapdf_tabula-java/src/test/java/technology/tabula/Table_ESTest.java:[27,68] <anonymous technology.tabula.Table_ESTest$1> is not abstract and does not override abstract method extract(technology.tabula.Page) in technology.tabula.extractors.ExtractionAlgorithm
[INFO] 1 error
####################

original test path: /Users/curtis/Github/Thesis/chatTester/Repos/tabulapdf_tabula-java/src/test/java/technology/tabula/Table_ESTest.java
[GENERATED PATH] Table_ESTest#getExtractionMethod().java
[ERROR] COMPILATION ERROR : 
[INFO] -------------------------------------------------------------
[ERROR] /Users/curtis/Github/Thesis/chatTester/Repos/tabulapdf_tabula-java/src/test/java/technology/tabula/Table_ESTest.java:[8,25] cannot find symbol
  symbol:   class ExtractionAlgorithm
  location: package technology.tabula
[INFO] 1 error
####################

original test path: /Users/curtis/Github/Thesis/chatTester/Repos/tabulapdf_tabula-java/src/test/java/technology/tabula/Table_ESTest.java
[GENERATED PATH] Table_ESTest#getExtractionMethod().java
[ERROR] COMPILATION ERROR : 
[INFO] -------------------------------------------------------------
[ERROR] /Users/curtis/Github/Thesis/chatTester/Repos/tabulapdf_tabula-java/src/test/java/technology/tabula/Table_ESTest.java:[9,25] cannot find symbol
  symbol:   class ExtractionAlgorithm
  location: package technology.tabula
[ERROR] /Users/curtis/Github/Thesis/chatTester/Repos/tabulapdf_tabula-java/src/test/java/technology/tabula/Table_ESTest.java:[36,70] cannot find symbol
  symbol:   variable ALGO1
  location: interface technology.tabula.extractors.ExtractionAlgorithm
[INFO] 2 errors 
####################

original test path: /Users/curtis/Github/Thesis/chatTester/Repos/tabulapdf_tabula-java/src/test/java/technology/tabula/Table_ESTest.java
[GENERATED PATH] Table_ESTest#getExtractionMethod().java
[ERROR] COMPILATION ERROR : 
[INFO] -------------------------------------------------------------
[ERROR] /Users/curtis/Github/Thesis/chatTester/Repos/tabulapdf_tabula-java/src/test/java/technology/tabula/Table_ESTest.java:[10,25] cannot find symbol
  symbol:   class ExtractionAlgorithm
  location: package technology.tabula
[ERROR] /Users/curtis/Github/Thesis/chatTester/Repos/tabulapdf_tabula-java/src/test/java/technology/tabula/Table_ESTest.java:[38,60] cannot find symbol
  symbol:   variable ALGO_B
  location: interface technology.tabula.extractors.ExtractionAlgorithm
[INFO] 2 errors 
####################

original test path: /Users/curtis/Github/Thesis/chatTester/Repos/tabulapdf_tabula-java/src/test/java/technology/tabula/Table_ESTest.java
[GENERATED PATH] Table_ESTest#getExtractionMethod().java
[ERROR] COMPILATION ERROR : 
[INFO] -------------------------------------------------------------
[ERROR] /Users/curtis/Github/Thesis/chatTester/Repos/tabulapdf_tabula-java/src/test/java/technology/tabula/Table_ESTest.java:[11,25] cannot find symbol
  symbol:   class ExtractionAlgorithm
  location: package technology.tabula
[ERROR] /Users/curtis/Github/Thesis/chatTester/Repos/tabulapdf_tabula-java/src/test/java/technology/tabula/Table_ESTest.java:[40,70] cannot find symbol
  symbol:   variable ALGO2
  location: interface technology.tabula.extractors.ExtractionAlgorithm
[INFO] 2 errors 
####################

