original test path: /Users/curtis/Github/Thesis/chatTester/Repos/tabulapdf_tabula-java/src/test/java/technology/tabula/TextChunk_ESTest.java
[GENERATED PATH] TextChunk_ESTest#getText(boolean useLineReturns).java
[ERROR] COMPILATION ERROR : 
[INFO] -------------------------------------------------------------
[ERROR] /Users/curtis/Github/Thesis/chatTester/Repos/tabulapdf_tabula-java/src/test/java/technology/tabula/TextChunk_ESTest.java:[29,22] no suitable constructor found for TextElement(java.lang.String,float,float,float,float)
    constructor technology.tabula.TextElement.TextElement(float,float,float,float,org.apache.pdfbox.pdmodel.font.PDFont,float,java.lang.String,float) is not applicable
      (actual and formal argument lists differ in length)
    constructor technology.tabula.TextElement.TextElement(float,float,float,float,org.apache.pdfbox.pdmodel.font.PDFont,float,java.lang.String,float,float) is not applicable
      (actual and formal argument lists differ in length)
[INFO] 1 error
####################

original test path: /Users/curtis/Github/Thesis/chatTester/Repos/tabulapdf_tabula-java/src/test/java/technology/tabula/TextChunk_ESTest.java
[GENERATED PATH] TextChunk_ESTest#getText(boolean useLineReturns).java
[ERROR] COMPILATION ERROR : 
[INFO] -------------------------------------------------------------
[ERROR] /Users/curtis/Github/Thesis/chatTester/Repos/tabulapdf_tabula-java/src/test/java/technology/tabula/TextChunk_ESTest.java:[22,1] a type with the same simple name is already defined by the single-type-import of java.awt.Rectangle
[ERROR] /Users/curtis/Github/Thesis/chatTester/Repos/tabulapdf_tabula-java/src/test/java/technology/tabula/TextChunk_ESTest.java:[35,26] no suitable constructor found for TextElement(java.lang.String,java.awt.Rectangle)
    constructor technology.tabula.TextElement.TextElement(float,float,float,float,org.apache.pdfbox.pdmodel.font.PDFont,float,java.lang.String,float) is not applicable
      (actual and formal argument lists differ in length)
    constructor technology.tabula.TextElement.TextElement(float,float,float,float,org.apache.pdfbox.pdmodel.font.PDFont,float,java.lang.String,float,float) is not applicable
      (actual and formal argument lists differ in length)
[INFO] 2 errors 
####################

original test path: /Users/curtis/Github/Thesis/chatTester/Repos/tabulapdf_tabula-java/src/test/java/technology/tabula/TextChunk_ESTest.java
[GENERATED PATH] TextChunk_ESTest#getText(boolean useLineReturns).java
[ERROR] COMPILATION ERROR : 
[INFO] -------------------------------------------------------------
[ERROR] /Users/curtis/Github/Thesis/chatTester/Repos/tabulapdf_tabula-java/src/test/java/technology/tabula/TextChunk_ESTest.java:[23,1] a type with the same simple name is already defined by the single-type-import of java.awt.Rectangle
[INFO] 1 error
####################

original test path: /Users/curtis/Github/Thesis/chatTester/Repos/tabulapdf_tabula-java/src/test/java/technology/tabula/TextChunk_ESTest.java
[GENERATED PATH] TextChunk_ESTest#getText(boolean useLineReturns).java
[ERROR] COMPILATION ERROR : 
[INFO] -------------------------------------------------------------
[ERROR] /Users/curtis/Github/Thesis/chatTester/Repos/tabulapdf_tabula-java/src/test/java/technology/tabula/TextChunk_ESTest.java:[24,1] a type with the same simple name is already defined by the single-type-import of java.awt.Rectangle
[ERROR] /Users/curtis/Github/Thesis/chatTester/Repos/tabulapdf_tabula-java/src/test/java/technology/tabula/TextChunk_ESTest.java:[36,13] cannot find symbol
  symbol:   variable elements
  location: class technology.tabula.TextChunk_ESTest
[INFO] 2 errors 
####################

original test path: /Users/curtis/Github/Thesis/chatTester/Repos/tabulapdf_tabula-java/src/test/java/technology/tabula/TextChunk_ESTest.java
[GENERATED PATH] TextChunk_ESTest#getText(boolean useLineReturns).java
[ERROR] COMPILATION ERROR : 
[INFO] -------------------------------------------------------------
[ERROR] /Users/curtis/Github/Thesis/chatTester/Repos/tabulapdf_tabula-java/src/test/java/technology/tabula/TextChunk_ESTest.java:[25,1] a type with the same simple name is already defined by the single-type-import of java.awt.Rectangle
[INFO] 1 error
####################

original test path: /Users/curtis/Github/Thesis/chatTester/Repos/tabulapdf_tabula-java/src/test/java/technology/tabula/TextChunk_ESTest.java
[GENERATED PATH] TextChunk_ESTest#getText(boolean useLineReturns).java
[ERROR] COMPILATION ERROR : 
[INFO] -------------------------------------------------------------
[ERROR] /Users/curtis/Github/Thesis/chatTester/Repos/tabulapdf_tabula-java/src/test/java/technology/tabula/TextChunk_ESTest.java:[26,1] a type with the same simple name is already defined by the single-type-import of java.awt.Rectangle
[ERROR] /Users/curtis/Github/Thesis/chatTester/Repos/tabulapdf_tabula-java/src/test/java/technology/tabula/TextChunk_ESTest.java:[68,13] no suitable constructor found for TextChunk(TextElement)
    constructor technology.tabula.TextChunk.TextChunk(technology.tabula.TextElement) is not applicable
      (argument mismatch; TextElement cannot be converted to technology.tabula.TextElement)
    constructor technology.tabula.TextChunk.TextChunk(java.util.List<technology.tabula.TextElement>) is not applicable
      (argument mismatch; TextElement cannot be converted to java.util.List<technology.tabula.TextElement>)
[ERROR] /Users/curtis/Github/Thesis/chatTester/Repos/tabulapdf_tabula-java/src/test/java/technology/tabula/TextChunk_ESTest.java:[73,13] no suitable constructor found for TextChunk(java.util.List<TextElement>)
    constructor technology.tabula.TextChunk.TextChunk(technology.tabula.TextElement) is not applicable
      (argument mismatch; java.util.List<TextElement> cannot be converted to technology.tabula.TextElement)
    constructor technology.tabula.TextChunk.TextChunk(java.util.List<technology.tabula.TextElement>) is not applicable
      (argument mismatch; java.util.List<TextElement> cannot be converted to java.util.List<technology.tabula.TextElement>)
[INFO] 3 errors 
####################

original test path: /Users/curtis/Github/Thesis/chatTester/Repos/tabulapdf_tabula-java/src/test/java/technology/tabula/TextChunk_ESTest.java
[GENERATED PATH] TextChunk_ESTest#getText(boolean useLineReturns).java
[ERROR] COMPILATION ERROR : 
[INFO] -------------------------------------------------------------
[ERROR] /Users/curtis/Github/Thesis/chatTester/Repos/tabulapdf_tabula-java/src/test/java/technology/tabula/TextChunk_ESTest.java:[27,1] a type with the same simple name is already defined by the single-type-import of java.awt.Rectangle
[ERROR] /Users/curtis/Github/Thesis/chatTester/Repos/tabulapdf_tabula-java/src/test/java/technology/tabula/TextChunk_ESTest.java:[61,13] no suitable constructor found for TextChunk(java.util.List<TextElement>)
    constructor technology.tabula.TextChunk.TextChunk(technology.tabula.TextElement) is not applicable
      (argument mismatch; java.util.List<TextElement> cannot be converted to technology.tabula.TextElement)
    constructor technology.tabula.TextChunk.TextChunk(java.util.List<technology.tabula.TextElement>) is not applicable
      (argument mismatch; java.util.List<TextElement> cannot be converted to java.util.List<technology.tabula.TextElement>)
[INFO] 2 errors 
####################

original test path: /Users/curtis/Github/Thesis/chatTester/Repos/tabulapdf_tabula-java/src/test/java/technology/tabula/TextChunk_ESTest.java
[GENERATED PATH] TextChunk_ESTest#getText(boolean useLineReturns).java
[ERROR] COMPILATION ERROR : 
[INFO] -------------------------------------------------------------
[ERROR] /Users/curtis/Github/Thesis/chatTester/Repos/tabulapdf_tabula-java/src/test/java/technology/tabula/TextChunk_ESTest.java:[28,1] a type with the same simple name is already defined by the single-type-import of java.awt.Rectangle
[INFO] 1 error
####################

original test path: /Users/curtis/Github/Thesis/chatTester/Repos/tabulapdf_tabula-java/src/test/java/technology/tabula/TextChunk_ESTest.java
[GENERATED PATH] TextChunk_ESTest#getText(boolean useLineReturns).java
[ERROR] COMPILATION ERROR : 
[INFO] -------------------------------------------------------------
[ERROR] /Users/curtis/Github/Thesis/chatTester/Repos/tabulapdf_tabula-java/src/test/java/technology/tabula/TextChunk_ESTest.java:[29,1] a type with the same simple name is already defined by the single-type-import of java.awt.Rectangle
[ERROR] /Users/curtis/Github/Thesis/chatTester/Repos/tabulapdf_tabula-java/src/test/java/technology/tabula/TextChunk_ESTest.java:[46,13] cannot find symbol
  symbol:   variable elements
  location: class technology.tabula.TextChunk_ESTest
[INFO] 2 errors 
####################

original test path: /Users/curtis/Github/Thesis/chatTester/Repos/tabulapdf_tabula-java/src/test/java/technology/tabula/TextChunk_ESTest.java
[GENERATED PATH] TextChunk_ESTest#getText(boolean useLineReturns).java
[ERROR] COMPILATION ERROR : 
[INFO] -------------------------------------------------------------
[ERROR] /Users/curtis/Github/Thesis/chatTester/Repos/tabulapdf_tabula-java/src/test/java/technology/tabula/TextChunk_ESTest.java:[30,1] a type with the same simple name is already defined by the single-type-import of java.awt.Rectangle
[INFO] 1 error
####################

