original test path: /Users/curtis/Github/Thesis/chatTester/Repos/Zappos_zappos-json/src/test/java/com/zappos/json/format/AbstractValueFormatter_ESTest.java
[GENERATED PATH] AbstractValueFormatter_ESTest#getPattern().java
[ERROR] COMPILATION ERROR : 
[INFO] -------------------------------------------------------------
[ERROR] /Users/curtis/Github/Thesis/chatTester/Repos/Zappos_zappos-json/src/test/java/com/zappos/json/format/AbstractValueFormatter_ESTest.java:[39,35] cannot find symbol
  symbol: class T
[ERROR] /Users/curtis/Github/Thesis/chatTester/Repos/Zappos_zappos-json/src/test/java/com/zappos/json/format/AbstractValueFormatter_ESTest.java:[32,73] <anonymous com.zappos.json.format.AbstractValueFormatter_ESTest$1> is not abstract and does not override abstract method newInstance() in com.zappos.json.format.ValueFormatter
[INFO] 2 errors 
####################

original test path: /Users/curtis/Github/Thesis/chatTester/Repos/Zappos_zappos-json/src/test/java/com/zappos/json/format/AbstractValueFormatter_ESTest.java
[GENERATED PATH] AbstractValueFormatter_ESTest#getPattern().java
[ERROR] COMPILATION ERROR : 
[INFO] -------------------------------------------------------------
[ERROR] /Users/curtis/Github/Thesis/chatTester/Repos/Zappos_zappos-json/src/test/java/com/zappos/json/format/AbstractValueFormatter_ESTest.java:[34,73] <anonymous com.zappos.json.format.AbstractValueFormatter_ESTest$1> is not abstract and does not override abstract method newInstance() in com.zappos.json.format.ValueFormatter
[INFO] 1 error
####################

original test path: /Users/curtis/Github/Thesis/chatTester/Repos/Zappos_zappos-json/src/test/java/com/zappos/json/format/AbstractValueFormatter_ESTest.java
[GENERATED PATH] AbstractValueFormatter_ESTest#getPattern().java
[ERROR] COMPILATION ERROR : 
[INFO] -------------------------------------------------------------
[ERROR] /Users/curtis/Github/Thesis/chatTester/Repos/Zappos_zappos-json/src/test/java/com/zappos/json/format/AbstractValueFormatter_ESTest.java:[37,73] <anonymous com.zappos.json.format.AbstractValueFormatter_ESTest$1> is not abstract and does not override abstract method parse(com.zappos.json.ZapposJson,java.lang.String) in com.zappos.json.format.ValueFormatter
[ERROR] /Users/curtis/Github/Thesis/chatTester/Repos/Zappos_zappos-json/src/test/java/com/zappos/json/format/AbstractValueFormatter_ESTest.java:[74,53] <anonymous com.zappos.json.format.AbstractValueFormatter_ESTest$1$1> is not abstract and does not override abstract method parse(com.zappos.json.ZapposJson,java.lang.String) in com.zappos.json.format.ValueFormatter
[INFO] 2 errors 
####################

original test path: /Users/curtis/Github/Thesis/chatTester/Repos/Zappos_zappos-json/src/test/java/com/zappos/json/format/AbstractValueFormatter_ESTest.java
[GENERATED PATH] AbstractValueFormatter_ESTest#getPattern().java
[ERROR] COMPILATION ERROR : 
[INFO] -------------------------------------------------------------
[ERROR] /Users/curtis/Github/Thesis/chatTester/Repos/Zappos_zappos-json/src/test/java/com/zappos/json/format/AbstractValueFormatter_ESTest.java:[39,5] cannot find symbol
  symbol:   class ConcreteValueFormatter
  location: class com.zappos.json.format.AbstractValueFormatter_ESTest
[ERROR] /Users/curtis/Github/Thesis/chatTester/Repos/Zappos_zappos-json/src/test/java/com/zappos/json/format/AbstractValueFormatter_ESTest.java:[39,44] cannot find symbol
  symbol:   class ConcreteValueFormatter
  location: class com.zappos.json.format.AbstractValueFormatter_ESTest
[INFO] 2 errors 
####################

original test path: /Users/curtis/Github/Thesis/chatTester/Repos/Zappos_zappos-json/src/test/java/com/zappos/json/format/AbstractValueFormatter_ESTest.java
[GENERATED PATH] AbstractValueFormatter_ESTest#getPattern().java
[ERROR] COMPILATION ERROR : 
[INFO] -------------------------------------------------------------
[ERROR] /Users/curtis/Github/Thesis/chatTester/Repos/Zappos_zappos-json/src/test/java/com/zappos/json/format/AbstractValueFormatter_ESTest.java:[41,5] cannot find symbol
  symbol:   class TestValueFormatter
  location: class com.zappos.json.format.AbstractValueFormatter_ESTest
[ERROR] /Users/curtis/Github/Thesis/chatTester/Repos/Zappos_zappos-json/src/test/java/com/zappos/json/format/AbstractValueFormatter_ESTest.java:[41,40] cannot find symbol
  symbol:   class TestValueFormatter
  location: class com.zappos.json.format.AbstractValueFormatter_ESTest
[INFO] 2 errors 
####################

