original test path: /Users/curtis/Github/Thesis/chatTester/Repos/Zappos_zappos-json/src/test/java/com/zappos/json/format/NoOpValueFormatter_ESTest.java
[GENERATED PATH] NoOpValueFormatter_ESTest#parse(ZapposJson zapposJson, String string).java
[ERROR] COMPILATION ERROR : 
[INFO] -------------------------------------------------------------
[ERROR] /Users/curtis/Github/Thesis/chatTester/Repos/Zappos_zappos-json/src/test/java/com/zappos/json/format/NoOpValueFormatter_ESTest.java:[32,104] lambda expressions are not supported in -source 1.7
  (use -source 8 or higher to enable lambda expressions)
[INFO] 1 error
####################

original test path: /Users/curtis/Github/Thesis/chatTester/Repos/Zappos_zappos-json/src/test/java/com/zappos/json/format/NoOpValueFormatter_ESTest.java
[GENERATED PATH] NoOpValueFormatter_ESTest#parse(ZapposJson zapposJson, String string).java
[ERROR] COMPILATION ERROR : 
[INFO] -------------------------------------------------------------
[ERROR] /Users/curtis/Github/Thesis/chatTester/Repos/Zappos_zappos-json/src/test/java/com/zappos/json/format/NoOpValueFormatter_ESTest.java:[11,19] package org.mockito does not exist
[ERROR] /Users/curtis/Github/Thesis/chatTester/Repos/Zappos_zappos-json/src/test/java/com/zappos/json/format/NoOpValueFormatter_ESTest.java:[30,33] cannot find symbol
  symbol:   variable Mockito
  location: class com.zappos.json.format.NoOpValueFormatter_ESTest
[ERROR] /Users/curtis/Github/Thesis/chatTester/Repos/Zappos_zappos-json/src/test/java/com/zappos/json/format/NoOpValueFormatter_ESTest.java:[33,105] cannot find symbol
  symbol:   class Executable
  location: class com.zappos.json.format.NoOpValueFormatter_ESTest
[INFO] 3 errors 
####################

original test path: /Users/curtis/Github/Thesis/chatTester/Repos/Zappos_zappos-json/src/test/java/com/zappos/json/format/NoOpValueFormatter_ESTest.java
[GENERATED PATH] NoOpValueFormatter_ESTest#parse(ZapposJson zapposJson, String string).java
[ERROR] COMPILATION ERROR : 
[INFO] -------------------------------------------------------------
[ERROR] /Users/curtis/Github/Thesis/chatTester/Repos/Zappos_zappos-json/src/test/java/com/zappos/json/format/NoOpValueFormatter_ESTest.java:[37,58] lambda expressions are not supported in -source 1.7
  (use -source 8 or higher to enable lambda expressions)
[INFO] 1 error
####################

original test path: /Users/curtis/Github/Thesis/chatTester/Repos/Zappos_zappos-json/src/test/java/com/zappos/json/format/NoOpValueFormatter_ESTest.java
[GENERATED PATH] NoOpValueFormatter_ESTest#parse(ZapposJson zapposJson, String string).java
[ERROR] COMPILATION ERROR : 
[INFO] -------------------------------------------------------------
[ERROR] /Users/curtis/Github/Thesis/chatTester/Repos/Zappos_zappos-json/src/test/java/com/zappos/json/format/NoOpValueFormatter_ESTest.java:[13,19] package org.mockito does not exist
[ERROR] /Users/curtis/Github/Thesis/chatTester/Repos/Zappos_zappos-json/src/test/java/com/zappos/json/format/NoOpValueFormatter_ESTest.java:[37,63] cannot find symbol
  symbol:   class ThrowingRunnable
  location: class com.zappos.json.format.NoOpValueFormatter_ESTest
[INFO] 2 errors 
####################

original test path: /Users/curtis/Github/Thesis/chatTester/Repos/Zappos_zappos-json/src/test/java/com/zappos/json/format/NoOpValueFormatter_ESTest.java
[GENERATED PATH] NoOpValueFormatter_ESTest#parse(ZapposJson zapposJson, String string).java
[ERROR] COMPILATION ERROR : 
[INFO] -------------------------------------------------------------
[ERROR] /Users/curtis/Github/Thesis/chatTester/Repos/Zappos_zappos-json/src/test/java/com/zappos/json/format/NoOpValueFormatter_ESTest.java:[41,58] lambda expressions are not supported in -source 1.7
  (use -source 8 or higher to enable lambda expressions)
[INFO] 1 error
####################

original test path: /Users/curtis/Github/Thesis/chatTester/Repos/Zappos_zappos-json/src/test/java/com/zappos/json/format/NoOpValueFormatter_ESTest.java
[GENERATED PATH] NoOpValueFormatter_ESTest#parse(ZapposJson zapposJson, String string).java
[ERROR] COMPILATION ERROR : 
[INFO] -------------------------------------------------------------
[ERROR] /Users/curtis/Github/Thesis/chatTester/Repos/Zappos_zappos-json/src/test/java/com/zappos/json/format/NoOpValueFormatter_ESTest.java:[45,58] lambda expressions are not supported in -source 1.7
  (use -source 8 or higher to enable lambda expressions)
[INFO] 1 error
####################

original test path: /Users/curtis/Github/Thesis/chatTester/Repos/Zappos_zappos-json/src/test/java/com/zappos/json/format/NoOpValueFormatter_ESTest.java
[GENERATED PATH] NoOpValueFormatter_ESTest#parse(ZapposJson zapposJson, String string).java
[ERROR] COMPILATION ERROR : 
[INFO] -------------------------------------------------------------
[ERROR] /Users/curtis/Github/Thesis/chatTester/Repos/Zappos_zappos-json/src/test/java/com/zappos/json/format/NoOpValueFormatter_ESTest.java:[45,58] lambda expressions are not supported in -source 1.7
  (use -source 8 or higher to enable lambda expressions)
[INFO] 1 error
####################

