original test path: /Users/curtis/Github/Thesis/chatTester/Repos/Zappos_zappos-json/src/test/java/com/zappos/json/ZapposJson_ESTest.java
[GENERATED PATH] ZapposJson_ESTest#toJson(Object object).java
[ERROR] COMPILATION ERROR : 
[INFO] -------------------------------------------------------------
[ERROR] /Users/curtis/Github/Thesis/chatTester/Repos/Zappos_zappos-json/src/test/java/com/zappos/json/ZapposJson_ESTest.java:[42,9] cannot find symbol
  symbol:   class SampleObject
  location: class com.zappos.json.ZapposJson_ESTest
[ERROR] /Users/curtis/Github/Thesis/chatTester/Repos/Zappos_zappos-json/src/test/java/com/zappos/json/ZapposJson_ESTest.java:[42,41] cannot find symbol
  symbol:   class SampleObject
  location: class com.zappos.json.ZapposJson_ESTest
[INFO] 2 errors 
####################

original test path: /Users/curtis/Github/Thesis/chatTester/Repos/Zappos_zappos-json/src/test/java/com/zappos/json/ZapposJson_ESTest.java
[GENERATED PATH] ZapposJson_ESTest#toJson(Object object).java
[ERROR] COMPILATION ERROR : 
[INFO] -------------------------------------------------------------
[ERROR] /Users/curtis/Github/Thesis/chatTester/Repos/Zappos_zappos-json/src/test/java/com/zappos/json/ZapposJson_ESTest.java:[44,9] cannot find symbol
  symbol:   class SampleObject
  location: class com.zappos.json.ZapposJson_ESTest
[ERROR] /Users/curtis/Github/Thesis/chatTester/Repos/Zappos_zappos-json/src/test/java/com/zappos/json/ZapposJson_ESTest.java:[44,41] cannot find symbol
  symbol:   class SampleObject
  location: class com.zappos.json.ZapposJson_ESTest
[INFO] 2 errors 
####################

original test path: /Users/curtis/Github/Thesis/chatTester/Repos/Zappos_zappos-json/src/test/java/com/zappos/json/ZapposJson_ESTest.java
[GENERATED PATH] ZapposJson_ESTest#toJson(Object object).java
[ERROR] COMPILATION ERROR : 
[INFO] -------------------------------------------------------------
[ERROR] /Users/curtis/Github/Thesis/chatTester/Repos/Zappos_zappos-json/src/test/java/com/zappos/json/ZapposJson_ESTest.java:[46,9] cannot find symbol
  symbol:   class SampleObject
  location: class com.zappos.json.ZapposJson_ESTest
[ERROR] /Users/curtis/Github/Thesis/chatTester/Repos/Zappos_zappos-json/src/test/java/com/zappos/json/ZapposJson_ESTest.java:[46,41] cannot find symbol
  symbol:   class SampleObject
  location: class com.zappos.json.ZapposJson_ESTest
[INFO] 2 errors 
####################

original test path: /Users/curtis/Github/Thesis/chatTester/Repos/Zappos_zappos-json/src/test/java/com/zappos/json/ZapposJson_ESTest.java
[GENERATED PATH] ZapposJson_ESTest#toJson(Object object).java
[ERROR] COMPILATION ERROR : 
[INFO] -------------------------------------------------------------
[ERROR] /Users/curtis/Github/Thesis/chatTester/Repos/Zappos_zappos-json/src/test/java/com/zappos/json/ZapposJson_ESTest.java:[60,35] incompatible types: boolean cannot be converted to java.lang.String
[ERROR] /Users/curtis/Github/Thesis/chatTester/Repos/Zappos_zappos-json/src/test/java/com/zappos/json/ZapposJson_ESTest.java:[61,35] incompatible types: boolean cannot be converted to java.lang.String
[ERROR] /Users/curtis/Github/Thesis/chatTester/Repos/Zappos_zappos-json/src/test/java/com/zappos/json/ZapposJson_ESTest.java:[62,35] incompatible types: boolean cannot be converted to java.lang.String
[ERROR] /Users/curtis/Github/Thesis/chatTester/Repos/Zappos_zappos-json/src/test/java/com/zappos/json/ZapposJson_ESTest.java:[63,35] incompatible types: boolean cannot be converted to java.lang.String
[ERROR] /Users/curtis/Github/Thesis/chatTester/Repos/Zappos_zappos-json/src/test/java/com/zappos/json/ZapposJson_ESTest.java:[64,35] incompatible types: boolean cannot be converted to java.lang.String
[ERROR] /Users/curtis/Github/Thesis/chatTester/Repos/Zappos_zappos-json/src/test/java/com/zappos/json/ZapposJson_ESTest.java:[65,35] incompatible types: boolean cannot be converted to java.lang.String
[INFO] 6 errors 
####################

original test path: /Users/curtis/Github/Thesis/chatTester/Repos/Zappos_zappos-json/src/test/java/com/zappos/json/ZapposJson_ESTest.java
[GENERATED PATH] ZapposJson_ESTest#toJson(Object object).java
[ERROR] COMPILATION ERROR : 
[INFO] -------------------------------------------------------------
[ERROR] /Users/curtis/Github/Thesis/chatTester/Repos/Zappos_zappos-json/src/test/java/com/zappos/json/ZapposJson_ESTest.java:[61,35] incompatible types: boolean cannot be converted to java.lang.String
[ERROR] /Users/curtis/Github/Thesis/chatTester/Repos/Zappos_zappos-json/src/test/java/com/zappos/json/ZapposJson_ESTest.java:[62,35] incompatible types: boolean cannot be converted to java.lang.String
[ERROR] /Users/curtis/Github/Thesis/chatTester/Repos/Zappos_zappos-json/src/test/java/com/zappos/json/ZapposJson_ESTest.java:[63,35] incompatible types: boolean cannot be converted to java.lang.String
[INFO] 3 errors 
####################

original test path: /Users/curtis/Github/Thesis/chatTester/Repos/Zappos_zappos-json/src/test/java/com/zappos/json/ZapposJson_ESTest.java
[GENERATED PATH] ZapposJson_ESTest#toJson(Object object).java
[ERROR] COMPILATION ERROR : 
[INFO] -------------------------------------------------------------
[ERROR] /Users/curtis/Github/Thesis/chatTester/Repos/Zappos_zappos-json/src/test/java/com/zappos/json/ZapposJson_ESTest.java:[53,5] cannot find symbol
  symbol:   class Person
  location: class com.zappos.json.ZapposJson_ESTest
[ERROR] /Users/curtis/Github/Thesis/chatTester/Repos/Zappos_zappos-json/src/test/java/com/zappos/json/ZapposJson_ESTest.java:[53,25] cannot find symbol
  symbol:   class Person
  location: class com.zappos.json.ZapposJson_ESTest
[INFO] 2 errors 
####################

original test path: /Users/curtis/Github/Thesis/chatTester/Repos/Zappos_zappos-json/src/test/java/com/zappos/json/ZapposJson_ESTest.java
[GENERATED PATH] ZapposJson_ESTest#toJson(Object object).java
[ERROR] COMPILATION ERROR : 
[INFO] -------------------------------------------------------------
[ERROR] /Users/curtis/Github/Thesis/chatTester/Repos/Zappos_zappos-json/src/test/java/com/zappos/json/ZapposJson_ESTest.java:[66,35] incompatible types: boolean cannot be converted to java.lang.String
[ERROR] /Users/curtis/Github/Thesis/chatTester/Repos/Zappos_zappos-json/src/test/java/com/zappos/json/ZapposJson_ESTest.java:[67,35] incompatible types: boolean cannot be converted to java.lang.String
[ERROR] /Users/curtis/Github/Thesis/chatTester/Repos/Zappos_zappos-json/src/test/java/com/zappos/json/ZapposJson_ESTest.java:[68,35] incompatible types: boolean cannot be converted to java.lang.String
[ERROR] /Users/curtis/Github/Thesis/chatTester/Repos/Zappos_zappos-json/src/test/java/com/zappos/json/ZapposJson_ESTest.java:[69,35] incompatible types: boolean cannot be converted to java.lang.String
[ERROR] /Users/curtis/Github/Thesis/chatTester/Repos/Zappos_zappos-json/src/test/java/com/zappos/json/ZapposJson_ESTest.java:[70,35] incompatible types: boolean cannot be converted to java.lang.String
[ERROR] /Users/curtis/Github/Thesis/chatTester/Repos/Zappos_zappos-json/src/test/java/com/zappos/json/ZapposJson_ESTest.java:[71,35] incompatible types: boolean cannot be converted to java.lang.String
[INFO] 6 errors 
####################

