original test path: /Users/curtis/Github/Thesis/chatTester/Repos/tabulapdf_tabula-java/src/test/java/technology/tabula/TextChunk_ESTest.java
[GENERATED PATH] TextChunk_ESTest#isSameChar(Character() c).java
[ERROR] COMPILATION ERROR : 
[INFO] -------------------------------------------------------------
[ERROR] /Users/curtis/Github/Thesis/chatTester/Repos/tabulapdf_tabula-java/src/test/java/technology/tabula/TextChunk_ESTest.java:[31,35] no suitable constructor found for TextElement(int,int,int,int,java.lang.String)
    constructor technology.tabula.TextElement.TextElement(float,float,float,float,org.apache.pdfbox.pdmodel.font.PDFont,float,java.lang.String,float) is not applicable
      (actual and formal argument lists differ in length)
    constructor technology.tabula.TextElement.TextElement(float,float,float,float,org.apache.pdfbox.pdmodel.font.PDFont,float,java.lang.String,float,float) is not applicable
      (actual and formal argument lists differ in length)
[INFO] 1 error
####################

original test path: /Users/curtis/Github/Thesis/chatTester/Repos/tabulapdf_tabula-java/src/test/java/technology/tabula/TextChunk_ESTest.java
[GENERATED PATH] TextChunk_ESTest#isSameChar(Character() c).java
[ERROR] COMPILATION ERROR : 
[INFO] -------------------------------------------------------------
[ERROR] /Users/curtis/Github/Thesis/chatTester/Repos/tabulapdf_tabula-java/src/test/java/technology/tabula/TextChunk_ESTest.java:[36,8] class, interface, or enum expected
[ERROR] /Users/curtis/Github/Thesis/chatTester/Repos/tabulapdf_tabula-java/src/test/java/technology/tabula/TextChunk_ESTest.java:[39,5] class, interface, or enum expected
[ERROR] /Users/curtis/Github/Thesis/chatTester/Repos/tabulapdf_tabula-java/src/test/java/technology/tabula/TextChunk_ESTest.java:[40,5] class, interface, or enum expected
[ERROR] /Users/curtis/Github/Thesis/chatTester/Repos/tabulapdf_tabula-java/src/test/java/technology/tabula/TextChunk_ESTest.java:[41,5] class, interface, or enum expected
[ERROR] /Users/curtis/Github/Thesis/chatTester/Repos/tabulapdf_tabula-java/src/test/java/technology/tabula/TextChunk_ESTest.java:[44,5] class, interface, or enum expected
[ERROR] /Users/curtis/Github/Thesis/chatTester/Repos/tabulapdf_tabula-java/src/test/java/technology/tabula/TextChunk_ESTest.java:[47,5] class, interface, or enum expected
[ERROR] /Users/curtis/Github/Thesis/chatTester/Repos/tabulapdf_tabula-java/src/test/java/technology/tabula/TextChunk_ESTest.java:[48,5] class, interface, or enum expected
[ERROR] /Users/curtis/Github/Thesis/chatTester/Repos/tabulapdf_tabula-java/src/test/java/technology/tabula/TextChunk_ESTest.java:[49,5] class, interface, or enum expected
[ERROR] /Users/curtis/Github/Thesis/chatTester/Repos/tabulapdf_tabula-java/src/test/java/technology/tabula/TextChunk_ESTest.java:[50,1] class, interface, or enum expected
[INFO] 9 errors 
####################

original test path: /Users/curtis/Github/Thesis/chatTester/Repos/tabulapdf_tabula-java/src/test/java/technology/tabula/TextChunk_ESTest.java
[GENERATED PATH] TextChunk_ESTest#isSameChar(Character() c).java
[ERROR] COMPILATION ERROR : 
[INFO] -------------------------------------------------------------
[ERROR] /Users/curtis/Github/Thesis/chatTester/Repos/tabulapdf_tabula-java/src/test/java/technology/tabula/TextChunk_ESTest.java:[33,35] no suitable constructor found for TextElement(int,int,int,int,java.lang.String)
    constructor technology.tabula.TextElement.TextElement(float,float,float,float,org.apache.pdfbox.pdmodel.font.PDFont,float,java.lang.String,float) is not applicable
      (actual and formal argument lists differ in length)
    constructor technology.tabula.TextElement.TextElement(float,float,float,float,org.apache.pdfbox.pdmodel.font.PDFont,float,java.lang.String,float,float) is not applicable
      (actual and formal argument lists differ in length)
[INFO] 1 error
####################

original test path: /Users/curtis/Github/Thesis/chatTester/Repos/tabulapdf_tabula-java/src/test/java/technology/tabula/TextChunk_ESTest.java
[GENERATED PATH] TextChunk_ESTest#isSameChar(Character() c).java
[ERROR] COMPILATION ERROR : 
[INFO] -------------------------------------------------------------
[ERROR] /Users/curtis/Github/Thesis/chatTester/Repos/tabulapdf_tabula-java/src/test/java/technology/tabula/TextChunk_ESTest.java:[33,35] no suitable constructor found for TextElement(int,int,int,int,java.lang.String)
    constructor technology.tabula.TextElement.TextElement(float,float,float,float,org.apache.pdfbox.pdmodel.font.PDFont,float,java.lang.String,float) is not applicable
      (actual and formal argument lists differ in length)
    constructor technology.tabula.TextElement.TextElement(float,float,float,float,org.apache.pdfbox.pdmodel.font.PDFont,float,java.lang.String,float,float) is not applicable
      (actual and formal argument lists differ in length)
[INFO] 1 error
####################

original test path: /Users/curtis/Github/Thesis/chatTester/Repos/tabulapdf_tabula-java/src/test/java/technology/tabula/TextChunk_ESTest.java
[GENERATED PATH] TextChunk_ESTest#isSameChar(Character() c).java
[ERROR] COMPILATION ERROR : 
[INFO] -------------------------------------------------------------
[ERROR] /Users/curtis/Github/Thesis/chatTester/Repos/tabulapdf_tabula-java/src/test/java/technology/tabula/TextChunk_ESTest.java:[34,31] no suitable constructor found for TextElement(int,int,int,int,java.lang.String)
    constructor technology.tabula.TextElement.TextElement(float,float,float,float,org.apache.pdfbox.pdmodel.font.PDFont,float,java.lang.String,float) is not applicable
      (actual and formal argument lists differ in length)
    constructor technology.tabula.TextElement.TextElement(float,float,float,float,org.apache.pdfbox.pdmodel.font.PDFont,float,java.lang.String,float,float) is not applicable
      (actual and formal argument lists differ in length)
[INFO] 1 error
####################

