original test path: /Users/curtis/Github/Thesis/chatTester/Repos/Zappos_zappos-json/src/test/java/com/zappos/json/format/AbstractValueFormatter_ESTest.java
[GENERATED PATH] AbstractValueFormatter_ESTest#getPattern().java
[ERROR] COMPILATION ERROR : 
[INFO] -------------------------------------------------------------
[ERROR] /Users/curtis/Github/Thesis/chatTester/Repos/Zappos_zappos-json/src/test/java/com/zappos/json/format/AbstractValueFormatter_ESTest.java:[38,35] cannot find symbol
  symbol: class T
[ERROR] /Users/curtis/Github/Thesis/chatTester/Repos/Zappos_zappos-json/src/test/java/com/zappos/json/format/AbstractValueFormatter_ESTest.java:[31,73] <anonymous com.zappos.json.format.AbstractValueFormatter_ESTest$1> is not abstract and does not override abstract method newInstance() in com.zappos.json.format.ValueFormatter
[INFO] 2 errors 
####################

original test path: /Users/curtis/Github/Thesis/chatTester/Repos/Zappos_zappos-json/src/test/java/com/zappos/json/format/AbstractValueFormatter_ESTest.java
[GENERATED PATH] AbstractValueFormatter_ESTest#getPattern().java
[ERROR] COMPILATION ERROR : 
[INFO] -------------------------------------------------------------
[ERROR] /Users/curtis/Github/Thesis/chatTester/Repos/Zappos_zappos-json/src/test/java/com/zappos/json/format/AbstractValueFormatter_ESTest.java:[34,69] <anonymous com.zappos.json.format.AbstractValueFormatter_ESTest$1> is not abstract and does not override abstract method newInstance() in com.zappos.json.format.ValueFormatter
[ERROR] /Users/curtis/Github/Thesis/chatTester/Repos/Zappos_zappos-json/src/test/java/com/zappos/json/format/AbstractValueFormatter_ESTest.java:[39,9] method does not override or implement a method from a supertype
[INFO] 2 errors 
####################

original test path: /Users/curtis/Github/Thesis/chatTester/Repos/Zappos_zappos-json/src/test/java/com/zappos/json/format/AbstractValueFormatter_ESTest.java
[GENERATED PATH] AbstractValueFormatter_ESTest#getPattern().java
[ERROR] COMPILATION ERROR : 
[INFO] -------------------------------------------------------------
[ERROR] /Users/curtis/Github/Thesis/chatTester/Repos/Zappos_zappos-json/src/test/java/com/zappos/json/format/AbstractValueFormatter_ESTest.java:[37,69] <anonymous com.zappos.json.format.AbstractValueFormatter_ESTest$1> is not abstract and does not override abstract method parse(com.zappos.json.ZapposJson,java.lang.String) in com.zappos.json.format.ValueFormatter
[ERROR] /Users/curtis/Github/Thesis/chatTester/Repos/Zappos_zappos-json/src/test/java/com/zappos/json/format/AbstractValueFormatter_ESTest.java:[44,9] method does not override or implement a method from a supertype
[INFO] 2 errors 
####################

original test path: /Users/curtis/Github/Thesis/chatTester/Repos/Zappos_zappos-json/src/test/java/com/zappos/json/format/AbstractValueFormatter_ESTest.java
[GENERATED PATH] AbstractValueFormatter_ESTest#getPattern().java
[ERROR] COMPILATION ERROR : 
[INFO] -------------------------------------------------------------
[ERROR] /Users/curtis/Github/Thesis/chatTester/Repos/Zappos_zappos-json/src/test/java/com/zappos/json/format/AbstractValueFormatter_ESTest.java:[39,73] <anonymous com.zappos.json.format.AbstractValueFormatter_ESTest$1> is not abstract and does not override abstract method newInstance() in com.zappos.json.format.ValueFormatter
[ERROR] /Users/curtis/Github/Thesis/chatTester/Repos/Zappos_zappos-json/src/test/java/com/zappos/json/format/AbstractValueFormatter_ESTest.java:[45,38] pattern has private access in com.zappos.json.format.AbstractValueFormatter
[INFO] 2 errors 
####################

original test path: /Users/curtis/Github/Thesis/chatTester/Repos/Zappos_zappos-json/src/test/java/com/zappos/json/format/AbstractValueFormatter_ESTest.java
[GENERATED PATH] AbstractValueFormatter_ESTest#getPattern().java
[ERROR] COMPILATION ERROR : 
[INFO] -------------------------------------------------------------
[ERROR] /Users/curtis/Github/Thesis/chatTester/Repos/Zappos_zappos-json/src/test/java/com/zappos/json/format/AbstractValueFormatter_ESTest.java:[40,73] <anonymous com.zappos.json.format.AbstractValueFormatter_ESTest$1> is not abstract and does not override abstract method newInstance() in com.zappos.json.format.ValueFormatter
[ERROR] /Users/curtis/Github/Thesis/chatTester/Repos/Zappos_zappos-json/src/test/java/com/zappos/json/format/AbstractValueFormatter_ESTest.java:[43,29] pattern has private access in com.zappos.json.format.AbstractValueFormatter
[ERROR] /Users/curtis/Github/Thesis/chatTester/Repos/Zappos_zappos-json/src/test/java/com/zappos/json/format/AbstractValueFormatter_ESTest.java:[47,40] pattern has private access in com.zappos.json.format.AbstractValueFormatter
[INFO] 3 errors 
####################

