original test path: /Users/curtis/Github/Thesis/chatTester/Repos/Zappos_zappos-json/src/test/java/com/zappos/json/format/AbstractValueFormatter_ESTest.java
[GENERATED PATH] AbstractValueFormatter_ESTest#toJsonValue(ZapposJson zapposJson, String value).java
[ERROR] COMPILATION ERROR : 
[INFO] -------------------------------------------------------------
[ERROR] /Users/curtis/Github/Thesis/chatTester/Repos/Zappos_zappos-json/src/test/java/com/zappos/json/format/AbstractValueFormatter_ESTest.java:[9,26] package org.mockito does not exist
[ERROR] /Users/curtis/Github/Thesis/chatTester/Repos/Zappos_zappos-json/src/test/java/com/zappos/json/format/AbstractValueFormatter_ESTest.java:[9,1] static import only from classes and interfaces
[ERROR] /Users/curtis/Github/Thesis/chatTester/Repos/Zappos_zappos-json/src/test/java/com/zappos/json/format/AbstractValueFormatter_ESTest.java:[34,33] cannot find symbol
  symbol:   method mock(java.lang.Class<com.zappos.json.ZapposJson>)
  location: class com.zappos.json.format.AbstractValueFormatter_ESTest
[ERROR] /Users/curtis/Github/Thesis/chatTester/Repos/Zappos_zappos-json/src/test/java/com/zappos/json/format/AbstractValueFormatter_ESTest.java:[35,73] <anonymous com.zappos.json.format.AbstractValueFormatter_ESTest$1> is not abstract and does not override abstract method newInstance() in com.zappos.json.format.ValueFormatter
[ERROR] /Users/curtis/Github/Thesis/chatTester/Repos/Zappos_zappos-json/src/test/java/com/zappos/json/format/AbstractValueFormatter_ESTest.java:[38,21] jsString has private access in com.zappos.json.format.AbstractValueFormatter
[ERROR] /Users/curtis/Github/Thesis/chatTester/Repos/Zappos_zappos-json/src/test/java/com/zappos/json/format/AbstractValueFormatter_ESTest.java:[43,24] jsString has private access in com.zappos.json.format.AbstractValueFormatter
[INFO] 6 errors 
####################

original test path: /Users/curtis/Github/Thesis/chatTester/Repos/Zappos_zappos-json/src/test/java/com/zappos/json/format/AbstractValueFormatter_ESTest.java
[GENERATED PATH] AbstractValueFormatter_ESTest#toJsonValue(ZapposJson zapposJson, String value).java
[ERROR] COMPILATION ERROR : 
[INFO] -------------------------------------------------------------
[ERROR] /Users/curtis/Github/Thesis/chatTester/Repos/Zappos_zappos-json/src/test/java/com/zappos/json/format/AbstractValueFormatter_ESTest.java:[7,26] package org.mockito does not exist
[ERROR] /Users/curtis/Github/Thesis/chatTester/Repos/Zappos_zappos-json/src/test/java/com/zappos/json/format/AbstractValueFormatter_ESTest.java:[12,26] package org.mockito does not exist
[ERROR] /Users/curtis/Github/Thesis/chatTester/Repos/Zappos_zappos-json/src/test/java/com/zappos/json/format/AbstractValueFormatter_ESTest.java:[12,1] static import only from classes and interfaces
[ERROR] /Users/curtis/Github/Thesis/chatTester/Repos/Zappos_zappos-json/src/test/java/com/zappos/json/format/AbstractValueFormatter_ESTest.java:[38,33] cannot find symbol
  symbol:   method mock(java.lang.Class<com.zappos.json.ZapposJson>)
  location: class com.zappos.json.format.AbstractValueFormatter_ESTest
[ERROR] /Users/curtis/Github/Thesis/chatTester/Repos/Zappos_zappos-json/src/test/java/com/zappos/json/format/AbstractValueFormatter_ESTest.java:[42,78] cannot find symbol
  symbol: class StringWriter
[ERROR] /Users/curtis/Github/Thesis/chatTester/Repos/Zappos_zappos-json/src/test/java/com/zappos/json/format/AbstractValueFormatter_ESTest.java:[40,73] <anonymous com.zappos.json.format.AbstractValueFormatter_ESTest$1> is not abstract and does not override abstract method newInstance() in com.zappos.json.format.ValueFormatter
[ERROR] /Users/curtis/Github/Thesis/chatTester/Repos/Zappos_zappos-json/src/test/java/com/zappos/json/format/AbstractValueFormatter_ESTest.java:[41,13] method does not override or implement a method from a supertype
[INFO] 7 errors 
####################

original test path: /Users/curtis/Github/Thesis/chatTester/Repos/Zappos_zappos-json/src/test/java/com/zappos/json/format/AbstractValueFormatter_ESTest.java
[GENERATED PATH] AbstractValueFormatter_ESTest#toJsonValue(ZapposJson zapposJson, String value).java
[ERROR] COMPILATION ERROR : 
[INFO] -------------------------------------------------------------
[ERROR] /Users/curtis/Github/Thesis/chatTester/Repos/Zappos_zappos-json/src/test/java/com/zappos/json/format/AbstractValueFormatter_ESTest.java:[44,35] '(' expected
[ERROR] /Users/curtis/Github/Thesis/chatTester/Repos/Zappos_zappos-json/src/test/java/com/zappos/json/format/AbstractValueFormatter_ESTest.java:[44,36] invalid method declaration; return type required
[INFO] 2 errors 
####################

original test path: /Users/curtis/Github/Thesis/chatTester/Repos/Zappos_zappos-json/src/test/java/com/zappos/json/format/AbstractValueFormatter_ESTest.java
[GENERATED PATH] AbstractValueFormatter_ESTest#toJsonValue(ZapposJson zapposJson, String value).java
[ERROR] COMPILATION ERROR : 
[INFO] -------------------------------------------------------------
[ERROR] /Users/curtis/Github/Thesis/chatTester/Repos/Zappos_zappos-json/src/test/java/com/zappos/json/format/AbstractValueFormatter_ESTest.java:[9,26] package org.mockito does not exist
[ERROR] /Users/curtis/Github/Thesis/chatTester/Repos/Zappos_zappos-json/src/test/java/com/zappos/json/format/AbstractValueFormatter_ESTest.java:[14,26] package org.mockito does not exist
[ERROR] /Users/curtis/Github/Thesis/chatTester/Repos/Zappos_zappos-json/src/test/java/com/zappos/json/format/AbstractValueFormatter_ESTest.java:[14,1] static import only from classes and interfaces
[ERROR] /Users/curtis/Github/Thesis/chatTester/Repos/Zappos_zappos-json/src/test/java/com/zappos/json/format/AbstractValueFormatter_ESTest.java:[41,29] cannot find symbol
  symbol:   method mock(java.lang.Class<com.zappos.json.ZapposJson>)
  location: class com.zappos.json.format.AbstractValueFormatter_ESTest
[ERROR] /Users/curtis/Github/Thesis/chatTester/Repos/Zappos_zappos-json/src/test/java/com/zappos/json/format/AbstractValueFormatter_ESTest.java:[45,70] cannot find symbol
  symbol: class StringWriter
[ERROR] /Users/curtis/Github/Thesis/chatTester/Repos/Zappos_zappos-json/src/test/java/com/zappos/json/format/AbstractValueFormatter_ESTest.java:[43,69] <anonymous com.zappos.json.format.AbstractValueFormatter_ESTest$1> is not abstract and does not override abstract method newInstance() in com.zappos.json.format.ValueFormatter
[ERROR] /Users/curtis/Github/Thesis/chatTester/Repos/Zappos_zappos-json/src/test/java/com/zappos/json/format/AbstractValueFormatter_ESTest.java:[44,9] method does not override or implement a method from a supertype
[INFO] 7 errors 
####################

original test path: /Users/curtis/Github/Thesis/chatTester/Repos/Zappos_zappos-json/src/test/java/com/zappos/json/format/AbstractValueFormatter_ESTest.java
[GENERATED PATH] AbstractValueFormatter_ESTest#toJsonValue(ZapposJson zapposJson, String value).java
[ERROR] COMPILATION ERROR : 
[INFO] -------------------------------------------------------------
[ERROR] /Users/curtis/Github/Thesis/chatTester/Repos/Zappos_zappos-json/src/test/java/com/zappos/json/format/AbstractValueFormatter_ESTest.java:[10,26] package org.mockito does not exist
[ERROR] /Users/curtis/Github/Thesis/chatTester/Repos/Zappos_zappos-json/src/test/java/com/zappos/json/format/AbstractValueFormatter_ESTest.java:[15,26] package org.mockito does not exist
[ERROR] /Users/curtis/Github/Thesis/chatTester/Repos/Zappos_zappos-json/src/test/java/com/zappos/json/format/AbstractValueFormatter_ESTest.java:[15,1] static import only from classes and interfaces
[ERROR] /Users/curtis/Github/Thesis/chatTester/Repos/Zappos_zappos-json/src/test/java/com/zappos/json/format/AbstractValueFormatter_ESTest.java:[44,33] cannot find symbol
  symbol:   method mock(java.lang.Class<com.zappos.json.ZapposJson>)
  location: class com.zappos.json.format.AbstractValueFormatter_ESTest
[ERROR] /Users/curtis/Github/Thesis/chatTester/Repos/Zappos_zappos-json/src/test/java/com/zappos/json/format/AbstractValueFormatter_ESTest.java:[46,73] <anonymous com.zappos.json.format.AbstractValueFormatter_ESTest$1> is not abstract and does not override abstract method newInstance() in com.zappos.json.format.ValueFormatter
[INFO] 5 errors 
####################

original test path: /Users/curtis/Github/Thesis/chatTester/Repos/Zappos_zappos-json/src/test/java/com/zappos/json/format/AbstractValueFormatter_ESTest.java
[GENERATED PATH] AbstractValueFormatter_ESTest#toJsonValue(ZapposJson zapposJson, String value).java
[ERROR] COMPILATION ERROR : 
[INFO] -------------------------------------------------------------
[ERROR] /Users/curtis/Github/Thesis/chatTester/Repos/Zappos_zappos-json/src/test/java/com/zappos/json/format/AbstractValueFormatter_ESTest.java:[11,26] package org.mockito does not exist
[ERROR] /Users/curtis/Github/Thesis/chatTester/Repos/Zappos_zappos-json/src/test/java/com/zappos/json/format/AbstractValueFormatter_ESTest.java:[16,26] package org.mockito does not exist
[ERROR] /Users/curtis/Github/Thesis/chatTester/Repos/Zappos_zappos-json/src/test/java/com/zappos/json/format/AbstractValueFormatter_ESTest.java:[16,1] static import only from classes and interfaces
[ERROR] /Users/curtis/Github/Thesis/chatTester/Repos/Zappos_zappos-json/src/test/java/com/zappos/json/format/AbstractValueFormatter_ESTest.java:[46,33] cannot find symbol
  symbol:   method mock(java.lang.Class<com.zappos.json.ZapposJson>)
  location: class com.zappos.json.format.AbstractValueFormatter_ESTest
[ERROR] /Users/curtis/Github/Thesis/chatTester/Repos/Zappos_zappos-json/src/test/java/com/zappos/json/format/AbstractValueFormatter_ESTest.java:[48,73] <anonymous com.zappos.json.format.AbstractValueFormatter_ESTest$1> is not abstract and does not override abstract method newInstance() in com.zappos.json.format.ValueFormatter
[INFO] 5 errors 
####################

original test path: /Users/curtis/Github/Thesis/chatTester/Repos/Zappos_zappos-json/src/test/java/com/zappos/json/format/AbstractValueFormatter_ESTest.java
[GENERATED PATH] AbstractValueFormatter_ESTest#toJsonValue(ZapposJson zapposJson, String value).java
[ERROR] COMPILATION ERROR : 
[INFO] -------------------------------------------------------------
[ERROR] /Users/curtis/Github/Thesis/chatTester/Repos/Zappos_zappos-json/src/test/java/com/zappos/json/format/AbstractValueFormatter_ESTest.java:[52,35] '(' expected
[ERROR] /Users/curtis/Github/Thesis/chatTester/Repos/Zappos_zappos-json/src/test/java/com/zappos/json/format/AbstractValueFormatter_ESTest.java:[52,36] invalid method declaration; return type required
[INFO] 2 errors 
####################

original test path: /Users/curtis/Github/Thesis/chatTester/Repos/Zappos_zappos-json/src/test/java/com/zappos/json/format/AbstractValueFormatter_ESTest.java
[GENERATED PATH] AbstractValueFormatter_ESTest#toJsonValue(ZapposJson zapposJson, String value).java
[ERROR] COMPILATION ERROR : 
[INFO] -------------------------------------------------------------
[ERROR] /Users/curtis/Github/Thesis/chatTester/Repos/Zappos_zappos-json/src/test/java/com/zappos/json/format/AbstractValueFormatter_ESTest.java:[13,26] package org.mockito does not exist
[ERROR] /Users/curtis/Github/Thesis/chatTester/Repos/Zappos_zappos-json/src/test/java/com/zappos/json/format/AbstractValueFormatter_ESTest.java:[18,26] package org.mockito does not exist
[ERROR] /Users/curtis/Github/Thesis/chatTester/Repos/Zappos_zappos-json/src/test/java/com/zappos/json/format/AbstractValueFormatter_ESTest.java:[18,1] static import only from classes and interfaces
[ERROR] /Users/curtis/Github/Thesis/chatTester/Repos/Zappos_zappos-json/src/test/java/com/zappos/json/format/AbstractValueFormatter_ESTest.java:[50,33] cannot find symbol
  symbol:   method mock(java.lang.Class<com.zappos.json.ZapposJson>)
  location: class com.zappos.json.format.AbstractValueFormatter_ESTest
[ERROR] /Users/curtis/Github/Thesis/chatTester/Repos/Zappos_zappos-json/src/test/java/com/zappos/json/format/AbstractValueFormatter_ESTest.java:[52,73] <anonymous com.zappos.json.format.AbstractValueFormatter_ESTest$1> is not abstract and does not override abstract method newInstance() in com.zappos.json.format.ValueFormatter
[ERROR] /Users/curtis/Github/Thesis/chatTester/Repos/Zappos_zappos-json/src/test/java/com/zappos/json/format/AbstractValueFormatter_ESTest.java:[54,17] jsString has private access in com.zappos.json.format.AbstractValueFormatter
[ERROR] /Users/curtis/Github/Thesis/chatTester/Repos/Zappos_zappos-json/src/test/java/com/zappos/json/format/AbstractValueFormatter_ESTest.java:[63,50] cannot find symbol
  symbol:   method eq(java.lang.String)
  location: class com.zappos.json.format.AbstractValueFormatter_ESTest
[ERROR] /Users/curtis/Github/Thesis/chatTester/Repos/Zappos_zappos-json/src/test/java/com/zappos/json/format/AbstractValueFormatter_ESTest.java:[63,61] cannot find symbol
  symbol:   method any()
  location: class com.zappos.json.format.AbstractValueFormatter_ESTest
[ERROR] /Users/curtis/Github/Thesis/chatTester/Repos/Zappos_zappos-json/src/test/java/com/zappos/json/format/AbstractValueFormatter_ESTest.java:[63,28] cannot find symbol
  symbol:   method times(int)
  location: class com.zappos.json.format.AbstractValueFormatter_ESTest
[INFO] 9 errors 
####################

original test path: /Users/curtis/Github/Thesis/chatTester/Repos/Zappos_zappos-json/src/test/java/com/zappos/json/format/AbstractValueFormatter_ESTest.java
[GENERATED PATH] AbstractValueFormatter_ESTest#toJsonValue(ZapposJson zapposJson, String value).java
[ERROR] COMPILATION ERROR : 
[INFO] -------------------------------------------------------------
[ERROR] /Users/curtis/Github/Thesis/chatTester/Repos/Zappos_zappos-json/src/test/java/com/zappos/json/format/AbstractValueFormatter_ESTest.java:[14,26] package org.mockito does not exist
[ERROR] /Users/curtis/Github/Thesis/chatTester/Repos/Zappos_zappos-json/src/test/java/com/zappos/json/format/AbstractValueFormatter_ESTest.java:[19,26] package org.mockito does not exist
[ERROR] /Users/curtis/Github/Thesis/chatTester/Repos/Zappos_zappos-json/src/test/java/com/zappos/json/format/AbstractValueFormatter_ESTest.java:[19,1] static import only from classes and interfaces
[ERROR] /Users/curtis/Github/Thesis/chatTester/Repos/Zappos_zappos-json/src/test/java/com/zappos/json/format/AbstractValueFormatter_ESTest.java:[52,33] cannot find symbol
  symbol:   method mock(java.lang.Class<com.zappos.json.ZapposJson>)
  location: class com.zappos.json.format.AbstractValueFormatter_ESTest
[ERROR] /Users/curtis/Github/Thesis/chatTester/Repos/Zappos_zappos-json/src/test/java/com/zappos/json/format/AbstractValueFormatter_ESTest.java:[56,78] cannot find symbol
  symbol: class StringWriter
[ERROR] /Users/curtis/Github/Thesis/chatTester/Repos/Zappos_zappos-json/src/test/java/com/zappos/json/format/AbstractValueFormatter_ESTest.java:[54,73] <anonymous com.zappos.json.format.AbstractValueFormatter_ESTest$1> is not abstract and does not override abstract method newInstance() in com.zappos.json.format.ValueFormatter
[ERROR] /Users/curtis/Github/Thesis/chatTester/Repos/Zappos_zappos-json/src/test/java/com/zappos/json/format/AbstractValueFormatter_ESTest.java:[55,13] method does not override or implement a method from a supertype
[INFO] 7 errors 
####################

original test path: /Users/curtis/Github/Thesis/chatTester/Repos/Zappos_zappos-json/src/test/java/com/zappos/json/format/AbstractValueFormatter_ESTest.java
[GENERATED PATH] AbstractValueFormatter_ESTest#toJsonValue(ZapposJson zapposJson, String value).java
[ERROR] COMPILATION ERROR : 
[INFO] -------------------------------------------------------------
[ERROR] /Users/curtis/Github/Thesis/chatTester/Repos/Zappos_zappos-json/src/test/java/com/zappos/json/format/AbstractValueFormatter_ESTest.java:[15,26] package org.mockito does not exist
[ERROR] /Users/curtis/Github/Thesis/chatTester/Repos/Zappos_zappos-json/src/test/java/com/zappos/json/format/AbstractValueFormatter_ESTest.java:[20,26] package org.mockito does not exist
[ERROR] /Users/curtis/Github/Thesis/chatTester/Repos/Zappos_zappos-json/src/test/java/com/zappos/json/format/AbstractValueFormatter_ESTest.java:[20,1] static import only from classes and interfaces
[ERROR] /Users/curtis/Github/Thesis/chatTester/Repos/Zappos_zappos-json/src/test/java/com/zappos/json/format/AbstractValueFormatter_ESTest.java:[54,33] cannot find symbol
  symbol:   method mock(java.lang.Class<com.zappos.json.ZapposJson>)
  location: class com.zappos.json.format.AbstractValueFormatter_ESTest
[ERROR] /Users/curtis/Github/Thesis/chatTester/Repos/Zappos_zappos-json/src/test/java/com/zappos/json/format/AbstractValueFormatter_ESTest.java:[56,73] <anonymous com.zappos.json.format.AbstractValueFormatter_ESTest$1> is not abstract and does not override abstract method newInstance() in com.zappos.json.format.ValueFormatter
[INFO] 5 errors 
####################

