original test path: /Users/curtis/Github/Thesis/chatTester/Repos/Zappos_zappos-json/src/test/java/com/zappos/json/JsonWriterCodeGenerator_ESTest.java
[GENERATED PATH] JsonWriterCodeGenerator_ESTest#deregisterAll().java
[ERROR] COMPILATION ERROR : 
[INFO] -------------------------------------------------------------
[ERROR] /Users/curtis/Github/Thesis/chatTester/Repos/Zappos_zappos-json/src/test/java/com/zappos/json/JsonWriterCodeGenerator_ESTest.java:[9,26] package org.mockito does not exist
[ERROR] /Users/curtis/Github/Thesis/chatTester/Repos/Zappos_zappos-json/src/test/java/com/zappos/json/JsonWriterCodeGenerator_ESTest.java:[27,33] cannot find symbol
  symbol:   method mock(java.lang.Class<com.zappos.json.ZapposJson>)
  location: class com.zappos.json.JsonWriterCodeGenerator_ESTest
[ERROR] /Users/curtis/Github/Thesis/chatTester/Repos/Zappos_zappos-json/src/test/java/com/zappos/json/JsonWriterCodeGenerator_ESTest.java:[28,49] cannot find symbol
  symbol:   method mock(java.lang.Class<com.zappos.json.JsonBeanIntrospector>)
  location: class com.zappos.json.JsonWriterCodeGenerator_ESTest
[ERROR] /Users/curtis/Github/Thesis/chatTester/Repos/Zappos_zappos-json/src/test/java/com/zappos/json/JsonWriterCodeGenerator_ESTest.java:[32,72] cannot find symbol
  symbol:   method mock(java.lang.Class<com.zappos.json.JsonWriterInvoker>)
  location: class com.zappos.json.JsonWriterCodeGenerator_ESTest
[ERROR] /Users/curtis/Github/Thesis/chatTester/Repos/Zappos_zappos-json/src/test/java/com/zappos/json/JsonWriterCodeGenerator_ESTest.java:[32,32] JSON_WRITER_INVOKERS has private access in com.zappos.json.JsonWriterCodeGenerator
[ERROR] /Users/curtis/Github/Thesis/chatTester/Repos/Zappos_zappos-json/src/test/java/com/zappos/json/JsonWriterCodeGenerator_ESTest.java:[33,73] cannot find symbol
  symbol:   method mock(java.lang.Class<com.zappos.json.JsonWriterInvoker>)
  location: class com.zappos.json.JsonWriterCodeGenerator_ESTest
[ERROR] /Users/curtis/Github/Thesis/chatTester/Repos/Zappos_zappos-json/src/test/java/com/zappos/json/JsonWriterCodeGenerator_ESTest.java:[33,32] JSON_WRITER_INVOKERS has private access in com.zappos.json.JsonWriterCodeGenerator
[ERROR] /Users/curtis/Github/Thesis/chatTester/Repos/Zappos_zappos-json/src/test/java/com/zappos/json/JsonWriterCodeGenerator_ESTest.java:[39,48] JSON_WRITER_INVOKERS has private access in com.zappos.json.JsonWriterCodeGenerator
[INFO] 8 errors 
####################

original test path: /Users/curtis/Github/Thesis/chatTester/Repos/Zappos_zappos-json/src/test/java/com/zappos/json/JsonWriterCodeGenerator_ESTest.java
[GENERATED PATH] JsonWriterCodeGenerator_ESTest#deregisterAll().java
[ERROR] COMPILATION ERROR : 
[INFO] -------------------------------------------------------------
[ERROR] /Users/curtis/Github/Thesis/chatTester/Repos/Zappos_zappos-json/src/test/java/com/zappos/json/JsonWriterCodeGenerator_ESTest.java:[11,26] package org.mockito does not exist
[ERROR] /Users/curtis/Github/Thesis/chatTester/Repos/Zappos_zappos-json/src/test/java/com/zappos/json/JsonWriterCodeGenerator_ESTest.java:[30,49] constructor JsonBeanIntrospector in class com.zappos.json.JsonBeanIntrospector cannot be applied to given types;
  required: com.zappos.json.ZapposJson
  found: no arguments
  reason: actual and formal argument lists differ in length
[ERROR] /Users/curtis/Github/Thesis/chatTester/Repos/Zappos_zappos-json/src/test/java/com/zappos/json/JsonWriterCodeGenerator_ESTest.java:[31,9] cannot find symbol
  symbol:   variable jsonWriterCodeGenerator
  location: class com.zappos.json.JsonWriterCodeGenerator_ESTest
[INFO] 3 errors 
####################

original test path: /Users/curtis/Github/Thesis/chatTester/Repos/Zappos_zappos-json/src/test/java/com/zappos/json/JsonWriterCodeGenerator_ESTest.java
[GENERATED PATH] JsonWriterCodeGenerator_ESTest#deregisterAll().java
[ERROR] COMPILATION ERROR : 
[INFO] -------------------------------------------------------------
[ERROR] /Users/curtis/Github/Thesis/chatTester/Repos/Zappos_zappos-json/src/test/java/com/zappos/json/JsonWriterCodeGenerator_ESTest.java:[12,26] package org.mockito does not exist
[ERROR] /Users/curtis/Github/Thesis/chatTester/Repos/Zappos_zappos-json/src/test/java/com/zappos/json/JsonWriterCodeGenerator_ESTest.java:[32,105] constructor JsonBeanIntrospector in class com.zappos.json.JsonBeanIntrospector cannot be applied to given types;
  required: com.zappos.json.ZapposJson
  found: no arguments
  reason: actual and formal argument lists differ in length
[ERROR] /Users/curtis/Github/Thesis/chatTester/Repos/Zappos_zappos-json/src/test/java/com/zappos/json/JsonWriterCodeGenerator_ESTest.java:[38,48] JSON_WRITER_INVOKERS has private access in com.zappos.json.JsonWriterCodeGenerator
[INFO] 3 errors 
####################

original test path: /Users/curtis/Github/Thesis/chatTester/Repos/Zappos_zappos-json/src/test/java/com/zappos/json/JsonWriterCodeGenerator_ESTest.java
[GENERATED PATH] JsonWriterCodeGenerator_ESTest#deregisterAll().java
[ERROR] COMPILATION ERROR : 
[INFO] -------------------------------------------------------------
[ERROR] /Users/curtis/Github/Thesis/chatTester/Repos/Zappos_zappos-json/src/test/java/com/zappos/json/JsonWriterCodeGenerator_ESTest.java:[14,26] package org.mockito does not exist
[ERROR] /Users/curtis/Github/Thesis/chatTester/Repos/Zappos_zappos-json/src/test/java/com/zappos/json/JsonWriterCodeGenerator_ESTest.java:[35,105] constructor JsonBeanIntrospector in class com.zappos.json.JsonBeanIntrospector cannot be applied to given types;
  required: com.zappos.json.ZapposJson
  found: no arguments
  reason: actual and formal argument lists differ in length
[ERROR] /Users/curtis/Github/Thesis/chatTester/Repos/Zappos_zappos-json/src/test/java/com/zappos/json/JsonWriterCodeGenerator_ESTest.java:[36,86] JSON_WRITER_INVOKERS has private access in com.zappos.json.JsonWriterCodeGenerator
[INFO] 3 errors 
####################

original test path: /Users/curtis/Github/Thesis/chatTester/Repos/Zappos_zappos-json/src/test/java/com/zappos/json/JsonWriterCodeGenerator_ESTest.java
[GENERATED PATH] JsonWriterCodeGenerator_ESTest#deregisterAll().java
[ERROR] COMPILATION ERROR : 
[INFO] -------------------------------------------------------------
[ERROR] /Users/curtis/Github/Thesis/chatTester/Repos/Zappos_zappos-json/src/test/java/com/zappos/json/JsonWriterCodeGenerator_ESTest.java:[15,26] package org.mockito does not exist
[ERROR] /Users/curtis/Github/Thesis/chatTester/Repos/Zappos_zappos-json/src/test/java/com/zappos/json/JsonWriterCodeGenerator_ESTest.java:[37,105] constructor JsonBeanIntrospector in class com.zappos.json.JsonBeanIntrospector cannot be applied to given types;
  required: com.zappos.json.ZapposJson
  found: no arguments
  reason: actual and formal argument lists differ in length
[ERROR] /Users/curtis/Github/Thesis/chatTester/Repos/Zappos_zappos-json/src/test/java/com/zappos/json/JsonWriterCodeGenerator_ESTest.java:[38,86] JSON_WRITER_INVOKERS has private access in com.zappos.json.JsonWriterCodeGenerator
[ERROR] /Users/curtis/Github/Thesis/chatTester/Repos/Zappos_zappos-json/src/test/java/com/zappos/json/JsonWriterCodeGenerator_ESTest.java:[39,46] constructor JsonWriterInvoker in class com.zappos.json.JsonWriterInvoker cannot be applied to given types;
  required: java.lang.Class<?>,java.lang.Object
  found: no arguments
  reason: actual and formal argument lists differ in length
[INFO] 4 errors 
####################

