original test path: /Users/curtis/Github/Thesis/chatTester/Repos/Zappos_zappos-json/src/test/java/com/zappos/json/util/JsonUtils_ESTest.java
[GENERATED PATH] JsonUtils_ESTest#unescape(ZapposJson zapposJson, CharSequence value, Writer writer).java
[ERROR] COMPILATION ERROR : 
[INFO] -------------------------------------------------------------
[ERROR] /Users/curtis/Github/Thesis/chatTester/Repos/Zappos_zappos-json/src/test/java/com/zappos/json/util/JsonUtils_ESTest.java:[34,33] constructor ZapposJson in class com.zappos.json.ZapposJson cannot be applied to given types;
  required: boolean
  found: no arguments
  reason: actual and formal argument lists differ in length
[INFO] 1 error
####################

