original test path: /Users/curtis/Github/Thesis/chatTester/Repos/Zappos_zappos-json/src/test/java/com/zappos/json/util/Strings_ESTest.java
[GENERATED PATH] Strings_ESTest#random(int n, char() chars).java
[ERROR] COMPILATION ERROR : 
[INFO] -------------------------------------------------------------
[ERROR] /Users/curtis/Github/Thesis/chatTester/Repos/Zappos_zappos-json/src/test/java/com/zappos/json/util/Strings_ESTest.java:[33,63] lambda expressions are not supported in -source 1.7
  (use -source 8 or higher to enable lambda expressions)
[INFO] 1 error
####################

original test path: /Users/curtis/Github/Thesis/chatTester/Repos/Zappos_zappos-json/src/test/java/com/zappos/json/util/Strings_ESTest.java
[GENERATED PATH] Strings_ESTest#random(int n, char() chars).java
[ERROR] COMPILATION ERROR : 
[INFO] -------------------------------------------------------------
[ERROR] /Users/curtis/Github/Thesis/chatTester/Repos/Zappos_zappos-json/src/test/java/com/zappos/json/util/Strings_ESTest.java:[33,42] lambda expressions are not supported in -source 1.7
  (use -source 8 or higher to enable lambda expressions)
[INFO] 1 error
####################

original test path: /Users/curtis/Github/Thesis/chatTester/Repos/Zappos_zappos-json/src/test/java/com/zappos/json/util/Strings_ESTest.java
[GENERATED PATH] Strings_ESTest#random(int n, char() chars).java
[ERROR] COMPILATION ERROR : 
[INFO] -------------------------------------------------------------
[ERROR] /Users/curtis/Github/Thesis/chatTester/Repos/Zappos_zappos-json/src/test/java/com/zappos/json/util/Strings_ESTest.java:[35,42] lambda expressions are not supported in -source 1.7
  (use -source 8 or higher to enable lambda expressions)
[INFO] 1 error
####################

