original test path: /Users/curtis/Github/Thesis/chatTester/Repos/Zappos_zappos-json/src/test/java/com/zappos/json/ZapposJson_ESTest.java
[GENERATED PATH] ZapposJson_ESTest#toJson(Object object).java
[ERROR] COMPILATION ERROR : 
[INFO] -------------------------------------------------------------
[ERROR] /Users/curtis/Github/Thesis/chatTester/Repos/Zappos_zappos-json/src/test/java/com/zappos/json/ZapposJson_ESTest.java:[42,9] cannot find symbol
  symbol:   class SampleObject
  location: class com.zappos.json.ZapposJson_ESTest
[ERROR] /Users/curtis/Github/Thesis/chatTester/Repos/Zappos_zappos-json/src/test/java/com/zappos/json/ZapposJson_ESTest.java:[42,41] cannot find symbol
  symbol:   class SampleObject
  location: class com.zappos.json.ZapposJson_ESTest
[INFO] 2 errors 
####################

original test path: /Users/curtis/Github/Thesis/chatTester/Repos/Zappos_zappos-json/src/test/java/com/zappos/json/ZapposJson_ESTest.java
[GENERATED PATH] ZapposJson_ESTest#toJson(Object object).java
[ERROR] COMPILATION ERROR : 
[INFO] -------------------------------------------------------------
[ERROR] /Users/curtis/Github/Thesis/chatTester/Repos/Zappos_zappos-json/src/test/java/com/zappos/json/ZapposJson_ESTest.java:[44,5] cannot find symbol
  symbol:   class SampleObject
  location: class com.zappos.json.ZapposJson_ESTest
[ERROR] /Users/curtis/Github/Thesis/chatTester/Repos/Zappos_zappos-json/src/test/java/com/zappos/json/ZapposJson_ESTest.java:[44,37] cannot find symbol
  symbol:   class SampleObject
  location: class com.zappos.json.ZapposJson_ESTest
[INFO] 2 errors 
####################

original test path: /Users/curtis/Github/Thesis/chatTester/Repos/Zappos_zappos-json/src/test/java/com/zappos/json/ZapposJson_ESTest.java
[GENERATED PATH] ZapposJson_ESTest#toJson(Object object).java
[ERROR] COMPILATION ERROR : 
[INFO] -------------------------------------------------------------
[ERROR] /Users/curtis/Github/Thesis/chatTester/Repos/Zappos_zappos-json/src/test/java/com/zappos/json/ZapposJson_ESTest.java:[46,5] cannot find symbol
  symbol:   class SampleObject
  location: class com.zappos.json.ZapposJson_ESTest
[ERROR] /Users/curtis/Github/Thesis/chatTester/Repos/Zappos_zappos-json/src/test/java/com/zappos/json/ZapposJson_ESTest.java:[46,37] cannot find symbol
  symbol:   class SampleObject
  location: class com.zappos.json.ZapposJson_ESTest
[INFO] 2 errors 
####################

original test path: /Users/curtis/Github/Thesis/chatTester/Repos/Zappos_zappos-json/src/test/java/com/zappos/json/ZapposJson_ESTest.java
[GENERATED PATH] ZapposJson_ESTest#toJson(Object object).java
[ERROR] COMPILATION ERROR : 
[INFO] -------------------------------------------------------------
[ERROR] /Users/curtis/Github/Thesis/chatTester/Repos/Zappos_zappos-json/src/test/java/com/zappos/json/ZapposJson_ESTest.java:[32,1] a type with the same simple name is already defined by the single-type-import of java.sql.Date
[ERROR] /Users/curtis/Github/Thesis/chatTester/Repos/Zappos_zappos-json/src/test/java/com/zappos/json/ZapposJson_ESTest.java:[49,9] cannot find symbol
  symbol:   variable zapposJson
  location: class com.zappos.json.ZapposJson_ESTest
[INFO] 2 errors 
####################

original test path: /Users/curtis/Github/Thesis/chatTester/Repos/Zappos_zappos-json/src/test/java/com/zappos/json/ZapposJson_ESTest.java
[GENERATED PATH] ZapposJson_ESTest#toJson(Object object).java
[ERROR] COMPILATION ERROR : 
[INFO] -------------------------------------------------------------
[ERROR] /Users/curtis/Github/Thesis/chatTester/Repos/Zappos_zappos-json/src/test/java/com/zappos/json/ZapposJson_ESTest.java:[8,26] package org.mockito does not exist
[ERROR] /Users/curtis/Github/Thesis/chatTester/Repos/Zappos_zappos-json/src/test/java/com/zappos/json/ZapposJson_ESTest.java:[33,1] a type with the same simple name is already defined by the single-type-import of java.sql.Date
[ERROR] /Users/curtis/Github/Thesis/chatTester/Repos/Zappos_zappos-json/src/test/java/com/zappos/json/ZapposJson_ESTest.java:[56,9] cannot find symbol
  symbol:   class StringWriter
  location: class com.zappos.json.ZapposJson_ESTest
[ERROR] /Users/curtis/Github/Thesis/chatTester/Repos/Zappos_zappos-json/src/test/java/com/zappos/json/ZapposJson_ESTest.java:[56,36] cannot find symbol
  symbol:   class StringWriter
  location: class com.zappos.json.ZapposJson_ESTest
[ERROR] /Users/curtis/Github/Thesis/chatTester/Repos/Zappos_zappos-json/src/test/java/com/zappos/json/ZapposJson_ESTest.java:[63,24] cannot find symbol
  symbol:   method times(int)
  location: class com.zappos.json.ZapposJson_ESTest
[INFO] 5 errors 
####################

original test path: /Users/curtis/Github/Thesis/chatTester/Repos/Zappos_zappos-json/src/test/java/com/zappos/json/ZapposJson_ESTest.java
[GENERATED PATH] ZapposJson_ESTest#toJson(Object object).java
[ERROR] COMPILATION ERROR : 
[INFO] -------------------------------------------------------------
[ERROR] /Users/curtis/Github/Thesis/chatTester/Repos/Zappos_zappos-json/src/test/java/com/zappos/json/ZapposJson_ESTest.java:[9,26] package org.mockito does not exist
[ERROR] /Users/curtis/Github/Thesis/chatTester/Repos/Zappos_zappos-json/src/test/java/com/zappos/json/ZapposJson_ESTest.java:[34,1] a type with the same simple name is already defined by the single-type-import of java.sql.Date
[ERROR] /Users/curtis/Github/Thesis/chatTester/Repos/Zappos_zappos-json/src/test/java/com/zappos/json/ZapposJson_ESTest.java:[56,21] no suitable constructor found for Date(no arguments)
    constructor java.sql.Date.Date(int,int,int) is not applicable
      (actual and formal argument lists differ in length)
    constructor java.sql.Date.Date(long) is not applicable
      (actual and formal argument lists differ in length)
[INFO] 3 errors 
####################

