original test path: /Users/curtis/Github/Thesis/chatTester/Repos/sachin-handiekar_jInstagram/src/test/java/org/jinstagram/entity/comments/CommentData_ESTest.java
[GENERATED PATH] CommentData_ESTest#setCreatedTime(String createdTime).java
[ERROR] COMPILATION ERROR : 
[INFO] -------------------------------------------------------------
[ERROR] /Users/curtis/Github/Thesis/chatTester/Repos/sachin-handiekar_jInstagram/src/test/java/org/jinstagram/auth/InstagramAuthService_ESTest.java:[32,44] cannot find symbol
  symbol:   method getRequestProxy()
  location: variable authService of type org.jinstagram.auth.InstagramAuthService
[INFO] 1 error
####################

original test path: /Users/curtis/Github/Thesis/chatTester/Repos/sachin-handiekar_jInstagram/src/test/java/org/jinstagram/entity/comments/CommentData_ESTest.java
[GENERATED PATH] CommentData_ESTest#setCreatedTime(String createdTime).java
[ERROR] COMPILATION ERROR : 
[INFO] -------------------------------------------------------------
[ERROR] /Users/curtis/Github/Thesis/chatTester/Repos/sachin-handiekar_jInstagram/src/test/java/org/jinstagram/entity/comments/CommentData_ESTest.java:[36,39] multi-catch statement is not supported in -source 1.6
  (use -source 7 or higher to enable multi-catch statement)
[INFO] 1 error
####################

original test path: /Users/curtis/Github/Thesis/chatTester/Repos/sachin-handiekar_jInstagram/src/test/java/org/jinstagram/entity/comments/CommentData_ESTest.java
[GENERATED PATH] CommentData_ESTest#setCreatedTime(String createdTime).java
[ERROR] COMPILATION ERROR : 
[INFO] -------------------------------------------------------------
[ERROR] /Users/curtis/Github/Thesis/chatTester/Repos/sachin-handiekar_jInstagram/src/test/java/org/jinstagram/entity/comments/CommentData_ESTest.java:[37,35] multi-catch statement is not supported in -source 1.6
  (use -source 7 or higher to enable multi-catch statement)
[INFO] 1 error
####################

original test path: /Users/curtis/Github/Thesis/chatTester/Repos/sachin-handiekar_jInstagram/src/test/java/org/jinstagram/entity/comments/CommentData_ESTest.java
[GENERATED PATH] CommentData_ESTest#setCreatedTime(String createdTime).java
[ERROR] COMPILATION ERROR : 
[INFO] -------------------------------------------------------------
[ERROR] /Users/curtis/Github/Thesis/chatTester/Repos/sachin-handiekar_jInstagram/src/test/java/org/jinstagram/entity/comments/CommentData_ESTest.java:[30,40] createdTime has private access in org.jinstagram.entity.comments.CommentData
[ERROR] /Users/curtis/Github/Thesis/chatTester/Repos/sachin-handiekar_jInstagram/src/test/java/org/jinstagram/entity/comments/CommentData_ESTest.java:[35,40] createdTime has private access in org.jinstagram.entity.comments.CommentData
[ERROR] /Users/curtis/Github/Thesis/chatTester/Repos/sachin-handiekar_jInstagram/src/test/java/org/jinstagram/entity/comments/CommentData_ESTest.java:[39,31] createdTime has private access in org.jinstagram.entity.comments.CommentData
[INFO] 3 errors 
####################

