original test path: /Users/curtis/Github/Thesis/chatTester/Repos/sachin-handiekar_jInstagram/src/test/java/org/jinstagram/entity/common/Location_ESTest.java
[GENERATED PATH] Location_ESTest#getName().java
[ERROR] COMPILATION ERROR : 
[INFO] -------------------------------------------------------------
[ERROR] /Users/curtis/Github/Thesis/chatTester/Repos/sachin-handiekar_jInstagram/src/test/java/org/jinstagram/entity/comments/MediaCommentsFeed_ESTest.java:[37,59] diamond operator is not supported in -source 1.6
  (use -source 7 or higher to enable diamond operator)
[INFO] 1 error
####################

original test path: /Users/curtis/Github/Thesis/chatTester/Repos/sachin-handiekar_jInstagram/src/test/java/org/jinstagram/entity/common/Location_ESTest.java
[GENERATED PATH] Location_ESTest#getName().java
[ERROR] COMPILATION ERROR : 
[INFO] -------------------------------------------------------------
[ERROR] /Users/curtis/Github/Thesis/chatTester/Repos/sachin-handiekar_jInstagram/src/test/java/org/jinstagram/entity/common/Location_ESTest.java:[27,20] cannot find symbol
  symbol:   method getName(org.jinstagram.entity.common.Location)
  location: class org.jinstagram.entity.common.Location_ESTest
[ERROR] /Users/curtis/Github/Thesis/chatTester/Repos/sachin-handiekar_jInstagram/src/test/java/org/jinstagram/entity/common/Location_ESTest.java:[32,32] cannot find symbol
  symbol:   method getName(org.jinstagram.entity.common.Location)
  location: class org.jinstagram.entity.common.Location_ESTest
[ERROR] /Users/curtis/Github/Thesis/chatTester/Repos/sachin-handiekar_jInstagram/src/test/java/org/jinstagram/entity/common/Location_ESTest.java:[36,26] cannot find symbol
  symbol:   method getName(org.jinstagram.entity.common.Location)
  location: class org.jinstagram.entity.common.Location_ESTest
[ERROR] /Users/curtis/Github/Thesis/chatTester/Repos/sachin-handiekar_jInstagram/src/test/java/org/jinstagram/entity/common/Location_ESTest.java:[40,20] cannot find symbol
  symbol:   method getName(org.jinstagram.entity.common.Location)
  location: class org.jinstagram.entity.common.Location_ESTest
[INFO] 4 errors 
####################

