original test path: /Users/curtis/Github/Thesis/chatTester/Repos/sachin-handiekar_jInstagram/src/test/java/org/jinstagram/http/Request_ESTest.java
[GENERATED PATH] Request_ESTest#getByteBodyContents().java
[ERROR] COMPILATION ERROR : 
[INFO] -------------------------------------------------------------
[ERROR] /Users/curtis/Github/Thesis/chatTester/Repos/sachin-handiekar_jInstagram/src/test/java/org/jinstagram/InstagramConfig_ESTest.java:[22,34] cannot find symbol
  symbol:   variable Constants
  location: class org.jinstagram.InstagramConfig_ESTest
[INFO] 1 error
####################

original test path: /Users/curtis/Github/Thesis/chatTester/Repos/sachin-handiekar_jInstagram/src/test/java/org/jinstagram/http/Request_ESTest.java
[GENERATED PATH] Request_ESTest#getByteBodyContents().java
[ERROR] COMPILATION ERROR : 
[INFO] -------------------------------------------------------------
[ERROR] /Users/curtis/Github/Thesis/chatTester/Repos/sachin-handiekar_jInstagram/src/test/java/org/jinstagram/http/Request_ESTest.java:[38,17] cannot find symbol
  symbol: variable payload
[INFO] 1 error
####################

original test path: /Users/curtis/Github/Thesis/chatTester/Repos/sachin-handiekar_jInstagram/src/test/java/org/jinstagram/http/Request_ESTest.java
[GENERATED PATH] Request_ESTest#getByteBodyContents().java
[ERROR] COMPILATION ERROR : 
[INFO] -------------------------------------------------------------
[ERROR] /Users/curtis/Github/Thesis/chatTester/Repos/sachin-handiekar_jInstagram/src/test/java/org/jinstagram/http/Request_ESTest.java:[41,9] cannot find symbol
  symbol: variable payload
[INFO] 1 error
####################

original test path: /Users/curtis/Github/Thesis/chatTester/Repos/sachin-handiekar_jInstagram/src/test/java/org/jinstagram/http/Request_ESTest.java
[GENERATED PATH] Request_ESTest#getByteBodyContents().java
[ERROR] COMPILATION ERROR : 
[INFO] -------------------------------------------------------------
[ERROR] /Users/curtis/Github/Thesis/chatTester/Repos/sachin-handiekar_jInstagram/src/test/java/org/jinstagram/http/Request_ESTest.java:[42,17] cannot find symbol
  symbol: variable payload
[INFO] 1 error
####################

original test path: /Users/curtis/Github/Thesis/chatTester/Repos/sachin-handiekar_jInstagram/src/test/java/org/jinstagram/http/Request_ESTest.java
[GENERATED PATH] Request_ESTest#getByteBodyContents().java
[ERROR] COMPILATION ERROR : 
[INFO] -------------------------------------------------------------
[ERROR] /Users/curtis/Github/Thesis/chatTester/Repos/sachin-handiekar_jInstagram/src/test/java/org/jinstagram/http/Request_ESTest.java:[44,17] cannot find symbol
  symbol: variable payload
[INFO] 1 error
####################

