original test path: /Users/curtis/Github/Thesis/chatTester/Repos/Zappos_zappos-json/src/test/java/com/zappos/json/JsonWriter_ESTest.java
[GENERATED PATH] JsonWriter_ESTest#writeMap(ZapposJson zapposJson, Map<?, ?> map, Writer writer).java
[ERROR] COMPILATION ERROR : 
[INFO] -------------------------------------------------------------
[ERROR] /Users/curtis/Github/Thesis/chatTester/Repos/Zappos_zappos-json/src/test/java/com/zappos/json/JsonWriter_ESTest.java:[51,21] toJson(java.lang.Object,java.io.Writer) in <anonymous com.zappos.json.JsonWriter_ESTest$1> cannot override toJson(java.lang.Object,java.io.Writer) in com.zappos.json.ZapposJson
  overridden method does not throw java.io.IOException
[INFO] 1 error
####################

original test path: /Users/curtis/Github/Thesis/chatTester/Repos/Zappos_zappos-json/src/test/java/com/zappos/json/JsonWriter_ESTest.java
[GENERATED PATH] JsonWriter_ESTest#writeMap(ZapposJson zapposJson, Map<?, ?> map, Writer writer).java
[ERROR] COMPILATION ERROR : 
[INFO] -------------------------------------------------------------
[ERROR] /Users/curtis/Github/Thesis/chatTester/Repos/Zappos_zappos-json/src/test/java/com/zappos/json/JsonWriter_ESTest.java:[51,21] toJson(java.lang.Object,java.io.Writer) in <anonymous com.zappos.json.JsonWriter_ESTest$1> cannot override toJson(java.lang.Object,java.io.Writer) in com.zappos.json.ZapposJson
  overridden method does not throw java.io.IOException
[INFO] 1 error
####################

original test path: /Users/curtis/Github/Thesis/chatTester/Repos/Zappos_zappos-json/src/test/java/com/zappos/json/JsonWriter_ESTest.java
[GENERATED PATH] JsonWriter_ESTest#writeMap(ZapposJson zapposJson, Map<?, ?> map, Writer writer).java
[ERROR] COMPILATION ERROR : 
[INFO] -------------------------------------------------------------
[ERROR] /Users/curtis/Github/Thesis/chatTester/Repos/Zappos_zappos-json/src/test/java/com/zappos/json/JsonWriter_ESTest.java:[53,21] toJson(java.lang.Object,java.io.Writer) in <anonymous com.zappos.json.JsonWriter_ESTest$1> cannot override toJson(java.lang.Object,java.io.Writer) in com.zappos.json.ZapposJson
  overridden method does not throw java.io.IOException
[INFO] 1 error
####################

original test path: /Users/curtis/Github/Thesis/chatTester/Repos/Zappos_zappos-json/src/test/java/com/zappos/json/JsonWriter_ESTest.java
[GENERATED PATH] JsonWriter_ESTest#writeMap(ZapposJson zapposJson, Map<?, ?> map, Writer writer).java
[ERROR] COMPILATION ERROR : 
[INFO] -------------------------------------------------------------
[ERROR] /Users/curtis/Github/Thesis/chatTester/Repos/Zappos_zappos-json/src/test/java/com/zappos/json/JsonWriter_ESTest.java:[52,17] cannot find symbol
  symbol:   method writeString(com.zappos.json.JsonWriter_ESTest,java.lang.String,java.io.Writer)
  location: class com.zappos.json.JsonWriter_ESTest
[ERROR] /Users/curtis/Github/Thesis/chatTester/Repos/Zappos_zappos-json/src/test/java/com/zappos/json/JsonWriter_ESTest.java:[56,37] incompatible types: com.zappos.json.JsonWriter_ESTest cannot be converted to com.zappos.json.ZapposJson
[ERROR] /Users/curtis/Github/Thesis/chatTester/Repos/Zappos_zappos-json/src/test/java/com/zappos/json/JsonWriter_ESTest.java:[59,17] cannot find symbol
  symbol:   method writeString(com.zappos.json.JsonWriter_ESTest,java.lang.String,java.io.Writer)
  location: class com.zappos.json.JsonWriter_ESTest
[INFO] 3 errors 
####################

original test path: /Users/curtis/Github/Thesis/chatTester/Repos/Zappos_zappos-json/src/test/java/com/zappos/json/JsonWriter_ESTest.java
[GENERATED PATH] JsonWriter_ESTest#writeMap(ZapposJson zapposJson, Map<?, ?> map, Writer writer).java
[ERROR] COMPILATION ERROR : 
[INFO] -------------------------------------------------------------
[ERROR] /Users/curtis/Github/Thesis/chatTester/Repos/Zappos_zappos-json/src/test/java/com/zappos/json/JsonWriter_ESTest.java:[66,37] incompatible types: com.zappos.json.JsonWriter_ESTest cannot be converted to com.zappos.json.ZapposJson
[INFO] 1 error
####################

original test path: /Users/curtis/Github/Thesis/chatTester/Repos/Zappos_zappos-json/src/test/java/com/zappos/json/JsonWriter_ESTest.java
[GENERATED PATH] JsonWriter_ESTest#writeMap(ZapposJson zapposJson, Map<?, ?> map, Writer writer).java
[ERROR] COMPILATION ERROR : 
[INFO] -------------------------------------------------------------
[ERROR] /Users/curtis/Github/Thesis/chatTester/Repos/Zappos_zappos-json/src/test/java/com/zappos/json/JsonWriter_ESTest.java:[8,26] package org.mockito does not exist
[INFO] 1 error
####################

