original test path: /Users/curtis/Github/Thesis/chatTester/Repos/Zappos_zappos-json/src/test/java/com/zappos/json/util/Reflections_ESTest.java
[GENERATED PATH] Reflections_ESTest#getAnnotation(Method method, Field field, Class<T> annotationClass).java
[ERROR] COMPILATION ERROR : 
[INFO] -------------------------------------------------------------
[ERROR] /Users/curtis/Github/Thesis/chatTester/Repos/Zappos_zappos-json/src/test/java/com/zappos/json/util/Reflections_ESTest.java:[25,6] interface not allowed here
[INFO] 1 error
####################

original test path: /Users/curtis/Github/Thesis/chatTester/Repos/Zappos_zappos-json/src/test/java/com/zappos/json/util/Reflections_ESTest.java
[GENERATED PATH] Reflections_ESTest#getAnnotation(Method method, Field field, Class<T> annotationClass).java
[ERROR] COMPILATION ERROR : 
[INFO] -------------------------------------------------------------
[ERROR] /Users/curtis/Github/Thesis/chatTester/Repos/Zappos_zappos-json/src/test/java/com/zappos/json/util/Reflections_ESTest.java:[28,6] interface not allowed here
[INFO] 1 error
####################

original test path: /Users/curtis/Github/Thesis/chatTester/Repos/Zappos_zappos-json/src/test/java/com/zappos/json/util/Reflections_ESTest.java
[GENERATED PATH] Reflections_ESTest#getAnnotation(Method method, Field field, Class<T> annotationClass).java
[ERROR] COMPILATION ERROR : 
[INFO] -------------------------------------------------------------
[ERROR] /Users/curtis/Github/Thesis/chatTester/Repos/Zappos_zappos-json/src/test/java/com/zappos/json/util/Reflections_ESTest.java:[30,6] interface not allowed here
[INFO] 1 error
####################

original test path: /Users/curtis/Github/Thesis/chatTester/Repos/Zappos_zappos-json/src/test/java/com/zappos/json/util/Reflections_ESTest.java
[GENERATED PATH] Reflections_ESTest#getAnnotation(Method method, Field field, Class<T> annotationClass).java
[ERROR] COMPILATION ERROR : 
[INFO] -------------------------------------------------------------
[ERROR] /Users/curtis/Github/Thesis/chatTester/Repos/Zappos_zappos-json/src/test/java/com/zappos/json/util/Reflections_ESTest.java:[29,10] cannot find symbol
  symbol:   class TestAnnotation
  location: class com.zappos.json.util.Reflections_ESTest
[INFO] 1 error
####################

original test path: /Users/curtis/Github/Thesis/chatTester/Repos/Zappos_zappos-json/src/test/java/com/zappos/json/util/Reflections_ESTest.java
[GENERATED PATH] Reflections_ESTest#getAnnotation(Method method, Field field, Class<T> annotationClass).java
[ERROR] COMPILATION ERROR : 
[INFO] -------------------------------------------------------------
[ERROR] /Users/curtis/Github/Thesis/chatTester/Repos/Zappos_zappos-json/src/test/java/com/zappos/json/util/Reflections_ESTest.java:[35,16] class, interface, or enum expected
[ERROR] /Users/curtis/Github/Thesis/chatTester/Repos/Zappos_zappos-json/src/test/java/com/zappos/json/util/Reflections_ESTest.java:[36,1] class, interface, or enum expected
[INFO] 2 errors 
####################

