original test path: /Users/curtis/Github/Thesis/chatTester/Repos/Zappos_zappos-json/src/test/java/com/zappos/json/ZapposJson_ESTest.java
[GENERATED PATH] ZapposJson_ESTest#is(WriterConfig config).java
[ERROR] COMPILATION ERROR : 
[INFO] -------------------------------------------------------------
[ERROR] /Users/curtis/Github/Thesis/chatTester/Repos/Zappos_zappos-json/src/test/java/com/zappos/json/ZapposJson_ESTest.java:[41,32] cannot find symbol
  symbol:   variable WriterConfig
  location: class com.zappos.json.ZapposJson_ESTest
[ERROR] /Users/curtis/Github/Thesis/chatTester/Repos/Zappos_zappos-json/src/test/java/com/zappos/json/ZapposJson_ESTest.java:[41,10] cannot find symbol
  symbol:   class WriterConfig
  location: class com.zappos.json.ZapposJson_ESTest
[ERROR] /Users/curtis/Github/Thesis/chatTester/Repos/Zappos_zappos-json/src/test/java/com/zappos/json/ZapposJson_ESTest.java:[49,5] cannot find symbol
  symbol:   class WriterConfig
  location: class com.zappos.json.ZapposJson_ESTest
[ERROR] /Users/curtis/Github/Thesis/chatTester/Repos/Zappos_zappos-json/src/test/java/com/zappos/json/ZapposJson_ESTest.java:[49,31] cannot find symbol
  symbol:   variable WriterConfig
  location: class com.zappos.json.ZapposJson_ESTest
[INFO] 4 errors 
####################

original test path: /Users/curtis/Github/Thesis/chatTester/Repos/Zappos_zappos-json/src/test/java/com/zappos/json/ZapposJson_ESTest.java
[GENERATED PATH] ZapposJson_ESTest#is(WriterConfig config).java
[ERROR] COMPILATION ERROR : 
[INFO] -------------------------------------------------------------
[ERROR] /Users/curtis/Github/Thesis/chatTester/Repos/Zappos_zappos-json/src/test/java/com/zappos/json/ZapposJson_ESTest.java:[45,26] cannot find symbol
  symbol:   variable WriterConfig
  location: class com.zappos.json.ZapposJson_ESTest
[ERROR] /Users/curtis/Github/Thesis/chatTester/Repos/Zappos_zappos-json/src/test/java/com/zappos/json/ZapposJson_ESTest.java:[47,41] cannot find symbol
  symbol:   class WriterConfig
  location: class com.zappos.json.ZapposJson_ESTest
[ERROR] /Users/curtis/Github/Thesis/chatTester/Repos/Zappos_zappos-json/src/test/java/com/zappos/json/ZapposJson_ESTest.java:[50,5] cannot find symbol
  symbol:   class WriterConfig
  location: class com.zappos.json.ZapposJson_ESTest
[ERROR] /Users/curtis/Github/Thesis/chatTester/Repos/Zappos_zappos-json/src/test/java/com/zappos/json/ZapposJson_ESTest.java:[50,31] cannot find symbol
  symbol:   variable WriterConfig
  location: class com.zappos.json.ZapposJson_ESTest
[INFO] 4 errors 
####################

original test path: /Users/curtis/Github/Thesis/chatTester/Repos/Zappos_zappos-json/src/test/java/com/zappos/json/ZapposJson_ESTest.java
[GENERATED PATH] ZapposJson_ESTest#is(WriterConfig config).java
[ERROR] COMPILATION ERROR : 
[INFO] -------------------------------------------------------------
[ERROR] /Users/curtis/Github/Thesis/chatTester/Repos/Zappos_zappos-json/src/test/java/com/zappos/json/ZapposJson_ESTest.java:[72,5] cannot find symbol
  symbol:   class WriterConfig
  location: class com.zappos.json.ZapposJson_ESTest
[INFO] 1 error
####################

original test path: /Users/curtis/Github/Thesis/chatTester/Repos/Zappos_zappos-json/src/test/java/com/zappos/json/ZapposJson_ESTest.java
[GENERATED PATH] ZapposJson_ESTest#is(WriterConfig config).java
[ERROR] COMPILATION ERROR : 
[INFO] -------------------------------------------------------------
[ERROR] /Users/curtis/Github/Thesis/chatTester/Repos/Zappos_zappos-json/src/test/java/com/zappos/json/ZapposJson_ESTest.java:[52,5] cannot find symbol
  symbol:   class WriterConfig
  location: class com.zappos.json.ZapposJson_ESTest
[INFO] 1 error
####################

original test path: /Users/curtis/Github/Thesis/chatTester/Repos/Zappos_zappos-json/src/test/java/com/zappos/json/ZapposJson_ESTest.java
[GENERATED PATH] ZapposJson_ESTest#is(WriterConfig config).java
[ERROR] COMPILATION ERROR : 
[INFO] -------------------------------------------------------------
[ERROR] /Users/curtis/Github/Thesis/chatTester/Repos/Zappos_zappos-json/src/test/java/com/zappos/json/ZapposJson_ESTest.java:[46,31] cannot find symbol
  symbol:   class WriterConfig
  location: class com.zappos.json.ZapposJson_ESTest
[ERROR] /Users/curtis/Github/Thesis/chatTester/Repos/Zappos_zappos-json/src/test/java/com/zappos/json/ZapposJson_ESTest.java:[47,13] cannot find symbol
  symbol:   variable testWriterConfigs
  location: class com.zappos.json.ZapposJson_ESTest
[INFO] 2 errors 
####################

original test path: /Users/curtis/Github/Thesis/chatTester/Repos/Zappos_zappos-json/src/test/java/com/zappos/json/ZapposJson_ESTest.java
[GENERATED PATH] ZapposJson_ESTest#is(WriterConfig config).java
[ERROR] COMPILATION ERROR : 
[INFO] -------------------------------------------------------------
[ERROR] /Users/curtis/Github/Thesis/chatTester/Repos/Zappos_zappos-json/src/test/java/com/zappos/json/ZapposJson_ESTest.java:[49,9] cannot find symbol
  symbol:   variable zapposJson
  location: class com.zappos.json.ZapposJson_ESTest
[INFO] 1 error
####################

original test path: /Users/curtis/Github/Thesis/chatTester/Repos/Zappos_zappos-json/src/test/java/com/zappos/json/ZapposJson_ESTest.java
[GENERATED PATH] ZapposJson_ESTest#is(WriterConfig config).java
[ERROR] COMPILATION ERROR : 
[INFO] -------------------------------------------------------------
[ERROR] /Users/curtis/Github/Thesis/chatTester/Repos/Zappos_zappos-json/src/test/java/com/zappos/json/ZapposJson_ESTest.java:[41,32] cannot find symbol
  symbol:   variable WriterConfig
  location: class com.zappos.json.ZapposJson_ESTest
[ERROR] /Users/curtis/Github/Thesis/chatTester/Repos/Zappos_zappos-json/src/test/java/com/zappos/json/ZapposJson_ESTest.java:[41,10] cannot find symbol
  symbol:   class WriterConfig
  location: class com.zappos.json.ZapposJson_ESTest
[ERROR] /Users/curtis/Github/Thesis/chatTester/Repos/Zappos_zappos-json/src/test/java/com/zappos/json/ZapposJson_ESTest.java:[49,5] cannot find symbol
  symbol:   class WriterConfig
  location: class com.zappos.json.ZapposJson_ESTest
[ERROR] /Users/curtis/Github/Thesis/chatTester/Repos/Zappos_zappos-json/src/test/java/com/zappos/json/ZapposJson_ESTest.java:[49,31] cannot find symbol
  symbol:   variable WriterConfig
  location: class com.zappos.json.ZapposJson_ESTest
[INFO] 4 errors 
####################

original test path: /Users/curtis/Github/Thesis/chatTester/Repos/Zappos_zappos-json/src/test/java/com/zappos/json/ZapposJson_ESTest.java
[GENERATED PATH] ZapposJson_ESTest#is(WriterConfig config).java
[ERROR] COMPILATION ERROR : 
[INFO] -------------------------------------------------------------
[ERROR] /Users/curtis/Github/Thesis/chatTester/Repos/Zappos_zappos-json/src/test/java/com/zappos/json/ZapposJson_ESTest.java:[44,26] cannot find symbol
  symbol:   class WriterConfig
  location: class com.zappos.json.ZapposJson_ESTest
[ERROR] /Users/curtis/Github/Thesis/chatTester/Repos/Zappos_zappos-json/src/test/java/com/zappos/json/ZapposJson_ESTest.java:[46,41] cannot find symbol
  symbol:   class WriterConfig
  location: class com.zappos.json.ZapposJson_ESTest
[ERROR] /Users/curtis/Github/Thesis/chatTester/Repos/Zappos_zappos-json/src/test/java/com/zappos/json/ZapposJson_ESTest.java:[49,5] cannot find symbol
  symbol:   class WriterConfig
  location: class com.zappos.json.ZapposJson_ESTest
[ERROR] /Users/curtis/Github/Thesis/chatTester/Repos/Zappos_zappos-json/src/test/java/com/zappos/json/ZapposJson_ESTest.java:[49,32] cannot find symbol
  symbol:   class WriterConfig
  location: class com.zappos.json.ZapposJson_ESTest
[ERROR] /Users/curtis/Github/Thesis/chatTester/Repos/Zappos_zappos-json/src/test/java/com/zappos/json/ZapposJson_ESTest.java:[49,46] cannot find symbol
  symbol:   class WriterConfig
  location: class com.zappos.json.ZapposJson_ESTest
[INFO] 5 errors 
####################

original test path: /Users/curtis/Github/Thesis/chatTester/Repos/Zappos_zappos-json/src/test/java/com/zappos/json/ZapposJson_ESTest.java
[GENERATED PATH] ZapposJson_ESTest#is(WriterConfig config).java
[ERROR] COMPILATION ERROR : 
[INFO] -------------------------------------------------------------
[ERROR] /Users/curtis/Github/Thesis/chatTester/Repos/Zappos_zappos-json/src/test/java/com/zappos/json/ZapposJson_ESTest.java:[45,41] cannot find symbol
  symbol:   class WriterConfig
  location: package com.zappos.json
[ERROR] /Users/curtis/Github/Thesis/chatTester/Repos/Zappos_zappos-json/src/test/java/com/zappos/json/ZapposJson_ESTest.java:[47,56] cannot find symbol
  symbol:   class WriterConfig
  location: package com.zappos.json
[ERROR] /Users/curtis/Github/Thesis/chatTester/Repos/Zappos_zappos-json/src/test/java/com/zappos/json/ZapposJson_ESTest.java:[50,20] cannot find symbol
  symbol:   class WriterConfig
  location: package com.zappos.json
[ERROR] /Users/curtis/Github/Thesis/chatTester/Repos/Zappos_zappos-json/src/test/java/com/zappos/json/ZapposJson_ESTest.java:[50,63] cannot find symbol
  symbol:   class WriterConfig
  location: package com.zappos.json
[ERROR] /Users/curtis/Github/Thesis/chatTester/Repos/Zappos_zappos-json/src/test/java/com/zappos/json/ZapposJson_ESTest.java:[50,93] cannot find symbol
  symbol:   class WriterConfig
  location: package com.zappos.json
[INFO] 5 errors 
####################

original test path: /Users/curtis/Github/Thesis/chatTester/Repos/Zappos_zappos-json/src/test/java/com/zappos/json/ZapposJson_ESTest.java
[GENERATED PATH] ZapposJson_ESTest#is(WriterConfig config).java
[ERROR] COMPILATION ERROR : 
[INFO] -------------------------------------------------------------
[ERROR] /Users/curtis/Github/Thesis/chatTester/Repos/Zappos_zappos-json/src/test/java/com/zappos/json/ZapposJson_ESTest.java:[46,9] cannot find symbol
  symbol:   variable zapposJson
  location: class com.zappos.json.ZapposJson_ESTest
[ERROR] /Users/curtis/Github/Thesis/chatTester/Repos/Zappos_zappos-json/src/test/java/com/zappos/json/ZapposJson_ESTest.java:[51,41] cannot find symbol
  symbol: class WriterConfig
[ERROR] /Users/curtis/Github/Thesis/chatTester/Repos/Zappos_zappos-json/src/test/java/com/zappos/json/ZapposJson_ESTest.java:[49,24] WRITER_CONFIGS has private access in com.zappos.json.ZapposJson
[ERROR] /Users/curtis/Github/Thesis/chatTester/Repos/Zappos_zappos-json/src/test/java/com/zappos/json/ZapposJson_ESTest.java:[52,17] WRITER_CONFIGS has private access in com.zappos.json.ZapposJson
[INFO] 4 errors 
####################

