original test path: /Users/curtis/Github/Thesis/chatTester/Repos/tabulapdf_tabula-java/src/test/java/technology/tabula/Table_ESTest.java
[GENERATED PATH] Table_ESTest#getRowCount().java
[ERROR] COMPILATION ERROR : 
[INFO] -------------------------------------------------------------
[ERROR] /Users/curtis/Github/Thesis/chatTester/Repos/tabulapdf_tabula-java/src/test/java/technology/tabula/Table_ESTest.java:[31,23] no suitable constructor found for Table(no arguments)
    constructor technology.tabula.Table.Table(java.lang.String) is not applicable
      (actual and formal argument lists differ in length)
    constructor technology.tabula.Table.Table(technology.tabula.extractors.ExtractionAlgorithm) is not applicable
      (actual and formal argument lists differ in length)
[INFO] 1 error
####################

original test path: /Users/curtis/Github/Thesis/chatTester/Repos/tabulapdf_tabula-java/src/test/java/technology/tabula/Table_ESTest.java
[GENERATED PATH] Table_ESTest#getRowCount().java
[ERROR] COMPILATION ERROR : 
[INFO] -------------------------------------------------------------
[ERROR] /Users/curtis/Github/Thesis/chatTester/Repos/tabulapdf_tabula-java/src/test/java/technology/tabula/Table_ESTest.java:[30,33] incompatible types: java.lang.String cannot be converted to technology.tabula.extractors.ExtractionAlgorithm
[INFO] 1 error
####################

original test path: /Users/curtis/Github/Thesis/chatTester/Repos/tabulapdf_tabula-java/src/test/java/technology/tabula/Table_ESTest.java
[GENERATED PATH] Table_ESTest#getRowCount().java
[ERROR] COMPILATION ERROR : 
[INFO] -------------------------------------------------------------
[ERROR] /Users/curtis/Github/Thesis/chatTester/Repos/tabulapdf_tabula-java/src/test/java/technology/tabula/Table_ESTest.java:[30,51] technology.tabula.extractors.ExtractionAlgorithm is abstract; cannot be instantiated
[INFO] 1 error
####################

original test path: /Users/curtis/Github/Thesis/chatTester/Repos/tabulapdf_tabula-java/src/test/java/technology/tabula/Table_ESTest.java
[GENERATED PATH] Table_ESTest#getRowCount().java
[ERROR] COMPILATION ERROR : 
[INFO] -------------------------------------------------------------
[ERROR] /Users/curtis/Github/Thesis/chatTester/Repos/tabulapdf_tabula-java/src/test/java/technology/tabula/Table_ESTest.java:[8,36] cannot find symbol
  symbol:   class Table
  location: package technology.tabula.extractors
[ERROR] /Users/curtis/Github/Thesis/chatTester/Repos/tabulapdf_tabula-java/src/test/java/technology/tabula/Table_ESTest.java:[32,19] no suitable constructor found for Table(java.lang.String,technology.tabula.extractors.BasicExtractionAlgorithm)
    constructor technology.tabula.Table.Table(java.lang.String) is not applicable
      (actual and formal argument lists differ in length)
    constructor technology.tabula.Table.Table(technology.tabula.extractors.ExtractionAlgorithm) is not applicable
      (actual and formal argument lists differ in length)
[INFO] 2 errors 
####################

original test path: /Users/curtis/Github/Thesis/chatTester/Repos/tabulapdf_tabula-java/src/test/java/technology/tabula/Table_ESTest.java
[GENERATED PATH] Table_ESTest#getRowCount().java
[ERROR] COMPILATION ERROR : 
[INFO] -------------------------------------------------------------
[ERROR] /Users/curtis/Github/Thesis/chatTester/Repos/tabulapdf_tabula-java/src/test/java/technology/tabula/Table_ESTest.java:[31,66] cannot find symbol
  symbol:   variable SOME_ALGORITHM
  location: interface technology.tabula.extractors.ExtractionAlgorithm
[INFO] 1 error
####################

