<?xml version="1.0" encoding="UTF-8"?>
<testsuite xmlns:xsi="http://www.w3.org/2001/XMLSchema-instance" xsi:noNamespaceSchemaLocation="https://maven.apache.org/surefire/maven-surefire-plugin/xsd/surefire-test-report-3.0.xsd" version="3.0" name="org.jinstagram.entity.common.Caption_ESTest" time="2.923" tests="1" errors="1" skipped="0" failures="0">
  <properties>
[...]
</properties>
  <testcase name="testGetFrom" classname="org.jinstagram.entity.common.Caption_ESTest" time="1.097">
    <error message="Expected non-static field org.mockito.cglib.proxy.Enhancer.serialVersionUID" type="java.lang.IncompatibleClassChangeError"><![CDATA[java.lang.IncompatibleClassChangeError: Expected non-static field org.mockito.cglib.proxy.Enhancer.serialVersionUID
	at org.mockito.cglib.proxy.Enhancer.setSerialVersionUID(Enhancer.java:326)
	at org.powermock.api.mockito.repackaged.ClassImposterizer.createProxyClass(ClassImposterizer.java:121)
	at org.powermock.api.mockito.repackaged.ClassImposterizer.imposterise(ClassImposterizer.java:58)
	at org.powermock.api.mockito.repackaged.ClassImposterizer.imposterise(ClassImposterizer.java:50)
	at org.powermock.api.mockito.repackaged.CglibMockMaker.createMock(CglibMockMaker.java:25)
	at org.powermock.api.mockito.internal.mockmaker.PowerMockMaker.createMock(PowerMockMaker.java:47)
	at org.mockito.internal.util.MockUtil.createMock(MockUtil.java:33)
	at org.mockito.internal.MockitoCore.mock(MockitoCore.java:59)
	at org.mockito.Mockito.mock(Mockito.java:1285)
	at org.mockito.Mockito.mock(Mockito.java:1163)
	at org.jinstagram.entity.common.Caption_ESTest.testGetFrom(Caption_ESTest.java:27)
	at sun.reflect.NativeMethodAccessorImpl.invoke0(Native Method)
	at sun.reflect.NativeMethodAccessorImpl.invoke(NativeMethodAccessorImpl.java:62)
	at sun.reflect.DelegatingMethodAccessorImpl.invoke(DelegatingMethodAccessorImpl.java:43)
	at java.lang.reflect.Method.invoke(Method.java:498)
	at org.junit.runners.model.FrameworkMethod$1.runReflectiveCall(FrameworkMethod.java:50)
	at org.junit.internal.runners.model.ReflectiveCallable.run(ReflectiveCallable.java:12)
	at org.junit.runners.model.FrameworkMethod.invokeExplosively(FrameworkMethod.java:47)
	at org.junit.internal.runners.statements.InvokeMethod.evaluate(InvokeMethod.java:17)
	at org.junit.internal.runners.statements.RunBefores.evaluate(RunBefores.java:26)
	at org.junit.internal.runners.statements.RunAfters.evaluate(RunAfters.java:27)
	at org.evosuite.runtime.vnet.NonFunctionalRequirementRule$1.evaluate(NonFunctionalRequirementRule.java:41)
	at org.junit.rules.RunRules.evaluate(RunRules.java:20)
	at org.junit.runners.ParentRunner.runLeaf(ParentRunner.java:325)
	at org.junit.runners.BlockJUnit4ClassRunner.runChild(BlockJUnit4ClassRunner.java:78)
	at org.junit.runners.BlockJUnit4ClassRunner.runChild(BlockJUnit4ClassRunner.java:57)
	at org.junit.runners.ParentRunner$3.run(ParentRunner.java:290)
	at org.junit.runners.ParentRunner$1.schedule(ParentRunner.java:71)
	at org.junit.runners.ParentRunner.runChildren(ParentRunner.java:288)
	at org.junit.runners.ParentRunner.access$000(ParentRunner.java:58)
	at org.junit.runners.ParentRunner$2.evaluate(ParentRunner.java:268)
	at org.junit.internal.runners.statements.RunBefores.evaluate(RunBefores.java:26)
	at org.junit.internal.runners.statements.RunAfters.evaluate(RunAfters.java:27)
	at org.junit.runners.ParentRunner.run(ParentRunner.java:363)
	at org.junit.runner.JUnitCore.run(JUnitCore.java:137)
	at org.junit.runner.JUnitCore.run(JUnitCore.java:115)
	at org.junit.vintage.engine.execution.RunnerExecutor.execute(RunnerExecutor.java:42)
	at org.junit.vintage.engine.VintageTestEngine.executeAllChildren(VintageTestEngine.java:80)
	at org.junit.vintage.engine.VintageTestEngine.execute(VintageTestEngine.java:72)
	at org.junit.platform.launcher.core.EngineExecutionOrchestrator.execute(EngineExecutionOrchestrator.java:147)
	at org.junit.platform.launcher.core.EngineExecutionOrchestrator.execute(EngineExecutionOrchestrator.java:127)
	at org.junit.platform.launcher.core.EngineExecutionOrchestrator.execute(EngineExecutionOrchestrator.java:90)
	at org.junit.platform.launcher.core.EngineExecutionOrchestrator.lambda$execute$0(EngineExecutionOrchestrator.java:55)
	at org.junit.platform.launcher.core.EngineExecutionOrchestrator.withInterceptedStreams(EngineExecutionOrchestrator.java:102)
	at org.junit.platform.launcher.core.EngineExecutionOrchestrator.execute(EngineExecutionOrchestrator.java:54)
	at org.junit.platform.launcher.core.DefaultLauncher.execute(DefaultLauncher.java:114)
	at org.junit.platform.launcher.core.DefaultLauncher.execute(DefaultLauncher.java:86)
	at org.junit.platform.launcher.core.DefaultLauncherSession$DelegatingLauncher.execute(DefaultLauncherSession.java:86)
	at org.apache.maven.surefire.junitplatform.LazyLauncher.execute(LazyLauncher.java:56)
	at org.apache.maven.surefire.junitplatform.JUnitPlatformProvider.execute(JUnitPlatformProvider.java:184)
	at org.apache.maven.surefire.junitplatform.JUnitPlatformProvider.invokeAllTests(JUnitPlatformProvider.java:148)
	at org.apache.maven.surefire.junitplatform.JUnitPlatformProvider.invoke(JUnitPlatformProvider.java:122)
	at org.apache.maven.surefire.booter.ForkedBooter.runSuitesInProcess(ForkedBooter.java:385)
	at org.apache.maven.surefire.booter.ForkedBooter.execute(ForkedBooter.java:162)
	at org.apache.maven.surefire.booter.ForkedBooter.run(ForkedBooter.java:507)
	at org.apache.maven.surefire.booter.ForkedBooter.main(ForkedBooter.java:495)
]]></error>
    <system-out><![CDATA[05:41:36.677 [main] INFO org.evosuite.runtime.agent.AgentLoader - dynamically loading javaagent
05:41:36.693 [main] INFO org.evosuite.runtime.agent.AgentLoader - Using JavaAgent in /Users/curtis/.m2/repository/org/evosuite/evosuite-standalone-runtime/1.0.6/evosuite-standalone-runtime-1.0.6.jar
05:41:36.703 [main] INFO org.evosuite.runtime.agent.AgentLoader - Classpath: /Users/curtis/Github/Thesis/chatTester/Repos/sachin-handiekar_jInstagram/target/test-classes:/Users/curtis/Github/Thesis/chatTester/Repos/sachin-handiekar_jInstagram/target/classes:/Users/curtis/.m2/repository/com/google/code/gson/gson/2.7/gson-2.7.jar:/Users/curtis/.m2/repository/org/apache/commons/commons-lang3/3.4/commons-lang3-3.4.jar:/Users/curtis/.m2/repository/commons-codec/commons-codec/1.10/commons-codec-1.10.jar:/Users/curtis/.m2/repository/org/slf4j/slf4j-api/1.7.21/slf4j-api-1.7.21.jar:/Users/curtis/.m2/repository/junit/junit/4.12/junit-4.12.jar:/Users/curtis/.m2/repository/org/hamcrest/hamcrest-core/1.3/hamcrest-core-1.3.jar:/Users/curtis/.m2/repository/org/mockito/mockito-core/1.10.19/mockito-core-1.10.19.jar:/Users/curtis/.m2/repository/org/objenesis/objenesis/2.1/objenesis-2.1.jar:/Users/curtis/.m2/repository/ch/qos/logback/logback-classic/1.1.7/logback-classic-1.1.7.jar:/Users/curtis/.m2/repository/ch/qos/logback/logback-core/1.1.7/logback-core-1.1.7.jar:/Users/curtis/.m2/repository/org/powermock/powermock-api-mockito/1.6.6/powermock-api-mockito-1.6.6.jar:/Users/curtis/.m2/repository/org/powermock/powermock-api-mockito-common/1.6.6/powermock-api-mockito-common-1.6.6.jar:/Users/curtis/.m2/repository/org/powermock/powermock-api-support/1.6.6/powermock-api-support-1.6.6.jar:/Users/curtis/.m2/repository/org/powermock/powermock-module-junit4/1.6.6/powermock-module-junit4-1.6.6.jar:/Users/curtis/.m2/repository/org/powermock/powermock-module-junit4-common/1.6.6/powermock-module-junit4-common-1.6.6.jar:/Users/curtis/.m2/repository/org/powermock/powermock-core/1.6.6/powermock-core-1.6.6.jar:/Users/curtis/.m2/repository/org/javassist/javassist/3.21.0-GA/javassist-3.21.0-GA.jar:/Users/curtis/.m2/repository/org/powermock/powermock-reflect/1.6.6/powermock-reflect-1.6.6.jar:/Users/curtis/.m2/repository/org/evosuite/evosuite-standalone-runtime/1.0.6/evosuite-standalone-runtime-1.0.6.jar:/Users/curtis/.m2/repository/org/junit/jupiter/junit-jupiter-api/5.9.0/junit-jupiter-api-5.9.0.jar:/Users/curtis/.m2/repository/org/opentest4j/opentest4j/1.2.0/opentest4j-1.2.0.jar:/Users/curtis/.m2/repository/org/junit/platform/junit-platform-commons/1.9.0/junit-platform-commons-1.9.0.jar:/Users/curtis/.m2/repository/org/apiguardian/apiguardian-api/1.1.2/apiguardian-api-1.1.2.jar:
05:41:36.703 [main] INFO org.evosuite.runtime.agent.AgentLoader - Going to attach agent to process 25762
05:41:36.984 [Attach Listener] INFO org.evosuite.runtime.agent.InstrumentingAgent - Executing agentmain of JavaAgent
05:41:38.639 [main] DEBUG org.evosuite.runtime.sandbox.MSecurityManager - Adding privileged thread: "Reference Handler"
05:41:38.639 [main] DEBUG org.evosuite.runtime.sandbox.MSecurityManager - Adding privileged thread: "Finalizer"
05:41:38.640 [main] DEBUG org.evosuite.runtime.sandbox.MSecurityManager - Adding privileged thread: "Signal Dispatcher"
05:41:38.640 [main] DEBUG org.evosuite.runtime.sandbox.MSecurityManager - Adding privileged thread: "Attach Listener"
05:41:38.640 [main] DEBUG org.evosuite.runtime.sandbox.MSecurityManager - Adding privileged thread: "AppKit Thread"
05:41:38.640 [main] DEBUG org.evosuite.runtime.sandbox.MSecurityManager - Adding privileged thread: "AWT-Shutdown"
05:41:38.640 [main] DEBUG org.evosuite.runtime.sandbox.MSecurityManager - Adding privileged thread: "Java2D Queue Flusher"
05:41:38.640 [main] DEBUG org.evosuite.runtime.sandbox.MSecurityManager - Adding privileged thread: "Java2D Disposer"
05:41:38.640 [main] DEBUG org.evosuite.runtime.sandbox.MSecurityManager - Adding privileged thread: "main"
05:41:38.640 [main] DEBUG org.evosuite.runtime.sandbox.MSecurityManager - Adding privileged thread: "surefire-forkedjvm-stream-flusher"
05:41:38.640 [main] DEBUG org.evosuite.runtime.sandbox.MSecurityManager - Adding privileged thread: "surefire-forkedjvm-command-thread"
05:41:38.690 [main] DEBUG org.evosuite.runtime.agent.TransformerForTests - Going to instrument: org.jinstagram.entity.common.FromTagData
05:41:38.739 [main] INFO org.evosuite.runtime.instrumentation.MethodCallReplacementClassAdapter - Adding mock interface to class org/jinstagram/entity/common/FromTagData
05:41:39.017 [main] INFO org.evosuite.runtime.instrumentation.CreateClassResetClassAdapter - Creating brand-new static initializer in class org/jinstagram/entity/common/FromTagData
05:41:39.027 [main] DEBUG org.evosuite.runtime.agent.TransformerForTests - Going to instrument: org.jinstagram.entity.common.Caption
05:41:39.027 [main] INFO org.evosuite.runtime.instrumentation.MethodCallReplacementClassAdapter - Adding mock interface to class org/jinstagram/entity/common/Caption
05:41:39.031 [main] INFO org.evosuite.runtime.instrumentation.CreateClassResetClassAdapter - Creating brand-new static initializer in class org/jinstagram/entity/common/Caption
05:41:39.077 [main] DEBUG org.evosuite.runtime.agent.TransformerForTests - Going to instrument: org.mockito.Mockito
05:41:39.078 [main] INFO org.evosuite.runtime.instrumentation.MethodCallReplacementClassAdapter - Adding mock interface to class org/mockito/Mockito
05:41:39.083 [main] INFO org.evosuite.runtime.instrumentation.CreateClassResetClassAdapter - Found static initializer in class org/mockito/Mockito
05:41:39.087 [main] DEBUG org.evosuite.runtime.agent.TransformerForTests - Going to instrument: org.mockito.Matchers
05:41:39.088 [main] INFO org.evosuite.runtime.instrumentation.MethodCallReplacementClassAdapter - Adding mock interface to class org/mockito/Matchers
05:41:39.108 [main] INFO org.evosuite.runtime.instrumentation.CreateClassResetClassAdapter - Found static initializer in class org/mockito/Matchers
05:41:39.111 [main] DEBUG org.evosuite.runtime.agent.TransformerForTests - Going to instrument: org.mockito.internal.progress.MockingProgress
05:41:39.112 [main] DEBUG org.evosuite.runtime.agent.TransformerForTests - Going to instrument: org.hamcrest.Matcher
05:41:39.114 [main] DEBUG org.evosuite.runtime.agent.TransformerForTests - Going to instrument: org.mockito.verification.VerificationMode
05:41:39.115 [main] DEBUG org.evosuite.runtime.agent.TransformerForTests - Going to instrument: org.mockito.verification.VerificationWithTimeout
05:41:39.115 [main] DEBUG org.evosuite.runtime.agent.TransformerForTests - Going to instrument: org.mockito.stubbing.Answer
05:41:39.116 [main] DEBUG org.evosuite.runtime.agent.TransformerForTests - Going to instrument: org.mockito.verification.VerificationAfterDelay
05:41:39.119 [main] DEBUG org.evosuite.runtime.agent.TransformerForTests - Going to instrument: org.mockito.MockitoDebugger
05:41:39.119 [main] DEBUG org.evosuite.runtime.agent.TransformerForTests - Going to instrument: org.mockito.internal.progress.ThreadSafeMockingProgress
05:41:39.121 [main] INFO org.evosuite.runtime.instrumentation.MethodCallReplacementClassAdapter - Adding mock interface to class org/mockito/internal/progress/ThreadSafeMockingProgress
05:41:39.127 [main] INFO org.evosuite.runtime.instrumentation.CreateClassResetClassAdapter - Found static initializer in class org/mockito/internal/progress/ThreadSafeMockingProgress
05:41:39.128 [main] DEBUG org.evosuite.runtime.agent.TransformerForTests - Going to instrument: org.mockito.internal.MockitoCore
05:41:39.132 [main] INFO org.evosuite.runtime.instrumentation.MethodCallReplacementClassAdapter - Adding mock interface to class org/mockito/internal/MockitoCore
05:41:39.163 [main] INFO org.evosuite.runtime.instrumentation.CreateClassResetClassAdapter - Creating brand-new static initializer in class org/mockito/internal/MockitoCore
05:41:39.166 [main] DEBUG org.evosuite.runtime.agent.TransformerForTests - Going to instrument: org.mockito.InOrder
05:41:39.167 [main] DEBUG org.evosuite.runtime.agent.TransformerForTests - Going to instrument: org.mockito.exceptions.misusing.NotAMockException
05:41:39.168 [main] INFO org.evosuite.runtime.instrumentation.MethodCallReplacementClassAdapter - Adding mock interface to class org/mockito/exceptions/misusing/NotAMockException
05:41:39.182 [main] INFO org.evosuite.runtime.instrumentation.CreateClassResetClassAdapter - Creating brand-new static initializer in class org/mockito/exceptions/misusing/NotAMockException
05:41:39.184 [main] DEBUG org.evosuite.runtime.agent.TransformerForTests - Going to instrument: org.mockito.exceptions.base.MockitoException
05:41:39.192 [main] INFO org.evosuite.runtime.instrumentation.MethodCallReplacementClassAdapter - Adding mock interface to class org/mockito/exceptions/base/MockitoException
05:41:39.195 [main] INFO org.evosuite.runtime.instrumentation.CreateClassResetClassAdapter - Creating brand-new static initializer in class org/mockito/exceptions/base/MockitoException
05:41:39.197 [main] DEBUG org.evosuite.runtime.agent.TransformerForTests - Going to instrument: org.mockito.internal.verification.api.VerificationData
05:41:39.197 [main] DEBUG org.evosuite.runtime.agent.TransformerForTests - Going to instrument: org.mockito.internal.stubbing.InvocationContainer
05:41:39.198 [main] DEBUG org.evosuite.runtime.agent.TransformerForTests - Going to instrument: org.mockito.MockingDetails
05:41:39.199 [main] DEBUG org.evosuite.runtime.agent.TransformerForTests - Going to instrument: org.mockito.internal.verification.api.VerificationDataInOrder
05:41:39.201 [main] DEBUG org.evosuite.runtime.agent.TransformerForTests - Going to instrument: org.mockito.exceptions.Reporter
05:41:39.209 [main] INFO org.evosuite.runtime.instrumentation.MethodCallReplacementClassAdapter - Adding mock interface to class org/mockito/exceptions/Reporter
05:41:39.249 [main] INFO org.evosuite.runtime.instrumentation.CreateClassResetClassAdapter - Creating brand-new static initializer in class org/mockito/exceptions/Reporter
05:41:39.253 [main] DEBUG org.evosuite.runtime.agent.TransformerForTests - Going to instrument: org.mockito.exceptions.misusing.NullInsteadOfMockException
05:41:39.257 [main] INFO org.evosuite.runtime.instrumentation.MethodCallReplacementClassAdapter - Adding mock interface to class org/mockito/exceptions/misusing/NullInsteadOfMockException
05:41:39.259 [main] INFO org.evosuite.runtime.instrumentation.CreateClassResetClassAdapter - Creating brand-new static initializer in class org/mockito/exceptions/misusing/NullInsteadOfMockException
05:41:39.266 [main] DEBUG org.evosuite.runtime.agent.TransformerForTests - Going to instrument: org.mockito.exceptions.misusing.MissingMethodInvocationException
05:41:39.268 [main] INFO org.evosuite.runtime.instrumentation.MethodCallReplacementClassAdapter - Adding mock interface to class org/mockito/exceptions/misusing/MissingMethodInvocationException
05:41:39.269 [main] INFO org.evosuite.runtime.instrumentation.CreateClassResetClassAdapter - Creating brand-new static initializer in class org/mockito/exceptions/misusing/MissingMethodInvocationException
05:41:39.271 [main] DEBUG org.evosuite.runtime.agent.TransformerForTests - Going to instrument: org.mockito.exceptions.misusing.CannotStubVoidMethodWithReturnValue
05:41:39.271 [main] INFO org.evosuite.runtime.instrumentation.MethodCallReplacementClassAdapter - Adding mock interface to class org/mockito/exceptions/misusing/CannotStubVoidMethodWithReturnValue
05:41:39.271 [main] INFO org.evosuite.runtime.instrumentation.CreateClassResetClassAdapter - Creating brand-new static initializer in class org/mockito/exceptions/misusing/CannotStubVoidMethodWithReturnValue
05:41:39.271 [main] DEBUG org.evosuite.runtime.agent.TransformerForTests - Going to instrument: org.mockito.exceptions.misusing.WrongTypeOfReturnValue
05:41:39.272 [main] INFO org.evosuite.runtime.instrumentation.MethodCallReplacementClassAdapter - Adding mock interface to class org/mockito/exceptions/misusing/WrongTypeOfReturnValue
05:41:39.273 [main] INFO org.evosuite.runtime.instrumentation.CreateClassResetClassAdapter - Creating brand-new static initializer in class org/mockito/exceptions/misusing/WrongTypeOfReturnValue
05:41:39.274 [main] DEBUG org.evosuite.runtime.agent.TransformerForTests - Going to instrument: org.mockito.exceptions.misusing.InvalidUseOfMatchersException
05:41:39.275 [main] INFO org.evosuite.runtime.instrumentation.MethodCallReplacementClassAdapter - Adding mock interface to class org/mockito/exceptions/misusing/InvalidUseOfMatchersException
05:41:39.275 [main] INFO org.evosuite.runtime.instrumentation.CreateClassResetClassAdapter - Creating brand-new static initializer in class org/mockito/exceptions/misusing/InvalidUseOfMatchersException
05:41:39.276 [main] DEBUG org.evosuite.runtime.agent.TransformerForTests - Going to instrument: org.mockito.exceptions.base.MockitoAssertionError
05:41:39.277 [main] INFO org.evosuite.runtime.instrumentation.MethodCallReplacementClassAdapter - Adding mock interface to class org/mockito/exceptions/base/MockitoAssertionError
05:41:39.279 [main] INFO org.evosuite.runtime.instrumentation.CreateClassResetClassAdapter - Creating brand-new static initializer in class org/mockito/exceptions/base/MockitoAssertionError
05:41:39.280 [main] DEBUG org.evosuite.runtime.agent.TransformerForTests - Going to instrument: org.mockito.exceptions.verification.SmartNullPointerException
05:41:39.280 [main] INFO org.evosuite.runtime.instrumentation.MethodCallReplacementClassAdapter - Adding mock interface to class org/mockito/exceptions/verification/SmartNullPointerException
05:41:39.281 [main] INFO org.evosuite.runtime.instrumentation.CreateClassResetClassAdapter - Creating brand-new static initializer in class org/mockito/exceptions/verification/SmartNullPointerException
05:41:39.281 [main] DEBUG org.evosuite.runtime.agent.TransformerForTests - Going to instrument: org.mockito.exceptions.misusing.UnfinishedVerificationException
05:41:39.281 [main] INFO org.evosuite.runtime.instrumentation.MethodCallReplacementClassAdapter - Adding mock interface to class org/mockito/exceptions/misusing/UnfinishedVerificationException
05:41:39.282 [main] INFO org.evosuite.runtime.instrumentation.CreateClassResetClassAdapter - Creating brand-new static initializer in class org/mockito/exceptions/misusing/UnfinishedVerificationException
05:41:39.282 [main] DEBUG org.evosuite.runtime.agent.TransformerForTests - Going to instrument: org.mockito.exceptions.misusing.UnfinishedStubbingException
05:41:39.283 [main] INFO org.evosuite.runtime.instrumentation.MethodCallReplacementClassAdapter - Adding mock interface to class org/mockito/exceptions/misusing/UnfinishedStubbingException
05:41:39.283 [main] INFO org.evosuite.runtime.instrumentation.CreateClassResetClassAdapter - Creating brand-new static initializer in class org/mockito/exceptions/misusing/UnfinishedStubbingException
05:41:39.284 [main] DEBUG org.evosuite.runtime.agent.TransformerForTests - Going to instrument: org.mockito.exceptions.misusing.CannotVerifyStubOnlyMock
05:41:39.285 [main] INFO org.evosuite.runtime.instrumentation.MethodCallReplacementClassAdapter - Adding mock interface to class org/mockito/exceptions/misusing/CannotVerifyStubOnlyMock
05:41:39.285 [main] INFO org.evosuite.runtime.instrumentation.CreateClassResetClassAdapter - Creating brand-new static initializer in class org/mockito/exceptions/misusing/CannotVerifyStubOnlyMock
05:41:39.286 [main] DEBUG org.evosuite.runtime.agent.TransformerForTests - Going to instrument: org.mockito.exceptions.verification.VerificationInOrderFailure
05:41:39.288 [main] INFO org.evosuite.runtime.instrumentation.MethodCallReplacementClassAdapter - Adding mock interface to class org/mockito/exceptions/verification/VerificationInOrderFailure
05:41:39.289 [main] INFO org.evosuite.runtime.instrumentation.CreateClassResetClassAdapter - Creating brand-new static initializer in class org/mockito/exceptions/verification/VerificationInOrderFailure
05:41:39.290 [main] DEBUG org.evosuite.runtime.agent.TransformerForTests - Going to instrument: org.mockito.exceptions.verification.WantedButNotInvoked
05:41:39.291 [main] INFO org.evosuite.runtime.instrumentation.MethodCallReplacementClassAdapter - Adding mock interface to class org/mockito/exceptions/verification/WantedButNotInvoked
05:41:39.292 [main] INFO org.evosuite.runtime.instrumentation.CreateClassResetClassAdapter - Creating brand-new static initializer in class org/mockito/exceptions/verification/WantedButNotInvoked
05:41:39.293 [main] DEBUG org.evosuite.runtime.agent.TransformerForTests - Going to instrument: org.mockito.exceptions.verification.TooManyActualInvocations
05:41:39.293 [main] INFO org.evosuite.runtime.instrumentation.MethodCallReplacementClassAdapter - Adding mock interface to class org/mockito/exceptions/verification/TooManyActualInvocations
05:41:39.294 [main] INFO org.evosuite.runtime.instrumentation.CreateClassResetClassAdapter - Creating brand-new static initializer in class org/mockito/exceptions/verification/TooManyActualInvocations
05:41:39.294 [main] DEBUG org.evosuite.runtime.agent.TransformerForTests - Going to instrument: org.mockito.exceptions.verification.NeverWantedButInvoked
05:41:39.294 [main] INFO org.evosuite.runtime.instrumentation.MethodCallReplacementClassAdapter - Adding mock interface to class org/mockito/exceptions/verification/NeverWantedButInvoked
05:41:39.294 [main] INFO org.evosuite.runtime.instrumentation.CreateClassResetClassAdapter - Creating brand-new static initializer in class org/mockito/exceptions/verification/NeverWantedButInvoked
05:41:39.295 [main] DEBUG org.evosuite.runtime.agent.TransformerForTests - Going to instrument: org.mockito.exceptions.misusing.FriendlyReminderException
05:41:39.296 [main] INFO org.evosuite.runtime.instrumentation.MethodCallReplacementClassAdapter - Adding mock interface to class org/mockito/exceptions/misusing/FriendlyReminderException
05:41:39.296 [main] INFO org.evosuite.runtime.instrumentation.CreateClassResetClassAdapter - Creating brand-new static initializer in class org/mockito/exceptions/misusing/FriendlyReminderException
05:41:39.297 [main] DEBUG org.evosuite.runtime.agent.TransformerForTests - Going to instrument: org.mockito.exceptions.verification.TooLittleActualInvocations
05:41:39.299 [main] INFO org.evosuite.runtime.instrumentation.MethodCallReplacementClassAdapter - Adding mock interface to class org/mockito/exceptions/verification/TooLittleActualInvocations
05:41:39.299 [main] INFO org.evosuite.runtime.instrumentation.CreateClassResetClassAdapter - Creating brand-new static initializer in class org/mockito/exceptions/verification/TooLittleActualInvocations
05:41:39.300 [main] DEBUG org.evosuite.runtime.agent.TransformerForTests - Going to instrument: org.mockito.exceptions.verification.NoInteractionsWanted
05:41:39.300 [main] INFO org.evosuite.runtime.instrumentation.MethodCallReplacementClassAdapter - Adding mock interface to class org/mockito/exceptions/verification/NoInteractionsWanted
05:41:39.300 [main] INFO org.evosuite.runtime.instrumentation.CreateClassResetClassAdapter - Creating brand-new static initializer in class org/mockito/exceptions/verification/NoInteractionsWanted
05:41:39.301 [main] DEBUG org.evosuite.runtime.agent.TransformerForTests - Going to instrument: org.mockito.internal.util.MockUtil
05:41:39.304 [main] INFO org.evosuite.runtime.instrumentation.MethodCallReplacementClassAdapter - Adding mock interface to class org/mockito/internal/util/MockUtil
05:41:39.307 [main] INFO org.evosuite.runtime.instrumentation.CreateClassResetClassAdapter - Found static initializer in class org/mockito/internal/util/MockUtil
05:41:39.315 [main] DEBUG org.evosuite.runtime.agent.TransformerForTests - Going to instrument: org.mockito.invocation.MockHandler
05:41:39.318 [main] DEBUG org.evosuite.runtime.agent.TransformerForTests - Going to instrument: org.mockito.mock.MockName
05:41:39.319 [main] DEBUG org.evosuite.runtime.agent.TransformerForTests - Going to instrument: org.mockito.internal.configuration.plugins.Plugins
05:41:39.319 [main] INFO org.evosuite.runtime.instrumentation.MethodCallReplacementClassAdapter - Adding mock interface to class org/mockito/internal/configuration/plugins/Plugins
05:41:39.319 [main] INFO org.evosuite.runtime.instrumentation.CreateClassResetClassAdapter - Found static initializer in class org/mockito/internal/configuration/plugins/Plugins
05:41:39.321 [main] DEBUG org.evosuite.runtime.agent.TransformerForTests - Going to instrument: org.mockito.internal.configuration.plugins.PluginRegistry
05:41:39.321 [main] INFO org.evosuite.runtime.instrumentation.MethodCallReplacementClassAdapter - Adding mock interface to class org/mockito/internal/configuration/plugins/PluginRegistry
05:41:39.323 [main] INFO org.evosuite.runtime.instrumentation.CreateClassResetClassAdapter - Creating brand-new static initializer in class org/mockito/internal/configuration/plugins/PluginRegistry
05:41:39.324 [main] DEBUG org.evosuite.runtime.agent.TransformerForTests - Going to instrument: org.mockito.plugins.PluginSwitch
05:41:39.325 [main] DEBUG org.evosuite.runtime.agent.TransformerForTests - Going to instrument: org.mockito.internal.configuration.plugins.PluginLoader
05:41:39.327 [main] INFO org.evosuite.runtime.instrumentation.MethodCallReplacementClassAdapter - Adding mock interface to class org/mockito/internal/configuration/plugins/PluginLoader
05:41:39.331 [main] INFO org.evosuite.runtime.instrumentation.CreateClassResetClassAdapter - Creating brand-new static initializer in class org/mockito/internal/configuration/plugins/PluginLoader
05:41:39.333 [main] DEBUG org.evosuite.runtime.agent.TransformerForTests - Going to instrument: org.mockito.exceptions.misusing.MockitoConfigurationException
05:41:39.333 [main] INFO org.evosuite.runtime.instrumentation.MethodCallReplacementClassAdapter - Adding mock interface to class org/mockito/exceptions/misusing/MockitoConfigurationException
05:41:39.334 [main] INFO org.evosuite.runtime.instrumentation.CreateClassResetClassAdapter - Creating brand-new static initializer in class org/mockito/exceptions/misusing/MockitoConfigurationException
05:41:39.335 [main] DEBUG org.evosuite.runtime.agent.TransformerForTests - Going to instrument: org.mockito.internal.configuration.plugins.DefaultPluginSwitch
05:41:39.335 [main] INFO org.evosuite.runtime.instrumentation.MethodCallReplacementClassAdapter - Adding mock interface to class org/mockito/internal/configuration/plugins/DefaultPluginSwitch
05:41:39.336 [main] INFO org.evosuite.runtime.instrumentation.CreateClassResetClassAdapter - Creating brand-new static initializer in class org/mockito/internal/configuration/plugins/DefaultPluginSwitch
05:41:39.338 [main] DEBUG org.evosuite.runtime.agent.TransformerForTests - Going to instrument: org.mockito.internal.configuration.plugins.PluginFinder
05:41:39.342 [main] INFO org.evosuite.runtime.instrumentation.MethodCallReplacementClassAdapter - Adding mock interface to class org/mockito/internal/configuration/plugins/PluginFinder
05:41:39.343 [main] INFO org.evosuite.runtime.instrumentation.CreateClassResetClassAdapter - Creating brand-new static initializer in class org/mockito/internal/configuration/plugins/PluginFinder
05:41:39.344 [main] DEBUG org.evosuite.runtime.agent.TransformerForTests - Going to instrument: org.mockito.internal.util.collections.Iterables
05:41:39.347 [main] INFO org.evosuite.runtime.instrumentation.MethodCallReplacementClassAdapter - Adding mock interface to class org/mockito/internal/util/collections/Iterables
05:41:39.352 [main] INFO org.evosuite.runtime.instrumentation.CreateClassResetClassAdapter - Creating brand-new static initializer in class org/mockito/internal/util/collections/Iterables
05:41:39.362 [main] DEBUG org.evosuite.runtime.agent.TransformerForTests - Going to instrument: org.mockito.plugins.MockMaker
05:41:39.368 [main] DEBUG org.evosuite.runtime.agent.TransformerForTests - Going to instrument: org.mockito.internal.configuration.plugins.PluginFileReader
05:41:39.372 [main] INFO org.evosuite.runtime.instrumentation.MethodCallReplacementClassAdapter - Adding mock interface to class org/mockito/internal/configuration/plugins/PluginFileReader
05:41:39.373 [main] INFO org.evosuite.runtime.instrumentation.CreateClassResetClassAdapter - Creating brand-new static initializer in class org/mockito/internal/configuration/plugins/PluginFileReader
05:41:39.375 [main] DEBUG org.evosuite.runtime.agent.TransformerForTests - Going to instrument: org.mockito.internal.util.io.IOUtil
05:41:39.377 [main] INFO org.evosuite.runtime.instrumentation.MethodCallReplacementClassAdapter - Adding mock interface to class org/mockito/internal/util/io/IOUtil
05:41:39.384 [main] INFO org.evosuite.runtime.instrumentation.CreateClassResetClassAdapter - Creating brand-new static initializer in class org/mockito/internal/util/io/IOUtil
05:41:39.391 [main] DEBUG org.evosuite.runtime.agent.TransformerForTests - Going to instrument: org.mockito.cglib.proxy.Callback
05:41:39.393 [main] DEBUG org.evosuite.runtime.agent.TransformerForTests - Going to instrument: org.mockito.cglib.proxy.MethodInterceptor
05:41:39.394 [main] DEBUG org.evosuite.runtime.agent.TransformerForTests - Going to instrument: org.mockito.plugins.StackTraceCleanerProvider
05:41:39.398 [main] DEBUG org.evosuite.runtime.agent.TransformerForTests - Going to instrument: org.mockito.exceptions.stacktrace.StackTraceCleaner
05:41:39.399 [main] DEBUG org.evosuite.runtime.agent.TransformerForTests - Going to instrument: org.mockito.Answers
05:41:39.400 [main] INFO org.evosuite.runtime.instrumentation.MethodCallReplacementClassAdapter - Adding mock interface to class org/mockito/Answers
05:41:39.402 [main] INFO org.evosuite.runtime.instrumentation.CreateClassResetClassAdapter - Found static initializer in class org/mockito/Answers
05:41:39.404 [main] DEBUG org.evosuite.runtime.agent.TransformerForTests - Going to instrument: org.mockito.internal.stubbing.defaultanswers.GloballyConfiguredAnswer
05:41:39.404 [main] INFO org.evosuite.runtime.instrumentation.MethodCallReplacementClassAdapter - Adding mock interface to class org/mockito/internal/stubbing/defaultanswers/GloballyConfiguredAnswer
05:41:39.407 [main] INFO org.evosuite.runtime.instrumentation.CreateClassResetClassAdapter - Creating brand-new static initializer in class org/mockito/internal/stubbing/defaultanswers/GloballyConfiguredAnswer
05:41:39.408 [main] DEBUG org.evosuite.runtime.agent.TransformerForTests - Going to instrument: org.mockito.internal.stubbing.defaultanswers.ReturnsSmartNulls
05:41:39.409 [main] INFO org.evosuite.runtime.instrumentation.MethodCallReplacementClassAdapter - Adding mock interface to class org/mockito/internal/stubbing/defaultanswers/ReturnsSmartNulls
05:41:39.409 [main] INFO org.evosuite.runtime.instrumentation.CreateClassResetClassAdapter - Creating brand-new static initializer in class org/mockito/internal/stubbing/defaultanswers/ReturnsSmartNulls
05:41:39.410 [main] DEBUG org.evosuite.runtime.agent.TransformerForTests - Going to instrument: org.mockito.invocation.Location
05:41:39.411 [main] DEBUG org.evosuite.runtime.agent.TransformerForTests - Going to instrument: org.mockito.internal.stubbing.defaultanswers.ReturnsMoreEmptyValues
05:41:39.411 [main] INFO org.evosuite.runtime.instrumentation.MethodCallReplacementClassAdapter - Adding mock interface to class org/mockito/internal/stubbing/defaultanswers/ReturnsMoreEmptyValues
05:41:39.413 [main] INFO org.evosuite.runtime.instrumentation.CreateClassResetClassAdapter - Creating brand-new static initializer in class org/mockito/internal/stubbing/defaultanswers/ReturnsMoreEmptyValues
05:41:39.414 [main] DEBUG org.evosuite.runtime.agent.TransformerForTests - Going to instrument: org.mockito.internal.stubbing.defaultanswers.ReturnsEmptyValues
05:41:39.414 [main] INFO org.evosuite.runtime.instrumentation.MethodCallReplacementClassAdapter - Adding mock interface to class org/mockito/internal/stubbing/defaultanswers/ReturnsEmptyValues
05:41:39.415 [main] INFO org.evosuite.runtime.instrumentation.CreateClassResetClassAdapter - Creating brand-new static initializer in class org/mockito/internal/stubbing/defaultanswers/ReturnsEmptyValues
05:41:39.416 [main] DEBUG org.evosuite.runtime.agent.TransformerForTests - Going to instrument: org.mockito.internal.util.ObjectMethodsGuru
05:41:39.416 [main] INFO org.evosuite.runtime.instrumentation.MethodCallReplacementClassAdapter - Adding mock interface to class org/mockito/internal/util/ObjectMethodsGuru
05:41:39.417 [main] INFO org.evosuite.runtime.instrumentation.CreateClassResetClassAdapter - Creating brand-new static initializer in class org/mockito/internal/util/ObjectMethodsGuru
05:41:39.418 [main] DEBUG org.evosuite.runtime.agent.TransformerForTests - Going to instrument: org.mockito.internal.invocation.MockitoMethod
05:41:39.418 [main] DEBUG org.evosuite.runtime.agent.TransformerForTests - Going to instrument: org.mockito.internal.invocation.AbstractAwareMethod
05:41:39.419 [main] DEBUG org.evosuite.runtime.agent.TransformerForTests - Going to instrument: org.mockito.internal.stubbing.defaultanswers.ReturnsMocks
05:41:39.420 [main] INFO org.evosuite.runtime.instrumentation.MethodCallReplacementClassAdapter - Adding mock interface to class org/mockito/internal/stubbing/defaultanswers/ReturnsMocks
05:41:39.422 [main] INFO org.evosuite.runtime.instrumentation.CreateClassResetClassAdapter - Creating brand-new static initializer in class org/mockito/internal/stubbing/defaultanswers/ReturnsMocks
05:41:39.423 [main] DEBUG org.evosuite.runtime.agent.TransformerForTests - Going to instrument: org.mockito.internal.stubbing.defaultanswers.ReturnsDeepStubs
05:41:39.423 [main] INFO org.evosuite.runtime.instrumentation.MethodCallReplacementClassAdapter - Adding mock interface to class org/mockito/internal/stubbing/defaultanswers/ReturnsDeepStubs
05:41:39.424 [main] INFO org.evosuite.runtime.instrumentation.CreateClassResetClassAdapter - Creating brand-new static initializer in class org/mockito/internal/stubbing/defaultanswers/ReturnsDeepStubs
05:41:39.424 [main] DEBUG org.evosuite.runtime.agent.TransformerForTests - Going to instrument: org.mockito.internal.stubbing.defaultanswers.ReturnsDeepStubs$ReturnsDeepStubsSerializationFallback
05:41:39.424 [main] INFO org.evosuite.runtime.instrumentation.MethodCallReplacementClassAdapter - Adding mock interface to class org/mockito/internal/stubbing/defaultanswers/ReturnsDeepStubs$ReturnsDeepStubsSerializationFallback
05:41:39.427 [main] INFO org.evosuite.runtime.instrumentation.CreateClassResetClassAdapter - Creating brand-new static initializer in class org/mockito/internal/stubbing/defaultanswers/ReturnsDeepStubs$ReturnsDeepStubsSerializationFallback
05:41:39.429 [main] DEBUG org.evosuite.runtime.agent.TransformerForTests - Going to instrument: org.mockito.internal.stubbing.answers.CallsRealMethods
05:41:39.429 [main] INFO org.evosuite.runtime.instrumentation.MethodCallReplacementClassAdapter - Adding mock interface to class org/mockito/internal/stubbing/answers/CallsRealMethods
05:41:39.430 [main] INFO org.evosuite.runtime.instrumentation.CreateClassResetClassAdapter - Creating brand-new static initializer in class org/mockito/internal/stubbing/answers/CallsRealMethods
05:41:39.432 [main] DEBUG org.evosuite.runtime.agent.TransformerForTests - Going to instrument: org.mockito.internal.creation.MockSettingsImpl
05:41:39.433 [main] INFO org.evosuite.runtime.instrumentation.MethodCallReplacementClassAdapter - Adding mock interface to class org/mockito/internal/creation/MockSettingsImpl
05:41:39.443 [main] INFO org.evosuite.runtime.instrumentation.CreateClassResetClassAdapter - Creating brand-new static initializer in class org/mockito/internal/creation/MockSettingsImpl
05:41:39.444 [main] DEBUG org.evosuite.runtime.agent.TransformerForTests - Going to instrument: org.mockito.MockSettings
05:41:39.449 [main] DEBUG org.evosuite.runtime.agent.TransformerForTests - Going to instrument: org.mockito.mock.MockCreationSettings
05:41:39.450 [main] DEBUG org.evosuite.runtime.agent.TransformerForTests - Going to instrument: org.mockito.internal.creation.settings.CreationSettings
05:41:39.450 [main] INFO org.evosuite.runtime.instrumentation.MethodCallReplacementClassAdapter - Adding mock interface to class org/mockito/internal/creation/settings/CreationSettings
05:41:39.461 [main] INFO org.evosuite.runtime.instrumentation.CreateClassResetClassAdapter - Creating brand-new static initializer in class org/mockito/internal/creation/settings/CreationSettings
05:41:39.465 [main] DEBUG org.evosuite.runtime.agent.TransformerForTests - Going to instrument: org.mockito.mock.SerializableMode
05:41:39.467 [main] INFO org.evosuite.runtime.instrumentation.MethodCallReplacementClassAdapter - Adding mock interface to class org/mockito/mock/SerializableMode
05:41:39.470 [main] INFO org.evosuite.runtime.instrumentation.CreateClassResetClassAdapter - Found static initializer in class org/mockito/mock/SerializableMode
05:41:39.473 [main] DEBUG org.evosuite.runtime.agent.TransformerForTests - Going to instrument: org.mockito.internal.util.MockCreationValidator
05:41:39.473 [main] INFO org.evosuite.runtime.instrumentation.MethodCallReplacementClassAdapter - Adding mock interface to class org/mockito/internal/util/MockCreationValidator
05:41:39.475 [main] INFO org.evosuite.runtime.instrumentation.CreateClassResetClassAdapter - Creating brand-new static initializer in class org/mockito/internal/util/MockCreationValidator
05:41:39.476 [main] DEBUG org.evosuite.runtime.agent.TransformerForTests - Going to instrument: org.mockito.internal.util.MockNameImpl
05:41:39.476 [main] INFO org.evosuite.runtime.instrumentation.MethodCallReplacementClassAdapter - Adding mock interface to class org/mockito/internal/util/MockNameImpl
05:41:39.476 [main] INFO org.evosuite.runtime.instrumentation.CreateClassResetClassAdapter - Creating brand-new static initializer in class org/mockito/internal/util/MockNameImpl
05:41:39.477 [main] DEBUG org.evosuite.runtime.agent.TransformerForTests - Going to instrument: org.mockito.internal.handler.MockHandlerFactory
05:41:39.478 [main] INFO org.evosuite.runtime.instrumentation.MethodCallReplacementClassAdapter - Adding mock interface to class org/mockito/internal/handler/MockHandlerFactory
05:41:39.479 [main] INFO org.evosuite.runtime.instrumentation.CreateClassResetClassAdapter - Creating brand-new static initializer in class org/mockito/internal/handler/MockHandlerFactory
05:41:39.480 [main] DEBUG org.evosuite.runtime.agent.TransformerForTests - Going to instrument: org.mockito.internal.InternalMockHandler
05:41:39.480 [main] DEBUG org.evosuite.runtime.agent.TransformerForTests - Going to instrument: org.mockito.internal.handler.MockHandlerImpl
05:41:39.481 [main] INFO org.evosuite.runtime.instrumentation.MethodCallReplacementClassAdapter - Adding mock interface to class org/mockito/internal/handler/MockHandlerImpl
05:41:39.482 [main] INFO org.evosuite.runtime.instrumentation.CreateClassResetClassAdapter - Creating brand-new static initializer in class org/mockito/internal/handler/MockHandlerImpl
05:41:39.482 [main] DEBUG org.evosuite.runtime.agent.TransformerForTests - Going to instrument: org.mockito.internal.progress.IOngoingStubbing
05:41:39.483 [main] DEBUG org.evosuite.runtime.agent.TransformerForTests - Going to instrument: org.mockito.invocation.InvocationOnMock
05:41:39.483 [main] DEBUG org.evosuite.runtime.agent.TransformerForTests - Going to instrument: org.mockito.stubbing.VoidMethodStubbable
05:41:39.484 [main] DEBUG org.evosuite.runtime.agent.TransformerForTests - Going to instrument: org.mockito.internal.invocation.MatchersBinder
05:41:39.484 [main] INFO org.evosuite.runtime.instrumentation.MethodCallReplacementClassAdapter - Adding mock interface to class org/mockito/internal/invocation/MatchersBinder
05:41:39.485 [main] INFO org.evosuite.runtime.instrumentation.CreateClassResetClassAdapter - Creating brand-new static initializer in class org/mockito/internal/invocation/MatchersBinder
05:41:39.486 [main] DEBUG org.evosuite.runtime.agent.TransformerForTests - Going to instrument: org.mockito.internal.stubbing.InvocationContainerImpl
05:41:39.486 [main] INFO org.evosuite.runtime.instrumentation.MethodCallReplacementClassAdapter - Adding mock interface to class org/mockito/internal/stubbing/InvocationContainerImpl
05:41:39.490 [main] INFO org.evosuite.runtime.instrumentation.CreateClassResetClassAdapter - Found static initializer in class org/mockito/internal/stubbing/InvocationContainerImpl
05:41:39.491 [main] DEBUG org.evosuite.runtime.agent.TransformerForTests - Going to instrument: org.mockito.invocation.DescribedInvocation
05:41:39.491 [main] DEBUG org.evosuite.runtime.agent.TransformerForTests - Going to instrument: org.mockito.exceptions.PrintableInvocation
05:41:39.492 [main] DEBUG org.evosuite.runtime.agent.TransformerForTests - Going to instrument: org.mockito.invocation.StubInfo
05:41:39.493 [main] DEBUG org.evosuite.runtime.agent.TransformerForTests - Going to instrument: org.mockito.internal.verification.SingleRegisteredInvocation
05:41:39.493 [main] INFO org.evosuite.runtime.instrumentation.MethodCallReplacementClassAdapter - Adding mock interface to class org/mockito/internal/verification/SingleRegisteredInvocation
05:41:39.494 [main] INFO org.evosuite.runtime.instrumentation.CreateClassResetClassAdapter - Creating brand-new static initializer in class org/mockito/internal/verification/SingleRegisteredInvocation
05:41:39.495 [main] DEBUG org.evosuite.runtime.agent.TransformerForTests - Going to instrument: org.mockito.internal.verification.RegisteredInvocations
05:41:39.496 [main] DEBUG org.evosuite.runtime.agent.TransformerForTests - Going to instrument: org.mockito.internal.verification.DefaultRegisteredInvocations
05:41:39.496 [main] INFO org.evosuite.runtime.instrumentation.MethodCallReplacementClassAdapter - Adding mock interface to class org/mockito/internal/verification/DefaultRegisteredInvocations
05:41:39.499 [main] INFO org.evosuite.runtime.instrumentation.CreateClassResetClassAdapter - Creating brand-new static initializer in class org/mockito/internal/verification/DefaultRegisteredInvocations
05:41:39.501 [main] DEBUG org.evosuite.runtime.agent.TransformerForTests - Going to instrument: org.mockito.internal.util.collections.ListUtil$Filter
05:41:39.501 [main] DEBUG org.evosuite.runtime.agent.TransformerForTests - Going to instrument: org.mockito.internal.handler.NullResultGuardian
05:41:39.502 [main] INFO org.evosuite.runtime.instrumentation.MethodCallReplacementClassAdapter - Adding mock interface to class org/mockito/internal/handler/NullResultGuardian
05:41:39.504 [main] INFO org.evosuite.runtime.instrumentation.CreateClassResetClassAdapter - Creating brand-new static initializer in class org/mockito/internal/handler/NullResultGuardian
05:41:39.505 [main] DEBUG org.evosuite.runtime.agent.TransformerForTests - Going to instrument: org.mockito.internal.handler.InvocationNotifierHandler
05:41:39.506 [main] INFO org.evosuite.runtime.instrumentation.MethodCallReplacementClassAdapter - Adding mock interface to class org/mockito/internal/handler/InvocationNotifierHandler
05:41:39.506 [main] INFO org.evosuite.runtime.instrumentation.CreateClassResetClassAdapter - Creating brand-new static initializer in class org/mockito/internal/handler/InvocationNotifierHandler
05:41:39.507 [main] DEBUG org.evosuite.runtime.agent.TransformerForTests - Going to instrument: org.mockito.listeners.MethodInvocationReport
05:41:39.510 [main] DEBUG org.evosuite.runtime.agent.TransformerForTests - Going to instrument: org.mockito.exceptions.base.MockitoSerializationIssue
05:41:39.516 [main] INFO org.evosuite.runtime.instrumentation.MethodCallReplacementClassAdapter - Adding mock interface to class org/mockito/exceptions/base/MockitoSerializationIssue
05:41:39.519 [main] INFO org.evosuite.runtime.instrumentation.CreateClassResetClassAdapter - Creating brand-new static initializer in class org/mockito/exceptions/base/MockitoSerializationIssue
05:41:39.520 [main] DEBUG org.evosuite.runtime.agent.TransformerForTests - Going to instrument: org.mockito.cglib.core.CodeGenerationException
05:41:39.521 [main] INFO org.evosuite.runtime.instrumentation.MethodCallReplacementClassAdapter - Adding mock interface to class org/mockito/cglib/core/CodeGenerationException
05:41:39.523 [main] INFO org.evosuite.runtime.instrumentation.CreateClassResetClassAdapter - Creating brand-new static initializer in class org/mockito/cglib/core/CodeGenerationException
05:41:39.524 [main] DEBUG org.evosuite.runtime.agent.TransformerForTests - Going to instrument: org.mockito.cglib.proxy.Enhancer
05:41:39.530 [main] INFO org.evosuite.runtime.instrumentation.MethodCallReplacementClassAdapter - Adding mock interface to class org/mockito/cglib/proxy/Enhancer
05:41:39.549 [main] INFO org.evosuite.runtime.instrumentation.CreateClassResetClassAdapter - Found static initializer in class org/mockito/cglib/proxy/Enhancer
05:41:39.553 [main] DEBUG org.evosuite.runtime.agent.TransformerForTests - Going to instrument: org.mockito.cglib.core.AbstractClassGenerator
05:41:39.556 [main] INFO org.evosuite.runtime.instrumentation.MethodCallReplacementClassAdapter - Adding mock interface to class org/mockito/cglib/core/AbstractClassGenerator
05:41:39.564 [main] INFO org.evosuite.runtime.instrumentation.CreateClassResetClassAdapter - Found static initializer in class org/mockito/cglib/core/AbstractClassGenerator
05:41:39.566 [main] DEBUG org.evosuite.runtime.agent.TransformerForTests - Going to instrument: org.mockito.cglib.core.ClassGenerator
05:41:39.568 [main] DEBUG org.evosuite.runtime.agent.TransformerForTests - Going to instrument: org.mockito.cglib.core.NamingPolicy
05:41:39.569 [main] DEBUG org.evosuite.runtime.agent.TransformerForTests - Going to instrument: org.mockito.cglib.proxy.CallbackFilter
05:41:39.569 [main] DEBUG org.evosuite.runtime.agent.TransformerForTests - Going to instrument: org.mockito.internal.creation.instance.InstantationException
05:41:39.570 [main] INFO org.evosuite.runtime.instrumentation.MethodCallReplacementClassAdapter - Adding mock interface to class org/mockito/internal/creation/instance/InstantationException
05:41:39.571 [main] INFO org.evosuite.runtime.instrumentation.CreateClassResetClassAdapter - Creating brand-new static initializer in class org/mockito/internal/creation/instance/InstantationException
05:41:39.572 [main] DEBUG org.evosuite.runtime.agent.TransformerForTests - Going to instrument: org.mockito.cglib.core.DefaultNamingPolicy
05:41:39.572 [main] INFO org.evosuite.runtime.instrumentation.MethodCallReplacementClassAdapter - Adding mock interface to class org/mockito/cglib/core/DefaultNamingPolicy
05:41:39.574 [main] INFO org.evosuite.runtime.instrumentation.CreateClassResetClassAdapter - Found static initializer in class org/mockito/cglib/core/DefaultNamingPolicy
05:41:39.577 [main] DEBUG org.evosuite.runtime.agent.TransformerForTests - Going to instrument: org.mockito.internal.creation.instance.InstantiatorProvider
05:41:39.578 [main] INFO org.evosuite.runtime.instrumentation.MethodCallReplacementClassAdapter - Adding mock interface to class org/mockito/internal/creation/instance/InstantiatorProvider
05:41:39.579 [main] INFO org.evosuite.runtime.instrumentation.CreateClassResetClassAdapter - Found static initializer in class org/mockito/internal/creation/instance/InstantiatorProvider
05:41:39.580 [main] DEBUG org.evosuite.runtime.agent.TransformerForTests - Going to instrument: org.mockito.internal.creation.instance.Instantiator
05:41:39.581 [main] DEBUG org.evosuite.runtime.agent.TransformerForTests - Going to instrument: org.mockito.internal.creation.instance.ObjenesisInstantiator
05:41:39.583 [main] INFO org.evosuite.runtime.instrumentation.MethodCallReplacementClassAdapter - Adding mock interface to class org/mockito/internal/creation/instance/ObjenesisInstantiator
05:41:39.585 [main] INFO org.evosuite.runtime.instrumentation.CreateClassResetClassAdapter - Creating brand-new static initializer in class org/mockito/internal/creation/instance/ObjenesisInstantiator
05:41:39.587 [main] DEBUG org.evosuite.runtime.agent.TransformerForTests - Going to instrument: org.objenesis.ObjenesisStd
05:41:39.591 [main] INFO org.evosuite.runtime.instrumentation.MethodCallReplacementClassAdapter - Adding mock interface to class org/objenesis/ObjenesisStd
05:41:39.592 [main] INFO org.evosuite.runtime.instrumentation.CreateClassResetClassAdapter - Creating brand-new static initializer in class org/objenesis/ObjenesisStd
05:41:39.593 [main] DEBUG org.evosuite.runtime.agent.TransformerForTests - Going to instrument: org.objenesis.ObjenesisBase
05:41:39.596 [main] INFO org.evosuite.runtime.instrumentation.MethodCallReplacementClassAdapter - Adding mock interface to class org/objenesis/ObjenesisBase
05:41:39.599 [main] INFO org.evosuite.runtime.instrumentation.CreateClassResetClassAdapter - Creating brand-new static initializer in class org/objenesis/ObjenesisBase
05:41:39.600 [main] DEBUG org.evosuite.runtime.agent.TransformerForTests - Going to instrument: org.objenesis.Objenesis
05:41:39.602 [main] DEBUG org.evosuite.runtime.agent.TransformerForTests - Going to instrument: org.objenesis.strategy.InstantiatorStrategy
05:41:39.603 [main] DEBUG org.evosuite.runtime.agent.TransformerForTests - Going to instrument: org.mockito.internal.configuration.GlobalConfiguration
05:41:39.603 [main] INFO org.evosuite.runtime.instrumentation.MethodCallReplacementClassAdapter - Adding mock interface to class org/mockito/internal/configuration/GlobalConfiguration
05:41:39.605 [main] INFO org.evosuite.runtime.instrumentation.CreateClassResetClassAdapter - Found static initializer in class org/mockito/internal/configuration/GlobalConfiguration
05:41:39.605 [main] DEBUG org.evosuite.runtime.agent.TransformerForTests - Going to instrument: org.mockito.configuration.IMockitoConfiguration
05:41:39.609 [main] DEBUG org.evosuite.runtime.agent.TransformerForTests - Going to instrument: org.mockito.configuration.DefaultMockitoConfiguration
05:41:39.609 [main] INFO org.evosuite.runtime.instrumentation.MethodCallReplacementClassAdapter - Adding mock interface to class org/mockito/configuration/DefaultMockitoConfiguration
05:41:39.611 [main] INFO org.evosuite.runtime.instrumentation.CreateClassResetClassAdapter - Creating brand-new static initializer in class org/mockito/configuration/DefaultMockitoConfiguration
05:41:39.612 [main] DEBUG org.evosuite.runtime.agent.TransformerForTests - Going to instrument: org.mockito.configuration.AnnotationEngine
05:41:39.613 [main] DEBUG org.evosuite.runtime.agent.TransformerForTests - Going to instrument: org.mockito.internal.configuration.ClassPathLoader
05:41:39.613 [main] INFO org.evosuite.runtime.instrumentation.MethodCallReplacementClassAdapter - Adding mock interface to class org/mockito/internal/configuration/ClassPathLoader
05:41:39.614 [main] INFO org.evosuite.runtime.instrumentation.CreateClassResetClassAdapter - Creating brand-new static initializer in class org/mockito/internal/configuration/ClassPathLoader
05:41:39.614 [main] INFO org.evosuite.runtime.instrumentation.CreateClassResetClassAdapter - Adding bytecode for initializing field MOCKITO_CONFIGURATION_CLASS_NAME
05:41:39.615 [main] DEBUG org.evosuite.runtime.agent.TransformerForTests - Going to instrument: org.objenesis.strategy.StdInstantiatorStrategy
05:41:39.615 [main] INFO org.evosuite.runtime.instrumentation.MethodCallReplacementClassAdapter - Adding mock interface to class org/objenesis/strategy/StdInstantiatorStrategy
05:41:39.616 [main] INFO org.evosuite.runtime.instrumentation.CreateClassResetClassAdapter - Creating brand-new static initializer in class org/objenesis/strategy/StdInstantiatorStrategy
05:41:39.617 [main] DEBUG org.evosuite.runtime.agent.TransformerForTests - Going to instrument: org.objenesis.strategy.BaseInstantiatorStrategy
05:41:39.617 [main] INFO org.evosuite.runtime.instrumentation.MethodCallReplacementClassAdapter - Adding mock interface to class org/objenesis/strategy/BaseInstantiatorStrategy
05:41:39.617 [main] INFO org.evosuite.runtime.instrumentation.CreateClassResetClassAdapter - Creating brand-new static initializer in class org/objenesis/strategy/BaseInstantiatorStrategy
05:41:39.618 [main] DEBUG org.evosuite.runtime.agent.TransformerForTests - Going to instrument: org.objenesis.instantiator.ObjectInstantiator
05:41:39.620 [main] DEBUG org.evosuite.runtime.agent.TransformerForTests - Going to instrument: org.mockito.internal.creation.util.MockitoMethodProxy
05:41:39.621 [main] DEBUG org.evosuite.runtime.agent.TransformerForTests - Going to instrument: org.mockito.internal.invocation.realmethod.RealMethod
05:41:39.622 [main] DEBUG org.evosuite.runtime.agent.TransformerForTests - Going to instrument: org.mockito.invocation.Invocation
05:41:39.622 [main] DEBUG org.evosuite.runtime.agent.TransformerForTests - Going to instrument: org.mockito.cglib.core.Predicate
05:41:39.623 [main] DEBUG org.evosuite.runtime.agent.TransformerForTests - Going to instrument: org.mockito.cglib.core.GeneratorStrategy
05:41:39.627 [main] DEBUG org.evosuite.runtime.agent.TransformerForTests - Going to instrument: org.mockito.cglib.core.Transformer
05:41:39.628 [main] DEBUG org.evosuite.runtime.agent.TransformerForTests - Going to instrument: org.mockito.cglib.proxy.CallbackGenerator$Context
05:41:39.630 [main] DEBUG org.evosuite.runtime.agent.TransformerForTests - Going to instrument: org.mockito.cglib.core.ProcessSwitchCallback
05:41:39.631 [main] DEBUG org.evosuite.runtime.agent.TransformerForTests - Going to instrument: org.mockito.cglib.core.ObjectSwitchCallback
05:41:39.632 [main] DEBUG org.evosuite.runtime.agent.TransformerForTests - Going to instrument: org.mockito.cglib.proxy.Enhancer$1
05:41:39.633 [main] INFO org.evosuite.runtime.instrumentation.MethodCallReplacementClassAdapter - Adding mock interface to class org/mockito/cglib/proxy/Enhancer$1
05:41:39.636 [main] DEBUG org.evosuite.runtime.agent.TransformerForTests - Going to instrument: org.mockito.cglib.core.AbstractClassGenerator$Source
05:41:39.637 [main] INFO org.evosuite.runtime.instrumentation.MethodCallReplacementClassAdapter - Adding mock interface to class org/mockito/cglib/core/AbstractClassGenerator$Source
05:41:39.638 [main] INFO org.evosuite.runtime.instrumentation.CreateClassResetClassAdapter - Creating brand-new static initializer in class org/mockito/cglib/core/AbstractClassGenerator$Source
05:41:39.638 [main] DEBUG org.evosuite.runtime.agent.TransformerForTests - Going to instrument: org.mockito.cglib.proxy.Enhancer$EnhancerKey
05:41:39.640 [main] DEBUG org.evosuite.runtime.agent.TransformerForTests - Going to instrument: org.mockito.cglib.core.KeyFactory
05:41:39.640 [main] INFO org.evosuite.runtime.instrumentation.MethodCallReplacementClassAdapter - Adding mock interface to class org/mockito/cglib/core/KeyFactory
05:41:39.641 [main] INFO org.evosuite.runtime.instrumentation.CreateClassResetClassAdapter - Found static initializer in class org/mockito/cglib/core/KeyFactory
05:41:39.643 [main] DEBUG org.evosuite.runtime.agent.TransformerForTests - Going to instrument: org.mockito.cglib.core.Customizer
05:41:39.644 [main] DEBUG org.evosuite.runtime.agent.TransformerForTests - Going to instrument: org.mockito.cglib.core.TypeUtils
05:41:39.648 [main] INFO org.evosuite.runtime.instrumentation.MethodCallReplacementClassAdapter - Adding mock interface to class org/mockito/cglib/core/TypeUtils
05:41:39.661 [main] INFO org.evosuite.runtime.instrumentation.CreateClassResetClassAdapter - Found static initializer in class org/mockito/cglib/core/TypeUtils
05:41:39.664 [main] DEBUG org.evosuite.runtime.agent.TransformerForTests - Going to instrument: org.mockito.cglib.core.CollectionUtils
05:41:39.664 [main] INFO org.evosuite.runtime.instrumentation.MethodCallReplacementClassAdapter - Adding mock interface to class org/mockito/cglib/core/CollectionUtils
05:41:39.667 [main] INFO org.evosuite.runtime.instrumentation.CreateClassResetClassAdapter - Creating brand-new static initializer in class org/mockito/cglib/core/CollectionUtils
05:41:39.668 [main] DEBUG org.evosuite.runtime.agent.TransformerForTests - Going to instrument: org.mockito.cglib.core.Signature
05:41:39.669 [main] INFO org.evosuite.runtime.instrumentation.MethodCallReplacementClassAdapter - Adding mock interface to class org/mockito/cglib/core/Signature
05:41:39.670 [main] INFO org.evosuite.runtime.instrumentation.CreateClassResetClassAdapter - Creating brand-new static initializer in class org/mockito/cglib/core/Signature
05:41:39.672 [main] DEBUG org.evosuite.runtime.agent.TransformerForTests - Going to instrument: org.mockito.asm.Type
05:41:39.672 [main] INFO org.evosuite.runtime.instrumentation.MethodCallReplacementClassAdapter - Adding mock interface to class org/mockito/asm/Type
05:41:39.679 [main] INFO org.evosuite.runtime.instrumentation.CreateClassResetClassAdapter - Found static initializer in class org/mockito/asm/Type
05:41:39.682 [main] DEBUG org.evosuite.runtime.agent.TransformerForTests - Going to instrument: org.mockito.cglib.core.KeyFactory$1
05:41:39.685 [main] INFO org.evosuite.runtime.instrumentation.MethodCallReplacementClassAdapter - Adding mock interface to class org/mockito/cglib/core/KeyFactory$1
05:41:39.690 [main] DEBUG org.evosuite.runtime.agent.TransformerForTests - Going to instrument: org.mockito.cglib.core.KeyFactory$2
05:41:39.691 [main] INFO org.evosuite.runtime.instrumentation.MethodCallReplacementClassAdapter - Adding mock interface to class org/mockito/cglib/core/KeyFactory$2
05:41:39.695 [main] DEBUG org.evosuite.runtime.agent.TransformerForTests - Going to instrument: org.mockito.cglib.core.KeyFactory$Generator
05:41:39.696 [main] INFO org.evosuite.runtime.instrumentation.MethodCallReplacementClassAdapter - Adding mock interface to class org/mockito/cglib/core/KeyFactory$Generator
05:41:39.704 [main] INFO org.evosuite.runtime.instrumentation.CreateClassResetClassAdapter - Found static initializer in class org/mockito/cglib/core/KeyFactory$Generator
05:41:39.709 [main] DEBUG org.evosuite.runtime.agent.TransformerForTests - Going to instrument: org.mockito.cglib.core.DefaultGeneratorStrategy
05:41:39.709 [main] INFO org.evosuite.runtime.instrumentation.MethodCallReplacementClassAdapter - Adding mock interface to class org/mockito/cglib/core/DefaultGeneratorStrategy
05:41:39.714 [main] INFO org.evosuite.runtime.instrumentation.CreateClassResetClassAdapter - Found static initializer in class org/mockito/cglib/core/DefaultGeneratorStrategy
05:41:39.716 [main] DEBUG org.evosuite.runtime.agent.TransformerForTests - Going to instrument: org.mockito.asm.ClassVisitor
05:41:39.717 [main] DEBUG org.evosuite.runtime.agent.TransformerForTests - Going to instrument: org.mockito.asm.ClassWriter
05:41:39.718 [main] INFO org.evosuite.runtime.instrumentation.MethodCallReplacementClassAdapter - Adding mock interface to class org/mockito/asm/ClassWriter
05:41:39.752 [main] INFO org.evosuite.runtime.instrumentation.CreateClassResetClassAdapter - Found static initializer in class org/mockito/asm/ClassWriter
05:41:39.756 [main] DEBUG org.evosuite.runtime.agent.TransformerForTests - Going to instrument: org.mockito.cglib.core.DebuggingClassWriter
05:41:39.760 [main] INFO org.evosuite.runtime.instrumentation.MethodCallReplacementClassAdapter - Adding mock interface to class org/mockito/cglib/core/DebuggingClassWriter
05:41:39.763 [main] INFO org.evosuite.runtime.instrumentation.CreateClassResetClassAdapter - Found static initializer in class org/mockito/cglib/core/DebuggingClassWriter
05:41:39.767 [main] DEBUG org.evosuite.runtime.agent.TransformerForTests - Going to instrument: org.mockito.asm.MethodVisitor
05:41:39.768 [main] DEBUG org.evosuite.runtime.agent.TransformerForTests - Going to instrument: org.mockito.asm.AnnotationVisitor
05:41:39.768 [main] DEBUG org.evosuite.runtime.agent.TransformerForTests - Going to instrument: org.mockito.asm.FieldVisitor
05:41:39.770 [main] DEBUG org.evosuite.runtime.agent.TransformerForTests - Going to instrument: org.mockito.asm.ByteVector
05:41:39.772 [main] INFO org.evosuite.runtime.instrumentation.MethodCallReplacementClassAdapter - Adding mock interface to class org/mockito/asm/ByteVector
05:41:39.777 [main] INFO org.evosuite.runtime.instrumentation.CreateClassResetClassAdapter - Creating brand-new static initializer in class org/mockito/asm/ByteVector
05:41:39.778 [main] DEBUG org.evosuite.runtime.agent.TransformerForTests - Going to instrument: org.mockito.asm.Item
05:41:39.779 [main] INFO org.evosuite.runtime.instrumentation.MethodCallReplacementClassAdapter - Adding mock interface to class org/mockito/asm/Item
05:41:39.781 [main] INFO org.evosuite.runtime.instrumentation.CreateClassResetClassAdapter - Creating brand-new static initializer in class org/mockito/asm/Item
05:41:39.782 [main] DEBUG org.evosuite.runtime.agent.TransformerForTests - Going to instrument: org.mockito.cglib.core.ClassEmitter
05:41:39.783 [main] INFO org.evosuite.runtime.instrumentation.MethodCallReplacementClassAdapter - Adding mock interface to class org/mockito/cglib/core/ClassEmitter
05:41:39.791 [main] INFO org.evosuite.runtime.instrumentation.CreateClassResetClassAdapter - Creating brand-new static initializer in class org/mockito/cglib/core/ClassEmitter
05:41:39.791 [main] INFO org.evosuite.runtime.instrumentation.CreateClassResetClassAdapter - Adding bytecode for initializing field hookCounter
05:41:39.792 [main] DEBUG org.evosuite.runtime.agent.TransformerForTests - Going to instrument: org.mockito.asm.ClassAdapter
05:41:39.793 [main] INFO org.evosuite.runtime.instrumentation.MethodCallReplacementClassAdapter - Adding mock interface to class org/mockito/asm/ClassAdapter
05:41:39.794 [main] INFO org.evosuite.runtime.instrumentation.CreateClassResetClassAdapter - Creating brand-new static initializer in class org/mockito/asm/ClassAdapter
05:41:39.794 [main] DEBUG org.evosuite.runtime.agent.TransformerForTests - Going to instrument: org.mockito.cglib.core.ClassInfo
05:41:39.794 [main] INFO org.evosuite.runtime.instrumentation.MethodCallReplacementClassAdapter - Adding mock interface to class org/mockito/cglib/core/ClassInfo
05:41:39.795 [main] INFO org.evosuite.runtime.instrumentation.CreateClassResetClassAdapter - Creating brand-new static initializer in class org/mockito/cglib/core/ClassInfo
05:41:39.795 [main] DEBUG org.evosuite.runtime.agent.TransformerForTests - Going to instrument: org.mockito.cglib.core.ClassEmitter$1
05:41:39.796 [main] INFO org.evosuite.runtime.instrumentation.MethodCallReplacementClassAdapter - Adding mock interface to class org/mockito/cglib/core/ClassEmitter$1
05:41:39.797 [main] DEBUG org.evosuite.runtime.agent.TransformerForTests - Going to instrument: org.mockito.cglib.core.CodeEmitter
05:41:39.797 [main] INFO org.evosuite.runtime.instrumentation.MethodCallReplacementClassAdapter - Adding mock interface to class org/mockito/cglib/core/CodeEmitter
05:41:39.812 [main] INFO org.evosuite.runtime.instrumentation.CreateClassResetClassAdapter - Found static initializer in class org/mockito/cglib/core/CodeEmitter
05:41:39.818 [main] DEBUG org.evosuite.runtime.agent.TransformerForTests - Going to instrument: org.mockito.cglib.core.LocalVariablesSorter
05:41:39.818 [main] INFO org.evosuite.runtime.instrumentation.MethodCallReplacementClassAdapter - Adding mock interface to class org/mockito/cglib/core/LocalVariablesSorter
05:41:39.827 [main] INFO org.evosuite.runtime.instrumentation.CreateClassResetClassAdapter - Creating brand-new static initializer in class org/mockito/cglib/core/LocalVariablesSorter
05:41:39.834 [main] DEBUG org.evosuite.runtime.agent.TransformerForTests - Going to instrument: org.mockito.asm.MethodAdapter
05:41:39.835 [main] INFO org.evosuite.runtime.instrumentation.MethodCallReplacementClassAdapter - Adding mock interface to class org/mockito/asm/MethodAdapter
05:41:39.837 [main] INFO org.evosuite.runtime.instrumentation.CreateClassResetClassAdapter - Creating brand-new static initializer in class org/mockito/asm/MethodAdapter
05:41:39.838 [main] DEBUG org.evosuite.runtime.agent.TransformerForTests - Going to instrument: org.mockito.cglib.core.ClassEmitter$3
05:41:39.838 [main] INFO org.evosuite.runtime.instrumentation.MethodCallReplacementClassAdapter - Adding mock interface to class org/mockito/cglib/core/ClassEmitter$3
05:41:39.843 [main] DEBUG org.evosuite.runtime.agent.TransformerForTests - Going to instrument: org.mockito.cglib.core.ReflectUtils
05:41:39.843 [main] INFO org.evosuite.runtime.instrumentation.MethodCallReplacementClassAdapter - Adding mock interface to class org/mockito/cglib/core/ReflectUtils
05:41:39.865 [main] INFO org.evosuite.runtime.instrumentation.CreateClassResetClassAdapter - Found static initializer in class org/mockito/cglib/core/ReflectUtils
05:41:39.870 [main] DEBUG org.evosuite.runtime.agent.TransformerForTests - Going to instrument: org.mockito.cglib.core.MethodInfo
05:41:39.871 [main] INFO org.evosuite.runtime.instrumentation.MethodCallReplacementClassAdapter - Adding mock interface to class org/mockito/cglib/core/MethodInfo
05:41:39.872 [main] INFO org.evosuite.runtime.instrumentation.CreateClassResetClassAdapter - Creating brand-new static initializer in class org/mockito/cglib/core/MethodInfo
05:41:39.873 [main] DEBUG org.evosuite.runtime.agent.TransformerForTests - Going to instrument: org.mockito.cglib.core.ReflectUtils$3
05:41:39.873 [main] INFO org.evosuite.runtime.instrumentation.MethodCallReplacementClassAdapter - Adding mock interface to class org/mockito/cglib/core/ReflectUtils$3
05:41:39.875 [main] DEBUG org.evosuite.runtime.agent.TransformerForTests - Going to instrument: org.mockito.cglib.core.ReflectUtils$4
05:41:39.875 [main] INFO org.evosuite.runtime.instrumentation.MethodCallReplacementClassAdapter - Adding mock interface to class org/mockito/cglib/core/ReflectUtils$4
05:41:39.876 [main] DEBUG org.evosuite.runtime.agent.TransformerForTests - Going to instrument: org.mockito.cglib.core.ReflectUtils$1
05:41:39.876 [main] INFO org.evosuite.runtime.instrumentation.MethodCallReplacementClassAdapter - Adding mock interface to class org/mockito/cglib/core/ReflectUtils$1
05:41:39.878 [main] DEBUG org.evosuite.runtime.agent.TransformerForTests - Going to instrument: org.mockito.cglib.core.ReflectUtils$2
05:41:39.878 [main] INFO org.evosuite.runtime.instrumentation.MethodCallReplacementClassAdapter - Adding mock interface to class org/mockito/cglib/core/ReflectUtils$2
05:41:39.883 [main] DEBUG org.evosuite.runtime.agent.TransformerForTests - Going to instrument: org.mockito.cglib.core.AbstractClassGenerator$1
05:41:39.883 [main] INFO org.evosuite.runtime.instrumentation.MethodCallReplacementClassAdapter - Adding mock interface to class org/mockito/cglib/core/AbstractClassGenerator$1
05:41:39.885 [main] DEBUG org.evosuite.runtime.agent.TransformerForTests - Going to instrument: org.mockito.cglib.core.EmitUtils
05:41:39.885 [main] INFO org.evosuite.runtime.instrumentation.MethodCallReplacementClassAdapter - Adding mock interface to class org/mockito/cglib/core/EmitUtils
05:41:39.914 [main] INFO org.evosuite.runtime.instrumentation.CreateClassResetClassAdapter - Found static initializer in class org/mockito/cglib/core/EmitUtils
05:41:39.921 [main] DEBUG org.evosuite.runtime.agent.TransformerForTests - Going to instrument: org.mockito.cglib.core.ProcessArrayCallback
05:41:39.924 [main] DEBUG org.evosuite.runtime.agent.TransformerForTests - Going to instrument: org.mockito.cglib.core.EmitUtils$ParameterTyper
05:41:39.927 [main] DEBUG org.evosuite.runtime.agent.TransformerForTests - Going to instrument: org.mockito.cglib.core.EmitUtils$ArrayDelimiters
05:41:39.929 [main] INFO org.evosuite.runtime.instrumentation.MethodCallReplacementClassAdapter - Adding mock interface to class org/mockito/cglib/core/EmitUtils$ArrayDelimiters
05:41:39.931 [main] INFO org.evosuite.runtime.instrumentation.CreateClassResetClassAdapter - Creating brand-new static initializer in class org/mockito/cglib/core/EmitUtils$ArrayDelimiters
05:41:39.932 [main] DEBUG org.evosuite.runtime.agent.TransformerForTests - Going to instrument: org.mockito.asm.MethodWriter
05:41:39.936 [main] INFO org.evosuite.runtime.instrumentation.MethodCallReplacementClassAdapter - Adding mock interface to class org/mockito/asm/MethodWriter
05:41:39.949 [main] INFO org.evosuite.runtime.instrumentation.CreateClassResetClassAdapter - Creating brand-new static initializer in class org/mockito/asm/MethodWriter
05:41:39.950 [main] INFO org.evosuite.runtime.instrumentation.CreateClassResetClassAdapter - Adding bytecode for initializing field ACC_CONSTRUCTOR
05:41:39.951 [main] INFO org.evosuite.runtime.instrumentation.CreateClassResetClassAdapter - Adding bytecode for initializing field SAME_FRAME
05:41:39.951 [main] INFO org.evosuite.runtime.instrumentation.CreateClassResetClassAdapter - Adding bytecode for initializing field SAME_LOCALS_1_STACK_ITEM_FRAME
05:41:39.951 [main] INFO org.evosuite.runtime.instrumentation.CreateClassResetClassAdapter - Adding bytecode for initializing field RESERVED
05:41:39.951 [main] INFO org.evosuite.runtime.instrumentation.CreateClassResetClassAdapter - Adding bytecode for initializing field SAME_LOCALS_1_STACK_ITEM_FRAME_EXTENDED
05:41:39.951 [main] INFO org.evosuite.runtime.instrumentation.CreateClassResetClassAdapter - Adding bytecode for initializing field CHOP_FRAME
05:41:39.951 [main] INFO org.evosuite.runtime.instrumentation.CreateClassResetClassAdapter - Adding bytecode for initializing field SAME_FRAME_EXTENDED
05:41:39.951 [main] INFO org.evosuite.runtime.instrumentation.CreateClassResetClassAdapter - Adding bytecode for initializing field APPEND_FRAME
05:41:39.951 [main] INFO org.evosuite.runtime.instrumentation.CreateClassResetClassAdapter - Adding bytecode for initializing field FULL_FRAME
05:41:39.951 [main] INFO org.evosuite.runtime.instrumentation.CreateClassResetClassAdapter - Adding bytecode for initializing field FRAMES
05:41:39.951 [main] INFO org.evosuite.runtime.instrumentation.CreateClassResetClassAdapter - Adding bytecode for initializing field MAXS
05:41:39.951 [main] INFO org.evosuite.runtime.instrumentation.CreateClassResetClassAdapter - Adding bytecode for initializing field NOTHING
05:41:39.959 [main] DEBUG org.evosuite.runtime.agent.TransformerForTests - Going to instrument: org.mockito.asm.Label
05:41:39.960 [main] INFO org.evosuite.runtime.instrumentation.MethodCallReplacementClassAdapter - Adding mock interface to class org/mockito/asm/Label
05:41:39.969 [main] INFO org.evosuite.runtime.instrumentation.CreateClassResetClassAdapter - Creating brand-new static initializer in class org/mockito/asm/Label
05:41:39.970 [main] INFO org.evosuite.runtime.instrumentation.CreateClassResetClassAdapter - Adding bytecode for initializing field DEBUG
05:41:39.970 [main] INFO org.evosuite.runtime.instrumentation.CreateClassResetClassAdapter - Adding bytecode for initializing field RESOLVED
05:41:39.970 [main] INFO org.evosuite.runtime.instrumentation.CreateClassResetClassAdapter - Adding bytecode for initializing field RESIZED
05:41:39.970 [main] INFO org.evosuite.runtime.instrumentation.CreateClassResetClassAdapter - Adding bytecode for initializing field PUSHED
05:41:39.970 [main] INFO org.evosuite.runtime.instrumentation.CreateClassResetClassAdapter - Adding bytecode for initializing field TARGET
05:41:39.970 [main] INFO org.evosuite.runtime.instrumentation.CreateClassResetClassAdapter - Adding bytecode for initializing field STORE
05:41:39.970 [main] INFO org.evosuite.runtime.instrumentation.CreateClassResetClassAdapter - Adding bytecode for initializing field REACHABLE
05:41:39.970 [main] INFO org.evosuite.runtime.instrumentation.CreateClassResetClassAdapter - Adding bytecode for initializing field JSR
05:41:39.970 [main] INFO org.evosuite.runtime.instrumentation.CreateClassResetClassAdapter - Adding bytecode for initializing field RET
05:41:39.970 [main] INFO org.evosuite.runtime.instrumentation.CreateClassResetClassAdapter - Adding bytecode for initializing field SUBROUTINE
05:41:39.970 [main] INFO org.evosuite.runtime.instrumentation.CreateClassResetClassAdapter - Adding bytecode for initializing field VISITED
05:41:39.975 [main] DEBUG org.evosuite.runtime.agent.TransformerForTests - Going to instrument: org.mockito.cglib.core.Constants
05:41:39.980 [main] DEBUG org.evosuite.runtime.agent.TransformerForTests - Going to instrument: org.mockito.asm.Opcodes
05:41:39.984 [main] DEBUG org.evosuite.runtime.agent.TransformerForTests - Going to instrument: org.mockito.cglib.core.CodeEmitter$State
05:41:39.985 [main] INFO org.evosuite.runtime.instrumentation.MethodCallReplacementClassAdapter - Adding mock interface to class org/mockito/cglib/core/CodeEmitter$State
05:41:39.989 [main] INFO org.evosuite.runtime.instrumentation.CreateClassResetClassAdapter - Creating brand-new static initializer in class org/mockito/cglib/core/CodeEmitter$State
05:41:39.991 [main] DEBUG org.evosuite.runtime.agent.TransformerForTests - Going to instrument: org.mockito.cglib.core.LocalVariablesSorter$State
05:41:39.992 [main] INFO org.evosuite.runtime.instrumentation.MethodCallReplacementClassAdapter - Adding mock interface to class org/mockito/cglib/core/LocalVariablesSorter$State
05:41:39.994 [main] INFO org.evosuite.runtime.instrumentation.CreateClassResetClassAdapter - Creating brand-new static initializer in class org/mockito/cglib/core/LocalVariablesSorter$State
05:41:39.995 [main] DEBUG org.evosuite.runtime.agent.TransformerForTests - Going to instrument: org.mockito.asm.Frame
05:41:39.996 [main] INFO org.evosuite.runtime.instrumentation.MethodCallReplacementClassAdapter - Adding mock interface to class org/mockito/asm/Frame
05:41:40.004 [main] INFO org.evosuite.runtime.instrumentation.CreateClassResetClassAdapter - Found static initializer in class org/mockito/asm/Frame
05:41:40.009 [main] DEBUG org.evosuite.runtime.agent.TransformerForTests - Going to instrument: org.mockito.cglib.core.ClassEmitter$FieldInfo
05:41:40.009 [main] INFO org.evosuite.runtime.instrumentation.MethodCallReplacementClassAdapter - Adding mock interface to class org/mockito/cglib/core/ClassEmitter$FieldInfo
05:41:40.011 [main] INFO org.evosuite.runtime.instrumentation.CreateClassResetClassAdapter - Creating brand-new static initializer in class org/mockito/cglib/core/ClassEmitter$FieldInfo
05:41:40.012 [main] DEBUG org.evosuite.runtime.agent.TransformerForTests - Going to instrument: org.mockito.asm.FieldWriter
05:41:40.012 [main] INFO org.evosuite.runtime.instrumentation.MethodCallReplacementClassAdapter - Adding mock interface to class org/mockito/asm/FieldWriter
05:41:40.013 [main] INFO org.evosuite.runtime.instrumentation.CreateClassResetClassAdapter - Creating brand-new static initializer in class org/mockito/asm/FieldWriter
05:41:40.014 [main] DEBUG org.evosuite.runtime.agent.TransformerForTests - Going to instrument: org.mockito.asm.Edge
05:41:40.015 [main] INFO org.evosuite.runtime.instrumentation.MethodCallReplacementClassAdapter - Adding mock interface to class org/mockito/asm/Edge
05:41:40.015 [main] INFO org.evosuite.runtime.instrumentation.CreateClassResetClassAdapter - Creating brand-new static initializer in class org/mockito/asm/Edge
05:41:40.015 [main] INFO org.evosuite.runtime.instrumentation.CreateClassResetClassAdapter - Adding bytecode for initializing field NORMAL
05:41:40.015 [main] INFO org.evosuite.runtime.instrumentation.CreateClassResetClassAdapter - Adding bytecode for initializing field EXCEPTION
05:41:40.017 [main] DEBUG org.evosuite.runtime.agent.TransformerForTests - Going to instrument: org.mockito.cglib.core.EmitUtils$7
05:41:40.018 [main] INFO org.evosuite.runtime.instrumentation.MethodCallReplacementClassAdapter - Adding mock interface to class org/mockito/cglib/core/EmitUtils$7
05:41:40.019 [main] DEBUG org.evosuite.runtime.agent.TransformerForTests - Going to instrument: org.mockito.cglib.core.Local
05:41:40.019 [main] INFO org.evosuite.runtime.instrumentation.MethodCallReplacementClassAdapter - Adding mock interface to class org/mockito/cglib/core/Local
05:41:40.019 [main] INFO org.evosuite.runtime.instrumentation.CreateClassResetClassAdapter - Creating brand-new static initializer in class org/mockito/cglib/core/Local
05:41:40.020 [main] DEBUG org.evosuite.runtime.agent.TransformerForTests - Going to instrument: org.mockito.cglib.core.EmitUtils$8
05:41:40.021 [main] INFO org.evosuite.runtime.instrumentation.MethodCallReplacementClassAdapter - Adding mock interface to class org/mockito/cglib/core/EmitUtils$8
05:41:40.023 [main] DEBUG org.evosuite.runtime.agent.TransformerForTests - Going to instrument: org.mockito.cglib.core.EmitUtils$9
05:41:40.023 [main] INFO org.evosuite.runtime.instrumentation.MethodCallReplacementClassAdapter - Adding mock interface to class org/mockito/cglib/core/EmitUtils$9
05:41:40.025 [main] DEBUG org.evosuite.runtime.agent.TransformerForTests - Going to instrument: org.mockito.cglib.core.DebuggingClassWriter$1
05:41:40.025 [main] INFO org.evosuite.runtime.instrumentation.MethodCallReplacementClassAdapter - Adding mock interface to class org/mockito/cglib/core/DebuggingClassWriter$1
05:41:40.033 [main] DEBUG org.evosuite.runtime.agent.TransformerForTests - Going to instrument: org.mockito.asm.ClassReader
05:41:40.034 [main] INFO org.evosuite.runtime.instrumentation.MethodCallReplacementClassAdapter - Adding mock interface to class org/mockito/asm/ClassReader
05:41:40.057 [main] INFO org.evosuite.runtime.instrumentation.CreateClassResetClassAdapter - Creating brand-new static initializer in class org/mockito/asm/ClassReader
05:41:40.057 [main] INFO org.evosuite.runtime.instrumentation.CreateClassResetClassAdapter - Adding bytecode for initializing field SIGNATURES
05:41:40.057 [main] INFO org.evosuite.runtime.instrumentation.CreateClassResetClassAdapter - Adding bytecode for initializing field ANNOTATIONS
05:41:40.057 [main] INFO org.evosuite.runtime.instrumentation.CreateClassResetClassAdapter - Adding bytecode for initializing field FRAMES
05:41:40.057 [main] INFO org.evosuite.runtime.instrumentation.CreateClassResetClassAdapter - Adding bytecode for initializing field WRITER
05:41:40.057 [main] INFO org.evosuite.runtime.instrumentation.CreateClassResetClassAdapter - Adding bytecode for initializing field RESIZE
05:41:40.057 [main] INFO org.evosuite.runtime.instrumentation.CreateClassResetClassAdapter - Adding bytecode for initializing field SKIP_CODE
05:41:40.057 [main] INFO org.evosuite.runtime.instrumentation.CreateClassResetClassAdapter - Adding bytecode for initializing field SKIP_DEBUG
05:41:40.057 [main] INFO org.evosuite.runtime.instrumentation.CreateClassResetClassAdapter - Adding bytecode for initializing field SKIP_FRAMES
05:41:40.057 [main] INFO org.evosuite.runtime.instrumentation.CreateClassResetClassAdapter - Adding bytecode for initializing field EXPAND_FRAMES
05:41:40.065 [main] DEBUG org.evosuite.runtime.agent.TransformerForTests - Going to instrument: org.mockito.cglib.core.ClassNameReader
05:41:40.065 [main] INFO org.evosuite.runtime.instrumentation.MethodCallReplacementClassAdapter - Adding mock interface to class org/mockito/cglib/core/ClassNameReader
05:41:40.078 [main] INFO org.evosuite.runtime.instrumentation.CreateClassResetClassAdapter - Found static initializer in class org/mockito/cglib/core/ClassNameReader
05:41:40.081 [main] DEBUG org.evosuite.runtime.agent.TransformerForTests - Going to instrument: org.mockito.cglib.core.ClassNameReader$EarlyExitException
05:41:40.081 [main] INFO org.evosuite.runtime.instrumentation.MethodCallReplacementClassAdapter - Adding mock interface to class org/mockito/cglib/core/ClassNameReader$EarlyExitException
05:41:40.083 [main] INFO org.evosuite.runtime.instrumentation.CreateClassResetClassAdapter - Creating brand-new static initializer in class org/mockito/cglib/core/ClassNameReader$EarlyExitException
05:41:40.084 [main] DEBUG org.evosuite.runtime.agent.TransformerForTests - Going to instrument: org.mockito.cglib.core.ClassNameReader$1
05:41:40.084 [main] INFO org.evosuite.runtime.instrumentation.MethodCallReplacementClassAdapter - Adding mock interface to class org/mockito/cglib/core/ClassNameReader$1
05:41:40.088 [main] DEBUG org.evosuite.runtime.agent.TransformerForTests - Going to instrument: org.mockito.asm.Attribute
05:41:40.088 [main] INFO org.evosuite.runtime.instrumentation.MethodCallReplacementClassAdapter - Adding mock interface to class org/mockito/asm/Attribute
05:41:40.089 [main] INFO org.evosuite.runtime.instrumentation.CreateClassResetClassAdapter - Creating brand-new static initializer in class org/mockito/asm/Attribute
05:41:40.090 [main] DEBUG org.evosuite.runtime.agent.TransformerForTests - Going to instrument: org.mockito.cglib.proxy.Enhancer$EnhancerKey$$KeyFactoryByCGLIB$$69
05:41:40.090 [main] INFO org.evosuite.runtime.instrumentation.MethodCallReplacementClassAdapter - Adding mock interface to class org/mockito/cglib/proxy/Enhancer$EnhancerKey$$KeyFactoryByCGLIB$$69
05:41:40.099 [main] DEBUG org.evosuite.runtime.agent.TransformerForTests - Going to instrument: org.mockito.internal.creation.util.SearchingClassLoader
05:41:40.100 [main] INFO org.evosuite.runtime.instrumentation.MethodCallReplacementClassAdapter - Adding mock interface to class org/mockito/internal/creation/util/SearchingClassLoader
05:41:40.108 [main] INFO org.evosuite.runtime.instrumentation.CreateClassResetClassAdapter - Creating brand-new static initializer in class org/mockito/internal/creation/util/SearchingClassLoader
05:41:40.112 [main] DEBUG org.evosuite.runtime.agent.TransformerForTests - Going to instrument: org.mockito.cglib.proxy.NoOp
05:41:40.115 [main] DEBUG org.evosuite.runtime.agent.TransformerForTests - Going to instrument: org.mockito.cglib.proxy.CallbackInfo
05:41:40.115 [main] INFO org.evosuite.runtime.instrumentation.MethodCallReplacementClassAdapter - Adding mock interface to class org/mockito/cglib/proxy/CallbackInfo
05:41:40.119 [main] INFO org.evosuite.runtime.instrumentation.CreateClassResetClassAdapter - Found static initializer in class org/mockito/cglib/proxy/CallbackInfo
05:41:40.123 [main] DEBUG org.evosuite.runtime.agent.TransformerForTests - Going to instrument: org.mockito.cglib.proxy.CallbackGenerator
05:41:40.125 [main] DEBUG org.evosuite.runtime.agent.TransformerForTests - Going to instrument: org.mockito.cglib.proxy.NoOpGenerator
05:41:40.125 [main] INFO org.evosuite.runtime.instrumentation.MethodCallReplacementClassAdapter - Adding mock interface to class org/mockito/cglib/proxy/NoOpGenerator
05:41:40.128 [main] INFO org.evosuite.runtime.instrumentation.CreateClassResetClassAdapter - Found static initializer in class org/mockito/cglib/proxy/NoOpGenerator
05:41:40.129 [main] DEBUG org.evosuite.runtime.agent.TransformerForTests - Going to instrument: org.mockito.cglib.proxy.MethodInterceptorGenerator
05:41:40.129 [main] INFO org.evosuite.runtime.instrumentation.MethodCallReplacementClassAdapter - Adding mock interface to class org/mockito/cglib/proxy/MethodInterceptorGenerator
05:41:40.130 [main] INFO org.evosuite.runtime.instrumentation.CreateClassResetClassAdapter - Found static initializer in class org/mockito/cglib/proxy/MethodInterceptorGenerator
05:41:40.132 [main] DEBUG org.evosuite.runtime.agent.TransformerForTests - Going to instrument: org.mockito.cglib.proxy.MethodInterceptorGenerator$1
05:41:40.132 [main] INFO org.evosuite.runtime.instrumentation.MethodCallReplacementClassAdapter - Adding mock interface to class org/mockito/cglib/proxy/MethodInterceptorGenerator$1
05:41:40.132 [main] DEBUG org.evosuite.runtime.agent.TransformerForTests - Going to instrument: org.mockito.cglib.proxy.InvocationHandler
05:41:40.133 [main] DEBUG org.evosuite.runtime.agent.TransformerForTests - Going to instrument: org.mockito.cglib.proxy.InvocationHandlerGenerator
05:41:40.133 [main] INFO org.evosuite.runtime.instrumentation.MethodCallReplacementClassAdapter - Adding mock interface to class org/mockito/cglib/proxy/InvocationHandlerGenerator
05:41:40.134 [main] INFO org.evosuite.runtime.instrumentation.CreateClassResetClassAdapter - Found static initializer in class org/mockito/cglib/proxy/InvocationHandlerGenerator
05:41:40.135 [main] DEBUG org.evosuite.runtime.agent.TransformerForTests - Going to instrument: org.mockito.cglib.proxy.LazyLoader
05:41:40.136 [main] DEBUG org.evosuite.runtime.agent.TransformerForTests - Going to instrument: org.mockito.cglib.proxy.LazyLoaderGenerator
05:41:40.137 [main] INFO org.evosuite.runtime.instrumentation.MethodCallReplacementClassAdapter - Adding mock interface to class org/mockito/cglib/proxy/LazyLoaderGenerator
05:41:40.140 [main] INFO org.evosuite.runtime.instrumentation.CreateClassResetClassAdapter - Found static initializer in class org/mockito/cglib/proxy/LazyLoaderGenerator
05:41:40.141 [main] DEBUG org.evosuite.runtime.agent.TransformerForTests - Going to instrument: org.mockito.cglib.proxy.Dispatcher
05:41:40.141 [main] DEBUG org.evosuite.runtime.agent.TransformerForTests - Going to instrument: org.mockito.cglib.proxy.DispatcherGenerator
05:41:40.141 [main] INFO org.evosuite.runtime.instrumentation.MethodCallReplacementClassAdapter - Adding mock interface to class org/mockito/cglib/proxy/DispatcherGenerator
05:41:40.142 [main] INFO org.evosuite.runtime.instrumentation.CreateClassResetClassAdapter - Found static initializer in class org/mockito/cglib/proxy/DispatcherGenerator
05:41:40.142 [main] DEBUG org.evosuite.runtime.agent.TransformerForTests - Going to instrument: org.mockito.cglib.proxy.FixedValue
05:41:40.144 [main] DEBUG org.evosuite.runtime.agent.TransformerForTests - Going to instrument: org.mockito.cglib.proxy.FixedValueGenerator
05:41:40.144 [main] INFO org.evosuite.runtime.instrumentation.MethodCallReplacementClassAdapter - Adding mock interface to class org/mockito/cglib/proxy/FixedValueGenerator
05:41:40.145 [main] INFO org.evosuite.runtime.instrumentation.CreateClassResetClassAdapter - Found static initializer in class org/mockito/cglib/proxy/FixedValueGenerator
05:41:40.146 [main] DEBUG org.evosuite.runtime.agent.TransformerForTests - Going to instrument: org.mockito.cglib.proxy.ProxyRefDispatcher
]]></system-out>
    <system-err><![CDATA[Warning: the fonts "Times" and "Lucida Bright" are not available for the Java logical font "Serif", which may have unexpected appearance or behavior. Re-enable the "Times" font to remove this warning.
]]></system-err>
  </testcase>
</testsuite>