original test path: /Users/curtis/Github/Thesis/chatTester/Repos/tabulapdf_tabula-java/src/test/java/technology/tabula/CohenSutherlandClipping_ESTest.java
[GENERATED PATH] CohenSutherlandClipping_ESTest#isInTheSameRegionAs(Point otherPoint).java
[ERROR] COMPILATION ERROR : 
[INFO] -------------------------------------------------------------
[ERROR] /Users/curtis/Github/Thesis/chatTester/Repos/tabulapdf_tabula-java/src/test/java/technology/tabula/CohenSutherlandClipping_ESTest.java:[26,9] cannot find symbol
  symbol:   class Point
  location: class technology.tabula.CohenSutherlandClipping_ESTest
[ERROR] /Users/curtis/Github/Thesis/chatTester/Repos/tabulapdf_tabula-java/src/test/java/technology/tabula/CohenSutherlandClipping_ESTest.java:[26,28] cannot find symbol
  symbol:   class Point
  location: class technology.tabula.CohenSutherlandClipping_ESTest
[ERROR] /Users/curtis/Github/Thesis/chatTester/Repos/tabulapdf_tabula-java/src/test/java/technology/tabula/CohenSutherlandClipping_ESTest.java:[27,9] cannot find symbol
  symbol:   class Point
  location: class technology.tabula.CohenSutherlandClipping_ESTest
[ERROR] /Users/curtis/Github/Thesis/chatTester/Repos/tabulapdf_tabula-java/src/test/java/technology/tabula/CohenSutherlandClipping_ESTest.java:[27,28] cannot find symbol
  symbol:   class Point
  location: class technology.tabula.CohenSutherlandClipping_ESTest
[ERROR] /Users/curtis/Github/Thesis/chatTester/Repos/tabulapdf_tabula-java/src/test/java/technology/tabula/CohenSutherlandClipping_ESTest.java:[37,9] cannot find symbol
  symbol:   class Point
  location: class technology.tabula.CohenSutherlandClipping_ESTest
[ERROR] /Users/curtis/Github/Thesis/chatTester/Repos/tabulapdf_tabula-java/src/test/java/technology/tabula/CohenSutherlandClipping_ESTest.java:[37,28] cannot find symbol
  symbol:   class Point
  location: class technology.tabula.CohenSutherlandClipping_ESTest
[ERROR] /Users/curtis/Github/Thesis/chatTester/Repos/tabulapdf_tabula-java/src/test/java/technology/tabula/CohenSutherlandClipping_ESTest.java:[38,9] cannot find symbol
  symbol:   class Point
  location: class technology.tabula.CohenSutherlandClipping_ESTest
[ERROR] /Users/curtis/Github/Thesis/chatTester/Repos/tabulapdf_tabula-java/src/test/java/technology/tabula/CohenSutherlandClipping_ESTest.java:[38,28] cannot find symbol
  symbol:   class Point
  location: class technology.tabula.CohenSutherlandClipping_ESTest
[INFO] 8 errors 
####################

original test path: /Users/curtis/Github/Thesis/chatTester/Repos/tabulapdf_tabula-java/src/test/java/technology/tabula/CohenSutherlandClipping_ESTest.java
[GENERATED PATH] CohenSutherlandClipping_ESTest#isInTheSameRegionAs(Point otherPoint).java
[ERROR] COMPILATION ERROR : 
[INFO] -------------------------------------------------------------
[ERROR] /Users/curtis/Github/Thesis/chatTester/Repos/tabulapdf_tabula-java/src/test/java/technology/tabula/CohenSutherlandClipping_ESTest.java:[30,5] cannot find symbol
  symbol:   class Point
  location: class technology.tabula.CohenSutherlandClipping_ESTest
[ERROR] /Users/curtis/Github/Thesis/chatTester/Repos/tabulapdf_tabula-java/src/test/java/technology/tabula/CohenSutherlandClipping_ESTest.java:[30,24] cannot find symbol
  symbol:   class Point
  location: class technology.tabula.CohenSutherlandClipping_ESTest
[ERROR] /Users/curtis/Github/Thesis/chatTester/Repos/tabulapdf_tabula-java/src/test/java/technology/tabula/CohenSutherlandClipping_ESTest.java:[31,5] cannot find symbol
  symbol:   class Point
  location: class technology.tabula.CohenSutherlandClipping_ESTest
[ERROR] /Users/curtis/Github/Thesis/chatTester/Repos/tabulapdf_tabula-java/src/test/java/technology/tabula/CohenSutherlandClipping_ESTest.java:[31,24] cannot find symbol
  symbol:   class Point
  location: class technology.tabula.CohenSutherlandClipping_ESTest
[ERROR] /Users/curtis/Github/Thesis/chatTester/Repos/tabulapdf_tabula-java/src/test/java/technology/tabula/CohenSutherlandClipping_ESTest.java:[41,5] cannot find symbol
  symbol:   class Point
  location: class technology.tabula.CohenSutherlandClipping_ESTest
[ERROR] /Users/curtis/Github/Thesis/chatTester/Repos/tabulapdf_tabula-java/src/test/java/technology/tabula/CohenSutherlandClipping_ESTest.java:[41,24] cannot find symbol
  symbol:   class Point
  location: class technology.tabula.CohenSutherlandClipping_ESTest
[ERROR] /Users/curtis/Github/Thesis/chatTester/Repos/tabulapdf_tabula-java/src/test/java/technology/tabula/CohenSutherlandClipping_ESTest.java:[42,5] cannot find symbol
  symbol:   class Point
  location: class technology.tabula.CohenSutherlandClipping_ESTest
[ERROR] /Users/curtis/Github/Thesis/chatTester/Repos/tabulapdf_tabula-java/src/test/java/technology/tabula/CohenSutherlandClipping_ESTest.java:[42,24] cannot find symbol
  symbol:   class Point
  location: class technology.tabula.CohenSutherlandClipping_ESTest
[INFO] 8 errors 
####################

original test path: /Users/curtis/Github/Thesis/chatTester/Repos/tabulapdf_tabula-java/src/test/java/technology/tabula/CohenSutherlandClipping_ESTest.java
[GENERATED PATH] CohenSutherlandClipping_ESTest#isInTheSameRegionAs(Point otherPoint).java
[ERROR] COMPILATION ERROR : 
[INFO] -------------------------------------------------------------
[ERROR] /Users/curtis/Github/Thesis/chatTester/Repos/tabulapdf_tabula-java/src/test/java/technology/tabula/CohenSutherlandClipping_ESTest.java:[30,17] cannot find symbol
  symbol: variable region
[INFO] 1 error
####################

original test path: /Users/curtis/Github/Thesis/chatTester/Repos/tabulapdf_tabula-java/src/test/java/technology/tabula/CohenSutherlandClipping_ESTest.java
[GENERATED PATH] CohenSutherlandClipping_ESTest#isInTheSameRegionAs(Point otherPoint).java
[ERROR] COMPILATION ERROR : 
[INFO] -------------------------------------------------------------
[ERROR] /Users/curtis/Github/Thesis/chatTester/Repos/tabulapdf_tabula-java/src/test/java/technology/tabula/CohenSutherlandClipping_ESTest.java:[32,9] cannot find symbol
  symbol: variable region
[INFO] 1 error
####################

original test path: /Users/curtis/Github/Thesis/chatTester/Repos/tabulapdf_tabula-java/src/test/java/technology/tabula/CohenSutherlandClipping_ESTest.java
[GENERATED PATH] CohenSutherlandClipping_ESTest#isInTheSameRegionAs(Point otherPoint).java
[ERROR] COMPILATION ERROR : 
[INFO] -------------------------------------------------------------
[ERROR] /Users/curtis/Github/Thesis/chatTester/Repos/tabulapdf_tabula-java/src/test/java/technology/tabula/CohenSutherlandClipping_ESTest.java:[35,5] cannot find symbol
  symbol:   class Point
  location: class technology.tabula.CohenSutherlandClipping_ESTest
[ERROR] /Users/curtis/Github/Thesis/chatTester/Repos/tabulapdf_tabula-java/src/test/java/technology/tabula/CohenSutherlandClipping_ESTest.java:[35,24] cannot find symbol
  symbol:   class Point
  location: class technology.tabula.CohenSutherlandClipping_ESTest
[ERROR] /Users/curtis/Github/Thesis/chatTester/Repos/tabulapdf_tabula-java/src/test/java/technology/tabula/CohenSutherlandClipping_ESTest.java:[36,5] cannot find symbol
  symbol:   class Point
  location: class technology.tabula.CohenSutherlandClipping_ESTest
[ERROR] /Users/curtis/Github/Thesis/chatTester/Repos/tabulapdf_tabula-java/src/test/java/technology/tabula/CohenSutherlandClipping_ESTest.java:[36,24] cannot find symbol
  symbol:   class Point
  location: class technology.tabula.CohenSutherlandClipping_ESTest
[INFO] 4 errors 
####################

original test path: /Users/curtis/Github/Thesis/chatTester/Repos/tabulapdf_tabula-java/src/test/java/technology/tabula/CohenSutherlandClipping_ESTest.java
[GENERATED PATH] CohenSutherlandClipping_ESTest#isInTheSameRegionAs(Point otherPoint).java
[ERROR] COMPILATION ERROR : 
[INFO] -------------------------------------------------------------
[ERROR] /Users/curtis/Github/Thesis/chatTester/Repos/tabulapdf_tabula-java/src/test/java/technology/tabula/CohenSutherlandClipping_ESTest.java:[37,5] cannot find symbol
  symbol:   class Point
  location: class technology.tabula.CohenSutherlandClipping_ESTest
[ERROR] /Users/curtis/Github/Thesis/chatTester/Repos/tabulapdf_tabula-java/src/test/java/technology/tabula/CohenSutherlandClipping_ESTest.java:[37,24] cannot find symbol
  symbol:   class Point
  location: class technology.tabula.CohenSutherlandClipping_ESTest
[ERROR] /Users/curtis/Github/Thesis/chatTester/Repos/tabulapdf_tabula-java/src/test/java/technology/tabula/CohenSutherlandClipping_ESTest.java:[38,5] cannot find symbol
  symbol:   class Point
  location: class technology.tabula.CohenSutherlandClipping_ESTest
[ERROR] /Users/curtis/Github/Thesis/chatTester/Repos/tabulapdf_tabula-java/src/test/java/technology/tabula/CohenSutherlandClipping_ESTest.java:[38,24] cannot find symbol
  symbol:   class Point
  location: class technology.tabula.CohenSutherlandClipping_ESTest
[INFO] 4 errors 
####################

