original test path: /Users/curtis/Github/Thesis/chatTester/Repos/sachin-handiekar_jInstagram/src/test/java/org/jinstagram/realtime/SubscriptionUtil_ESTest.java
[GENERATED PATH] SubscriptionUtil_ESTest#getCalculatedSignature().java
[ERROR] COMPILATION ERROR : 
[INFO] -------------------------------------------------------------
[ERROR] /Users/curtis/Github/Thesis/chatTester/Repos/sachin-handiekar_jInstagram/src/test/java/org/jinstagram/realtime/SubscriptionUtil_ESTest.java:[22,5] cannot find symbol
  symbol:   class VerificationResult
  location: class org.jinstagram.realtime.SubscriptionUtil_ESTest
[ERROR] /Users/curtis/Github/Thesis/chatTester/Repos/sachin-handiekar_jInstagram/src/test/java/org/jinstagram/realtime/SubscriptionUtil_ESTest.java:[22,49] cannot find symbol
  symbol:   class VerificationResult
  location: class org.jinstagram.realtime.SubscriptionUtil_ESTest
[INFO] 2 errors 
####################

