original test path: /Users/curtis/Github/Thesis/chatTester/Repos/tabulapdf_tabula-java/src/test/java/technology/tabula/extractors/SpreadsheetExtractionAlgorithm_ESTest.java
[GENERATED PATH] SpreadsheetExtractionAlgorithm_ESTest#toString().java
[ERROR] COMPILATION ERROR : 
[INFO] -------------------------------------------------------------
[ERROR] /Users/curtis/Github/Thesis/chatTester/Repos/tabulapdf_tabula-java/src/test/java/technology/tabula/extractors/SpreadsheetExtractionAlgorithm_ESTest.java:[30,22] package PolygonVertex does not exist
[ERROR] /Users/curtis/Github/Thesis/chatTester/Repos/tabulapdf_tabula-java/src/test/java/technology/tabula/extractors/SpreadsheetExtractionAlgorithm_ESTest.java:[30,58] package PolygonVertex does not exist
[ERROR] /Users/curtis/Github/Thesis/chatTester/Repos/tabulapdf_tabula-java/src/test/java/technology/tabula/extractors/SpreadsheetExtractionAlgorithm_ESTest.java:[31,9] cannot find symbol
  symbol:   class PolygonVertex
  location: class technology.tabula.extractors.SpreadsheetExtractionAlgorithm_ESTest
[ERROR] /Users/curtis/Github/Thesis/chatTester/Repos/tabulapdf_tabula-java/src/test/java/technology/tabula/extractors/SpreadsheetExtractionAlgorithm_ESTest.java:[31,43] cannot find symbol
  symbol:   class PolygonVertex
  location: class technology.tabula.extractors.SpreadsheetExtractionAlgorithm_ESTest
[INFO] 4 errors 
####################

original test path: /Users/curtis/Github/Thesis/chatTester/Repos/tabulapdf_tabula-java/src/test/java/technology/tabula/extractors/SpreadsheetExtractionAlgorithm_ESTest.java
[GENERATED PATH] SpreadsheetExtractionAlgorithm_ESTest#toString().java
[ERROR] COMPILATION ERROR : 
[INFO] -------------------------------------------------------------
[ERROR] /Users/curtis/Github/Thesis/chatTester/Repos/tabulapdf_tabula-java/src/test/java/technology/tabula/extractors/SpreadsheetExtractionAlgorithm_ESTest.java:[34,22] package PolygonVertex does not exist
[ERROR] /Users/curtis/Github/Thesis/chatTester/Repos/tabulapdf_tabula-java/src/test/java/technology/tabula/extractors/SpreadsheetExtractionAlgorithm_ESTest.java:[34,58] package PolygonVertex does not exist
[ERROR] /Users/curtis/Github/Thesis/chatTester/Repos/tabulapdf_tabula-java/src/test/java/technology/tabula/extractors/SpreadsheetExtractionAlgorithm_ESTest.java:[36,9] cannot find symbol
  symbol:   class PolygonVertex
  location: class technology.tabula.extractors.SpreadsheetExtractionAlgorithm_ESTest
[ERROR] /Users/curtis/Github/Thesis/chatTester/Repos/tabulapdf_tabula-java/src/test/java/technology/tabula/extractors/SpreadsheetExtractionAlgorithm_ESTest.java:[36,43] cannot find symbol
  symbol:   class PolygonVertex
  location: class technology.tabula.extractors.SpreadsheetExtractionAlgorithm_ESTest
[INFO] 4 errors 
####################

original test path: /Users/curtis/Github/Thesis/chatTester/Repos/tabulapdf_tabula-java/src/test/java/technology/tabula/extractors/SpreadsheetExtractionAlgorithm_ESTest.java
[GENERATED PATH] SpreadsheetExtractionAlgorithm_ESTest#toString().java
[ERROR] COMPILATION ERROR : 
[INFO] -------------------------------------------------------------
[ERROR] /Users/curtis/Github/Thesis/chatTester/Repos/tabulapdf_tabula-java/src/test/java/technology/tabula/extractors/SpreadsheetExtractionAlgorithm_ESTest.java:[38,18] package PolygonVertex does not exist
[ERROR] /Users/curtis/Github/Thesis/chatTester/Repos/tabulapdf_tabula-java/src/test/java/technology/tabula/extractors/SpreadsheetExtractionAlgorithm_ESTest.java:[38,54] package PolygonVertex does not exist
[ERROR] /Users/curtis/Github/Thesis/chatTester/Repos/tabulapdf_tabula-java/src/test/java/technology/tabula/extractors/SpreadsheetExtractionAlgorithm_ESTest.java:[39,5] cannot find symbol
  symbol:   class PolygonVertex
  location: class technology.tabula.extractors.SpreadsheetExtractionAlgorithm_ESTest
[ERROR] /Users/curtis/Github/Thesis/chatTester/Repos/tabulapdf_tabula-java/src/test/java/technology/tabula/extractors/SpreadsheetExtractionAlgorithm_ESTest.java:[39,39] cannot find symbol
  symbol:   class PolygonVertex
  location: class technology.tabula.extractors.SpreadsheetExtractionAlgorithm_ESTest
[INFO] 4 errors 
####################

original test path: /Users/curtis/Github/Thesis/chatTester/Repos/tabulapdf_tabula-java/src/test/java/technology/tabula/extractors/SpreadsheetExtractionAlgorithm_ESTest.java
[GENERATED PATH] SpreadsheetExtractionAlgorithm_ESTest#toString().java
[ERROR] COMPILATION ERROR : 
[INFO] -------------------------------------------------------------
[ERROR] /Users/curtis/Github/Thesis/chatTester/Repos/tabulapdf_tabula-java/src/test/java/technology/tabula/extractors/SpreadsheetExtractionAlgorithm_ESTest.java:[37,25] java.awt.geom.Point2D is abstract; cannot be instantiated
[ERROR] /Users/curtis/Github/Thesis/chatTester/Repos/tabulapdf_tabula-java/src/test/java/technology/tabula/extractors/SpreadsheetExtractionAlgorithm_ESTest.java:[38,5] cannot find symbol
  symbol:   class Direction
  location: class technology.tabula.extractors.SpreadsheetExtractionAlgorithm_ESTest
[ERROR] /Users/curtis/Github/Thesis/chatTester/Repos/tabulapdf_tabula-java/src/test/java/technology/tabula/extractors/SpreadsheetExtractionAlgorithm_ESTest.java:[38,31] cannot find symbol
  symbol:   variable Direction
  location: class technology.tabula.extractors.SpreadsheetExtractionAlgorithm_ESTest
[ERROR] /Users/curtis/Github/Thesis/chatTester/Repos/tabulapdf_tabula-java/src/test/java/technology/tabula/extractors/SpreadsheetExtractionAlgorithm_ESTest.java:[39,5] cannot find symbol
  symbol:   class PolygonVertex
  location: class technology.tabula.extractors.SpreadsheetExtractionAlgorithm_ESTest
[ERROR] /Users/curtis/Github/Thesis/chatTester/Repos/tabulapdf_tabula-java/src/test/java/technology/tabula/extractors/SpreadsheetExtractionAlgorithm_ESTest.java:[39,36] cannot find symbol
  symbol:   class PolygonVertex
  location: class technology.tabula.extractors.SpreadsheetExtractionAlgorithm_ESTest
[INFO] 5 errors 
####################

original test path: /Users/curtis/Github/Thesis/chatTester/Repos/tabulapdf_tabula-java/src/test/java/technology/tabula/extractors/SpreadsheetExtractionAlgorithm_ESTest.java
[GENERATED PATH] SpreadsheetExtractionAlgorithm_ESTest#toString().java
[ERROR] COMPILATION ERROR : 
[INFO] -------------------------------------------------------------
[ERROR] /Users/curtis/Github/Thesis/chatTester/Repos/tabulapdf_tabula-java/src/test/java/technology/tabula/extractors/SpreadsheetExtractionAlgorithm_ESTest.java:[40,21] java.awt.geom.Point2D is abstract; cannot be instantiated
[ERROR] /Users/curtis/Github/Thesis/chatTester/Repos/tabulapdf_tabula-java/src/test/java/technology/tabula/extractors/SpreadsheetExtractionAlgorithm_ESTest.java:[41,1] cannot find symbol
  symbol:   class Direction
  location: class technology.tabula.extractors.SpreadsheetExtractionAlgorithm_ESTest
[ERROR] /Users/curtis/Github/Thesis/chatTester/Repos/tabulapdf_tabula-java/src/test/java/technology/tabula/extractors/SpreadsheetExtractionAlgorithm_ESTest.java:[41,27] cannot find symbol
  symbol:   variable Direction
  location: class technology.tabula.extractors.SpreadsheetExtractionAlgorithm_ESTest
[ERROR] /Users/curtis/Github/Thesis/chatTester/Repos/tabulapdf_tabula-java/src/test/java/technology/tabula/extractors/SpreadsheetExtractionAlgorithm_ESTest.java:[42,1] cannot find symbol
  symbol:   class PolygonVertex
  location: class technology.tabula.extractors.SpreadsheetExtractionAlgorithm_ESTest
[ERROR] /Users/curtis/Github/Thesis/chatTester/Repos/tabulapdf_tabula-java/src/test/java/technology/tabula/extractors/SpreadsheetExtractionAlgorithm_ESTest.java:[42,32] cannot find symbol
  symbol:   class PolygonVertex
  location: class technology.tabula.extractors.SpreadsheetExtractionAlgorithm_ESTest
[INFO] 5 errors 
####################

original test path: /Users/curtis/Github/Thesis/chatTester/Repos/tabulapdf_tabula-java/src/test/java/technology/tabula/extractors/SpreadsheetExtractionAlgorithm_ESTest.java
[GENERATED PATH] SpreadsheetExtractionAlgorithm_ESTest#toString().java
[ERROR] COMPILATION ERROR : 
[INFO] -------------------------------------------------------------
[ERROR] /Users/curtis/Github/Thesis/chatTester/Repos/tabulapdf_tabula-java/src/test/java/technology/tabula/extractors/SpreadsheetExtractionAlgorithm_ESTest.java:[42,25] java.awt.geom.Point2D is abstract; cannot be instantiated
[ERROR] /Users/curtis/Github/Thesis/chatTester/Repos/tabulapdf_tabula-java/src/test/java/technology/tabula/extractors/SpreadsheetExtractionAlgorithm_ESTest.java:[43,5] cannot find symbol
  symbol:   class PolygonVertex
  location: class technology.tabula.extractors.SpreadsheetExtractionAlgorithm_ESTest
[ERROR] /Users/curtis/Github/Thesis/chatTester/Repos/tabulapdf_tabula-java/src/test/java/technology/tabula/extractors/SpreadsheetExtractionAlgorithm_ESTest.java:[43,32] cannot find symbol
  symbol:   class PolygonVertex
  location: class technology.tabula.extractors.SpreadsheetExtractionAlgorithm_ESTest
[ERROR] /Users/curtis/Github/Thesis/chatTester/Repos/tabulapdf_tabula-java/src/test/java/technology/tabula/extractors/SpreadsheetExtractionAlgorithm_ESTest.java:[43,57] cannot find symbol
  symbol:   variable Direction
  location: class technology.tabula.extractors.SpreadsheetExtractionAlgorithm_ESTest
[INFO] 4 errors 
####################

