original test path: /Users/curtis/Github/Thesis/chatTester/Repos/tabulapdf_tabula-java/src/test/java/technology/tabula/Table_ESTest.java
[GENERATED PATH] Table_ESTest#getExtractionMethod().java
[ERROR] COMPILATION ERROR : 
[INFO] -------------------------------------------------------------
[ERROR] /Users/curtis/Github/Thesis/chatTester/Repos/tabulapdf_tabula-java/src/test/java/technology/tabula/Table_ESTest.java:[29,33] incompatible types: java.lang.String cannot be converted to technology.tabula.extractors.ExtractionAlgorithm
[INFO] 1 error
####################

original test path: /Users/curtis/Github/Thesis/chatTester/Repos/tabulapdf_tabula-java/src/test/java/technology/tabula/Table_ESTest.java
[GENERATED PATH] Table_ESTest#getExtractionMethod().java
[ERROR] COMPILATION ERROR : 
[INFO] -------------------------------------------------------------
[ERROR] /Users/curtis/Github/Thesis/chatTester/Repos/tabulapdf_tabula-java/src/test/java/technology/tabula/Table_ESTest.java:[7,36] cannot find symbol
  symbol:   class Table
  location: package technology.tabula.extractors
[ERROR] /Users/curtis/Github/Thesis/chatTester/Repos/tabulapdf_tabula-java/src/test/java/technology/tabula/Table_ESTest.java:[35,19] no suitable constructor found for Table(no arguments)
    constructor technology.tabula.Table.Table(java.lang.String) is not applicable
      (actual and formal argument lists differ in length)
    constructor technology.tabula.Table.Table(technology.tabula.extractors.ExtractionAlgorithm) is not applicable
      (actual and formal argument lists differ in length)
[ERROR] /Users/curtis/Github/Thesis/chatTester/Repos/tabulapdf_tabula-java/src/test/java/technology/tabula/Table_ESTest.java:[38,10] cannot find symbol
  symbol:   method setExtractionMethod(java.lang.String)
  location: variable table of type technology.tabula.Table
[INFO] 3 errors 
####################

original test path: /Users/curtis/Github/Thesis/chatTester/Repos/tabulapdf_tabula-java/src/test/java/technology/tabula/Table_ESTest.java
[GENERATED PATH] Table_ESTest#getExtractionMethod().java
[ERROR] COMPILATION ERROR : 
[INFO] -------------------------------------------------------------
[ERROR] /Users/curtis/Github/Thesis/chatTester/Repos/tabulapdf_tabula-java/src/test/java/technology/tabula/Table_ESTest.java:[33,1] illegal start of type
[ERROR] /Users/curtis/Github/Thesis/chatTester/Repos/tabulapdf_tabula-java/src/test/java/technology/tabula/Table_ESTest.java:[33,2] reached end of file while parsing
[ERROR] /Users/curtis/Github/Thesis/chatTester/Repos/tabulapdf_tabula-java/src/test/java/technology/tabula/Table_ESTest.java:[34,1] reached end of file while parsing
[INFO] 3 errors 
####################

original test path: /Users/curtis/Github/Thesis/chatTester/Repos/tabulapdf_tabula-java/src/test/java/technology/tabula/Table_ESTest.java
[GENERATED PATH] Table_ESTest#getExtractionMethod().java
[ERROR] COMPILATION ERROR : 
[INFO] -------------------------------------------------------------
[ERROR] /Users/curtis/Github/Thesis/chatTester/Repos/tabulapdf_tabula-java/src/test/java/technology/tabula/Table_ESTest.java:[8,1] class, interface, or enum expected
[ERROR] /Users/curtis/Github/Thesis/chatTester/Repos/tabulapdf_tabula-java/src/test/java/technology/tabula/Table_ESTest.java:[8,23] '.' expected
[ERROR] /Users/curtis/Github/Thesis/chatTester/Repos/tabulapdf_tabula-java/src/test/java/technology/tabula/Table_ESTest.java:[8,29] <identifier> expected
[ERROR] /Users/curtis/Github/Thesis/chatTester/Repos/tabulapdf_tabula-java/src/test/java/technology/tabula/Table_ESTest.java:[9,8] class, interface, or enum expected
[ERROR] /Users/curtis/Github/Thesis/chatTester/Repos/tabulapdf_tabula-java/src/test/java/technology/tabula/Table_ESTest.java:[35,1] illegal start of type
[ERROR] /Users/curtis/Github/Thesis/chatTester/Repos/tabulapdf_tabula-java/src/test/java/technology/tabula/Table_ESTest.java:[35,2] reached end of file while parsing
[ERROR] /Users/curtis/Github/Thesis/chatTester/Repos/tabulapdf_tabula-java/src/test/java/technology/tabula/Table_ESTest.java:[36,1] reached end of file while parsing
[INFO] 7 errors 
####################

original test path: /Users/curtis/Github/Thesis/chatTester/Repos/tabulapdf_tabula-java/src/test/java/technology/tabula/Table_ESTest.java
[GENERATED PATH] Table_ESTest#getExtractionMethod().java
[ERROR] COMPILATION ERROR : 
[INFO] -------------------------------------------------------------
[ERROR] /Users/curtis/Github/Thesis/chatTester/Repos/tabulapdf_tabula-java/src/test/java/technology/tabula/Table_ESTest.java:[8,1] class, interface, or enum expected
[ERROR] /Users/curtis/Github/Thesis/chatTester/Repos/tabulapdf_tabula-java/src/test/java/technology/tabula/Table_ESTest.java:[8,23] '.' expected
[ERROR] /Users/curtis/Github/Thesis/chatTester/Repos/tabulapdf_tabula-java/src/test/java/technology/tabula/Table_ESTest.java:[8,29] <identifier> expected
[ERROR] /Users/curtis/Github/Thesis/chatTester/Repos/tabulapdf_tabula-java/src/test/java/technology/tabula/Table_ESTest.java:[10,8] class, interface, or enum expected
[INFO] 4 errors 
####################

original test path: /Users/curtis/Github/Thesis/chatTester/Repos/tabulapdf_tabula-java/src/test/java/technology/tabula/Table_ESTest.java
[GENERATED PATH] Table_ESTest#getExtractionMethod().java
[ERROR] COMPILATION ERROR : 
[INFO] -------------------------------------------------------------
[ERROR] /Users/curtis/Github/Thesis/chatTester/Repos/tabulapdf_tabula-java/src/test/java/technology/tabula/Table_ESTest.java:[8,1] class, interface, or enum expected
[ERROR] /Users/curtis/Github/Thesis/chatTester/Repos/tabulapdf_tabula-java/src/test/java/technology/tabula/Table_ESTest.java:[8,23] '.' expected
[ERROR] /Users/curtis/Github/Thesis/chatTester/Repos/tabulapdf_tabula-java/src/test/java/technology/tabula/Table_ESTest.java:[8,29] <identifier> expected
[ERROR] /Users/curtis/Github/Thesis/chatTester/Repos/tabulapdf_tabula-java/src/test/java/technology/tabula/Table_ESTest.java:[11,8] class, interface, or enum expected
[INFO] 4 errors 
####################

