original test path: /Users/curtis/Github/Thesis/chatTester/Repos/tabulapdf_tabula-java/src/test/java/technology/tabula/Table_ESTest.java
[GENERATED PATH] Table_ESTest#add(RectangularTextContainer chunk, int row, int col).java
[ERROR] COMPILATION ERROR : 
[INFO] -------------------------------------------------------------
[ERROR] /Users/curtis/Github/Thesis/chatTester/Repos/tabulapdf_tabula-java/src/test/java/technology/tabula/Table_ESTest.java:[29,33] incompatible types: java.lang.String cannot be converted to technology.tabula.extractors.ExtractionAlgorithm
[ERROR] /Users/curtis/Github/Thesis/chatTester/Repos/tabulapdf_tabula-java/src/test/java/technology/tabula/Table_ESTest.java:[30,42] constructor RectangularTextContainer in class technology.tabula.RectangularTextContainer<T> cannot be applied to given types;
  required: float,float,float,float
  found: java.awt.geom.Rectangle2D.Double,java.lang.String
  reason: actual and formal argument lists differ in length
[INFO] 2 errors 
####################

original test path: /Users/curtis/Github/Thesis/chatTester/Repos/tabulapdf_tabula-java/src/test/java/technology/tabula/Table_ESTest.java
[GENERATED PATH] Table_ESTest#add(RectangularTextContainer chunk, int row, int col).java
[ERROR] COMPILATION ERROR : 
[INFO] -------------------------------------------------------------
[ERROR] /Users/curtis/Github/Thesis/chatTester/Repos/tabulapdf_tabula-java/src/test/java/technology/tabula/Table_ESTest.java:[7,36] cannot find symbol
  symbol:   class StreamAlgorithm
  location: package technology.tabula.extractors
[ERROR] /Users/curtis/Github/Thesis/chatTester/Repos/tabulapdf_tabula-java/src/test/java/technology/tabula/Table_ESTest.java:[33,33] cannot find symbol
  symbol:   class StreamAlgorithm
  location: class technology.tabula.Table_ESTest
[ERROR] /Users/curtis/Github/Thesis/chatTester/Repos/tabulapdf_tabula-java/src/test/java/technology/tabula/Table_ESTest.java:[35,38] constructor RectangularTextContainer in class technology.tabula.RectangularTextContainer<T> cannot be applied to given types;
  required: float,float,float,float
  found: java.awt.geom.Rectangle2D.Double,java.lang.String
  reason: actual and formal argument lists differ in length
[INFO] 3 errors 
####################

original test path: /Users/curtis/Github/Thesis/chatTester/Repos/tabulapdf_tabula-java/src/test/java/technology/tabula/Table_ESTest.java
[GENERATED PATH] Table_ESTest#add(RectangularTextContainer chunk, int row, int col).java
[ERROR] COMPILATION ERROR : 
[INFO] -------------------------------------------------------------
[ERROR] /Users/curtis/Github/Thesis/chatTester/Repos/tabulapdf_tabula-java/src/test/java/technology/tabula/Table_ESTest.java:[8,36] cannot find symbol
  symbol:   class StreamAlgorithm
  location: package technology.tabula.extractors
[ERROR] /Users/curtis/Github/Thesis/chatTester/Repos/tabulapdf_tabula-java/src/test/java/technology/tabula/Table_ESTest.java:[36,66] cannot find symbol
  symbol:   variable SOME_EXTRACTION_ALGORITHM
  location: interface technology.tabula.extractors.ExtractionAlgorithm
[INFO] 2 errors 
####################

original test path: /Users/curtis/Github/Thesis/chatTester/Repos/tabulapdf_tabula-java/src/test/java/technology/tabula/Table_ESTest.java
[GENERATED PATH] Table_ESTest#add(RectangularTextContainer chunk, int row, int col).java
[ERROR] COMPILATION ERROR : 
[INFO] -------------------------------------------------------------
[ERROR] /Users/curtis/Github/Thesis/chatTester/Repos/tabulapdf_tabula-java/src/test/java/technology/tabula/Table_ESTest.java:[9,36] cannot find symbol
  symbol:   class StreamAlgorithm
  location: package technology.tabula.extractors
[ERROR] /Users/curtis/Github/Thesis/chatTester/Repos/tabulapdf_tabula-java/src/test/java/technology/tabula/Table_ESTest.java:[38,66] cannot find symbol
  symbol:   variable ALGORITHM_A
  location: interface technology.tabula.extractors.ExtractionAlgorithm
[INFO] 2 errors 
####################

original test path: /Users/curtis/Github/Thesis/chatTester/Repos/tabulapdf_tabula-java/src/test/java/technology/tabula/Table_ESTest.java
[GENERATED PATH] Table_ESTest#add(RectangularTextContainer chunk, int row, int col).java
[ERROR] COMPILATION ERROR : 
[INFO] -------------------------------------------------------------
[ERROR] /Users/curtis/Github/Thesis/chatTester/Repos/tabulapdf_tabula-java/src/test/java/technology/tabula/Table_ESTest.java:[10,36] cannot find symbol
  symbol:   class StreamAlgorithm
  location: package technology.tabula.extractors
[ERROR] /Users/curtis/Github/Thesis/chatTester/Repos/tabulapdf_tabula-java/src/test/java/technology/tabula/Table_ESTest.java:[40,66] cannot find symbol
  symbol:   variable SOME_ALGORITHM
  location: interface technology.tabula.extractors.ExtractionAlgorithm
[INFO] 2 errors 
####################

original test path: /Users/curtis/Github/Thesis/chatTester/Repos/tabulapdf_tabula-java/src/test/java/technology/tabula/Table_ESTest.java
[GENERATED PATH] Table_ESTest#add(RectangularTextContainer chunk, int row, int col).java
[ERROR] COMPILATION ERROR : 
[INFO] -------------------------------------------------------------
[ERROR] /Users/curtis/Github/Thesis/chatTester/Repos/tabulapdf_tabula-java/src/test/java/technology/tabula/Table_ESTest.java:[11,36] cannot find symbol
  symbol:   class StreamAlgorithm
  location: package technology.tabula.extractors
[ERROR] /Users/curtis/Github/Thesis/chatTester/Repos/tabulapdf_tabula-java/src/test/java/technology/tabula/Table_ESTest.java:[43,29] incompatible types: java.lang.String cannot be converted to technology.tabula.extractors.ExtractionAlgorithm
[INFO] 2 errors 
####################

